[ 2015-09-23T00:31:36+08:00 ] 157.55.39.128 /
SQL: SHOW COLUMNS FROM `gperf_task` [ RunTime:0.001378s ]
SQL: SHOW COLUMNS FROM `gperf_channel` [ RunTime:0.001248s ]
SQL: SELECT * FROM `gperf_channel` ORDER BY sort asc  [ RunTime:0.000389s ]
SQL: SHOW COLUMNS FROM `gperf_category` [ RunTime:0.001472s ]
SQL: SELECT * FROM `gperf_category` WHERE ( `name` = 'About' ) LIMIT 1   [ RunTime:0.000459s ]
SQL: SELECT * FROM `gperf_category` WHERE ( `pid` = 1 )  [ RunTime:0.000424s ]
SQL: SELECT * FROM `gperf_category` WHERE ( `name` = 'Service' ) LIMIT 1   [ RunTime:0.000401s ]
SQL: SELECT * FROM `gperf_category` WHERE ( `pid` = 41 )  [ RunTime:0.000445s ]
SQL: SELECT * FROM `gperf_category` WHERE ( `name` = 'Reports' ) LIMIT 1   [ RunTime:0.000353s ]
SQL: SELECT * FROM `gperf_category` WHERE ( `pid` = 52 )  [ RunTime:0.000369s ]
SQL: SELECT * FROM `gperf_category` WHERE ( `name` = 'News&Events' ) LIMIT 1   [ RunTime:0.000397s ]
SQL: SELECT * FROM `gperf_category` WHERE ( `pid` = 57 )  [ RunTime:0.000475s ]
SQL: SELECT * FROM `gperf_category` WHERE ( `name` = 'Documentations' ) LIMIT 1   [ RunTime:0.000313s ]
SQL: SELECT * FROM `gperf_category` WHERE ( `pid` = 61 )  [ RunTime:0.000515s ]
SQL: SELECT * FROM `gperf_category` WHERE ( `name` = 'Downloads' ) LIMIT 1   [ RunTime:0.000464s ]
SQL: SELECT * FROM `gperf_category` WHERE ( `pid` = 65 )  [ RunTime:0.000518s ]
INFO: [ view_parse ] --START--
INFO: [ template_filter ] --START--
INFO: Run Behavior\ContentReplaceBehavior [ RunTime:0.000071s ]
INFO: [ template_filter ] --END-- [ RunTime:0.000111s ]
INFO: Run Behavior\ParseTemplateBehavior [ RunTime:0.016734s ]
INFO: [ view_parse ] --END-- [ RunTime:0.016798s ]
INFO: [ view_filter ] --START--
INFO: Run Behavior\WriteHtmlCacheBehavior [ RunTime:0.000100s ]
INFO: [ view_filter ] --END-- [ RunTime:0.000135s ]
INFO: [ app_end ] --START--
INFO: Run Behavior\ShowPageTraceBehavior [ RunTime:0.000367s ]
INFO: [ app_end ] --END-- [ RunTime:0.000405s ]

[ 2015-09-23T01:50:19+08:00 ] 182.118.53.222 /
SQL: SHOW COLUMNS FROM `gperf_task` [ RunTime:0.001338s ]
SQL: SHOW COLUMNS FROM `gperf_channel` [ RunTime:0.001149s ]
SQL: SELECT * FROM `gperf_channel` ORDER BY sort asc  [ RunTime:0.000300s ]
SQL: SHOW COLUMNS FROM `gperf_category` [ RunTime:0.001316s ]
SQL: SELECT * FROM `gperf_category` WHERE ( `name` = 'About' ) LIMIT 1   [ RunTime:0.000399s ]
SQL: SELECT * FROM `gperf_category` WHERE ( `pid` = 1 )  [ RunTime:0.000421s ]
SQL: SELECT * FROM `gperf_category` WHERE ( `name` = 'Service' ) LIMIT 1   [ RunTime:0.000285s ]
SQL: SELECT * FROM `gperf_category` WHERE ( `pid` = 41 )  [ RunTime:0.000359s ]
SQL: SELECT * FROM `gperf_category` WHERE ( `name` = 'Reports' ) LIMIT 1   [ RunTime:0.000307s ]
SQL: SELECT * FROM `gperf_category` WHERE ( `pid` = 52 )  [ RunTime:0.000374s ]
SQL: SELECT * FROM `gperf_category` WHERE ( `name` = 'News&Events' ) LIMIT 1   [ RunTime:0.000306s ]
SQL: SELECT * FROM `gperf_category` WHERE ( `pid` = 57 )  [ RunTime:0.000526s ]
SQL: SELECT * FROM `gperf_category` WHERE ( `name` = 'Documentations' ) LIMIT 1   [ RunTime:0.000411s ]
SQL: SELECT * FROM `gperf_category` WHERE ( `pid` = 61 )  [ RunTime:0.000435s ]
SQL: SELECT * FROM `gperf_category` WHERE ( `name` = 'Downloads' ) LIMIT 1   [ RunTime:0.000458s ]
SQL: SELECT * FROM `gperf_category` WHERE ( `pid` = 65 )  [ RunTime:0.000505s ]
INFO: [ view_parse ] --START--
INFO: [ template_filter ] --START--
INFO: Run Behavior\ContentReplaceBehavior [ RunTime:0.000071s ]
INFO: [ template_filter ] --END-- [ RunTime:0.000112s ]
INFO: Run Behavior\ParseTemplateBehavior [ RunTime:0.019080s ]
INFO: [ view_parse ] --END-- [ RunTime:0.019142s ]
INFO: [ view_filter ] --START--
INFO: Run Behavior\WriteHtmlCacheBehavior [ RunTime:0.000094s ]
INFO: [ view_filter ] --END-- [ RunTime:0.000127s ]
INFO: [ app_end ] --START--
INFO: Run Behavior\ShowPageTraceBehavior [ RunTime:0.000358s ]
INFO: [ app_end ] --END-- [ RunTime:0.000401s ]

[ 2015-09-23T03:09:56+08:00 ] 202.46.52.100 /index.php?s=/Home/Article/newsdetail/hid/4/cid/43
SQL: SHOW COLUMNS FROM `gperf_document` [ RunTime:0.001434s ]
SQL: SELECT * FROM `gperf_document` WHERE ( `category_id` = 43 ) LIMIT 1   [ RunTime:0.000447s ]
SQL: SHOW COLUMNS FROM `gperf_document_article` [ RunTime:0.001047s ]
SQL: SELECT * FROM `gperf_document_article` WHERE ( `id` = null ) LIMIT 1   [ RunTime:0.000327s ]
SQL: SHOW COLUMNS FROM `gperf_category` [ RunTime:0.001397s ]
SQL: SELECT `name` FROM `gperf_category` WHERE ( `id` = 43 ) LIMIT 1   [ RunTime:0.000394s ]
SQL: SELECT `pid` FROM `gperf_category` WHERE ( `id` = 43 ) LIMIT 1   [ RunTime:0.000383s ]
SQL: SELECT `title` FROM `gperf_category` WHERE ( `id` = 1 ) LIMIT 1   [ RunTime:0.000383s ]
SQL: SHOW COLUMNS FROM `gperf_channel` [ RunTime:0.001139s ]
SQL: SELECT `id` FROM `gperf_channel` WHERE ( `title` = 'About' ) LIMIT 1   [ RunTime:0.000318s ]
SQL: SELECT * FROM `gperf_category` WHERE ( `pid` = 1 )  [ RunTime:0.000467s ]
SQL: SELECT * FROM `gperf_document` WHERE ( `id` = 1 ) LIMIT 1   [ RunTime:0.000412s ]
SQL: SELECT * FROM `gperf_document` WHERE ( `id` = -1 ) LIMIT 1   [ RunTime:0.000361s ]
SQL: SELECT * FROM `gperf_channel` ORDER BY sort asc  [ RunTime:0.000365s ]
SQL: SELECT * FROM `gperf_category` WHERE ( `name` = 'About' ) LIMIT 1   [ RunTime:0.000466s ]
SQL: SELECT * FROM `gperf_category` WHERE ( `pid` = 1 )  [ RunTime:0.000541s ]
SQL: SELECT * FROM `gperf_category` WHERE ( `name` = 'Service' ) LIMIT 1   [ RunTime:0.000441s ]
SQL: SELECT * FROM `gperf_category` WHERE ( `pid` = 41 )  [ RunTime:0.000548s ]
SQL: SELECT * FROM `gperf_category` WHERE ( `name` = 'Reports' ) LIMIT 1   [ RunTime:0.000408s ]
SQL: SELECT * FROM `gperf_category` WHERE ( `pid` = 52 )  [ RunTime:0.000527s ]
SQL: SELECT * FROM `gperf_category` WHERE ( `name` = 'News&Events' ) LIMIT 1   [ RunTime:0.000475s ]
SQL: SELECT * FROM `gperf_category` WHERE ( `pid` = 57 )  [ RunTime:0.000514s ]
SQL: SELECT * FROM `gperf_category` WHERE ( `name` = 'Documentations' ) LIMIT 1   [ RunTime:0.000478s ]
SQL: SELECT * FROM `gperf_category` WHERE ( `pid` = 61 )  [ RunTime:0.000539s ]
SQL: SELECT * FROM `gperf_category` WHERE ( `name` = 'Downloads' ) LIMIT 1   [ RunTime:0.000477s ]
SQL: SELECT * FROM `gperf_category` WHERE ( `pid` = 65 )  [ RunTime:0.000525s ]
INFO: [ view_parse ] --START--
INFO: [ template_filter ] --START--
INFO: Run Behavior\ContentReplaceBehavior [ RunTime:0.000077s ]
INFO: [ template_filter ] --END-- [ RunTime:0.000120s ]
INFO: Run Behavior\ParseTemplateBehavior [ RunTime:0.018599s ]
INFO: [ view_parse ] --END-- [ RunTime:0.018662s ]
INFO: [ view_filter ] --START--
INFO: Run Behavior\WriteHtmlCacheBehavior [ RunTime:0.000106s ]
INFO: [ view_filter ] --END-- [ RunTime:0.000142s ]
INFO: [ app_end ] --START--
INFO: Run Behavior\ShowPageTraceBehavior [ RunTime:0.000374s ]
INFO: [ app_end ] --END-- [ RunTime:0.000420s ]

[ 2015-09-23T03:51:38+08:00 ] 157.55.39.182 /index.php
SQL: SHOW COLUMNS FROM `gperf_task` [ RunTime:0.001401s ]
SQL: SHOW COLUMNS FROM `gperf_channel` [ RunTime:0.001097s ]
SQL: SELECT * FROM `gperf_channel` ORDER BY sort asc  [ RunTime:0.000397s ]
SQL: SHOW COLUMNS FROM `gperf_category` [ RunTime:0.001429s ]
SQL: SELECT * FROM `gperf_category` WHERE ( `name` = 'About' ) LIMIT 1   [ RunTime:0.000455s ]
SQL: SELECT * FROM `gperf_category` WHERE ( `pid` = 1 )  [ RunTime:0.000432s ]
SQL: SELECT * FROM `gperf_category` WHERE ( `name` = 'Service' ) LIMIT 1   [ RunTime:0.000408s ]
SQL: SELECT * FROM `gperf_category` WHERE ( `pid` = 41 )  [ RunTime:0.000472s ]
SQL: SELECT * FROM `gperf_category` WHERE ( `name` = 'Reports' ) LIMIT 1   [ RunTime:0.000394s ]
SQL: SELECT * FROM `gperf_category` WHERE ( `pid` = 52 )  [ RunTime:0.000429s ]
SQL: SELECT * FROM `gperf_category` WHERE ( `name` = 'News&Events' ) LIMIT 1   [ RunTime:0.000479s ]
SQL: SELECT * FROM `gperf_category` WHERE ( `pid` = 57 )  [ RunTime:0.000529s ]
SQL: SELECT * FROM `gperf_category` WHERE ( `name` = 'Documentations' ) LIMIT 1   [ RunTime:0.000405s ]
SQL: SELECT * FROM `gperf_category` WHERE ( `pid` = 61 )  [ RunTime:0.000547s ]
SQL: SELECT * FROM `gperf_category` WHERE ( `name` = 'Downloads' ) LIMIT 1   [ RunTime:0.000487s ]
SQL: SELECT * FROM `gperf_category` WHERE ( `pid` = 65 )  [ RunTime:0.000520s ]
INFO: [ view_parse ] --START--
INFO: [ template_filter ] --START--
INFO: Run Behavior\ContentReplaceBehavior [ RunTime:0.000076s ]
INFO: [ template_filter ] --END-- [ RunTime:0.000118s ]
INFO: Run Behavior\ParseTemplateBehavior [ RunTime:0.016866s ]
INFO: [ view_parse ] --END-- [ RunTime:0.016931s ]
INFO: [ view_filter ] --START--
INFO: Run Behavior\WriteHtmlCacheBehavior [ RunTime:0.000096s ]
INFO: [ view_filter ] --END-- [ RunTime:0.000130s ]
INFO: [ app_end ] --START--
INFO: Run Behavior\ShowPageTraceBehavior [ RunTime:0.000370s ]
INFO: [ app_end ] --END-- [ RunTime:0.000411s ]

[ 2015-09-23T04:03:51+08:00 ] 23.22.40.95 /
SQL: SHOW COLUMNS FROM `gperf_task` [ RunTime:0.001407s ]
SQL: SHOW COLUMNS FROM `gperf_channel` [ RunTime:0.001092s ]
SQL: SELECT * FROM `gperf_channel` ORDER BY sort asc  [ RunTime:0.000382s ]
SQL: SHOW COLUMNS FROM `gperf_category` [ RunTime:0.001441s ]
SQL: SELECT * FROM `gperf_category` WHERE ( `name` = 'About' ) LIMIT 1   [ RunTime:0.000370s ]
SQL: SELECT * FROM `gperf_category` WHERE ( `pid` = 1 )  [ RunTime:0.000488s ]
SQL: SELECT * FROM `gperf_category` WHERE ( `name` = 'Service' ) LIMIT 1   [ RunTime:0.000459s ]
SQL: SELECT * FROM `gperf_category` WHERE ( `pid` = 41 )  [ RunTime:0.000479s ]
SQL: SELECT * FROM `gperf_category` WHERE ( `name` = 'Reports' ) LIMIT 1   [ RunTime:0.000375s ]
SQL: SELECT * FROM `gperf_category` WHERE ( `pid` = 52 )  [ RunTime:0.000521s ]
SQL: SELECT * FROM `gperf_category` WHERE ( `name` = 'News&Events' ) LIMIT 1   [ RunTime:0.000465s ]
SQL: SELECT * FROM `gperf_category` WHERE ( `pid` = 57 )  [ RunTime:0.000512s ]
SQL: SELECT * FROM `gperf_category` WHERE ( `name` = 'Documentations' ) LIMIT 1   [ RunTime:0.000408s ]
SQL: SELECT * FROM `gperf_category` WHERE ( `pid` = 61 )  [ RunTime:0.000421s ]
SQL: SELECT * FROM `gperf_category` WHERE ( `name` = 'Downloads' ) LIMIT 1   [ RunTime:0.000459s ]
SQL: SELECT * FROM `gperf_category` WHERE ( `pid` = 65 )  [ RunTime:0.000507s ]
INFO: [ view_parse ] --START--
INFO: [ template_filter ] --START--
INFO: Run Behavior\ContentReplaceBehavior [ RunTime:0.000067s ]
INFO: [ template_filter ] --END-- [ RunTime:0.000109s ]
INFO: Run Behavior\ParseTemplateBehavior [ RunTime:0.018516s ]
INFO: [ view_parse ] --END-- [ RunTime:0.018596s ]
INFO: [ view_filter ] --START--
INFO: Run Behavior\WriteHtmlCacheBehavior [ RunTime:0.000094s ]
INFO: [ view_filter ] --END-- [ RunTime:0.000129s ]
INFO: [ app_end ] --START--
INFO: Run Behavior\ShowPageTraceBehavior [ RunTime:0.000361s ]
INFO: [ app_end ] --END-- [ RunTime:0.000406s ]

[ 2015-09-23T04:24:35+08:00 ] 182.118.21.219 /index.php?s=/Home/Article/newsdetail/hid/6/cid/54
SQL: SHOW COLUMNS FROM `gperf_document` [ RunTime:0.000810s ]
SQL: SELECT * FROM `gperf_document` WHERE ( `category_id` = 54 ) LIMIT 1   [ RunTime:0.000328s ]
SQL: SHOW COLUMNS FROM `gperf_document_article` [ RunTime:0.000601s ]
SQL: SELECT * FROM `gperf_document_article` WHERE ( `id` = null ) LIMIT 1   [ RunTime:0.000298s ]
SQL: SHOW COLUMNS FROM `gperf_category` [ RunTime:0.000803s ]
SQL: SELECT `name` FROM `gperf_category` WHERE ( `id` = 54 ) LIMIT 1   [ RunTime:0.000304s ]
SQL: SELECT `pid` FROM `gperf_category` WHERE ( `id` = 54 ) LIMIT 1   [ RunTime:0.000296s ]
SQL: SELECT `title` FROM `gperf_category` WHERE ( `id` = 52 ) LIMIT 1   [ RunTime:0.000291s ]
SQL: SHOW COLUMNS FROM `gperf_channel` [ RunTime:0.000670s ]
SQL: SELECT `id` FROM `gperf_channel` WHERE ( `title` = 'Reports' ) LIMIT 1   [ RunTime:0.000228s ]
SQL: SELECT * FROM `gperf_category` WHERE ( `pid` = 52 )  [ RunTime:0.000384s ]
SQL: SELECT * FROM `gperf_document` WHERE ( `id` = 1 ) LIMIT 1   [ RunTime:0.000327s ]
SQL: SELECT * FROM `gperf_document` WHERE ( `id` = -1 ) LIMIT 1   [ RunTime:0.000325s ]
SQL: SELECT * FROM `gperf_channel` ORDER BY sort asc  [ RunTime:0.000286s ]
SQL: SELECT * FROM `gperf_category` WHERE ( `name` = 'About' ) LIMIT 1   [ RunTime:0.000288s ]
SQL: SELECT * FROM `gperf_category` WHERE ( `pid` = 1 )  [ RunTime:0.000289s ]
SQL: SELECT * FROM `gperf_category` WHERE ( `name` = 'Service' ) LIMIT 1   [ RunTime:0.000318s ]
SQL: SELECT * FROM `gperf_category` WHERE ( `pid` = 41 )  [ RunTime:0.000329s ]
SQL: SELECT * FROM `gperf_category` WHERE ( `name` = 'Reports' ) LIMIT 1   [ RunTime:0.000287s ]
SQL: SELECT * FROM `gperf_category` WHERE ( `pid` = 52 )  [ RunTime:0.000243s ]
SQL: SELECT * FROM `gperf_category` WHERE ( `name` = 'News&Events' ) LIMIT 1   [ RunTime:0.000204s ]
SQL: SELECT * FROM `gperf_category` WHERE ( `pid` = 57 )  [ RunTime:0.000280s ]
SQL: SELECT * FROM `gperf_category` WHERE ( `name` = 'Documentations' ) LIMIT 1   [ RunTime:0.000295s ]
SQL: SELECT * FROM `gperf_category` WHERE ( `pid` = 61 )  [ RunTime:0.000279s ]
SQL: SELECT * FROM `gperf_category` WHERE ( `name` = 'Downloads' ) LIMIT 1   [ RunTime:0.000282s ]
SQL: SELECT * FROM `gperf_category` WHERE ( `pid` = 65 )  [ RunTime:0.000280s ]
INFO: [ view_parse ] --START--
INFO: [ template_filter ] --START--
INFO: Run Behavior\ContentReplaceBehavior [ RunTime:0.000071s ]
INFO: [ template_filter ] --END-- [ RunTime:0.000110s ]
INFO: Run Behavior\ParseTemplateBehavior [ RunTime:0.020227s ]
INFO: [ view_parse ] --END-- [ RunTime:0.020285s ]
INFO: [ view_filter ] --START--
INFO: Run Behavior\WriteHtmlCacheBehavior [ RunTime:0.000094s ]
INFO: [ view_filter ] --END-- [ RunTime:0.000130s ]
INFO: [ app_end ] --START--
INFO: Run Behavior\ShowPageTraceBehavior [ RunTime:0.000363s ]
INFO: [ app_end ] --END-- [ RunTime:0.000405s ]

[ 2015-09-23T04:40:59+08:00 ] 182.118.25.221 /index.php?s=/Home/Article/newsdetail/hid/4/cid/46
SQL: SHOW COLUMNS FROM `gperf_document` [ RunTime:0.001470s ]
SQL: SELECT * FROM `gperf_document` WHERE ( `category_id` = 46 ) LIMIT 1   [ RunTime:0.000503s ]
SQL: SHOW COLUMNS FROM `gperf_document_article` [ RunTime:0.001161s ]
SQL: SELECT * FROM `gperf_document_article` WHERE ( `id` = null ) LIMIT 1   [ RunTime:0.000329s ]
SQL: SHOW COLUMNS FROM `gperf_category` [ RunTime:0.001512s ]
SQL: SELECT `name` FROM `gperf_category` WHERE ( `id` = 46 ) LIMIT 1   [ RunTime:0.000416s ]
SQL: SELECT `pid` FROM `gperf_category` WHERE ( `id` = 46 ) LIMIT 1   [ RunTime:0.000325s ]
SQL: SELECT `title` FROM `gperf_category` WHERE ( `id` = 1 ) LIMIT 1   [ RunTime:0.000295s ]
SQL: SHOW COLUMNS FROM `gperf_channel` [ RunTime:0.001226s ]
SQL: SELECT `id` FROM `gperf_channel` WHERE ( `title` = 'About' ) LIMIT 1   [ RunTime:0.000354s ]
SQL: SELECT * FROM `gperf_category` WHERE ( `pid` = 1 )  [ RunTime:0.000548s ]
SQL: SELECT * FROM `gperf_document` WHERE ( `id` = 1 ) LIMIT 1   [ RunTime:0.000422s ]
SQL: SELECT * FROM `gperf_document` WHERE ( `id` = -1 ) LIMIT 1   [ RunTime:0.000369s ]
SQL: SELECT * FROM `gperf_channel` ORDER BY sort asc  [ RunTime:0.000363s ]
SQL: SELECT * FROM `gperf_category` WHERE ( `name` = 'About' ) LIMIT 1   [ RunTime:0.000469s ]
SQL: SELECT * FROM `gperf_category` WHERE ( `pid` = 1 )  [ RunTime:0.000537s ]
SQL: SELECT * FROM `gperf_category` WHERE ( `name` = 'Service' ) LIMIT 1   [ RunTime:0.000433s ]
SQL: SELECT * FROM `gperf_category` WHERE ( `pid` = 41 )  [ RunTime:0.000553s ]
SQL: SELECT * FROM `gperf_category` WHERE ( `name` = 'Reports' ) LIMIT 1   [ RunTime:0.000480s ]
SQL: SELECT * FROM `gperf_category` WHERE ( `pid` = 52 )  [ RunTime:0.000531s ]
SQL: SELECT * FROM `gperf_category` WHERE ( `name` = 'News&Events' ) LIMIT 1   [ RunTime:0.000482s ]
SQL: SELECT * FROM `gperf_category` WHERE ( `pid` = 57 )  [ RunTime:0.000520s ]
SQL: SELECT * FROM `gperf_category` WHERE ( `name` = 'Documentations' ) LIMIT 1   [ RunTime:0.000482s ]
SQL: SELECT * FROM `gperf_category` WHERE ( `pid` = 61 )  [ RunTime:0.000551s ]
SQL: SELECT * FROM `gperf_category` WHERE ( `name` = 'Downloads' ) LIMIT 1   [ RunTime:0.000446s ]
SQL: SELECT * FROM `gperf_category` WHERE ( `pid` = 65 )  [ RunTime:0.000452s ]
INFO: [ view_parse ] --START--
INFO: [ template_filter ] --START--
INFO: Run Behavior\ContentReplaceBehavior [ RunTime:0.000071s ]
INFO: [ template_filter ] --END-- [ RunTime:0.000111s ]
INFO: Run Behavior\ParseTemplateBehavior [ RunTime:0.020434s ]
INFO: [ view_parse ] --END-- [ RunTime:0.020499s ]
INFO: [ view_filter ] --START--
INFO: Run Behavior\WriteHtmlCacheBehavior [ RunTime:0.000094s ]
INFO: [ view_filter ] --END-- [ RunTime:0.000130s ]
INFO: [ app_end ] --START--
INFO: Run Behavior\ShowPageTraceBehavior [ RunTime:0.000352s ]
INFO: [ app_end ] --END-- [ RunTime:0.000394s ]

[ 2015-09-23T04:50:49+08:00 ] 123.125.71.44 /
SQL: SHOW COLUMNS FROM `gperf_task` [ RunTime:0.001389s ]
SQL: SHOW COLUMNS FROM `gperf_channel` [ RunTime:0.001201s ]
SQL: SELECT * FROM `gperf_channel` ORDER BY sort asc  [ RunTime:0.000344s ]
SQL: SHOW COLUMNS FROM `gperf_category` [ RunTime:0.001470s ]
SQL: SELECT * FROM `gperf_category` WHERE ( `name` = 'About' ) LIMIT 1   [ RunTime:0.000505s ]
SQL: SELECT * FROM `gperf_category` WHERE ( `pid` = 1 )  [ RunTime:0.000573s ]
SQL: SELECT * FROM `gperf_category` WHERE ( `name` = 'Service' ) LIMIT 1   [ RunTime:0.000476s ]
SQL: SELECT * FROM `gperf_category` WHERE ( `pid` = 41 )  [ RunTime:0.000485s ]
SQL: SELECT * FROM `gperf_category` WHERE ( `name` = 'Reports' ) LIMIT 1   [ RunTime:0.000403s ]
SQL: SELECT * FROM `gperf_category` WHERE ( `pid` = 52 )  [ RunTime:0.000529s ]
SQL: SELECT * FROM `gperf_category` WHERE ( `name` = 'News&Events' ) LIMIT 1   [ RunTime:0.000480s ]
SQL: SELECT * FROM `gperf_category` WHERE ( `pid` = 57 )  [ RunTime:0.000529s ]
SQL: SELECT * FROM `gperf_category` WHERE ( `name` = 'Documentations' ) LIMIT 1   [ RunTime:0.000412s ]
SQL: SELECT * FROM `gperf_category` WHERE ( `pid` = 61 )  [ RunTime:0.000431s ]
SQL: SELECT * FROM `gperf_category` WHERE ( `name` = 'Downloads' ) LIMIT 1   [ RunTime:0.000374s ]
SQL: SELECT * FROM `gperf_category` WHERE ( `pid` = 65 )  [ RunTime:0.000521s ]
INFO: [ view_parse ] --START--
INFO: [ template_filter ] --START--
INFO: Run Behavior\ContentReplaceBehavior [ RunTime:0.000079s ]
INFO: [ template_filter ] --END-- [ RunTime:0.000121s ]
INFO: Run Behavior\ParseTemplateBehavior [ RunTime:0.017688s ]
INFO: [ view_parse ] --END-- [ RunTime:0.017764s ]
INFO: [ view_filter ] --START--
INFO: Run Behavior\WriteHtmlCacheBehavior [ RunTime:0.000098s ]
INFO: [ view_filter ] --END-- [ RunTime:0.000132s ]
INFO: [ app_end ] --START--
INFO: Run Behavior\ShowPageTraceBehavior [ RunTime:0.000380s ]
INFO: [ app_end ] --END-- [ RunTime:0.000422s ]

[ 2015-09-23T04:51:00+08:00 ] 101.226.167.249 /index.php?s=/Home/Article/newsdetail/hid/4/cid/43
SQL: SHOW COLUMNS FROM `gperf_document` [ RunTime:0.001393s ]
SQL: SELECT * FROM `gperf_document` WHERE ( `category_id` = 43 ) LIMIT 1   [ RunTime:0.000487s ]
SQL: SHOW COLUMNS FROM `gperf_document_article` [ RunTime:0.001166s ]
SQL: SELECT * FROM `gperf_document_article` WHERE ( `id` = null ) LIMIT 1   [ RunTime:0.000310s ]
SQL: SHOW COLUMNS FROM `gperf_category` [ RunTime:0.001477s ]
SQL: SELECT `name` FROM `gperf_category` WHERE ( `id` = 43 ) LIMIT 1   [ RunTime:0.000391s ]
SQL: SELECT `pid` FROM `gperf_category` WHERE ( `id` = 43 ) LIMIT 1   [ RunTime:0.000325s ]
SQL: SELECT `title` FROM `gperf_category` WHERE ( `id` = 1 ) LIMIT 1   [ RunTime:0.000293s ]
SQL: SHOW COLUMNS FROM `gperf_channel` [ RunTime:0.001138s ]
SQL: SELECT `id` FROM `gperf_channel` WHERE ( `title` = 'About' ) LIMIT 1   [ RunTime:0.000388s ]
SQL: SELECT * FROM `gperf_category` WHERE ( `pid` = 1 )  [ RunTime:0.000545s ]
SQL: SELECT * FROM `gperf_document` WHERE ( `id` = 1 ) LIMIT 1   [ RunTime:0.000411s ]
SQL: SELECT * FROM `gperf_document` WHERE ( `id` = -1 ) LIMIT 1   [ RunTime:0.000355s ]
SQL: SELECT * FROM `gperf_channel` ORDER BY sort asc  [ RunTime:0.000436s ]
SQL: SELECT * FROM `gperf_category` WHERE ( `name` = 'About' ) LIMIT 1   [ RunTime:0.000461s ]
SQL: SELECT * FROM `gperf_category` WHERE ( `pid` = 1 )  [ RunTime:0.000493s ]
SQL: SELECT * FROM `gperf_category` WHERE ( `name` = 'Service' ) LIMIT 1   [ RunTime:0.000488s ]
SQL: SELECT * FROM `gperf_category` WHERE ( `pid` = 41 )  [ RunTime:0.000489s ]
SQL: SELECT * FROM `gperf_category` WHERE ( `name` = 'Reports' ) LIMIT 1   [ RunTime:0.000405s ]
SQL: SELECT * FROM `gperf_category` WHERE ( `pid` = 52 )  [ RunTime:0.000452s ]
SQL: SELECT * FROM `gperf_category` WHERE ( `name` = 'News&Events' ) LIMIT 1   [ RunTime:0.000472s ]
SQL: SELECT * FROM `gperf_category` WHERE ( `pid` = 57 )  [ RunTime:0.000522s ]
SQL: SELECT * FROM `gperf_category` WHERE ( `name` = 'Documentations' ) LIMIT 1   [ RunTime:0.000464s ]
SQL: SELECT * FROM `gperf_category` WHERE ( `pid` = 61 )  [ RunTime:0.000520s ]
SQL: SELECT * FROM `gperf_category` WHERE ( `name` = 'Downloads' ) LIMIT 1   [ RunTime:0.000461s ]
SQL: SELECT * FROM `gperf_category` WHERE ( `pid` = 65 )  [ RunTime:0.000458s ]
INFO: [ view_parse ] --START--
INFO: [ template_filter ] --START--
INFO: Run Behavior\ContentReplaceBehavior [ RunTime:0.000071s ]
INFO: [ template_filter ] --END-- [ RunTime:0.000111s ]
INFO: Run Behavior\ParseTemplateBehavior [ RunTime:0.017108s ]
INFO: [ view_parse ] --END-- [ RunTime:0.017173s ]
INFO: [ view_filter ] --START--
INFO: Run Behavior\WriteHtmlCacheBehavior [ RunTime:0.000094s ]
INFO: [ view_filter ] --END-- [ RunTime:0.000130s ]
INFO: [ app_end ] --START--
INFO: Run Behavior\ShowPageTraceBehavior [ RunTime:0.000348s ]
INFO: [ app_end ] --END-- [ RunTime:0.000389s ]

[ 2015-09-23T08:53:02+08:00 ] 195.154.146.225 /
SQL: SHOW COLUMNS FROM `gperf_task` [ RunTime:0.000801s ]
SQL: SHOW COLUMNS FROM `gperf_channel` [ RunTime:0.000687s ]
SQL: SELECT * FROM `gperf_channel` ORDER BY sort asc  [ RunTime:0.000259s ]
SQL: SHOW COLUMNS FROM `gperf_category` [ RunTime:0.000782s ]
SQL: SELECT * FROM `gperf_category` WHERE ( `name` = 'About' ) LIMIT 1   [ RunTime:0.000295s ]
SQL: SELECT * FROM `gperf_category` WHERE ( `pid` = 1 )  [ RunTime:0.000295s ]
SQL: SELECT * FROM `gperf_category` WHERE ( `name` = 'Service' ) LIMIT 1   [ RunTime:0.000217s ]
SQL: SELECT * FROM `gperf_category` WHERE ( `pid` = 41 )  [ RunTime:0.000309s ]
SQL: SELECT * FROM `gperf_category` WHERE ( `name` = 'Reports' ) LIMIT 1   [ RunTime:0.000258s ]
SQL: SELECT * FROM `gperf_category` WHERE ( `pid` = 52 )  [ RunTime:0.000382s ]
SQL: SELECT * FROM `gperf_category` WHERE ( `name` = 'News&Events' ) LIMIT 1   [ RunTime:0.000312s ]
SQL: SELECT * FROM `gperf_category` WHERE ( `pid` = 57 )  [ RunTime:0.000391s ]
SQL: SELECT * FROM `gperf_category` WHERE ( `name` = 'Documentations' ) LIMIT 1   [ RunTime:0.000359s ]
SQL: SELECT * FROM `gperf_category` WHERE ( `pid` = 61 )  [ RunTime:0.000442s ]
SQL: SELECT * FROM `gperf_category` WHERE ( `name` = 'Downloads' ) LIMIT 1   [ RunTime:0.000367s ]
SQL: SELECT * FROM `gperf_category` WHERE ( `pid` = 65 )  [ RunTime:0.000382s ]
INFO: [ view_parse ] --START--
INFO: [ template_filter ] --START--
INFO: Run Behavior\ContentReplaceBehavior [ RunTime:0.000073s ]
INFO: [ template_filter ] --END-- [ RunTime:0.000114s ]
INFO: Run Behavior\ParseTemplateBehavior [ RunTime:0.015829s ]
INFO: [ view_parse ] --END-- [ RunTime:0.015892s ]
INFO: [ view_filter ] --START--
INFO: Run Behavior\WriteHtmlCacheBehavior [ RunTime:0.000094s ]
INFO: [ view_filter ] --END-- [ RunTime:0.000128s ]
INFO: [ app_end ] --START--
INFO: Run Behavior\ShowPageTraceBehavior [ RunTime:0.000360s ]
INFO: [ app_end ] --END-- [ RunTime:0.000403s ]

[ 2015-09-23T11:17:17+08:00 ] 182.92.79.205 /
SQL: SHOW COLUMNS FROM `gperf_task` [ RunTime:0.001416s ]
SQL: SHOW COLUMNS FROM `gperf_channel` [ RunTime:0.001200s ]
SQL: SELECT * FROM `gperf_channel` ORDER BY sort asc  [ RunTime:0.000386s ]
SQL: SHOW COLUMNS FROM `gperf_category` [ RunTime:0.001458s ]
SQL: SELECT * FROM `gperf_category` WHERE ( `name` = 'About' ) LIMIT 1   [ RunTime:0.000384s ]
SQL: SELECT * FROM `gperf_category` WHERE ( `pid` = 1 )  [ RunTime:0.000490s ]
SQL: SELECT * FROM `gperf_category` WHERE ( `name` = 'Service' ) LIMIT 1   [ RunTime:0.000462s ]
SQL: SELECT * FROM `gperf_category` WHERE ( `pid` = 41 )  [ RunTime:0.000480s ]
SQL: SELECT * FROM `gperf_category` WHERE ( `name` = 'Reports' ) LIMIT 1   [ RunTime:0.000394s ]
SQL: SELECT * FROM `gperf_category` WHERE ( `pid` = 52 )  [ RunTime:0.000518s ]
SQL: SELECT * FROM `gperf_category` WHERE ( `name` = 'News&Events' ) LIMIT 1   [ RunTime:0.000468s ]
SQL: SELECT * FROM `gperf_category` WHERE ( `pid` = 57 )  [ RunTime:0.000513s ]
SQL: SELECT * FROM `gperf_category` WHERE ( `name` = 'Documentations' ) LIMIT 1   [ RunTime:0.000422s ]
SQL: SELECT * FROM `gperf_category` WHERE ( `pid` = 61 )  [ RunTime:0.000535s ]
SQL: SELECT * FROM `gperf_category` WHERE ( `name` = 'Downloads' ) LIMIT 1   [ RunTime:0.000387s ]
SQL: SELECT * FROM `gperf_category` WHERE ( `pid` = 65 )  [ RunTime:0.000508s ]
INFO: [ view_parse ] --START--
INFO: [ template_filter ] --START--
INFO: Run Behavior\ContentReplaceBehavior [ RunTime:0.000070s ]
INFO: [ template_filter ] --END-- [ RunTime:0.000112s ]
INFO: Run Behavior\ParseTemplateBehavior [ RunTime:0.017991s ]
INFO: [ view_parse ] --END-- [ RunTime:0.018055s ]
INFO: [ view_filter ] --START--
INFO: Run Behavior\WriteHtmlCacheBehavior [ RunTime:0.000094s ]
INFO: [ view_filter ] --END-- [ RunTime:0.000128s ]
INFO: [ app_end ] --START--
INFO: Run Behavior\ShowPageTraceBehavior [ RunTime:0.000382s ]
INFO: [ app_end ] --END-- [ RunTime:0.000420s ]

[ 2015-09-23T12:25:05+08:00 ] 202.46.53.178 /index.php?s=/Home/Article/newsdetail/hid/7/cid/58
SQL: SHOW COLUMNS FROM `gperf_document` [ RunTime:0.001361s ]
SQL: SELECT * FROM `gperf_document` WHERE ( `category_id` = 58 ) LIMIT 1   [ RunTime:0.000370s ]
SQL: SHOW COLUMNS FROM `gperf_document_article` [ RunTime:0.000954s ]
SQL: SELECT * FROM `gperf_document_article` WHERE ( `id` = null ) LIMIT 1   [ RunTime:0.000249s ]
SQL: SHOW COLUMNS FROM `gperf_category` [ RunTime:0.001316s ]
SQL: SELECT `name` FROM `gperf_category` WHERE ( `id` = 58 ) LIMIT 1   [ RunTime:0.000350s ]
SQL: SELECT `pid` FROM `gperf_category` WHERE ( `id` = 58 ) LIMIT 1   [ RunTime:0.000262s ]
SQL: SELECT `title` FROM `gperf_category` WHERE ( `id` = 57 ) LIMIT 1   [ RunTime:0.000383s ]
SQL: SHOW COLUMNS FROM `gperf_channel` [ RunTime:0.001154s ]
SQL: SELECT `id` FROM `gperf_channel` WHERE ( `title` = 'News&Events' ) LIMIT 1   [ RunTime:0.000394s ]
SQL: SELECT * FROM `gperf_category` WHERE ( `pid` = 57 )  [ RunTime:0.000512s ]
SQL: SELECT * FROM `gperf_document` WHERE ( `id` = 1 ) LIMIT 1   [ RunTime:0.000364s ]
SQL: SELECT * FROM `gperf_document` WHERE ( `id` = -1 ) LIMIT 1   [ RunTime:0.000331s ]
SQL: SELECT * FROM `gperf_channel` ORDER BY sort asc  [ RunTime:0.000448s ]
SQL: SELECT * FROM `gperf_category` WHERE ( `name` = 'About' ) LIMIT 1   [ RunTime:0.000429s ]
SQL: SELECT * FROM `gperf_category` WHERE ( `pid` = 1 )  [ RunTime:0.000459s ]
SQL: SELECT * FROM `gperf_category` WHERE ( `name` = 'Service' ) LIMIT 1   [ RunTime:0.000382s ]
SQL: SELECT * FROM `gperf_category` WHERE ( `pid` = 41 )  [ RunTime:0.000531s ]
SQL: SELECT * FROM `gperf_category` WHERE ( `name` = 'Reports' ) LIMIT 1   [ RunTime:0.000471s ]
SQL: SELECT * FROM `gperf_category` WHERE ( `pid` = 52 )  [ RunTime:0.000532s ]
SQL: SELECT * FROM `gperf_category` WHERE ( `name` = 'News&Events' ) LIMIT 1   [ RunTime:0.000482s ]
SQL: SELECT * FROM `gperf_category` WHERE ( `pid` = 57 )  [ RunTime:0.000512s ]
SQL: SELECT * FROM `gperf_category` WHERE ( `name` = 'Documentations' ) LIMIT 1   [ RunTime:0.000424s ]
SQL: SELECT * FROM `gperf_category` WHERE ( `pid` = 61 )  [ RunTime:0.000480s ]
SQL: SELECT * FROM `gperf_category` WHERE ( `name` = 'Downloads' ) LIMIT 1   [ RunTime:0.000432s ]
SQL: SELECT * FROM `gperf_category` WHERE ( `pid` = 65 )  [ RunTime:0.000468s ]
INFO: [ view_parse ] --START--
INFO: [ template_filter ] --START--
INFO: Run Behavior\ContentReplaceBehavior [ RunTime:0.000077s ]
INFO: [ template_filter ] --END-- [ RunTime:0.000117s ]
INFO: Run Behavior\ParseTemplateBehavior [ RunTime:0.019060s ]
INFO: [ view_parse ] --END-- [ RunTime:0.019117s ]
INFO: [ view_filter ] --START--
INFO: Run Behavior\WriteHtmlCacheBehavior [ RunTime:0.000092s ]
INFO: [ view_filter ] --END-- [ RunTime:0.000128s ]
INFO: [ app_end ] --START--
INFO: Run Behavior\ShowPageTraceBehavior [ RunTime:0.000348s ]
INFO: [ app_end ] --END-- [ RunTime:0.000386s ]

[ 2015-09-23T13:10:34+08:00 ] 220.181.108.99 /
SQL: SHOW COLUMNS FROM `gperf_task` [ RunTime:0.001376s ]
SQL: SHOW COLUMNS FROM `gperf_channel` [ RunTime:0.001206s ]
SQL: SELECT * FROM `gperf_channel` ORDER BY sort asc  [ RunTime:0.000340s ]
SQL: SHOW COLUMNS FROM `gperf_category` [ RunTime:0.001482s ]
SQL: SELECT * FROM `gperf_category` WHERE ( `name` = 'About' ) LIMIT 1   [ RunTime:0.000458s ]
SQL: SELECT * FROM `gperf_category` WHERE ( `pid` = 1 )  [ RunTime:0.000489s ]
SQL: SELECT * FROM `gperf_category` WHERE ( `name` = 'Service' ) LIMIT 1   [ RunTime:0.000400s ]
SQL: SELECT * FROM `gperf_category` WHERE ( `pid` = 41 )  [ RunTime:0.000470s ]
SQL: SELECT * FROM `gperf_category` WHERE ( `name` = 'Reports' ) LIMIT 1   [ RunTime:0.000387s ]
SQL: SELECT * FROM `gperf_category` WHERE ( `pid` = 52 )  [ RunTime:0.000522s ]
SQL: SELECT * FROM `gperf_category` WHERE ( `name` = 'News&Events' ) LIMIT 1   [ RunTime:0.000472s ]
SQL: SELECT * FROM `gperf_category` WHERE ( `pid` = 57 )  [ RunTime:0.000513s ]
SQL: SELECT * FROM `gperf_category` WHERE ( `name` = 'Documentations' ) LIMIT 1   [ RunTime:0.000419s ]
SQL: SELECT * FROM `gperf_category` WHERE ( `pid` = 61 )  [ RunTime:0.000523s ]
SQL: SELECT * FROM `gperf_category` WHERE ( `name` = 'Downloads' ) LIMIT 1   [ RunTime:0.000468s ]
SQL: SELECT * FROM `gperf_category` WHERE ( `pid` = 65 )  [ RunTime:0.000512s ]
INFO: [ view_parse ] --START--
INFO: [ template_filter ] --START--
INFO: Run Behavior\ContentReplaceBehavior [ RunTime:0.000068s ]
INFO: [ template_filter ] --END-- [ RunTime:0.000113s ]
INFO: Run Behavior\ParseTemplateBehavior [ RunTime:0.016932s ]
INFO: [ view_parse ] --END-- [ RunTime:0.016994s ]
INFO: [ view_filter ] --START--
INFO: Run Behavior\WriteHtmlCacheBehavior [ RunTime:0.000094s ]
INFO: [ view_filter ] --END-- [ RunTime:0.000129s ]
INFO: [ app_end ] --START--
INFO: Run Behavior\ShowPageTraceBehavior [ RunTime:0.000362s ]
INFO: [ app_end ] --END-- [ RunTime:0.000405s ]

[ 2015-09-23T13:15:20+08:00 ] 169.54.233.121 /
SQL: SHOW COLUMNS FROM `gperf_task` [ RunTime:0.001390s ]
SQL: SHOW COLUMNS FROM `gperf_channel` [ RunTime:0.001268s ]
SQL: SELECT * FROM `gperf_channel` ORDER BY sort asc  [ RunTime:0.000334s ]
SQL: SHOW COLUMNS FROM `gperf_category` [ RunTime:0.001465s ]
SQL: SELECT * FROM `gperf_category` WHERE ( `name` = 'About' ) LIMIT 1   [ RunTime:0.000436s ]
SQL: SELECT * FROM `gperf_category` WHERE ( `pid` = 1 )  [ RunTime:0.000492s ]
SQL: SELECT * FROM `gperf_category` WHERE ( `name` = 'Service' ) LIMIT 1   [ RunTime:0.000341s ]
SQL: SELECT * FROM `gperf_category` WHERE ( `pid` = 41 )  [ RunTime:0.000386s ]
SQL: SELECT * FROM `gperf_category` WHERE ( `name` = 'Reports' ) LIMIT 1   [ RunTime:0.000400s ]
SQL: SELECT * FROM `gperf_category` WHERE ( `pid` = 52 )  [ RunTime:0.000457s ]
SQL: SELECT * FROM `gperf_category` WHERE ( `name` = 'News&Events' ) LIMIT 1   [ RunTime:0.000319s ]
SQL: SELECT * FROM `gperf_category` WHERE ( `pid` = 57 )  [ RunTime:0.000455s ]
SQL: SELECT * FROM `gperf_category` WHERE ( `name` = 'Documentations' ) LIMIT 1   [ RunTime:0.000330s ]
SQL: SELECT * FROM `gperf_category` WHERE ( `pid` = 61 )  [ RunTime:0.000351s ]
SQL: SELECT * FROM `gperf_category` WHERE ( `name` = 'Downloads' ) LIMIT 1   [ RunTime:0.000457s ]
SQL: SELECT * FROM `gperf_category` WHERE ( `pid` = 65 )  [ RunTime:0.000512s ]
INFO: [ view_parse ] --START--
INFO: [ template_filter ] --START--
INFO: Run Behavior\ContentReplaceBehavior [ RunTime:0.000069s ]
INFO: [ template_filter ] --END-- [ RunTime:0.000114s ]
INFO: Run Behavior\ParseTemplateBehavior [ RunTime:0.016609s ]
INFO: [ view_parse ] --END-- [ RunTime:0.016672s ]
INFO: [ view_filter ] --START--
INFO: Run Behavior\WriteHtmlCacheBehavior [ RunTime:0.000092s ]
INFO: [ view_filter ] --END-- [ RunTime:0.000127s ]
INFO: [ app_end ] --START--
INFO: Run Behavior\ShowPageTraceBehavior [ RunTime:0.000854s ]
INFO: [ app_end ] --END-- [ RunTime:0.000964s ]

[ 2015-09-23T14:44:43+08:00 ] 42.99.164.95 /index.php?s=/Home/Article/newsdetail/hid/6/cid/54
SQL: SHOW COLUMNS FROM `gperf_document` [ RunTime:0.001360s ]
SQL: SELECT * FROM `gperf_document` WHERE ( `category_id` = 54 ) LIMIT 1   [ RunTime:0.000354s ]
SQL: SHOW COLUMNS FROM `gperf_document_article` [ RunTime:0.001111s ]
SQL: SELECT * FROM `gperf_document_article` WHERE ( `id` = null ) LIMIT 1   [ RunTime:0.000224s ]
SQL: SHOW COLUMNS FROM `gperf_category` [ RunTime:0.001434s ]
SQL: SELECT `name` FROM `gperf_category` WHERE ( `id` = 54 ) LIMIT 1   [ RunTime:0.000262s ]
SQL: SELECT `pid` FROM `gperf_category` WHERE ( `id` = 54 ) LIMIT 1   [ RunTime:0.000265s ]
SQL: SELECT `title` FROM `gperf_category` WHERE ( `id` = 52 ) LIMIT 1   [ RunTime:0.000285s ]
SQL: SHOW COLUMNS FROM `gperf_channel` [ RunTime:0.001051s ]
SQL: SELECT `id` FROM `gperf_channel` WHERE ( `title` = 'Reports' ) LIMIT 1   [ RunTime:0.000368s ]
SQL: SELECT * FROM `gperf_category` WHERE ( `pid` = 52 )  [ RunTime:0.000417s ]
SQL: SELECT * FROM `gperf_document` WHERE ( `id` = 1 ) LIMIT 1   [ RunTime:0.000287s ]
SQL: SELECT * FROM `gperf_document` WHERE ( `id` = -1 ) LIMIT 1   [ RunTime:0.000282s ]
SQL: SELECT * FROM `gperf_channel` ORDER BY sort asc  [ RunTime:0.000304s ]
SQL: SELECT * FROM `gperf_category` WHERE ( `name` = 'About' ) LIMIT 1   [ RunTime:0.000342s ]
SQL: SELECT * FROM `gperf_category` WHERE ( `pid` = 1 )  [ RunTime:0.000490s ]
SQL: SELECT * FROM `gperf_category` WHERE ( `name` = 'Service' ) LIMIT 1   [ RunTime:0.000472s ]
SQL: SELECT * FROM `gperf_category` WHERE ( `pid` = 41 )  [ RunTime:0.000475s ]
SQL: SELECT * FROM `gperf_category` WHERE ( `name` = 'Reports' ) LIMIT 1   [ RunTime:0.000388s ]
SQL: SELECT * FROM `gperf_category` WHERE ( `pid` = 52 )  [ RunTime:0.000521s ]
SQL: SELECT * FROM `gperf_category` WHERE ( `name` = 'News&Events' ) LIMIT 1   [ RunTime:0.000470s ]
SQL: SELECT * FROM `gperf_category` WHERE ( `pid` = 57 )  [ RunTime:0.000521s ]
SQL: SELECT * FROM `gperf_category` WHERE ( `name` = 'Documentations' ) LIMIT 1   [ RunTime:0.000474s ]
SQL: SELECT * FROM `gperf_category` WHERE ( `pid` = 61 )  [ RunTime:0.000541s ]
SQL: SELECT * FROM `gperf_category` WHERE ( `name` = 'Downloads' ) LIMIT 1   [ RunTime:0.000477s ]
SQL: SELECT * FROM `gperf_category` WHERE ( `pid` = 65 )  [ RunTime:0.000511s ]
INFO: [ view_parse ] --START--
INFO: [ template_filter ] --START--
INFO: Run Behavior\ContentReplaceBehavior [ RunTime:0.000074s ]
INFO: [ template_filter ] --END-- [ RunTime:0.000115s ]
INFO: Run Behavior\ParseTemplateBehavior [ RunTime:0.018063s ]
INFO: [ view_parse ] --END-- [ RunTime:0.018127s ]
INFO: [ view_filter ] --START--
INFO: Run Behavior\WriteHtmlCacheBehavior [ RunTime:0.000092s ]
INFO: [ view_filter ] --END-- [ RunTime:0.000128s ]
INFO: [ app_end ] --START--
INFO: Run Behavior\ShowPageTraceBehavior [ RunTime:0.000344s ]
INFO: [ app_end ] --END-- [ RunTime:0.000384s ]

[ 2015-09-23T16:29:11+08:00 ] 103.240.16.119 http://www.example.com/
SQL: SHOW COLUMNS FROM `gperf_task` [ RunTime:0.001369s ]
SQL: SHOW COLUMNS FROM `gperf_channel` [ RunTime:0.001095s ]
SQL: SELECT * FROM `gperf_channel` ORDER BY sort asc  [ RunTime:0.000395s ]
SQL: SHOW COLUMNS FROM `gperf_category` [ RunTime:0.001446s ]
SQL: SELECT * FROM `gperf_category` WHERE ( `name` = 'About' ) LIMIT 1   [ RunTime:0.000388s ]
SQL: SELECT * FROM `gperf_category` WHERE ( `pid` = 1 )  [ RunTime:0.000414s ]
SQL: SELECT * FROM `gperf_category` WHERE ( `name` = 'Service' ) LIMIT 1   [ RunTime:0.000406s ]
SQL: SELECT * FROM `gperf_category` WHERE ( `pid` = 41 )  [ RunTime:0.000480s ]
SQL: SELECT * FROM `gperf_category` WHERE ( `name` = 'Reports' ) LIMIT 1   [ RunTime:0.000318s ]
SQL: SELECT * FROM `gperf_category` WHERE ( `pid` = 52 )  [ RunTime:0.000457s ]
SQL: SELECT * FROM `gperf_category` WHERE ( `name` = 'News&Events' ) LIMIT 1   [ RunTime:0.000470s ]
SQL: SELECT * FROM `gperf_category` WHERE ( `pid` = 57 )  [ RunTime:0.000542s ]
SQL: SELECT * FROM `gperf_category` WHERE ( `name` = 'Documentations' ) LIMIT 1   [ RunTime:0.000485s ]
SQL: SELECT * FROM `gperf_category` WHERE ( `pid` = 61 )  [ RunTime:0.000545s ]
SQL: SELECT * FROM `gperf_category` WHERE ( `name` = 'Downloads' ) LIMIT 1   [ RunTime:0.000471s ]
SQL: SELECT * FROM `gperf_category` WHERE ( `pid` = 65 )  [ RunTime:0.000525s ]
INFO: [ view_parse ] --START--
INFO: [ template_filter ] --START--
INFO: Run Behavior\ContentReplaceBehavior [ RunTime:0.000076s ]
INFO: [ template_filter ] --END-- [ RunTime:0.000118s ]
INFO: Run Behavior\ParseTemplateBehavior [ RunTime:0.017654s ]
INFO: [ view_parse ] --END-- [ RunTime:0.017719s ]
INFO: [ view_filter ] --START--
INFO: Run Behavior\WriteHtmlCacheBehavior [ RunTime:0.000098s ]
INFO: [ view_filter ] --END-- [ RunTime:0.000133s ]
INFO: [ app_end ] --START--
INFO: Run Behavior\ShowPageTraceBehavior [ RunTime:0.000387s ]
INFO: [ app_end ] --END-- [ RunTime:0.000433s ]

[ 2015-09-23T16:32:41+08:00 ] 202.46.56.187 /
SQL: SHOW COLUMNS FROM `gperf_task` [ RunTime:0.001416s ]
SQL: SHOW COLUMNS FROM `gperf_channel` [ RunTime:0.001218s ]
SQL: SELECT * FROM `gperf_channel` ORDER BY sort asc  [ RunTime:0.000397s ]
SQL: SHOW COLUMNS FROM `gperf_category` [ RunTime:0.001456s ]
SQL: SELECT * FROM `gperf_category` WHERE ( `name` = 'About' ) LIMIT 1   [ RunTime:0.000387s ]
SQL: SELECT * FROM `gperf_category` WHERE ( `pid` = 1 )  [ RunTime:0.000499s ]
SQL: SELECT * FROM `gperf_category` WHERE ( `name` = 'Service' ) LIMIT 1   [ RunTime:0.000404s ]
SQL: SELECT * FROM `gperf_category` WHERE ( `pid` = 41 )  [ RunTime:0.000479s ]
SQL: SELECT * FROM `gperf_category` WHERE ( `name` = 'Reports' ) LIMIT 1   [ RunTime:0.000397s ]
SQL: SELECT * FROM `gperf_category` WHERE ( `pid` = 52 )  [ RunTime:0.000529s ]
SQL: SELECT * FROM `gperf_category` WHERE ( `name` = 'News&Events' ) LIMIT 1   [ RunTime:0.000475s ]
SQL: SELECT * FROM `gperf_category` WHERE ( `pid` = 57 )  [ RunTime:0.000522s ]
SQL: SELECT * FROM `gperf_category` WHERE ( `name` = 'Documentations' ) LIMIT 1   [ RunTime:0.000426s ]
SQL: SELECT * FROM `gperf_category` WHERE ( `pid` = 61 )  [ RunTime:0.000542s ]
SQL: SELECT * FROM `gperf_category` WHERE ( `name` = 'Downloads' ) LIMIT 1   [ RunTime:0.000485s ]
SQL: SELECT * FROM `gperf_category` WHERE ( `pid` = 65 )  [ RunTime:0.000520s ]
INFO: [ view_parse ] --START--
INFO: [ template_filter ] --START--
INFO: Run Behavior\ContentReplaceBehavior [ RunTime:0.000077s ]
INFO: [ template_filter ] --END-- [ RunTime:0.000119s ]
INFO: Run Behavior\ParseTemplateBehavior [ RunTime:0.016493s ]
INFO: [ view_parse ] --END-- [ RunTime:0.016558s ]
INFO: [ view_filter ] --START--
INFO: Run Behavior\WriteHtmlCacheBehavior [ RunTime:0.000096s ]
INFO: [ view_filter ] --END-- [ RunTime:0.000131s ]
INFO: [ app_end ] --START--
INFO: Run Behavior\ShowPageTraceBehavior [ RunTime:0.000402s ]
INFO: [ app_end ] --END-- [ RunTime:0.000450s ]

[ 2015-09-23T16:38:13+08:00 ] 88.198.227.103 /
SQL: SHOW COLUMNS FROM `gperf_task` [ RunTime:0.001441s ]
SQL: SHOW COLUMNS FROM `gperf_channel` [ RunTime:0.001217s ]
SQL: SELECT * FROM `gperf_channel` ORDER BY sort asc  [ RunTime:0.000394s ]
SQL: SHOW COLUMNS FROM `gperf_category` [ RunTime:0.001364s ]
SQL: SELECT * FROM `gperf_category` WHERE ( `name` = 'About' ) LIMIT 1   [ RunTime:0.000434s ]
SQL: SELECT * FROM `gperf_category` WHERE ( `pid` = 1 )  [ RunTime:0.000502s ]
SQL: SELECT * FROM `gperf_category` WHERE ( `name` = 'Service' ) LIMIT 1   [ RunTime:0.000434s ]
SQL: SELECT * FROM `gperf_category` WHERE ( `pid` = 41 )  [ RunTime:0.000390s ]
SQL: SELECT * FROM `gperf_category` WHERE ( `name` = 'Reports' ) LIMIT 1   [ RunTime:0.000403s ]
SQL: SELECT * FROM `gperf_category` WHERE ( `pid` = 52 )  [ RunTime:0.000527s ]
SQL: SELECT * FROM `gperf_category` WHERE ( `name` = 'News&Events' ) LIMIT 1   [ RunTime:0.000476s ]
SQL: SELECT * FROM `gperf_category` WHERE ( `pid` = 57 )  [ RunTime:0.000542s ]
SQL: SELECT * FROM `gperf_category` WHERE ( `name` = 'Documentations' ) LIMIT 1   [ RunTime:0.000482s ]
SQL: SELECT * FROM `gperf_category` WHERE ( `pid` = 61 )  [ RunTime:0.000527s ]
SQL: SELECT * FROM `gperf_category` WHERE ( `name` = 'Downloads' ) LIMIT 1   [ RunTime:0.000474s ]
SQL: SELECT * FROM `gperf_category` WHERE ( `pid` = 65 )  [ RunTime:0.000519s ]
INFO: [ view_parse ] --START--
INFO: [ template_filter ] --START--
INFO: Run Behavior\ContentReplaceBehavior [ RunTime:0.000067s ]
INFO: [ template_filter ] --END-- [ RunTime:0.000107s ]
INFO: Run Behavior\ParseTemplateBehavior [ RunTime:0.017513s ]
INFO: [ view_parse ] --END-- [ RunTime:0.017574s ]
INFO: [ view_filter ] --START--
INFO: Run Behavior\WriteHtmlCacheBehavior [ RunTime:0.000095s ]
INFO: [ view_filter ] --END-- [ RunTime:0.000130s ]
INFO: [ app_end ] --START--
INFO: Run Behavior\ShowPageTraceBehavior [ RunTime:0.000366s ]
INFO: [ app_end ] --END-- [ RunTime:0.000408s ]

[ 2015-09-23T17:04:44+08:00 ] 207.46.13.143 /
SQL: SHOW COLUMNS FROM `gperf_task` [ RunTime:0.001395s ]
SQL: SHOW COLUMNS FROM `gperf_channel` [ RunTime:0.001098s ]
SQL: SELECT * FROM `gperf_channel` ORDER BY sort asc  [ RunTime:0.000399s ]
SQL: SHOW COLUMNS FROM `gperf_category` [ RunTime:0.001409s ]
SQL: SELECT * FROM `gperf_category` WHERE ( `name` = 'About' ) LIMIT 1   [ RunTime:0.000382s ]
SQL: SELECT * FROM `gperf_category` WHERE ( `pid` = 1 )  [ RunTime:0.000498s ]
SQL: SELECT * FROM `gperf_category` WHERE ( `name` = 'Service' ) LIMIT 1   [ RunTime:0.000411s ]
SQL: SELECT * FROM `gperf_category` WHERE ( `pid` = 41 )  [ RunTime:0.000476s ]
SQL: SELECT * FROM `gperf_category` WHERE ( `name` = 'Reports' ) LIMIT 1   [ RunTime:0.000355s ]
SQL: SELECT * FROM `gperf_category` WHERE ( `pid` = 52 )  [ RunTime:0.000535s ]
SQL: SELECT * FROM `gperf_category` WHERE ( `name` = 'News&Events' ) LIMIT 1   [ RunTime:0.000478s ]
SQL: SELECT * FROM `gperf_category` WHERE ( `pid` = 57 )  [ RunTime:0.000528s ]
SQL: SELECT * FROM `gperf_category` WHERE ( `name` = 'Documentations' ) LIMIT 1   [ RunTime:0.000419s ]
SQL: SELECT * FROM `gperf_category` WHERE ( `pid` = 61 )  [ RunTime:0.000432s ]
SQL: SELECT * FROM `gperf_category` WHERE ( `name` = 'Downloads' ) LIMIT 1   [ RunTime:0.000475s ]
SQL: SELECT * FROM `gperf_category` WHERE ( `pid` = 65 )  [ RunTime:0.000520s ]
INFO: [ view_parse ] --START--
INFO: [ template_filter ] --START--
INFO: Run Behavior\ContentReplaceBehavior [ RunTime:0.000075s ]
INFO: [ template_filter ] --END-- [ RunTime:0.000117s ]
INFO: Run Behavior\ParseTemplateBehavior [ RunTime:0.018649s ]
INFO: [ view_parse ] --END-- [ RunTime:0.018714s ]
INFO: [ view_filter ] --START--
INFO: Run Behavior\WriteHtmlCacheBehavior [ RunTime:0.000096s ]
INFO: [ view_filter ] --END-- [ RunTime:0.000131s ]
INFO: [ app_end ] --START--
INFO: Run Behavior\ShowPageTraceBehavior [ RunTime:0.000385s ]
INFO: [ app_end ] --END-- [ RunTime:0.000430s ]

[ 2015-09-23T17:26:05+08:00 ] 157.55.39.234 /
SQL: SHOW COLUMNS FROM `gperf_task` [ RunTime:0.001395s ]
SQL: SHOW COLUMNS FROM `gperf_channel` [ RunTime:0.001193s ]
SQL: SELECT * FROM `gperf_channel` ORDER BY sort asc  [ RunTime:0.000377s ]
SQL: SHOW COLUMNS FROM `gperf_category` [ RunTime:0.001508s ]
SQL: SELECT * FROM `gperf_category` WHERE ( `name` = 'About' ) LIMIT 1   [ RunTime:0.000379s ]
SQL: SELECT * FROM `gperf_category` WHERE ( `pid` = 1 )  [ RunTime:0.000405s ]
SQL: SELECT * FROM `gperf_category` WHERE ( `name` = 'Service' ) LIMIT 1   [ RunTime:0.000468s ]
SQL: SELECT * FROM `gperf_category` WHERE ( `pid` = 41 )  [ RunTime:0.000490s ]
SQL: SELECT * FROM `gperf_category` WHERE ( `name` = 'Reports' ) LIMIT 1   [ RunTime:0.000392s ]
SQL: SELECT * FROM `gperf_category` WHERE ( `pid` = 52 )  [ RunTime:0.000427s ]
SQL: SELECT * FROM `gperf_category` WHERE ( `name` = 'News&Events' ) LIMIT 1   [ RunTime:0.000477s ]
SQL: SELECT * FROM `gperf_category` WHERE ( `pid` = 57 )  [ RunTime:0.000528s ]
SQL: SELECT * FROM `gperf_category` WHERE ( `name` = 'Documentations' ) LIMIT 1   [ RunTime:0.000475s ]
SQL: SELECT * FROM `gperf_category` WHERE ( `pid` = 61 )  [ RunTime:0.000546s ]
SQL: SELECT * FROM `gperf_category` WHERE ( `name` = 'Downloads' ) LIMIT 1   [ RunTime:0.000482s ]
SQL: SELECT * FROM `gperf_category` WHERE ( `pid` = 65 )  [ RunTime:0.000522s ]
INFO: [ view_parse ] --START--
INFO: [ template_filter ] --START--
INFO: Run Behavior\ContentReplaceBehavior [ RunTime:0.000068s ]
INFO: [ template_filter ] --END-- [ RunTime:0.000110s ]
INFO: Run Behavior\ParseTemplateBehavior [ RunTime:0.016385s ]
INFO: [ view_parse ] --END-- [ RunTime:0.016449s ]
INFO: [ view_filter ] --START--
INFO: Run Behavior\WriteHtmlCacheBehavior [ RunTime:0.000095s ]
INFO: [ view_filter ] --END-- [ RunTime:0.000130s ]
INFO: [ app_end ] --START--
INFO: Run Behavior\ShowPageTraceBehavior [ RunTime:0.000372s ]
INFO: [ app_end ] --END-- [ RunTime:0.000415s ]

[ 2015-09-23T17:52:28+08:00 ] 202.205.11.55 /
SQL: SHOW COLUMNS FROM `gperf_task` [ RunTime:0.001391s ]
SQL: SHOW COLUMNS FROM `gperf_channel` [ RunTime:0.001109s ]
SQL: SELECT * FROM `gperf_channel` ORDER BY sort asc  [ RunTime:0.000394s ]
SQL: SHOW COLUMNS FROM `gperf_category` [ RunTime:0.001437s ]
SQL: SELECT * FROM `gperf_category` WHERE ( `name` = 'About' ) LIMIT 1   [ RunTime:0.000405s ]
SQL: SELECT * FROM `gperf_category` WHERE ( `pid` = 1 )  [ RunTime:0.000416s ]
SQL: SELECT * FROM `gperf_category` WHERE ( `name` = 'Service' ) LIMIT 1   [ RunTime:0.000407s ]
SQL: SELECT * FROM `gperf_category` WHERE ( `pid` = 41 )  [ RunTime:0.000482s ]
SQL: SELECT * FROM `gperf_category` WHERE ( `name` = 'Reports' ) LIMIT 1   [ RunTime:0.000319s ]
SQL: SELECT * FROM `gperf_category` WHERE ( `pid` = 52 )  [ RunTime:0.000457s ]
SQL: SELECT * FROM `gperf_category` WHERE ( `name` = 'News&Events' ) LIMIT 1   [ RunTime:0.000473s ]
SQL: SELECT * FROM `gperf_category` WHERE ( `pid` = 57 )  [ RunTime:0.000536s ]
SQL: SELECT * FROM `gperf_category` WHERE ( `name` = 'Documentations' ) LIMIT 1   [ RunTime:0.000484s ]
SQL: SELECT * FROM `gperf_category` WHERE ( `pid` = 61 )  [ RunTime:0.000544s ]
SQL: SELECT * FROM `gperf_category` WHERE ( `name` = 'Downloads' ) LIMIT 1   [ RunTime:0.000476s ]
SQL: SELECT * FROM `gperf_category` WHERE ( `pid` = 65 )  [ RunTime:0.000519s ]
INFO: [ view_parse ] --START--
INFO: [ template_filter ] --START--
INFO: Run Behavior\ContentReplaceBehavior [ RunTime:0.000075s ]
INFO: [ template_filter ] --END-- [ RunTime:0.000118s ]
INFO: Run Behavior\ParseTemplateBehavior [ RunTime:0.018171s ]
INFO: [ view_parse ] --END-- [ RunTime:0.018237s ]
INFO: [ view_filter ] --START--
INFO: Run Behavior\WriteHtmlCacheBehavior [ RunTime:0.000097s ]
INFO: [ view_filter ] --END-- [ RunTime:0.000132s ]
INFO: [ app_end ] --START--
INFO: Run Behavior\ShowPageTraceBehavior [ RunTime:0.000385s ]
INFO: [ app_end ] --END-- [ RunTime:0.000430s ]

[ 2015-09-23T18:07:41+08:00 ] 202.46.53.167 /
SQL: SHOW COLUMNS FROM `gperf_task` [ RunTime:0.001339s ]
SQL: SHOW COLUMNS FROM `gperf_channel` [ RunTime:0.001031s ]
SQL: SELECT * FROM `gperf_channel` ORDER BY sort asc  [ RunTime:0.000365s ]
SQL: SHOW COLUMNS FROM `gperf_category` [ RunTime:0.001416s ]
SQL: SELECT * FROM `gperf_category` WHERE ( `name` = 'About' ) LIMIT 1   [ RunTime:0.000442s ]
SQL: SELECT * FROM `gperf_category` WHERE ( `pid` = 1 )  [ RunTime:0.000427s ]
SQL: SELECT * FROM `gperf_category` WHERE ( `name` = 'Service' ) LIMIT 1   [ RunTime:0.000321s ]
SQL: SELECT * FROM `gperf_category` WHERE ( `pid` = 41 )  [ RunTime:0.000483s ]
SQL: SELECT * FROM `gperf_category` WHERE ( `name` = 'Reports' ) LIMIT 1   [ RunTime:0.000371s ]
SQL: SELECT * FROM `gperf_category` WHERE ( `pid` = 52 )  [ RunTime:0.000474s ]
SQL: SELECT * FROM `gperf_category` WHERE ( `name` = 'News&Events' ) LIMIT 1   [ RunTime:0.000352s ]
SQL: SELECT * FROM `gperf_category` WHERE ( `pid` = 57 )  [ RunTime:0.000356s ]
SQL: SELECT * FROM `gperf_category` WHERE ( `name` = 'Documentations' ) LIMIT 1   [ RunTime:0.000366s ]
SQL: SELECT * FROM `gperf_category` WHERE ( `pid` = 61 )  [ RunTime:0.000431s ]
SQL: SELECT * FROM `gperf_category` WHERE ( `name` = 'Downloads' ) LIMIT 1   [ RunTime:0.000466s ]
SQL: SELECT * FROM `gperf_category` WHERE ( `pid` = 65 )  [ RunTime:0.000509s ]
INFO: [ view_parse ] --START--
INFO: [ template_filter ] --START--
INFO: Run Behavior\ContentReplaceBehavior [ RunTime:0.000070s ]
INFO: [ template_filter ] --END-- [ RunTime:0.000111s ]
INFO: Run Behavior\ParseTemplateBehavior [ RunTime:0.020120s ]
INFO: [ view_parse ] --END-- [ RunTime:0.020196s ]
INFO: [ view_filter ] --START--
INFO: Run Behavior\WriteHtmlCacheBehavior [ RunTime:0.000094s ]
INFO: [ view_filter ] --END-- [ RunTime:0.000127s ]
INFO: [ app_end ] --START--
INFO: Run Behavior\ShowPageTraceBehavior [ RunTime:0.000351s ]
INFO: [ app_end ] --END-- [ RunTime:0.000390s ]

[ 2015-09-23T19:33:29+08:00 ] 121.42.210.61 /
SQL: SHOW COLUMNS FROM `gperf_task` [ RunTime:0.001385s ]
SQL: SHOW COLUMNS FROM `gperf_channel` [ RunTime:0.001087s ]
SQL: SELECT * FROM `gperf_channel` ORDER BY sort asc  [ RunTime:0.000396s ]
SQL: SHOW COLUMNS FROM `gperf_category` [ RunTime:0.001420s ]
SQL: SELECT * FROM `gperf_category` WHERE ( `name` = 'About' ) LIMIT 1   [ RunTime:0.000445s ]
SQL: SELECT * FROM `gperf_category` WHERE ( `pid` = 1 )  [ RunTime:0.000492s ]
SQL: SELECT * FROM `gperf_category` WHERE ( `name` = 'Service' ) LIMIT 1   [ RunTime:0.000479s ]
SQL: SELECT * FROM `gperf_category` WHERE ( `pid` = 41 )  [ RunTime:0.000537s ]
SQL: SELECT * FROM `gperf_category` WHERE ( `name` = 'Reports' ) LIMIT 1   [ RunTime:0.000477s ]
SQL: SELECT * FROM `gperf_category` WHERE ( `pid` = 52 )  [ RunTime:0.000488s ]
SQL: SELECT * FROM `gperf_category` WHERE ( `name` = 'News&Events' ) LIMIT 1   [ RunTime:0.000381s ]
SQL: SELECT * FROM `gperf_category` WHERE ( `pid` = 57 )  [ RunTime:0.000419s ]
SQL: SELECT * FROM `gperf_category` WHERE ( `name` = 'Documentations' ) LIMIT 1   [ RunTime:0.000468s ]
SQL: SELECT * FROM `gperf_category` WHERE ( `pid` = 61 )  [ RunTime:0.000531s ]
SQL: SELECT * FROM `gperf_category` WHERE ( `name` = 'Downloads' ) LIMIT 1   [ RunTime:0.000427s ]
SQL: SELECT * FROM `gperf_category` WHERE ( `pid` = 65 )  [ RunTime:0.000533s ]
INFO: [ view_parse ] --START--
INFO: [ template_filter ] --START--
INFO: Run Behavior\ContentReplaceBehavior [ RunTime:0.000076s ]
INFO: [ template_filter ] --END-- [ RunTime:0.000118s ]
INFO: Run Behavior\ParseTemplateBehavior [ RunTime:0.017897s ]
INFO: [ view_parse ] --END-- [ RunTime:0.017959s ]
INFO: [ view_filter ] --START--
INFO: Run Behavior\WriteHtmlCacheBehavior [ RunTime:0.000096s ]
INFO: [ view_filter ] --END-- [ RunTime:0.000131s ]
INFO: [ app_end ] --START--
INFO: Run Behavior\ShowPageTraceBehavior [ RunTime:0.000400s ]
INFO: [ app_end ] --END-- [ RunTime:0.000445s ]

[ 2015-09-23T21:18:05+08:00 ] 157.55.39.63 /index.php
SQL: SHOW COLUMNS FROM `gperf_task` [ RunTime:0.001452s ]
SQL: SHOW COLUMNS FROM `gperf_channel` [ RunTime:0.001192s ]
SQL: SELECT * FROM `gperf_channel` ORDER BY sort asc  [ RunTime:0.000319s ]
SQL: SHOW COLUMNS FROM `gperf_category` [ RunTime:0.001371s ]
SQL: SELECT * FROM `gperf_category` WHERE ( `name` = 'About' ) LIMIT 1   [ RunTime:0.000440s ]
SQL: SELECT * FROM `gperf_category` WHERE ( `pid` = 1 )  [ RunTime:0.000434s ]
SQL: SELECT * FROM `gperf_category` WHERE ( `name` = 'Service' ) LIMIT 1   [ RunTime:0.000465s ]
SQL: SELECT * FROM `gperf_category` WHERE ( `pid` = 41 )  [ RunTime:0.000536s ]
SQL: SELECT * FROM `gperf_category` WHERE ( `name` = 'Reports' ) LIMIT 1   [ RunTime:0.000478s ]
SQL: SELECT * FROM `gperf_category` WHERE ( `pid` = 52 )  [ RunTime:0.000496s ]
SQL: SELECT * FROM `gperf_category` WHERE ( `name` = 'News&Events' ) LIMIT 1   [ RunTime:0.000405s ]
SQL: SELECT * FROM `gperf_category` WHERE ( `pid` = 57 )  [ RunTime:0.000512s ]
SQL: SELECT * FROM `gperf_category` WHERE ( `name` = 'Documentations' ) LIMIT 1   [ RunTime:0.000461s ]
SQL: SELECT * FROM `gperf_category` WHERE ( `pid` = 61 )  [ RunTime:0.000523s ]
SQL: SELECT * FROM `gperf_category` WHERE ( `name` = 'Downloads' ) LIMIT 1   [ RunTime:0.000422s ]
SQL: SELECT * FROM `gperf_category` WHERE ( `pid` = 65 )  [ RunTime:0.000429s ]
INFO: [ view_parse ] --START--
INFO: [ template_filter ] --START--
INFO: Run Behavior\ContentReplaceBehavior [ RunTime:0.000073s ]
INFO: [ template_filter ] --END-- [ RunTime:0.000113s ]
INFO: Run Behavior\ParseTemplateBehavior [ RunTime:0.018840s ]
INFO: [ view_parse ] --END-- [ RunTime:0.018901s ]
INFO: [ view_filter ] --START--
INFO: Run Behavior\WriteHtmlCacheBehavior [ RunTime:0.000094s ]
INFO: [ view_filter ] --END-- [ RunTime:0.000127s ]
INFO: [ app_end ] --START--
INFO: Run Behavior\ShowPageTraceBehavior [ RunTime:0.000358s ]
INFO: [ app_end ] --END-- [ RunTime:0.000399s ]

