[ 2015-08-30T16:45:51+08:00 ] 166.111.132.126 /
SQL: SHOW COLUMNS FROM `gperf_task` [ RunTime:0.001304s ]
SQL: SHOW COLUMNS FROM `gperf_channel` [ RunTime:0.001093s ]
SQL: SELECT * FROM `gperf_channel` ORDER BY sort asc  [ RunTime:0.000379s ]
SQL: SHOW COLUMNS FROM `gperf_category` [ RunTime:0.001388s ]
SQL: SELECT * FROM `gperf_category` WHERE ( `name` = 'About' ) LIMIT 1   [ RunTime:0.000418s ]
SQL: SELECT * FROM `gperf_category` WHERE ( `pid` = 1 )  [ RunTime:0.000471s ]
SQL: SELECT * FROM `gperf_category` WHERE ( `name` = 'Service' ) LIMIT 1   [ RunTime:0.000376s ]
SQL: SELECT * FROM `gperf_category` WHERE ( `pid` = 41 )  [ RunTime:0.000428s ]
SQL: SELECT * FROM `gperf_category` WHERE ( `name` = 'Reports' ) LIMIT 1   [ RunTime:0.000364s ]
SQL: SELECT * FROM `gperf_category` WHERE ( `pid` = 52 )  [ RunTime:0.000452s ]
SQL: SELECT * FROM `gperf_category` WHERE ( `name` = 'News&Events' ) LIMIT 1   [ RunTime:0.000366s ]
SQL: SELECT * FROM `gperf_category` WHERE ( `pid` = 57 )  [ RunTime:0.000412s ]
SQL: SELECT * FROM `gperf_category` WHERE ( `name` = 'Documentations' ) LIMIT 1   [ RunTime:0.000369s ]
SQL: SELECT * FROM `gperf_category` WHERE ( `pid` = 61 )  [ RunTime:0.000411s ]
SQL: SELECT * FROM `gperf_category` WHERE ( `name` = 'Downloads' ) LIMIT 1   [ RunTime:0.000363s ]
SQL: SELECT * FROM `gperf_category` WHERE ( `pid` = 65 )  [ RunTime:0.000405s ]
INFO: [ view_parse ] --START--
INFO: [ template_filter ] --START--
INFO: Run Behavior\ContentReplaceBehavior [ RunTime:0.000079s ]
INFO: [ template_filter ] --END-- [ RunTime:0.000122s ]
INFO: Run Behavior\ParseTemplateBehavior [ RunTime:0.019928s ]
INFO: [ view_parse ] --END-- [ RunTime:0.019994s ]
INFO: [ view_filter ] --START--
INFO: Run Behavior\WriteHtmlCacheBehavior [ RunTime:0.000109s ]
INFO: [ view_filter ] --END-- [ RunTime:0.000144s ]
INFO: [ app_end ] --START--
INFO: Run Behavior\ShowPageTraceBehavior [ RunTime:0.000392s ]
INFO: [ app_end ] --END-- [ RunTime:0.000438s ]

[ 2015-08-30T16:45:54+08:00 ] 166.111.132.126 /index.php?s=/Home/Article/newsdetail/hid/8/cid/68
SQL: SHOW COLUMNS FROM `gperf_document` [ RunTime:0.001305s ]
SQL: SELECT * FROM `gperf_document` WHERE ( `category_id` = 68 ) LIMIT 1   [ RunTime:0.000422s ]
SQL: SHOW COLUMNS FROM `gperf_document_article` [ RunTime:0.001028s ]
SQL: SELECT * FROM `gperf_document_article` WHERE ( `id` = 9 ) LIMIT 1   [ RunTime:0.000378s ]
SQL: SHOW COLUMNS FROM `gperf_category` [ RunTime:0.001344s ]
SQL: SELECT `name` FROM `gperf_category` WHERE ( `id` = 68 ) LIMIT 1   [ RunTime:0.000296s ]
SQL: SELECT `pid` FROM `gperf_category` WHERE ( `id` = 68 ) LIMIT 1   [ RunTime:0.000296s ]
SQL: SELECT `title` FROM `gperf_category` WHERE ( `id` = 61 ) LIMIT 1   [ RunTime:0.000284s ]
SQL: SHOW COLUMNS FROM `gperf_channel` [ RunTime:0.001083s ]
SQL: SELECT `id` FROM `gperf_channel` WHERE ( `title` = 'Documentations' ) LIMIT 1   [ RunTime:0.000289s ]
SQL: SELECT * FROM `gperf_category` WHERE ( `pid` = 61 )  [ RunTime:0.000417s ]
SQL: SELECT * FROM `gperf_document` WHERE ( `id` = 10 ) LIMIT 1   [ RunTime:0.000309s ]
SQL: SELECT * FROM `gperf_document` WHERE ( `id` = 8 ) LIMIT 1   [ RunTime:0.000329s ]
SQL: SELECT * FROM `gperf_channel` ORDER BY sort asc  [ RunTime:0.000359s ]
SQL: SELECT * FROM `gperf_category` WHERE ( `name` = 'About' ) LIMIT 1   [ RunTime:0.000345s ]
SQL: SELECT * FROM `gperf_category` WHERE ( `pid` = 1 )  [ RunTime:0.000423s ]
SQL: SELECT * FROM `gperf_category` WHERE ( `name` = 'Service' ) LIMIT 1   [ RunTime:0.000351s ]
SQL: SELECT * FROM `gperf_category` WHERE ( `pid` = 41 )  [ RunTime:0.000409s ]
SQL: SELECT * FROM `gperf_category` WHERE ( `name` = 'Reports' ) LIMIT 1   [ RunTime:0.000357s ]
SQL: SELECT * FROM `gperf_category` WHERE ( `pid` = 52 )  [ RunTime:0.000395s ]
SQL: SELECT * FROM `gperf_category` WHERE ( `name` = 'News&Events' ) LIMIT 1   [ RunTime:0.000366s ]
SQL: SELECT * FROM `gperf_category` WHERE ( `pid` = 57 )  [ RunTime:0.000395s ]
SQL: SELECT * FROM `gperf_category` WHERE ( `name` = 'Documentations' ) LIMIT 1   [ RunTime:0.000353s ]
SQL: SELECT * FROM `gperf_category` WHERE ( `pid` = 61 )  [ RunTime:0.000411s ]
SQL: SELECT * FROM `gperf_category` WHERE ( `name` = 'Downloads' ) LIMIT 1   [ RunTime:0.000361s ]
SQL: SELECT * FROM `gperf_category` WHERE ( `pid` = 65 )  [ RunTime:0.000380s ]
INFO: [ view_parse ] --START--
INFO: [ template_filter ] --START--
INFO: Run Behavior\ContentReplaceBehavior [ RunTime:0.000076s ]
INFO: [ template_filter ] --END-- [ RunTime:0.000116s ]
INFO: Run Behavior\ParseTemplateBehavior [ RunTime:0.017686s ]
INFO: [ view_parse ] --END-- [ RunTime:0.017743s ]
INFO: [ view_filter ] --START--
INFO: Run Behavior\WriteHtmlCacheBehavior [ RunTime:0.000093s ]
INFO: [ view_filter ] --END-- [ RunTime:0.000129s ]
INFO: [ app_end ] --START--
INFO: Run Behavior\ShowPageTraceBehavior [ RunTime:0.000362s ]
INFO: [ app_end ] --END-- [ RunTime:0.000403s ]

[ 2015-08-30T16:46:51+08:00 ] 166.111.132.126 /index.php?s=/Home/Article/newsdetail/hid/8/cid/68
SQL: SHOW COLUMNS FROM `gperf_document` [ RunTime:0.001313s ]
SQL: SELECT * FROM `gperf_document` WHERE ( `category_id` = 68 ) LIMIT 1   [ RunTime:0.000437s ]
SQL: SHOW COLUMNS FROM `gperf_document_article` [ RunTime:0.001026s ]
SQL: SELECT * FROM `gperf_document_article` WHERE ( `id` = 9 ) LIMIT 1   [ RunTime:0.000365s ]
SQL: SHOW COLUMNS FROM `gperf_category` [ RunTime:0.001356s ]
SQL: SELECT `name` FROM `gperf_category` WHERE ( `id` = 68 ) LIMIT 1   [ RunTime:0.000300s ]
SQL: SELECT `pid` FROM `gperf_category` WHERE ( `id` = 68 ) LIMIT 1   [ RunTime:0.000306s ]
SQL: SELECT `title` FROM `gperf_category` WHERE ( `id` = 61 ) LIMIT 1   [ RunTime:0.000291s ]
SQL: SHOW COLUMNS FROM `gperf_channel` [ RunTime:0.001055s ]
SQL: SELECT `id` FROM `gperf_channel` WHERE ( `title` = 'Documentations' ) LIMIT 1   [ RunTime:0.000296s ]
SQL: SELECT * FROM `gperf_category` WHERE ( `pid` = 61 )  [ RunTime:0.000448s ]
SQL: SELECT * FROM `gperf_document` WHERE ( `id` = 10 ) LIMIT 1   [ RunTime:0.000323s ]
SQL: SELECT * FROM `gperf_document` WHERE ( `id` = 8 ) LIMIT 1   [ RunTime:0.000330s ]
SQL: SELECT * FROM `gperf_channel` ORDER BY sort asc  [ RunTime:0.000340s ]
SQL: SELECT * FROM `gperf_category` WHERE ( `name` = 'About' ) LIMIT 1   [ RunTime:0.000361s ]
SQL: SELECT * FROM `gperf_category` WHERE ( `pid` = 1 )  [ RunTime:0.000422s ]
SQL: SELECT * FROM `gperf_category` WHERE ( `name` = 'Service' ) LIMIT 1   [ RunTime:0.000354s ]
SQL: SELECT * FROM `gperf_category` WHERE ( `pid` = 41 )  [ RunTime:0.000424s ]
SQL: SELECT * FROM `gperf_category` WHERE ( `name` = 'Reports' ) LIMIT 1   [ RunTime:0.000359s ]
SQL: SELECT * FROM `gperf_category` WHERE ( `pid` = 52 )  [ RunTime:0.000397s ]
SQL: SELECT * FROM `gperf_category` WHERE ( `name` = 'News&Events' ) LIMIT 1   [ RunTime:0.000369s ]
SQL: SELECT * FROM `gperf_category` WHERE ( `pid` = 57 )  [ RunTime:0.000391s ]
SQL: SELECT * FROM `gperf_category` WHERE ( `name` = 'Documentations' ) LIMIT 1   [ RunTime:0.000349s ]
SQL: SELECT * FROM `gperf_category` WHERE ( `pid` = 61 )  [ RunTime:0.000416s ]
SQL: SELECT * FROM `gperf_category` WHERE ( `name` = 'Downloads' ) LIMIT 1   [ RunTime:0.000350s ]
SQL: SELECT * FROM `gperf_category` WHERE ( `pid` = 65 )  [ RunTime:0.000377s ]
INFO: [ view_parse ] --START--
INFO: [ template_filter ] --START--
INFO: Run Behavior\ContentReplaceBehavior [ RunTime:0.000075s ]
INFO: [ template_filter ] --END-- [ RunTime:0.000117s ]
INFO: Run Behavior\ParseTemplateBehavior [ RunTime:0.017562s ]
INFO: [ view_parse ] --END-- [ RunTime:0.017623s ]
INFO: [ view_filter ] --START--
INFO: Run Behavior\WriteHtmlCacheBehavior [ RunTime:0.000097s ]
INFO: [ view_filter ] --END-- [ RunTime:0.000132s ]
INFO: [ app_end ] --START--
INFO: Run Behavior\ShowPageTraceBehavior [ RunTime:0.000413s ]
INFO: [ app_end ] --END-- [ RunTime:0.000455s ]

[ 2015-08-30T16:46:54+08:00 ] 166.111.132.126 /index.php?s=/Home/Index/index.html
SQL: SHOW COLUMNS FROM `gperf_task` [ RunTime:0.001302s ]
SQL: SHOW COLUMNS FROM `gperf_channel` [ RunTime:0.001110s ]
SQL: SELECT * FROM `gperf_channel` ORDER BY sort asc  [ RunTime:0.000358s ]
SQL: SHOW COLUMNS FROM `gperf_category` [ RunTime:0.001398s ]
SQL: SELECT * FROM `gperf_category` WHERE ( `name` = 'About' ) LIMIT 1   [ RunTime:0.000389s ]
SQL: SELECT * FROM `gperf_category` WHERE ( `pid` = 1 )  [ RunTime:0.000450s ]
SQL: SELECT * FROM `gperf_category` WHERE ( `name` = 'Service' ) LIMIT 1   [ RunTime:0.000383s ]
SQL: SELECT * FROM `gperf_category` WHERE ( `pid` = 41 )  [ RunTime:0.000429s ]
SQL: SELECT * FROM `gperf_category` WHERE ( `name` = 'Reports' ) LIMIT 1   [ RunTime:0.000369s ]
SQL: SELECT * FROM `gperf_category` WHERE ( `pid` = 52 )  [ RunTime:0.000441s ]
SQL: SELECT * FROM `gperf_category` WHERE ( `name` = 'News&Events' ) LIMIT 1   [ RunTime:0.000384s ]
SQL: SELECT * FROM `gperf_category` WHERE ( `pid` = 57 )  [ RunTime:0.000415s ]
SQL: SELECT * FROM `gperf_category` WHERE ( `name` = 'Documentations' ) LIMIT 1   [ RunTime:0.000359s ]
SQL: SELECT * FROM `gperf_category` WHERE ( `pid` = 61 )  [ RunTime:0.000423s ]
SQL: SELECT * FROM `gperf_category` WHERE ( `name` = 'Downloads' ) LIMIT 1   [ RunTime:0.000358s ]
SQL: SELECT * FROM `gperf_category` WHERE ( `pid` = 65 )  [ RunTime:0.000400s ]
INFO: [ view_parse ] --START--
INFO: [ template_filter ] --START--
INFO: Run Behavior\ContentReplaceBehavior [ RunTime:0.000079s ]
INFO: [ template_filter ] --END-- [ RunTime:0.000121s ]
INFO: Run Behavior\ParseTemplateBehavior [ RunTime:0.017066s ]
INFO: [ view_parse ] --END-- [ RunTime:0.017132s ]
INFO: [ view_filter ] --START--
INFO: Run Behavior\WriteHtmlCacheBehavior [ RunTime:0.000095s ]
INFO: [ view_filter ] --END-- [ RunTime:0.000130s ]
INFO: [ app_end ] --START--
INFO: Run Behavior\ShowPageTraceBehavior [ RunTime:0.000378s ]
INFO: [ app_end ] --END-- [ RunTime:0.000423s ]

[ 2015-08-30T16:49:56+08:00 ] 166.111.132.126 /index.php?s=/Live/Live/getLocationInfo.html
INFO: [ app_begin ] --START--
INFO: Run Behavior\ReadHtmlCacheBehavior [ RunTime:0.000344s ]
INFO: [ app_begin ] --END-- [ RunTime:0.000418s ]
SQL: SHOW COLUMNS FROM `gperf_probe` [ RunTime:0.001731s ]
SQL: SHOW COLUMNS FROM `gperf_open_probe` [ RunTime:0.001229s ]
SQL: SELECT `position` FROM `gperf_probe` WHERE ( `status` = 1 )  [ RunTime:0.000891s ]
NOTIC: [2] array_map(): Argument #2 should be an array /var/www/html/Application/Live/Controller/LiveController.class.php 第 25 行.
SQL: SELECT `position` FROM `gperf_open_probe` WHERE ( `status` = 1 )  [ RunTime:0.002481s ]

[ 2015-08-30T16:57:27+08:00 ] 166.111.132.126 /
SQL: SHOW COLUMNS FROM `gperf_task` [ RunTime:0.001313s ]
SQL: SHOW COLUMNS FROM `gperf_channel` [ RunTime:0.001108s ]
SQL: SELECT * FROM `gperf_channel` ORDER BY sort asc  [ RunTime:0.000364s ]
SQL: SHOW COLUMNS FROM `gperf_category` [ RunTime:0.001376s ]
SQL: SELECT * FROM `gperf_category` WHERE ( `name` = 'About' ) LIMIT 1   [ RunTime:0.000426s ]
SQL: SELECT * FROM `gperf_category` WHERE ( `pid` = 1 )  [ RunTime:0.000470s ]
SQL: SELECT * FROM `gperf_category` WHERE ( `name` = 'Service' ) LIMIT 1   [ RunTime:0.000370s ]
SQL: SELECT * FROM `gperf_category` WHERE ( `pid` = 41 )  [ RunTime:0.000437s ]
SQL: SELECT * FROM `gperf_category` WHERE ( `name` = 'Reports' ) LIMIT 1   [ RunTime:0.000424s ]
SQL: SELECT * FROM `gperf_category` WHERE ( `pid` = 52 )  [ RunTime:0.000429s ]
SQL: SELECT * FROM `gperf_category` WHERE ( `name` = 'News&Events' ) LIMIT 1   [ RunTime:0.000368s ]
SQL: SELECT * FROM `gperf_category` WHERE ( `pid` = 57 )  [ RunTime:0.000419s ]
SQL: SELECT * FROM `gperf_category` WHERE ( `name` = 'Documentations' ) LIMIT 1   [ RunTime:0.000358s ]
SQL: SELECT * FROM `gperf_category` WHERE ( `pid` = 61 )  [ RunTime:0.000410s ]
SQL: SELECT * FROM `gperf_category` WHERE ( `name` = 'Downloads' ) LIMIT 1   [ RunTime:0.000373s ]
SQL: SELECT * FROM `gperf_category` WHERE ( `pid` = 65 )  [ RunTime:0.000404s ]
INFO: [ view_parse ] --START--
INFO: [ template_filter ] --START--
INFO: Run Behavior\ContentReplaceBehavior [ RunTime:0.000076s ]
INFO: [ template_filter ] --END-- [ RunTime:0.000119s ]
INFO: Run Behavior\ParseTemplateBehavior [ RunTime:0.016402s ]
INFO: [ view_parse ] --END-- [ RunTime:0.016472s ]
INFO: [ view_filter ] --START--
INFO: Run Behavior\WriteHtmlCacheBehavior [ RunTime:0.000098s ]
INFO: [ view_filter ] --END-- [ RunTime:0.000131s ]
INFO: [ app_end ] --START--
INFO: Run Behavior\ShowPageTraceBehavior [ RunTime:0.000414s ]
INFO: [ app_end ] --END-- [ RunTime:0.000460s ]

[ 2015-08-30T16:57:32+08:00 ] 166.111.132.126 /index.php?s=/Live/Live/getLocationInfo.html
INFO: [ app_begin ] --START--
INFO: Run Behavior\ReadHtmlCacheBehavior [ RunTime:0.000343s ]
INFO: [ app_begin ] --END-- [ RunTime:0.000420s ]
SQL: SHOW COLUMNS FROM `gperf_probe` [ RunTime:0.001437s ]
SQL: SHOW COLUMNS FROM `gperf_open_probe` [ RunTime:0.001221s ]
SQL: SELECT `position` FROM `gperf_probe` WHERE ( `status` = 1 )  [ RunTime:0.000870s ]
NOTIC: [2] array_map(): Argument #2 should be an array /var/www/html/Application/Live/Controller/LiveController.class.php 第 25 行.
SQL: SELECT `position` FROM `gperf_open_probe` WHERE ( `status` = 1 )  [ RunTime:0.002495s ]

[ 2015-08-30T17:03:18+08:00 ] 166.111.132.126 /
SQL: SHOW COLUMNS FROM `gperf_task` [ RunTime:0.001318s ]
SQL: SHOW COLUMNS FROM `gperf_channel` [ RunTime:0.001102s ]
SQL: SELECT * FROM `gperf_channel` ORDER BY sort asc  [ RunTime:0.000364s ]
SQL: SHOW COLUMNS FROM `gperf_category` [ RunTime:0.001374s ]
SQL: SELECT * FROM `gperf_category` WHERE ( `name` = 'About' ) LIMIT 1   [ RunTime:0.000429s ]
SQL: SELECT * FROM `gperf_category` WHERE ( `pid` = 1 )  [ RunTime:0.000471s ]
SQL: SELECT * FROM `gperf_category` WHERE ( `name` = 'Service' ) LIMIT 1   [ RunTime:0.000372s ]
SQL: SELECT * FROM `gperf_category` WHERE ( `pid` = 41 )  [ RunTime:0.000441s ]
SQL: SELECT * FROM `gperf_category` WHERE ( `name` = 'Reports' ) LIMIT 1   [ RunTime:0.000380s ]
SQL: SELECT * FROM `gperf_category` WHERE ( `pid` = 52 )  [ RunTime:0.000426s ]
SQL: SELECT * FROM `gperf_category` WHERE ( `name` = 'News&Events' ) LIMIT 1   [ RunTime:0.000362s ]
SQL: SELECT * FROM `gperf_category` WHERE ( `pid` = 57 )  [ RunTime:0.000432s ]
SQL: SELECT * FROM `gperf_category` WHERE ( `name` = 'Documentations' ) LIMIT 1   [ RunTime:0.000360s ]
SQL: SELECT * FROM `gperf_category` WHERE ( `pid` = 61 )  [ RunTime:0.000413s ]
SQL: SELECT * FROM `gperf_category` WHERE ( `name` = 'Downloads' ) LIMIT 1   [ RunTime:0.000369s ]
SQL: SELECT * FROM `gperf_category` WHERE ( `pid` = 65 )  [ RunTime:0.000409s ]
INFO: [ view_parse ] --START--
INFO: [ template_filter ] --START--
INFO: Run Behavior\ContentReplaceBehavior [ RunTime:0.000077s ]
INFO: [ template_filter ] --END-- [ RunTime:0.000120s ]
INFO: Run Behavior\ParseTemplateBehavior [ RunTime:0.020596s ]
INFO: [ view_parse ] --END-- [ RunTime:0.020668s ]
INFO: [ view_filter ] --START--
INFO: Run Behavior\WriteHtmlCacheBehavior [ RunTime:0.000097s ]
INFO: [ view_filter ] --END-- [ RunTime:0.000132s ]
INFO: [ app_end ] --START--
INFO: Run Behavior\ShowPageTraceBehavior [ RunTime:0.000389s ]
INFO: [ app_end ] --END-- [ RunTime:0.000435s ]

[ 2015-08-30T17:03:22+08:00 ] 166.111.132.126 /index.php?s=/Home/Article/newsdetail/hid/8/cid/68
SQL: SHOW COLUMNS FROM `gperf_document` [ RunTime:0.001320s ]
SQL: SELECT * FROM `gperf_document` WHERE ( `category_id` = 68 ) LIMIT 1   [ RunTime:0.000414s ]
SQL: SHOW COLUMNS FROM `gperf_document_article` [ RunTime:0.001041s ]
SQL: SELECT * FROM `gperf_document_article` WHERE ( `id` = 9 ) LIMIT 1   [ RunTime:0.000353s ]
SQL: SHOW COLUMNS FROM `gperf_category` [ RunTime:0.001347s ]
SQL: SELECT `name` FROM `gperf_category` WHERE ( `id` = 68 ) LIMIT 1   [ RunTime:0.000304s ]
SQL: SELECT `pid` FROM `gperf_category` WHERE ( `id` = 68 ) LIMIT 1   [ RunTime:0.000287s ]
SQL: SELECT `title` FROM `gperf_category` WHERE ( `id` = 61 ) LIMIT 1   [ RunTime:0.000291s ]
SQL: SHOW COLUMNS FROM `gperf_channel` [ RunTime:0.001066s ]
SQL: SELECT `id` FROM `gperf_channel` WHERE ( `title` = 'Documentations' ) LIMIT 1   [ RunTime:0.000292s ]
SQL: SELECT * FROM `gperf_category` WHERE ( `pid` = 61 )  [ RunTime:0.000422s ]
SQL: SELECT * FROM `gperf_document` WHERE ( `id` = 10 ) LIMIT 1   [ RunTime:0.000322s ]
SQL: SELECT * FROM `gperf_document` WHERE ( `id` = 8 ) LIMIT 1   [ RunTime:0.000330s ]
SQL: SELECT * FROM `gperf_channel` ORDER BY sort asc  [ RunTime:0.000326s ]
SQL: SELECT * FROM `gperf_category` WHERE ( `name` = 'About' ) LIMIT 1   [ RunTime:0.000365s ]
SQL: SELECT * FROM `gperf_category` WHERE ( `pid` = 1 )  [ RunTime:0.000424s ]
SQL: SELECT * FROM `gperf_category` WHERE ( `name` = 'Service' ) LIMIT 1   [ RunTime:0.000356s ]
SQL: SELECT * FROM `gperf_category` WHERE ( `pid` = 41 )  [ RunTime:0.000418s ]
SQL: SELECT * FROM `gperf_category` WHERE ( `name` = 'Reports' ) LIMIT 1   [ RunTime:0.000368s ]
SQL: SELECT * FROM `gperf_category` WHERE ( `pid` = 52 )  [ RunTime:0.000398s ]
SQL: SELECT * FROM `gperf_category` WHERE ( `name` = 'News&Events' ) LIMIT 1   [ RunTime:0.000361s ]
SQL: SELECT * FROM `gperf_category` WHERE ( `pid` = 57 )  [ RunTime:0.000404s ]
SQL: SELECT * FROM `gperf_category` WHERE ( `name` = 'Documentations' ) LIMIT 1   [ RunTime:0.000352s ]
SQL: SELECT * FROM `gperf_category` WHERE ( `pid` = 61 )  [ RunTime:0.000403s ]
SQL: SELECT * FROM `gperf_category` WHERE ( `name` = 'Downloads' ) LIMIT 1   [ RunTime:0.000351s ]
SQL: SELECT * FROM `gperf_category` WHERE ( `pid` = 65 )  [ RunTime:0.000385s ]
INFO: [ view_parse ] --START--
INFO: [ template_filter ] --START--
INFO: Run Behavior\ContentReplaceBehavior [ RunTime:0.000079s ]
INFO: [ template_filter ] --END-- [ RunTime:0.000122s ]
INFO: Run Behavior\ParseTemplateBehavior [ RunTime:0.022544s ]
INFO: [ view_parse ] --END-- [ RunTime:0.022607s ]
INFO: [ view_filter ] --START--
INFO: Run Behavior\WriteHtmlCacheBehavior [ RunTime:0.000097s ]
INFO: [ view_filter ] --END-- [ RunTime:0.000133s ]
INFO: [ app_end ] --START--
INFO: Run Behavior\ShowPageTraceBehavior [ RunTime:0.000386s ]
INFO: [ app_end ] --END-- [ RunTime:0.000428s ]

[ 2015-08-30T17:20:25+08:00 ] 166.111.132.126 /
SQL: SHOW COLUMNS FROM `gperf_task` [ RunTime:0.000694s ]
SQL: SHOW COLUMNS FROM `gperf_channel` [ RunTime:0.000589s ]
SQL: SELECT * FROM `gperf_channel` ORDER BY sort asc  [ RunTime:0.000242s ]
SQL: SHOW COLUMNS FROM `gperf_category` [ RunTime:0.000728s ]
SQL: SELECT * FROM `gperf_category` WHERE ( `name` = 'About' ) LIMIT 1   [ RunTime:0.000292s ]
SQL: SELECT * FROM `gperf_category` WHERE ( `pid` = 1 )  [ RunTime:0.000314s ]
SQL: SELECT * FROM `gperf_category` WHERE ( `name` = 'Service' ) LIMIT 1   [ RunTime:0.000243s ]
SQL: SELECT * FROM `gperf_category` WHERE ( `pid` = 41 )  [ RunTime:0.000291s ]
SQL: SELECT * FROM `gperf_category` WHERE ( `name` = 'Reports' ) LIMIT 1   [ RunTime:0.000239s ]
SQL: SELECT * FROM `gperf_category` WHERE ( `pid` = 52 )  [ RunTime:0.000268s ]
SQL: SELECT * FROM `gperf_category` WHERE ( `name` = 'News&Events' ) LIMIT 1   [ RunTime:0.000238s ]
SQL: SELECT * FROM `gperf_category` WHERE ( `pid` = 57 )  [ RunTime:0.000269s ]
SQL: SELECT * FROM `gperf_category` WHERE ( `name` = 'Documentations' ) LIMIT 1   [ RunTime:0.000247s ]
SQL: SELECT * FROM `gperf_category` WHERE ( `pid` = 61 )  [ RunTime:0.000223s ]
SQL: SELECT * FROM `gperf_category` WHERE ( `name` = 'Downloads' ) LIMIT 1   [ RunTime:0.000246s ]
SQL: SELECT * FROM `gperf_category` WHERE ( `pid` = 65 )  [ RunTime:0.000267s ]
INFO: [ view_parse ] --START--
INFO: [ template_filter ] --START--
INFO: Run Behavior\ContentReplaceBehavior [ RunTime:0.000077s ]
INFO: [ template_filter ] --END-- [ RunTime:0.000119s ]
INFO: Run Behavior\ParseTemplateBehavior [ RunTime:0.019278s ]
INFO: [ view_parse ] --END-- [ RunTime:0.019343s ]
INFO: [ view_filter ] --START--
INFO: Run Behavior\WriteHtmlCacheBehavior [ RunTime:0.000097s ]
INFO: [ view_filter ] --END-- [ RunTime:0.000130s ]
INFO: [ app_end ] --START--
INFO: Run Behavior\ShowPageTraceBehavior [ RunTime:0.000382s ]
INFO: [ app_end ] --END-- [ RunTime:0.000426s ]

[ 2015-08-30T17:22:13+08:00 ] 166.111.132.126 /index.php?s=/Home/Article/newsdetail/hid/4/cid/40
SQL: SHOW COLUMNS FROM `gperf_document` [ RunTime:0.000708s ]
SQL: SELECT * FROM `gperf_document` WHERE ( `category_id` = 40 ) LIMIT 1   [ RunTime:0.000254s ]
SQL: SHOW COLUMNS FROM `gperf_document_article` [ RunTime:0.000555s ]
SQL: SELECT * FROM `gperf_document_article` WHERE ( `id` = 8 ) LIMIT 1   [ RunTime:0.000249s ]
SQL: SHOW COLUMNS FROM `gperf_category` [ RunTime:0.000721s ]
SQL: SELECT `name` FROM `gperf_category` WHERE ( `id` = 40 ) LIMIT 1   [ RunTime:0.000196s ]
SQL: SELECT `pid` FROM `gperf_category` WHERE ( `id` = 40 ) LIMIT 1   [ RunTime:0.000181s ]
SQL: SELECT `title` FROM `gperf_category` WHERE ( `id` = 1 ) LIMIT 1   [ RunTime:0.000138s ]
SQL: SHOW COLUMNS FROM `gperf_channel` [ RunTime:0.000564s ]
SQL: SELECT `id` FROM `gperf_channel` WHERE ( `title` = 'About' ) LIMIT 1   [ RunTime:0.000202s ]
SQL: SELECT * FROM `gperf_category` WHERE ( `pid` = 1 )  [ RunTime:0.000291s ]
SQL: SELECT * FROM `gperf_document` WHERE ( `id` = 9 ) LIMIT 1   [ RunTime:0.000226s ]
SQL: SELECT * FROM `gperf_document` WHERE ( `id` = 7 ) LIMIT 1   [ RunTime:0.000198s ]
SQL: SELECT * FROM `gperf_channel` ORDER BY sort asc  [ RunTime:0.000234s ]
SQL: SELECT * FROM `gperf_category` WHERE ( `name` = 'About' ) LIMIT 1   [ RunTime:0.000247s ]
SQL: SELECT * FROM `gperf_category` WHERE ( `pid` = 1 )  [ RunTime:0.000262s ]
SQL: SELECT * FROM `gperf_category` WHERE ( `name` = 'Service' ) LIMIT 1   [ RunTime:0.000236s ]
SQL: SELECT * FROM `gperf_category` WHERE ( `pid` = 41 )  [ RunTime:0.000259s ]
SQL: SELECT * FROM `gperf_category` WHERE ( `name` = 'Reports' ) LIMIT 1   [ RunTime:0.000235s ]
SQL: SELECT * FROM `gperf_category` WHERE ( `pid` = 52 )  [ RunTime:0.000263s ]
SQL: SELECT * FROM `gperf_category` WHERE ( `name` = 'News&Events' ) LIMIT 1   [ RunTime:0.000242s ]
SQL: SELECT * FROM `gperf_category` WHERE ( `pid` = 57 )  [ RunTime:0.000251s ]
SQL: SELECT * FROM `gperf_category` WHERE ( `name` = 'Documentations' ) LIMIT 1   [ RunTime:0.000212s ]
SQL: SELECT * FROM `gperf_category` WHERE ( `pid` = 61 )  [ RunTime:0.000263s ]
SQL: SELECT * FROM `gperf_category` WHERE ( `name` = 'Downloads' ) LIMIT 1   [ RunTime:0.000227s ]
SQL: SELECT * FROM `gperf_category` WHERE ( `pid` = 65 )  [ RunTime:0.000257s ]
INFO: [ view_parse ] --START--
INFO: [ template_filter ] --START--
INFO: Run Behavior\ContentReplaceBehavior [ RunTime:0.000079s ]
INFO: [ template_filter ] --END-- [ RunTime:0.000121s ]
INFO: Run Behavior\ParseTemplateBehavior [ RunTime:0.018733s ]
INFO: [ view_parse ] --END-- [ RunTime:0.018815s ]
INFO: [ view_filter ] --START--
INFO: Run Behavior\WriteHtmlCacheBehavior [ RunTime:0.000097s ]
INFO: [ view_filter ] --END-- [ RunTime:0.000132s ]
INFO: [ app_end ] --START--
INFO: Run Behavior\ShowPageTraceBehavior [ RunTime:0.001014s ]
INFO: [ app_end ] --END-- [ RunTime:0.001159s ]

[ 2015-08-30T17:22:17+08:00 ] 166.111.132.126 /index.php?s=/Home/Article/newsdetail/hid/7/cid/58
SQL: SHOW COLUMNS FROM `gperf_document` [ RunTime:0.001251s ]
SQL: SELECT * FROM `gperf_document` WHERE ( `category_id` = 58 ) LIMIT 1   [ RunTime:0.000414s ]
SQL: SHOW COLUMNS FROM `gperf_document_article` [ RunTime:0.001015s ]
SQL: SELECT * FROM `gperf_document_article` WHERE ( `id` = null ) LIMIT 1   [ RunTime:0.000286s ]
SQL: SHOW COLUMNS FROM `gperf_category` [ RunTime:0.001372s ]
SQL: SELECT `name` FROM `gperf_category` WHERE ( `id` = 58 ) LIMIT 1   [ RunTime:0.000316s ]
SQL: SELECT `pid` FROM `gperf_category` WHERE ( `id` = 58 ) LIMIT 1   [ RunTime:0.000285s ]
SQL: SELECT `title` FROM `gperf_category` WHERE ( `id` = 57 ) LIMIT 1   [ RunTime:0.000297s ]
SQL: SHOW COLUMNS FROM `gperf_channel` [ RunTime:0.001081s ]
SQL: SELECT `id` FROM `gperf_channel` WHERE ( `title` = 'News&Events' ) LIMIT 1   [ RunTime:0.000310s ]
SQL: SELECT * FROM `gperf_category` WHERE ( `pid` = 57 )  [ RunTime:0.000434s ]
SQL: SELECT * FROM `gperf_document` WHERE ( `id` = 1 ) LIMIT 1   [ RunTime:0.000323s ]
SQL: SELECT * FROM `gperf_document` WHERE ( `id` = -1 ) LIMIT 1   [ RunTime:0.000318s ]
SQL: SELECT * FROM `gperf_channel` ORDER BY sort asc  [ RunTime:0.000340s ]
SQL: SELECT * FROM `gperf_category` WHERE ( `name` = 'About' ) LIMIT 1   [ RunTime:0.000379s ]
SQL: SELECT * FROM `gperf_category` WHERE ( `pid` = 1 )  [ RunTime:0.000436s ]
SQL: SELECT * FROM `gperf_category` WHERE ( `name` = 'Service' ) LIMIT 1   [ RunTime:0.000369s ]
SQL: SELECT * FROM `gperf_category` WHERE ( `pid` = 41 )  [ RunTime:0.000424s ]
SQL: SELECT * FROM `gperf_category` WHERE ( `name` = 'Reports' ) LIMIT 1   [ RunTime:0.000375s ]
SQL: SELECT * FROM `gperf_category` WHERE ( `pid` = 52 )  [ RunTime:0.000413s ]
SQL: SELECT * FROM `gperf_category` WHERE ( `name` = 'News&Events' ) LIMIT 1   [ RunTime:0.000359s ]
SQL: SELECT * FROM `gperf_category` WHERE ( `pid` = 57 )  [ RunTime:0.000428s ]
SQL: SELECT * FROM `gperf_category` WHERE ( `name` = 'Documentations' ) LIMIT 1   [ RunTime:0.000362s ]
SQL: SELECT * FROM `gperf_category` WHERE ( `pid` = 61 )  [ RunTime:0.000416s ]
SQL: SELECT * FROM `gperf_category` WHERE ( `name` = 'Downloads' ) LIMIT 1   [ RunTime:0.000361s ]
SQL: SELECT * FROM `gperf_category` WHERE ( `pid` = 65 )  [ RunTime:0.000417s ]
INFO: [ view_parse ] --START--
INFO: [ template_filter ] --START--
INFO: Run Behavior\ContentReplaceBehavior [ RunTime:0.000071s ]
INFO: [ template_filter ] --END-- [ RunTime:0.000112s ]
INFO: Run Behavior\ParseTemplateBehavior [ RunTime:0.019780s ]
INFO: [ view_parse ] --END-- [ RunTime:0.019843s ]
INFO: [ view_filter ] --START--
INFO: Run Behavior\WriteHtmlCacheBehavior [ RunTime:0.000094s ]
INFO: [ view_filter ] --END-- [ RunTime:0.000128s ]
INFO: [ app_end ] --START--
INFO: Run Behavior\ShowPageTraceBehavior [ RunTime:0.000360s ]
INFO: [ app_end ] --END-- [ RunTime:0.000403s ]

[ 2015-08-30T17:22:18+08:00 ] 166.111.132.126 /index.php?s=/Home/Article/newsdetail/hid/6/cid/54
SQL: SHOW COLUMNS FROM `gperf_document` [ RunTime:0.000705s ]
SQL: SELECT * FROM `gperf_document` WHERE ( `category_id` = 54 ) LIMIT 1   [ RunTime:0.000252s ]
SQL: SHOW COLUMNS FROM `gperf_document_article` [ RunTime:0.000546s ]
SQL: SELECT * FROM `gperf_document_article` WHERE ( `id` = null ) LIMIT 1   [ RunTime:0.000173s ]
SQL: SHOW COLUMNS FROM `gperf_category` [ RunTime:0.000713s ]
SQL: SELECT `name` FROM `gperf_category` WHERE ( `id` = 54 ) LIMIT 1   [ RunTime:0.000196s ]
SQL: SELECT `pid` FROM `gperf_category` WHERE ( `id` = 54 ) LIMIT 1   [ RunTime:0.000188s ]
SQL: SELECT `title` FROM `gperf_category` WHERE ( `id` = 52 ) LIMIT 1   [ RunTime:0.000183s ]
SQL: SHOW COLUMNS FROM `gperf_channel` [ RunTime:0.000578s ]
SQL: SELECT `id` FROM `gperf_channel` WHERE ( `title` = 'Reports' ) LIMIT 1   [ RunTime:0.000193s ]
SQL: SELECT * FROM `gperf_category` WHERE ( `pid` = 52 )  [ RunTime:0.000283s ]
SQL: SELECT * FROM `gperf_document` WHERE ( `id` = 1 ) LIMIT 1   [ RunTime:0.000229s ]
SQL: SELECT * FROM `gperf_document` WHERE ( `id` = -1 ) LIMIT 1   [ RunTime:0.000217s ]
SQL: SELECT * FROM `gperf_channel` ORDER BY sort asc  [ RunTime:0.000207s ]
SQL: SELECT * FROM `gperf_category` WHERE ( `name` = 'About' ) LIMIT 1   [ RunTime:0.000243s ]
SQL: SELECT * FROM `gperf_category` WHERE ( `pid` = 1 )  [ RunTime:0.000281s ]
SQL: SELECT * FROM `gperf_category` WHERE ( `name` = 'Service' ) LIMIT 1   [ RunTime:0.000250s ]
SQL: SELECT * FROM `gperf_category` WHERE ( `pid` = 41 )  [ RunTime:0.000281s ]
SQL: SELECT * FROM `gperf_category` WHERE ( `name` = 'Reports' ) LIMIT 1   [ RunTime:0.000242s ]
SQL: SELECT * FROM `gperf_category` WHERE ( `pid` = 52 )  [ RunTime:0.000269s ]
SQL: SELECT * FROM `gperf_category` WHERE ( `name` = 'News&Events' ) LIMIT 1   [ RunTime:0.000242s ]
SQL: SELECT * FROM `gperf_category` WHERE ( `pid` = 57 )  [ RunTime:0.000265s ]
SQL: SELECT * FROM `gperf_category` WHERE ( `name` = 'Documentations' ) LIMIT 1   [ RunTime:0.000245s ]
SQL: SELECT * FROM `gperf_category` WHERE ( `pid` = 61 )  [ RunTime:0.000272s ]
SQL: SELECT * FROM `gperf_category` WHERE ( `name` = 'Downloads' ) LIMIT 1   [ RunTime:0.000242s ]
SQL: SELECT * FROM `gperf_category` WHERE ( `pid` = 65 )  [ RunTime:0.000257s ]
INFO: [ view_parse ] --START--
INFO: [ template_filter ] --START--
INFO: Run Behavior\ContentReplaceBehavior [ RunTime:0.000078s ]
INFO: [ template_filter ] --END-- [ RunTime:0.000121s ]
INFO: Run Behavior\ParseTemplateBehavior [ RunTime:0.016778s ]
INFO: [ view_parse ] --END-- [ RunTime:0.016839s ]
INFO: [ view_filter ] --START--
INFO: Run Behavior\WriteHtmlCacheBehavior [ RunTime:0.000092s ]
INFO: [ view_filter ] --END-- [ RunTime:0.000128s ]
INFO: [ app_end ] --START--
INFO: Run Behavior\ShowPageTraceBehavior [ RunTime:0.000365s ]
INFO: [ app_end ] --END-- [ RunTime:0.000410s ]

[ 2015-08-30T17:22:21+08:00 ] 166.111.132.126 /index.php?s=/Home/Article/newsdetail/hid/5/cid/48
SQL: SHOW COLUMNS FROM `gperf_document` [ RunTime:0.000618s ]
SQL: SELECT * FROM `gperf_document` WHERE ( `category_id` = 48 ) LIMIT 1   [ RunTime:0.000177s ]
SQL: SHOW COLUMNS FROM `gperf_document_article` [ RunTime:0.000402s ]
SQL: SELECT * FROM `gperf_document_article` WHERE ( `id` = null ) LIMIT 1   [ RunTime:0.000120s ]
SQL: SHOW COLUMNS FROM `gperf_category` [ RunTime:0.000535s ]
SQL: SELECT `name` FROM `gperf_category` WHERE ( `id` = 48 ) LIMIT 1   [ RunTime:0.000120s ]
SQL: SELECT `pid` FROM `gperf_category` WHERE ( `id` = 48 ) LIMIT 1   [ RunTime:0.000115s ]
SQL: SELECT `title` FROM `gperf_category` WHERE ( `id` = 41 ) LIMIT 1   [ RunTime:0.000116s ]
SQL: SHOW COLUMNS FROM `gperf_channel` [ RunTime:0.000422s ]
SQL: SELECT `id` FROM `gperf_channel` WHERE ( `title` = 'Service' ) LIMIT 1   [ RunTime:0.000114s ]
SQL: SELECT * FROM `gperf_category` WHERE ( `pid` = 41 )  [ RunTime:0.000174s ]
SQL: SELECT * FROM `gperf_document` WHERE ( `id` = 1 ) LIMIT 1   [ RunTime:0.000127s ]
SQL: SELECT * FROM `gperf_document` WHERE ( `id` = -1 ) LIMIT 1   [ RunTime:0.000125s ]
SQL: SELECT * FROM `gperf_channel` ORDER BY sort asc  [ RunTime:0.000132s ]
SQL: SELECT * FROM `gperf_category` WHERE ( `name` = 'About' ) LIMIT 1   [ RunTime:0.000145s ]
SQL: SELECT * FROM `gperf_category` WHERE ( `pid` = 1 )  [ RunTime:0.000171s ]
SQL: SELECT * FROM `gperf_category` WHERE ( `name` = 'Service' ) LIMIT 1   [ RunTime:0.000148s ]
SQL: SELECT * FROM `gperf_category` WHERE ( `pid` = 41 )  [ RunTime:0.000171s ]
SQL: SELECT * FROM `gperf_category` WHERE ( `name` = 'Reports' ) LIMIT 1   [ RunTime:0.000144s ]
SQL: SELECT * FROM `gperf_category` WHERE ( `pid` = 52 )  [ RunTime:0.000164s ]
SQL: SELECT * FROM `gperf_category` WHERE ( `name` = 'News&Events' ) LIMIT 1   [ RunTime:0.000143s ]
SQL: SELECT * FROM `gperf_category` WHERE ( `pid` = 57 )  [ RunTime:0.000163s ]
SQL: SELECT * FROM `gperf_category` WHERE ( `name` = 'Documentations' ) LIMIT 1   [ RunTime:0.000142s ]
SQL: SELECT * FROM `gperf_category` WHERE ( `pid` = 61 )  [ RunTime:0.000168s ]
SQL: SELECT * FROM `gperf_category` WHERE ( `name` = 'Downloads' ) LIMIT 1   [ RunTime:0.000148s ]
SQL: SELECT * FROM `gperf_category` WHERE ( `pid` = 65 )  [ RunTime:0.000157s ]
INFO: [ view_parse ] --START--
INFO: [ template_filter ] --START--
INFO: Run Behavior\ContentReplaceBehavior [ RunTime:0.000064s ]
INFO: [ template_filter ] --END-- [ RunTime:0.000103s ]
INFO: Run Behavior\ParseTemplateBehavior [ RunTime:0.010355s ]
INFO: [ view_parse ] --END-- [ RunTime:0.010396s ]
INFO: [ view_filter ] --START--
INFO: Run Behavior\WriteHtmlCacheBehavior [ RunTime:0.000077s ]
INFO: [ view_filter ] --END-- [ RunTime:0.000107s ]
INFO: [ app_end ] --START--
INFO: Run Behavior\ShowPageTraceBehavior [ RunTime:0.000306s ]
INFO: [ app_end ] --END-- [ RunTime:0.000343s ]

[ 2015-08-30T17:22:23+08:00 ] 166.111.132.126 /index.php?s=/Home/Article/newsdetail/hid/5/cid/49
SQL: SHOW COLUMNS FROM `gperf_document` [ RunTime:0.001437s ]
SQL: SELECT * FROM `gperf_document` WHERE ( `category_id` = 49 ) LIMIT 1   [ RunTime:0.000485s ]
SQL: SHOW COLUMNS FROM `gperf_document_article` [ RunTime:0.001074s ]
SQL: SELECT * FROM `gperf_document_article` WHERE ( `id` = null ) LIMIT 1   [ RunTime:0.000318s ]
SQL: SHOW COLUMNS FROM `gperf_category` [ RunTime:0.001477s ]
SQL: SELECT `name` FROM `gperf_category` WHERE ( `id` = 49 ) LIMIT 1   [ RunTime:0.000398s ]
SQL: SELECT `pid` FROM `gperf_category` WHERE ( `id` = 49 ) LIMIT 1   [ RunTime:0.000335s ]
SQL: SELECT `title` FROM `gperf_category` WHERE ( `id` = 41 ) LIMIT 1   [ RunTime:0.000298s ]
SQL: SHOW COLUMNS FROM `gperf_channel` [ RunTime:0.001200s ]
SQL: SELECT `id` FROM `gperf_channel` WHERE ( `title` = 'Service' ) LIMIT 1   [ RunTime:0.000321s ]
SQL: SELECT * FROM `gperf_category` WHERE ( `pid` = 41 )  [ RunTime:0.000551s ]
SQL: SELECT * FROM `gperf_document` WHERE ( `id` = 1 ) LIMIT 1   [ RunTime:0.000420s ]
SQL: SELECT * FROM `gperf_document` WHERE ( `id` = -1 ) LIMIT 1   [ RunTime:0.000368s ]
SQL: SELECT * FROM `gperf_channel` ORDER BY sort asc  [ RunTime:0.000314s ]
SQL: SELECT * FROM `gperf_category` WHERE ( `name` = 'About' ) LIMIT 1   [ RunTime:0.000314s ]
SQL: SELECT * FROM `gperf_category` WHERE ( `pid` = 1 )  [ RunTime:0.000390s ]
SQL: SELECT * FROM `gperf_category` WHERE ( `name` = 'Service' ) LIMIT 1   [ RunTime:0.000307s ]
SQL: SELECT * FROM `gperf_category` WHERE ( `pid` = 41 )  [ RunTime:0.000429s ]
SQL: SELECT * FROM `gperf_category` WHERE ( `name` = 'Reports' ) LIMIT 1   [ RunTime:0.000377s ]
SQL: SELECT * FROM `gperf_category` WHERE ( `pid` = 52 )  [ RunTime:0.000436s ]
SQL: SELECT * FROM `gperf_category` WHERE ( `name` = 'News&Events' ) LIMIT 1   [ RunTime:0.000374s ]
SQL: SELECT * FROM `gperf_category` WHERE ( `pid` = 57 )  [ RunTime:0.000413s ]
SQL: SELECT * FROM `gperf_category` WHERE ( `name` = 'Documentations' ) LIMIT 1   [ RunTime:0.000388s ]
SQL: SELECT * FROM `gperf_category` WHERE ( `pid` = 61 )  [ RunTime:0.000430s ]
SQL: SELECT * FROM `gperf_category` WHERE ( `name` = 'Downloads' ) LIMIT 1   [ RunTime:0.000373s ]
SQL: SELECT * FROM `gperf_category` WHERE ( `pid` = 65 )  [ RunTime:0.000406s ]
INFO: [ view_parse ] --START--
INFO: [ template_filter ] --START--
INFO: Run Behavior\ContentReplaceBehavior [ RunTime:0.000081s ]
INFO: [ template_filter ] --END-- [ RunTime:0.000124s ]
INFO: Run Behavior\ParseTemplateBehavior [ RunTime:0.021383s ]
INFO: [ view_parse ] --END-- [ RunTime:0.021448s ]
INFO: [ view_filter ] --START--
INFO: Run Behavior\WriteHtmlCacheBehavior [ RunTime:0.000097s ]
INFO: [ view_filter ] --END-- [ RunTime:0.000133s ]
INFO: [ app_end ] --START--
INFO: Run Behavior\ShowPageTraceBehavior [ RunTime:0.000379s ]
INFO: [ app_end ] --END-- [ RunTime:0.000425s ]

[ 2015-08-30T17:22:25+08:00 ] 166.111.132.126 /index.php?s=/Home/Article/newsdetail/hid/9/cid/66
SQL: SHOW COLUMNS FROM `gperf_document` [ RunTime:0.001315s ]
SQL: SELECT * FROM `gperf_document` WHERE ( `category_id` = 66 ) LIMIT 1   [ RunTime:0.000395s ]
SQL: SHOW COLUMNS FROM `gperf_document_article` [ RunTime:0.001027s ]
SQL: SELECT * FROM `gperf_document_article` WHERE ( `id` = null ) LIMIT 1   [ RunTime:0.000285s ]
SQL: SHOW COLUMNS FROM `gperf_category` [ RunTime:0.001346s ]
SQL: SELECT `name` FROM `gperf_category` WHERE ( `id` = 66 ) LIMIT 1   [ RunTime:0.000309s ]
SQL: SELECT `pid` FROM `gperf_category` WHERE ( `id` = 66 ) LIMIT 1   [ RunTime:0.000287s ]
SQL: SELECT `title` FROM `gperf_category` WHERE ( `id` = 65 ) LIMIT 1   [ RunTime:0.000287s ]
SQL: SHOW COLUMNS FROM `gperf_channel` [ RunTime:0.001092s ]
SQL: SELECT `id` FROM `gperf_channel` WHERE ( `title` = 'Downloads' ) LIMIT 1   [ RunTime:0.000291s ]
SQL: SELECT * FROM `gperf_category` WHERE ( `pid` = 65 )  [ RunTime:0.000418s ]
SQL: SELECT * FROM `gperf_document` WHERE ( `id` = 1 ) LIMIT 1   [ RunTime:0.000322s ]
SQL: SELECT * FROM `gperf_document` WHERE ( `id` = -1 ) LIMIT 1   [ RunTime:0.000326s ]
SQL: SELECT * FROM `gperf_channel` ORDER BY sort asc  [ RunTime:0.000342s ]
SQL: SELECT * FROM `gperf_category` WHERE ( `name` = 'About' ) LIMIT 1   [ RunTime:0.000367s ]
SQL: SELECT * FROM `gperf_category` WHERE ( `pid` = 1 )  [ RunTime:0.000443s ]
SQL: SELECT * FROM `gperf_category` WHERE ( `name` = 'Service' ) LIMIT 1   [ RunTime:0.000365s ]
SQL: SELECT * FROM `gperf_category` WHERE ( `pid` = 41 )  [ RunTime:0.000421s ]
SQL: SELECT * FROM `gperf_category` WHERE ( `name` = 'Reports' ) LIMIT 1   [ RunTime:0.000360s ]
SQL: SELECT * FROM `gperf_category` WHERE ( `pid` = 52 )  [ RunTime:0.000423s ]
SQL: SELECT * FROM `gperf_category` WHERE ( `name` = 'News&Events' ) LIMIT 1   [ RunTime:0.000392s ]
SQL: SELECT * FROM `gperf_category` WHERE ( `pid` = 57 )  [ RunTime:0.000408s ]
SQL: SELECT * FROM `gperf_category` WHERE ( `name` = 'Documentations' ) LIMIT 1   [ RunTime:0.000390s ]
SQL: SELECT * FROM `gperf_category` WHERE ( `pid` = 61 )  [ RunTime:0.000415s ]
SQL: SELECT * FROM `gperf_category` WHERE ( `name` = 'Downloads' ) LIMIT 1   [ RunTime:0.000363s ]
SQL: SELECT * FROM `gperf_category` WHERE ( `pid` = 65 )  [ RunTime:0.000409s ]
INFO: [ view_parse ] --START--
INFO: [ template_filter ] --START--
INFO: Run Behavior\ContentReplaceBehavior [ RunTime:0.000077s ]
INFO: [ template_filter ] --END-- [ RunTime:0.000119s ]
INFO: Run Behavior\ParseTemplateBehavior [ RunTime:0.021277s ]
INFO: [ view_parse ] --END-- [ RunTime:0.021345s ]
INFO: [ view_filter ] --START--
INFO: Run Behavior\WriteHtmlCacheBehavior [ RunTime:0.000096s ]
INFO: [ view_filter ] --END-- [ RunTime:0.000132s ]
INFO: [ app_end ] --START--
INFO: Run Behavior\ShowPageTraceBehavior [ RunTime:0.000372s ]
INFO: [ app_end ] --END-- [ RunTime:0.000418s ]

[ 2015-08-30T17:22:27+08:00 ] 166.111.132.126 /index.php?s=/Home/Article/newsdetail/hid/9/cid/67
SQL: SHOW COLUMNS FROM `gperf_document` [ RunTime:0.001363s ]
SQL: SELECT * FROM `gperf_document` WHERE ( `category_id` = 67 ) LIMIT 1   [ RunTime:0.000411s ]
SQL: SHOW COLUMNS FROM `gperf_document_article` [ RunTime:0.001078s ]
SQL: SELECT * FROM `gperf_document_article` WHERE ( `id` = null ) LIMIT 1   [ RunTime:0.000305s ]
SQL: SHOW COLUMNS FROM `gperf_category` [ RunTime:0.001334s ]
SQL: SELECT `name` FROM `gperf_category` WHERE ( `id` = 67 ) LIMIT 1   [ RunTime:0.000296s ]
SQL: SELECT `pid` FROM `gperf_category` WHERE ( `id` = 67 ) LIMIT 1   [ RunTime:0.000268s ]
SQL: SELECT `title` FROM `gperf_category` WHERE ( `id` = 65 ) LIMIT 1   [ RunTime:0.000275s ]
SQL: SHOW COLUMNS FROM `gperf_channel` [ RunTime:0.001055s ]
SQL: SELECT `id` FROM `gperf_channel` WHERE ( `title` = 'Downloads' ) LIMIT 1   [ RunTime:0.000283s ]
SQL: SELECT * FROM `gperf_category` WHERE ( `pid` = 65 )  [ RunTime:0.000412s ]
SQL: SELECT * FROM `gperf_document` WHERE ( `id` = 1 ) LIMIT 1   [ RunTime:0.000287s ]
SQL: SELECT * FROM `gperf_document` WHERE ( `id` = -1 ) LIMIT 1   [ RunTime:0.000388s ]
SQL: SELECT * FROM `gperf_channel` ORDER BY sort asc  [ RunTime:0.000408s ]
SQL: SELECT * FROM `gperf_category` WHERE ( `name` = 'About' ) LIMIT 1   [ RunTime:0.000442s ]
SQL: SELECT * FROM `gperf_category` WHERE ( `pid` = 1 )  [ RunTime:0.000468s ]
SQL: SELECT * FROM `gperf_category` WHERE ( `name` = 'Service' ) LIMIT 1   [ RunTime:0.000444s ]
SQL: SELECT * FROM `gperf_category` WHERE ( `pid` = 41 )  [ RunTime:0.000540s ]
SQL: SELECT * FROM `gperf_category` WHERE ( `name` = 'Reports' ) LIMIT 1   [ RunTime:0.000479s ]
SQL: SELECT * FROM `gperf_category` WHERE ( `pid` = 52 )  [ RunTime:0.000540s ]
SQL: SELECT * FROM `gperf_category` WHERE ( `name` = 'News&Events' ) LIMIT 1   [ RunTime:0.000494s ]
SQL: SELECT * FROM `gperf_category` WHERE ( `pid` = 57 )  [ RunTime:0.000548s ]
SQL: SELECT * FROM `gperf_category` WHERE ( `name` = 'Documentations' ) LIMIT 1   [ RunTime:0.000478s ]
SQL: SELECT * FROM `gperf_category` WHERE ( `pid` = 61 )  [ RunTime:0.000548s ]
SQL: SELECT * FROM `gperf_category` WHERE ( `name` = 'Downloads' ) LIMIT 1   [ RunTime:0.000477s ]
SQL: SELECT * FROM `gperf_category` WHERE ( `pid` = 65 )  [ RunTime:0.000524s ]
INFO: [ view_parse ] --START--
INFO: [ template_filter ] --START--
INFO: Run Behavior\ContentReplaceBehavior [ RunTime:0.000070s ]
INFO: [ template_filter ] --END-- [ RunTime:0.000110s ]
INFO: Run Behavior\ParseTemplateBehavior [ RunTime:0.017933s ]
INFO: [ view_parse ] --END-- [ RunTime:0.018030s ]
INFO: [ view_filter ] --START--
INFO: Run Behavior\WriteHtmlCacheBehavior [ RunTime:0.000094s ]
INFO: [ view_filter ] --END-- [ RunTime:0.000129s ]
INFO: [ app_end ] --START--
INFO: Run Behavior\ShowPageTraceBehavior [ RunTime:0.000350s ]
INFO: [ app_end ] --END-- [ RunTime:0.000393s ]

[ 2015-08-30T17:22:29+08:00 ] 166.111.132.126 /index.php?s=/Home/Article/newsdetail/hid/4/cid/40
SQL: SHOW COLUMNS FROM `gperf_document` [ RunTime:0.001322s ]
SQL: SELECT * FROM `gperf_document` WHERE ( `category_id` = 40 ) LIMIT 1   [ RunTime:0.000434s ]
SQL: SHOW COLUMNS FROM `gperf_document_article` [ RunTime:0.001029s ]
SQL: SELECT * FROM `gperf_document_article` WHERE ( `id` = 8 ) LIMIT 1   [ RunTime:0.000380s ]
SQL: SHOW COLUMNS FROM `gperf_category` [ RunTime:0.001344s ]
SQL: SELECT `name` FROM `gperf_category` WHERE ( `id` = 40 ) LIMIT 1   [ RunTime:0.000296s ]
SQL: SELECT `pid` FROM `gperf_category` WHERE ( `id` = 40 ) LIMIT 1   [ RunTime:0.000289s ]
SQL: SELECT `title` FROM `gperf_category` WHERE ( `id` = 1 ) LIMIT 1   [ RunTime:0.000283s ]
SQL: SHOW COLUMNS FROM `gperf_channel` [ RunTime:0.001077s ]
SQL: SELECT `id` FROM `gperf_channel` WHERE ( `title` = 'About' ) LIMIT 1   [ RunTime:0.000290s ]
SQL: SELECT * FROM `gperf_category` WHERE ( `pid` = 1 )  [ RunTime:0.000447s ]
SQL: SELECT * FROM `gperf_document` WHERE ( `id` = 9 ) LIMIT 1   [ RunTime:0.000333s ]
SQL: SELECT * FROM `gperf_document` WHERE ( `id` = 7 ) LIMIT 1   [ RunTime:0.000331s ]
SQL: SELECT * FROM `gperf_channel` ORDER BY sort asc  [ RunTime:0.000325s ]
SQL: SELECT * FROM `gperf_category` WHERE ( `name` = 'About' ) LIMIT 1   [ RunTime:0.000359s ]
SQL: SELECT * FROM `gperf_category` WHERE ( `pid` = 1 )  [ RunTime:0.000419s ]
SQL: SELECT * FROM `gperf_category` WHERE ( `name` = 'Service' ) LIMIT 1   [ RunTime:0.000351s ]
SQL: SELECT * FROM `gperf_category` WHERE ( `pid` = 41 )  [ RunTime:0.000418s ]
SQL: SELECT * FROM `gperf_category` WHERE ( `name` = 'Reports' ) LIMIT 1   [ RunTime:0.000355s ]
SQL: SELECT * FROM `gperf_category` WHERE ( `pid` = 52 )  [ RunTime:0.000406s ]
SQL: SELECT * FROM `gperf_category` WHERE ( `name` = 'News&Events' ) LIMIT 1   [ RunTime:0.000356s ]
SQL: SELECT * FROM `gperf_category` WHERE ( `pid` = 57 )  [ RunTime:0.000392s ]
SQL: SELECT * FROM `gperf_category` WHERE ( `name` = 'Documentations' ) LIMIT 1   [ RunTime:0.000352s ]
SQL: SELECT * FROM `gperf_category` WHERE ( `pid` = 61 )  [ RunTime:0.000402s ]
SQL: SELECT * FROM `gperf_category` WHERE ( `name` = 'Downloads' ) LIMIT 1   [ RunTime:0.000362s ]
SQL: SELECT * FROM `gperf_category` WHERE ( `pid` = 65 )  [ RunTime:0.000398s ]
INFO: [ view_parse ] --START--
INFO: [ template_filter ] --START--
INFO: Run Behavior\ContentReplaceBehavior [ RunTime:0.000082s ]
INFO: [ template_filter ] --END-- [ RunTime:0.000124s ]
INFO: Run Behavior\ParseTemplateBehavior [ RunTime:0.021216s ]
INFO: [ view_parse ] --END-- [ RunTime:0.021280s ]
INFO: [ view_filter ] --START--
INFO: Run Behavior\WriteHtmlCacheBehavior [ RunTime:0.000106s ]
INFO: [ view_filter ] --END-- [ RunTime:0.000142s ]
INFO: [ app_end ] --START--
INFO: Run Behavior\ShowPageTraceBehavior [ RunTime:0.000976s ]
INFO: [ app_end ] --END-- [ RunTime:0.001116s ]

[ 2015-08-30T17:22:30+08:00 ] 166.111.132.126 /index.php?s=/Home/Article/newsdetail/hid/4/cid/2
SQL: SHOW COLUMNS FROM `gperf_document` [ RunTime:0.001309s ]
SQL: SELECT * FROM `gperf_document` WHERE ( `category_id` = 2 ) LIMIT 1   [ RunTime:0.000395s ]
SQL: SHOW COLUMNS FROM `gperf_document_article` [ RunTime:0.001029s ]
SQL: SELECT * FROM `gperf_document_article` WHERE ( `id` = 7 ) LIMIT 1   [ RunTime:0.000341s ]
SQL: SHOW COLUMNS FROM `gperf_category` [ RunTime:0.001357s ]
SQL: SELECT `name` FROM `gperf_category` WHERE ( `id` = 2 ) LIMIT 1   [ RunTime:0.000297s ]
SQL: SELECT `pid` FROM `gperf_category` WHERE ( `id` = 2 ) LIMIT 1   [ RunTime:0.000286s ]
SQL: SELECT `title` FROM `gperf_category` WHERE ( `id` = 1 ) LIMIT 1   [ RunTime:0.000287s ]
SQL: SHOW COLUMNS FROM `gperf_channel` [ RunTime:0.001075s ]
SQL: SELECT `id` FROM `gperf_channel` WHERE ( `title` = 'About' ) LIMIT 1   [ RunTime:0.000291s ]
SQL: SELECT * FROM `gperf_category` WHERE ( `pid` = 1 )  [ RunTime:0.000436s ]
SQL: SELECT * FROM `gperf_document` WHERE ( `id` = 8 ) LIMIT 1   [ RunTime:0.000342s ]
SQL: SELECT * FROM `gperf_document` WHERE ( `id` = 6 ) LIMIT 1   [ RunTime:0.000319s ]
SQL: SELECT * FROM `gperf_channel` ORDER BY sort asc  [ RunTime:0.000328s ]
SQL: SELECT * FROM `gperf_category` WHERE ( `name` = 'About' ) LIMIT 1   [ RunTime:0.000360s ]
SQL: SELECT * FROM `gperf_category` WHERE ( `pid` = 1 )  [ RunTime:0.000421s ]
SQL: SELECT * FROM `gperf_category` WHERE ( `name` = 'Service' ) LIMIT 1   [ RunTime:0.000362s ]
SQL: SELECT * FROM `gperf_category` WHERE ( `pid` = 41 )  [ RunTime:0.000407s ]
SQL: SELECT * FROM `gperf_category` WHERE ( `name` = 'Reports' ) LIMIT 1   [ RunTime:0.000371s ]
SQL: SELECT * FROM `gperf_category` WHERE ( `pid` = 52 )  [ RunTime:0.000404s ]
SQL: SELECT * FROM `gperf_category` WHERE ( `name` = 'News&Events' ) LIMIT 1   [ RunTime:0.000360s ]
SQL: SELECT * FROM `gperf_category` WHERE ( `pid` = 57 )  [ RunTime:0.000410s ]
SQL: SELECT * FROM `gperf_category` WHERE ( `name` = 'Documentations' ) LIMIT 1   [ RunTime:0.000354s ]
SQL: SELECT * FROM `gperf_category` WHERE ( `pid` = 61 )  [ RunTime:0.000399s ]
SQL: SELECT * FROM `gperf_category` WHERE ( `name` = 'Downloads' ) LIMIT 1   [ RunTime:0.000356s ]
SQL: SELECT * FROM `gperf_category` WHERE ( `pid` = 65 )  [ RunTime:0.000388s ]
INFO: [ view_parse ] --START--
INFO: [ template_filter ] --START--
INFO: Run Behavior\ContentReplaceBehavior [ RunTime:0.000086s ]
INFO: [ template_filter ] --END-- [ RunTime:0.000129s ]
INFO: Run Behavior\ParseTemplateBehavior [ RunTime:0.022068s ]
INFO: [ view_parse ] --END-- [ RunTime:0.022133s ]
INFO: [ view_filter ] --START--
INFO: Run Behavior\WriteHtmlCacheBehavior [ RunTime:0.000095s ]
INFO: [ view_filter ] --END-- [ RunTime:0.000131s ]
INFO: [ app_end ] --START--
INFO: Run Behavior\ShowPageTraceBehavior [ RunTime:0.000382s ]
INFO: [ app_end ] --END-- [ RunTime:0.000424s ]

[ 2015-08-30T17:22:32+08:00 ] 166.111.132.126 /index.php?s=/Home/Index/index.html
SQL: SHOW COLUMNS FROM `gperf_task` [ RunTime:0.001304s ]
SQL: SHOW COLUMNS FROM `gperf_channel` [ RunTime:0.001094s ]
SQL: SELECT * FROM `gperf_channel` ORDER BY sort asc  [ RunTime:0.000359s ]
SQL: SHOW COLUMNS FROM `gperf_category` [ RunTime:0.001376s ]
SQL: SELECT * FROM `gperf_category` WHERE ( `name` = 'About' ) LIMIT 1   [ RunTime:0.000397s ]
SQL: SELECT * FROM `gperf_category` WHERE ( `pid` = 1 )  [ RunTime:0.000474s ]
SQL: SELECT * FROM `gperf_category` WHERE ( `name` = 'Service' ) LIMIT 1   [ RunTime:0.000379s ]
SQL: SELECT * FROM `gperf_category` WHERE ( `pid` = 41 )  [ RunTime:0.000424s ]
SQL: SELECT * FROM `gperf_category` WHERE ( `name` = 'Reports' ) LIMIT 1   [ RunTime:0.000371s ]
SQL: SELECT * FROM `gperf_category` WHERE ( `pid` = 52 )  [ RunTime:0.000421s ]
SQL: SELECT * FROM `gperf_category` WHERE ( `name` = 'News&Events' ) LIMIT 1   [ RunTime:0.000367s ]
SQL: SELECT * FROM `gperf_category` WHERE ( `pid` = 57 )  [ RunTime:0.000407s ]
SQL: SELECT * FROM `gperf_category` WHERE ( `name` = 'Documentations' ) LIMIT 1   [ RunTime:0.000382s ]
SQL: SELECT * FROM `gperf_category` WHERE ( `pid` = 61 )  [ RunTime:0.000422s ]
SQL: SELECT * FROM `gperf_category` WHERE ( `name` = 'Downloads' ) LIMIT 1   [ RunTime:0.000368s ]
SQL: SELECT * FROM `gperf_category` WHERE ( `pid` = 65 )  [ RunTime:0.000409s ]
INFO: [ view_parse ] --START--
INFO: [ template_filter ] --START--
INFO: Run Behavior\ContentReplaceBehavior [ RunTime:0.000069s ]
INFO: [ template_filter ] --END-- [ RunTime:0.000109s ]
INFO: Run Behavior\ParseTemplateBehavior [ RunTime:0.019070s ]
INFO: [ view_parse ] --END-- [ RunTime:0.019128s ]
INFO: [ view_filter ] --START--
INFO: Run Behavior\WriteHtmlCacheBehavior [ RunTime:0.000094s ]
INFO: [ view_filter ] --END-- [ RunTime:0.000127s ]
INFO: [ app_end ] --START--
INFO: Run Behavior\ShowPageTraceBehavior [ RunTime:0.000382s ]
INFO: [ app_end ] --END-- [ RunTime:0.000426s ]

[ 2015-08-30T17:22:34+08:00 ] 166.111.132.126 /index.php?s=/Home/Index/search.html
SQL: SHOW COLUMNS FROM `gperf_task` [ RunTime:0.000685s ]
SQL: SHOW COLUMNS FROM `gperf_probe_group` [ RunTime:0.000558s ]
SQL: SELECT * FROM `gperf_probe_group`  [ RunTime:0.000252s ]
NOTIC: [2] inet_pton(): Unrecognized address Saudi Arabia /var/www/html/ThinkPHP/Common/functions.php 第 1704 行.
SQL: SHOW COLUMNS FROM `gperf_open_probe` [ RunTime:0.000951s ]
SQL: SELECT * FROM `gperf_open_probe` WHERE ( country like 'Saudi Arabia' and status=1 )  [ RunTime:0.002309s ]
SQL: SHOW COLUMNS FROM `gperf_probe` [ RunTime:0.001039s ]
SQL: SELECT * FROM `gperf_probe` WHERE ( country like 'Saudi Arabia' and status=1 )  [ RunTime:0.000779s ]
SQL: SELECT DISTINCT  `country` FROM `gperf_probe` WHERE ( `status` = 1 )  [ RunTime:0.000595s ]
NOTIC: [2] array_map(): Argument #2 should be an array /var/www/html/Application/Home/Controller/IndexController.class.php 第 261 行.
SQL: SHOW COLUMNS FROM `gperf_channel` [ RunTime:0.000853s ]
SQL: SELECT * FROM `gperf_channel` ORDER BY sort asc  [ RunTime:0.000338s ]
SQL: SHOW COLUMNS FROM `gperf_category` [ RunTime:0.001357s ]
SQL: SELECT * FROM `gperf_category` WHERE ( `name` = 'About' ) LIMIT 1   [ RunTime:0.000404s ]
SQL: SELECT * FROM `gperf_category` WHERE ( `pid` = 1 )  [ RunTime:0.000455s ]
SQL: SELECT * FROM `gperf_category` WHERE ( `name` = 'Service' ) LIMIT 1   [ RunTime:0.000368s ]
SQL: SELECT * FROM `gperf_category` WHERE ( `pid` = 41 )  [ RunTime:0.000446s ]
SQL: SELECT * FROM `gperf_category` WHERE ( `name` = 'Reports' ) LIMIT 1   [ RunTime:0.000376s ]
SQL: SELECT * FROM `gperf_category` WHERE ( `pid` = 52 )  [ RunTime:0.000410s ]
SQL: SELECT * FROM `gperf_category` WHERE ( `name` = 'News&Events' ) LIMIT 1   [ RunTime:0.000376s ]
SQL: SELECT * FROM `gperf_category` WHERE ( `pid` = 57 )  [ RunTime:0.000422s ]
SQL: SELECT * FROM `gperf_category` WHERE ( `name` = 'Documentations' ) LIMIT 1   [ RunTime:0.000376s ]
SQL: SELECT * FROM `gperf_category` WHERE ( `pid` = 61 )  [ RunTime:0.000411s ]
SQL: SELECT * FROM `gperf_category` WHERE ( `name` = 'Downloads' ) LIMIT 1   [ RunTime:0.000369s ]
SQL: SELECT * FROM `gperf_category` WHERE ( `pid` = 65 )  [ RunTime:0.000393s ]
INFO: [ view_parse ] --START--
INFO: [ template_filter ] --START--
INFO: Run Behavior\ContentReplaceBehavior [ RunTime:0.000106s ]
INFO: [ template_filter ] --END-- [ RunTime:0.000148s ]
INFO: Run Behavior\ParseTemplateBehavior [ RunTime:0.023734s ]
INFO: [ view_parse ] --END-- [ RunTime:0.023798s ]
INFO: [ view_filter ] --START--
INFO: Run Behavior\WriteHtmlCacheBehavior [ RunTime:0.000095s ]
INFO: [ view_filter ] --END-- [ RunTime:0.000135s ]
INFO: [ app_end ] --START--
INFO: Run Behavior\ShowPageTraceBehavior [ RunTime:0.000362s ]
INFO: [ app_end ] --END-- [ RunTime:0.000403s ]

[ 2015-08-30T17:22:49+08:00 ] 166.111.132.126 /index.php?s=/Home/Index/index.html
SQL: SHOW COLUMNS FROM `gperf_task` [ RunTime:0.001298s ]
SQL: SHOW COLUMNS FROM `gperf_channel` [ RunTime:0.001100s ]
SQL: SELECT * FROM `gperf_channel` ORDER BY sort asc  [ RunTime:0.000353s ]
SQL: SHOW COLUMNS FROM `gperf_category` [ RunTime:0.001359s ]
SQL: SELECT * FROM `gperf_category` WHERE ( `name` = 'About' ) LIMIT 1   [ RunTime:0.000391s ]
SQL: SELECT * FROM `gperf_category` WHERE ( `pid` = 1 )  [ RunTime:0.000470s ]
SQL: SELECT * FROM `gperf_category` WHERE ( `name` = 'Service' ) LIMIT 1   [ RunTime:0.000383s ]
SQL: SELECT * FROM `gperf_category` WHERE ( `pid` = 41 )  [ RunTime:0.000431s ]
SQL: SELECT * FROM `gperf_category` WHERE ( `name` = 'Reports' ) LIMIT 1   [ RunTime:0.000362s ]
SQL: SELECT * FROM `gperf_category` WHERE ( `pid` = 52 )  [ RunTime:0.000443s ]
SQL: SELECT * FROM `gperf_category` WHERE ( `name` = 'News&Events' ) LIMIT 1   [ RunTime:0.000425s ]
SQL: SELECT * FROM `gperf_category` WHERE ( `pid` = 57 )  [ RunTime:0.000422s ]
SQL: SELECT * FROM `gperf_category` WHERE ( `name` = 'Documentations' ) LIMIT 1   [ RunTime:0.000366s ]
SQL: SELECT * FROM `gperf_category` WHERE ( `pid` = 61 )  [ RunTime:0.000427s ]
SQL: SELECT * FROM `gperf_category` WHERE ( `name` = 'Downloads' ) LIMIT 1   [ RunTime:0.000367s ]
SQL: SELECT * FROM `gperf_category` WHERE ( `pid` = 65 )  [ RunTime:0.000404s ]
INFO: [ view_parse ] --START--
INFO: [ template_filter ] --START--
INFO: Run Behavior\ContentReplaceBehavior [ RunTime:0.000078s ]
INFO: [ template_filter ] --END-- [ RunTime:0.000121s ]
INFO: Run Behavior\ParseTemplateBehavior [ RunTime:0.017692s ]
INFO: [ view_parse ] --END-- [ RunTime:0.017759s ]
INFO: [ view_filter ] --START--
INFO: Run Behavior\WriteHtmlCacheBehavior [ RunTime:0.000092s ]
INFO: [ view_filter ] --END-- [ RunTime:0.000133s ]
INFO: [ app_end ] --START--
INFO: Run Behavior\ShowPageTraceBehavior [ RunTime:0.000375s ]
INFO: [ app_end ] --END-- [ RunTime:0.000419s ]

[ 2015-08-30T17:22:51+08:00 ] 166.111.132.126 /index.php?s=/Home/Index/search.html
SQL: SHOW COLUMNS FROM `gperf_task` [ RunTime:0.001206s ]
SQL: SHOW COLUMNS FROM `gperf_probe_group` [ RunTime:0.000915s ]
SQL: SELECT * FROM `gperf_probe_group`  [ RunTime:0.000238s ]
NOTIC: [2] inet_pton(): Unrecognized address United States of America /var/www/html/ThinkPHP/Common/functions.php 第 1704 行.
SQL: SHOW COLUMNS FROM `gperf_open_probe` [ RunTime:0.001135s ]
SQL: SELECT * FROM `gperf_open_probe` WHERE ( country like 'United States of America' and status=1 )  [ RunTime:0.007373s ]
SQL: SHOW COLUMNS FROM `gperf_probe` [ RunTime:0.001333s ]
SQL: SELECT * FROM `gperf_probe` WHERE ( country like 'United States of America' and status=1 )  [ RunTime:0.000871s ]
SQL: SELECT DISTINCT  `country` FROM `gperf_probe` WHERE ( `status` = 1 )  [ RunTime:0.000769s ]
NOTIC: [2] array_map(): Argument #2 should be an array /var/www/html/Application/Home/Controller/IndexController.class.php 第 261 行.
SQL: SHOW COLUMNS FROM `gperf_channel` [ RunTime:0.001085s ]
SQL: SELECT * FROM `gperf_channel` ORDER BY sort asc  [ RunTime:0.000356s ]
SQL: SHOW COLUMNS FROM `gperf_category` [ RunTime:0.001356s ]
SQL: SELECT * FROM `gperf_category` WHERE ( `name` = 'About' ) LIMIT 1   [ RunTime:0.000408s ]
SQL: SELECT * FROM `gperf_category` WHERE ( `pid` = 1 )  [ RunTime:0.000463s ]
SQL: SELECT * FROM `gperf_category` WHERE ( `name` = 'Service' ) LIMIT 1   [ RunTime:0.000374s ]
SQL: SELECT * FROM `gperf_category` WHERE ( `pid` = 41 )  [ RunTime:0.000427s ]
SQL: SELECT * FROM `gperf_category` WHERE ( `name` = 'Reports' ) LIMIT 1   [ RunTime:0.000385s ]
SQL: SELECT * FROM `gperf_category` WHERE ( `pid` = 52 )  [ RunTime:0.000424s ]
SQL: SELECT * FROM `gperf_category` WHERE ( `name` = 'News&Events' ) LIMIT 1   [ RunTime:0.000363s ]
SQL: SELECT * FROM `gperf_category` WHERE ( `pid` = 57 )  [ RunTime:0.000423s ]
SQL: SELECT * FROM `gperf_category` WHERE ( `name` = 'Documentations' ) LIMIT 1   [ RunTime:0.000366s ]
SQL: SELECT * FROM `gperf_category` WHERE ( `pid` = 61 )  [ RunTime:0.000414s ]
SQL: SELECT * FROM `gperf_category` WHERE ( `name` = 'Downloads' ) LIMIT 1   [ RunTime:0.000362s ]
SQL: SELECT * FROM `gperf_category` WHERE ( `pid` = 65 )  [ RunTime:0.000398s ]
INFO: [ view_parse ] --START--
INFO: [ template_filter ] --START--
INFO: Run Behavior\ContentReplaceBehavior [ RunTime:0.000126s ]
INFO: [ template_filter ] --END-- [ RunTime:0.000170s ]
INFO: Run Behavior\ParseTemplateBehavior [ RunTime:0.027160s ]
INFO: [ view_parse ] --END-- [ RunTime:0.027226s ]
INFO: [ view_filter ] --START--
INFO: Run Behavior\WriteHtmlCacheBehavior [ RunTime:0.000110s ]
INFO: [ view_filter ] --END-- [ RunTime:0.000150s ]
INFO: [ app_end ] --START--
INFO: Run Behavior\ShowPageTraceBehavior [ RunTime:0.000918s ]
INFO: [ app_end ] --END-- [ RunTime:0.001038s ]

[ 2015-08-30T18:44:35+08:00 ] 59.66.123.73 /
SQL: SHOW COLUMNS FROM `gperf_task` [ RunTime:0.001364s ]
SQL: SHOW COLUMNS FROM `gperf_channel` [ RunTime:0.001140s ]
SQL: SELECT * FROM `gperf_channel` ORDER BY sort asc  [ RunTime:0.000365s ]
SQL: SHOW COLUMNS FROM `gperf_category` [ RunTime:0.001424s ]
SQL: SELECT * FROM `gperf_category` WHERE ( `name` = 'About' ) LIMIT 1   [ RunTime:0.000411s ]
SQL: SELECT * FROM `gperf_category` WHERE ( `pid` = 1 )  [ RunTime:0.000464s ]
SQL: SELECT * FROM `gperf_category` WHERE ( `name` = 'Service' ) LIMIT 1   [ RunTime:0.000374s ]
SQL: SELECT * FROM `gperf_category` WHERE ( `pid` = 41 )  [ RunTime:0.000434s ]
SQL: SELECT * FROM `gperf_category` WHERE ( `name` = 'Reports' ) LIMIT 1   [ RunTime:0.000363s ]
SQL: SELECT * FROM `gperf_category` WHERE ( `pid` = 52 )  [ RunTime:0.000411s ]
SQL: SELECT * FROM `gperf_category` WHERE ( `name` = 'News&Events' ) LIMIT 1   [ RunTime:0.000372s ]
SQL: SELECT * FROM `gperf_category` WHERE ( `pid` = 57 )  [ RunTime:0.000400s ]
SQL: SELECT * FROM `gperf_category` WHERE ( `name` = 'Documentations' ) LIMIT 1   [ RunTime:0.000357s ]
SQL: SELECT * FROM `gperf_category` WHERE ( `pid` = 61 )  [ RunTime:0.000417s ]
SQL: SELECT * FROM `gperf_category` WHERE ( `name` = 'Downloads' ) LIMIT 1   [ RunTime:0.000370s ]
SQL: SELECT * FROM `gperf_category` WHERE ( `pid` = 65 )  [ RunTime:0.000398s ]
INFO: [ view_parse ] --START--
INFO: [ template_filter ] --START--
INFO: Run Behavior\ContentReplaceBehavior [ RunTime:0.000069s ]
INFO: [ template_filter ] --END-- [ RunTime:0.000109s ]
INFO: Run Behavior\ParseTemplateBehavior [ RunTime:0.018812s ]
INFO: [ view_parse ] --END-- [ RunTime:0.018871s ]
INFO: [ view_filter ] --START--
INFO: Run Behavior\WriteHtmlCacheBehavior [ RunTime:0.000093s ]
INFO: [ view_filter ] --END-- [ RunTime:0.000126s ]
INFO: [ app_end ] --START--
INFO: Run Behavior\ShowPageTraceBehavior [ RunTime:0.000356s ]
INFO: [ app_end ] --END-- [ RunTime:0.000398s ]

[ 2015-08-30T18:44:57+08:00 ] 59.66.123.73 /index.php?s=/Home/Index/search.html
SQL: SHOW COLUMNS FROM `gperf_task` [ RunTime:0.001296s ]
SQL: SHOW COLUMNS FROM `gperf_probe_group` [ RunTime:0.000980s ]
SQL: SELECT * FROM `gperf_probe_group`  [ RunTime:0.000272s ]
NOTIC: [2] inet_pton(): Unrecognized address Beijing /var/www/html/ThinkPHP/Common/functions.php 第 1704 行.
SQL: SHOW COLUMNS FROM `gperf_probe` [ RunTime:0.001310s ]
SQL: SELECT * FROM `gperf_probe` WHERE ( search_key like '%Beijing%' and status=1 )  [ RunTime:0.000925s ]
SQL: SHOW COLUMNS FROM `gperf_open_probe` [ RunTime:0.001200s ]
SQL: SELECT * FROM `gperf_open_probe` WHERE ( search_key like '%Beijing%' and status=1 )  [ RunTime:0.003779s ]
SQL: SELECT DISTINCT  `country` FROM `gperf_probe` WHERE ( `status` = 1 )  [ RunTime:0.000805s ]
NOTIC: [2] array_map(): Argument #2 should be an array /var/www/html/Application/Home/Controller/IndexController.class.php 第 261 行.
SQL: SHOW COLUMNS FROM `gperf_channel` [ RunTime:0.001096s ]
SQL: SELECT * FROM `gperf_channel` ORDER BY sort asc  [ RunTime:0.000372s ]
SQL: SHOW COLUMNS FROM `gperf_category` [ RunTime:0.001374s ]
SQL: SELECT * FROM `gperf_category` WHERE ( `name` = 'About' ) LIMIT 1   [ RunTime:0.000402s ]
SQL: SELECT * FROM `gperf_category` WHERE ( `pid` = 1 )  [ RunTime:0.000466s ]
SQL: SELECT * FROM `gperf_category` WHERE ( `name` = 'Service' ) LIMIT 1   [ RunTime:0.000373s ]
SQL: SELECT * FROM `gperf_category` WHERE ( `pid` = 41 )  [ RunTime:0.000458s ]
SQL: SELECT * FROM `gperf_category` WHERE ( `name` = 'Reports' ) LIMIT 1   [ RunTime:0.000367s ]
SQL: SELECT * FROM `gperf_category` WHERE ( `pid` = 52 )  [ RunTime:0.000413s ]
SQL: SELECT * FROM `gperf_category` WHERE ( `name` = 'News&Events' ) LIMIT 1   [ RunTime:0.000372s ]
SQL: SELECT * FROM `gperf_category` WHERE ( `pid` = 57 )  [ RunTime:0.000416s ]
SQL: SELECT * FROM `gperf_category` WHERE ( `name` = 'Documentations' ) LIMIT 1   [ RunTime:0.000361s ]
SQL: SELECT * FROM `gperf_category` WHERE ( `pid` = 61 )  [ RunTime:0.000412s ]
SQL: SELECT * FROM `gperf_category` WHERE ( `name` = 'Downloads' ) LIMIT 1   [ RunTime:0.000378s ]
SQL: SELECT * FROM `gperf_category` WHERE ( `pid` = 65 )  [ RunTime:0.000404s ]
INFO: [ view_parse ] --START--
INFO: [ template_filter ] --START--
INFO: Run Behavior\ContentReplaceBehavior [ RunTime:0.000113s ]
INFO: [ template_filter ] --END-- [ RunTime:0.000157s ]
INFO: Run Behavior\ParseTemplateBehavior [ RunTime:0.025377s ]
INFO: [ view_parse ] --END-- [ RunTime:0.025452s ]
INFO: [ view_filter ] --START--
INFO: Run Behavior\WriteHtmlCacheBehavior [ RunTime:0.000100s ]
INFO: [ view_filter ] --END-- [ RunTime:0.000136s ]
INFO: [ app_end ] --START--
INFO: Run Behavior\ShowPageTraceBehavior [ RunTime:0.000370s ]
INFO: [ app_end ] --END-- [ RunTime:0.000413s ]

[ 2015-08-30T18:49:59+08:00 ] 59.66.123.73 /index.php?s=/Home/Article/newsdetail/hid/5/cid/47
SQL: SHOW COLUMNS FROM `gperf_document` [ RunTime:0.001321s ]
SQL: SELECT * FROM `gperf_document` WHERE ( `category_id` = 47 ) LIMIT 1   [ RunTime:0.000416s ]
SQL: SHOW COLUMNS FROM `gperf_document_article` [ RunTime:0.001020s ]
SQL: SELECT * FROM `gperf_document_article` WHERE ( `id` = null ) LIMIT 1   [ RunTime:0.000287s ]
SQL: SHOW COLUMNS FROM `gperf_category` [ RunTime:0.001363s ]
SQL: SELECT `name` FROM `gperf_category` WHERE ( `id` = 47 ) LIMIT 1   [ RunTime:0.000315s ]
SQL: SELECT `pid` FROM `gperf_category` WHERE ( `id` = 47 ) LIMIT 1   [ RunTime:0.000284s ]
SQL: SELECT `title` FROM `gperf_category` WHERE ( `id` = 41 ) LIMIT 1   [ RunTime:0.000288s ]
SQL: SHOW COLUMNS FROM `gperf_channel` [ RunTime:0.001078s ]
SQL: SELECT `id` FROM `gperf_channel` WHERE ( `title` = 'Service' ) LIMIT 1   [ RunTime:0.000312s ]
SQL: SELECT * FROM `gperf_category` WHERE ( `pid` = 41 )  [ RunTime:0.000432s ]
SQL: SELECT * FROM `gperf_document` WHERE ( `id` = 1 ) LIMIT 1   [ RunTime:0.000319s ]
SQL: SELECT * FROM `gperf_document` WHERE ( `id` = -1 ) LIMIT 1   [ RunTime:0.000339s ]
SQL: SELECT * FROM `gperf_channel` ORDER BY sort asc  [ RunTime:0.000346s ]
SQL: SELECT * FROM `gperf_category` WHERE ( `name` = 'About' ) LIMIT 1   [ RunTime:0.000371s ]
SQL: SELECT * FROM `gperf_category` WHERE ( `pid` = 1 )  [ RunTime:0.000464s ]
SQL: SELECT * FROM `gperf_category` WHERE ( `name` = 'Service' ) LIMIT 1   [ RunTime:0.000375s ]
SQL: SELECT * FROM `gperf_category` WHERE ( `pid` = 41 )  [ RunTime:0.000425s ]
SQL: SELECT * FROM `gperf_category` WHERE ( `name` = 'Reports' ) LIMIT 1   [ RunTime:0.000376s ]
SQL: SELECT * FROM `gperf_category` WHERE ( `pid` = 52 )  [ RunTime:0.000414s ]
SQL: SELECT * FROM `gperf_category` WHERE ( `name` = 'News&Events' ) LIMIT 1   [ RunTime:0.000363s ]
SQL: SELECT * FROM `gperf_category` WHERE ( `pid` = 57 )  [ RunTime:0.000413s ]
SQL: SELECT * FROM `gperf_category` WHERE ( `name` = 'Documentations' ) LIMIT 1   [ RunTime:0.000365s ]
SQL: SELECT * FROM `gperf_category` WHERE ( `pid` = 61 )  [ RunTime:0.000413s ]
SQL: SELECT * FROM `gperf_category` WHERE ( `name` = 'Downloads' ) LIMIT 1   [ RunTime:0.000361s ]
SQL: SELECT * FROM `gperf_category` WHERE ( `pid` = 65 )  [ RunTime:0.000395s ]
INFO: [ view_parse ] --START--
INFO: [ template_filter ] --START--
INFO: Run Behavior\ContentReplaceBehavior [ RunTime:0.000077s ]
INFO: [ template_filter ] --END-- [ RunTime:0.000118s ]
INFO: Run Behavior\ParseTemplateBehavior [ RunTime:0.017639s ]
INFO: [ view_parse ] --END-- [ RunTime:0.017697s ]
INFO: [ view_filter ] --START--
INFO: Run Behavior\WriteHtmlCacheBehavior [ RunTime:0.000096s ]
INFO: [ view_filter ] --END-- [ RunTime:0.000130s ]
INFO: [ app_end ] --START--
INFO: Run Behavior\ShowPageTraceBehavior [ RunTime:0.000368s ]
INFO: [ app_end ] --END-- [ RunTime:0.000408s ]

[ 2015-08-30T18:50:01+08:00 ] 59.66.123.73 /index.php?s=/Home/Article/newsdetail/hid/5/cid/49
SQL: SHOW COLUMNS FROM `gperf_document` [ RunTime:0.001320s ]
SQL: SELECT * FROM `gperf_document` WHERE ( `category_id` = 49 ) LIMIT 1   [ RunTime:0.000416s ]
SQL: SHOW COLUMNS FROM `gperf_document_article` [ RunTime:0.000998s ]
SQL: SELECT * FROM `gperf_document_article` WHERE ( `id` = null ) LIMIT 1   [ RunTime:0.000305s ]
SQL: SHOW COLUMNS FROM `gperf_category` [ RunTime:0.001345s ]
SQL: SELECT `name` FROM `gperf_category` WHERE ( `id` = 49 ) LIMIT 1   [ RunTime:0.000306s ]
SQL: SELECT `pid` FROM `gperf_category` WHERE ( `id` = 49 ) LIMIT 1   [ RunTime:0.000297s ]
SQL: SELECT `title` FROM `gperf_category` WHERE ( `id` = 41 ) LIMIT 1   [ RunTime:0.000289s ]
SQL: SHOW COLUMNS FROM `gperf_channel` [ RunTime:0.001066s ]
SQL: SELECT `id` FROM `gperf_channel` WHERE ( `title` = 'Service' ) LIMIT 1   [ RunTime:0.000294s ]
SQL: SELECT * FROM `gperf_category` WHERE ( `pid` = 41 )  [ RunTime:0.000449s ]
SQL: SELECT * FROM `gperf_document` WHERE ( `id` = 1 ) LIMIT 1   [ RunTime:0.000321s ]
SQL: SELECT * FROM `gperf_document` WHERE ( `id` = -1 ) LIMIT 1   [ RunTime:0.000318s ]
SQL: SELECT * FROM `gperf_channel` ORDER BY sort asc  [ RunTime:0.000352s ]
SQL: SELECT * FROM `gperf_category` WHERE ( `name` = 'About' ) LIMIT 1   [ RunTime:0.000372s ]
SQL: SELECT * FROM `gperf_category` WHERE ( `pid` = 1 )  [ RunTime:0.000430s ]
SQL: SELECT * FROM `gperf_category` WHERE ( `name` = 'Service' ) LIMIT 1   [ RunTime:0.000378s ]
SQL: SELECT * FROM `gperf_category` WHERE ( `pid` = 41 )  [ RunTime:0.000426s ]
SQL: SELECT * FROM `gperf_category` WHERE ( `name` = 'Reports' ) LIMIT 1   [ RunTime:0.000363s ]
SQL: SELECT * FROM `gperf_category` WHERE ( `pid` = 52 )  [ RunTime:0.000419s ]
SQL: SELECT * FROM `gperf_category` WHERE ( `name` = 'News&Events' ) LIMIT 1   [ RunTime:0.000377s ]
SQL: SELECT * FROM `gperf_category` WHERE ( `pid` = 57 )  [ RunTime:0.000414s ]
SQL: SELECT * FROM `gperf_category` WHERE ( `name` = 'Documentations' ) LIMIT 1   [ RunTime:0.000363s ]
SQL: SELECT * FROM `gperf_category` WHERE ( `pid` = 61 )  [ RunTime:0.000422s ]
SQL: SELECT * FROM `gperf_category` WHERE ( `name` = 'Downloads' ) LIMIT 1   [ RunTime:0.000366s ]
SQL: SELECT * FROM `gperf_category` WHERE ( `pid` = 65 )  [ RunTime:0.000399s ]
INFO: [ view_parse ] --START--
INFO: [ template_filter ] --START--
INFO: Run Behavior\ContentReplaceBehavior [ RunTime:0.000075s ]
INFO: [ template_filter ] --END-- [ RunTime:0.000117s ]
INFO: Run Behavior\ParseTemplateBehavior [ RunTime:0.017628s ]
INFO: [ view_parse ] --END-- [ RunTime:0.017693s ]
INFO: [ view_filter ] --START--
INFO: Run Behavior\WriteHtmlCacheBehavior [ RunTime:0.000102s ]
INFO: [ view_filter ] --END-- [ RunTime:0.000137s ]
INFO: [ app_end ] --START--
INFO: Run Behavior\ShowPageTraceBehavior [ RunTime:0.000400s ]
INFO: [ app_end ] --END-- [ RunTime:0.000444s ]

[ 2015-08-30T18:50:02+08:00 ] 59.66.123.73 /index.php?s=/Home/Article/newsdetail/hid/5/cid/50
SQL: SHOW COLUMNS FROM `gperf_document` [ RunTime:0.001303s ]
SQL: SELECT * FROM `gperf_document` WHERE ( `category_id` = 50 ) LIMIT 1   [ RunTime:0.000386s ]
SQL: SHOW COLUMNS FROM `gperf_document_article` [ RunTime:0.001033s ]
SQL: SELECT * FROM `gperf_document_article` WHERE ( `id` = null ) LIMIT 1   [ RunTime:0.000292s ]
SQL: SHOW COLUMNS FROM `gperf_category` [ RunTime:0.001349s ]
SQL: SELECT `name` FROM `gperf_category` WHERE ( `id` = 50 ) LIMIT 1   [ RunTime:0.000295s ]
SQL: SELECT `pid` FROM `gperf_category` WHERE ( `id` = 50 ) LIMIT 1   [ RunTime:0.000287s ]
SQL: SELECT `title` FROM `gperf_category` WHERE ( `id` = 41 ) LIMIT 1   [ RunTime:0.000283s ]
SQL: SHOW COLUMNS FROM `gperf_channel` [ RunTime:0.001067s ]
SQL: SELECT `id` FROM `gperf_channel` WHERE ( `title` = 'Service' ) LIMIT 1   [ RunTime:0.000286s ]
SQL: SELECT * FROM `gperf_category` WHERE ( `pid` = 41 )  [ RunTime:0.000432s ]
SQL: SELECT * FROM `gperf_document` WHERE ( `id` = 1 ) LIMIT 1   [ RunTime:0.000316s ]
SQL: SELECT * FROM `gperf_document` WHERE ( `id` = -1 ) LIMIT 1   [ RunTime:0.000325s ]
SQL: SELECT * FROM `gperf_channel` ORDER BY sort asc  [ RunTime:0.000329s ]
SQL: SELECT * FROM `gperf_category` WHERE ( `name` = 'About' ) LIMIT 1   [ RunTime:0.000361s ]
SQL: SELECT * FROM `gperf_category` WHERE ( `pid` = 1 )  [ RunTime:0.000458s ]
SQL: SELECT * FROM `gperf_category` WHERE ( `name` = 'Service' ) LIMIT 1   [ RunTime:0.000372s ]
SQL: SELECT * FROM `gperf_category` WHERE ( `pid` = 41 )  [ RunTime:0.000422s ]
SQL: SELECT * FROM `gperf_category` WHERE ( `name` = 'Reports' ) LIMIT 1   [ RunTime:0.000364s ]
SQL: SELECT * FROM `gperf_category` WHERE ( `pid` = 52 )  [ RunTime:0.000411s ]
SQL: SELECT * FROM `gperf_category` WHERE ( `name` = 'News&Events' ) LIMIT 1   [ RunTime:0.000362s ]
SQL: SELECT * FROM `gperf_category` WHERE ( `pid` = 57 )  [ RunTime:0.000405s ]
SQL: SELECT * FROM `gperf_category` WHERE ( `name` = 'Documentations' ) LIMIT 1   [ RunTime:0.000368s ]
SQL: SELECT * FROM `gperf_category` WHERE ( `pid` = 61 )  [ RunTime:0.000422s ]
SQL: SELECT * FROM `gperf_category` WHERE ( `name` = 'Downloads' ) LIMIT 1   [ RunTime:0.000364s ]
SQL: SELECT * FROM `gperf_category` WHERE ( `pid` = 65 )  [ RunTime:0.000403s ]
INFO: [ view_parse ] --START--
INFO: [ template_filter ] --START--
INFO: Run Behavior\ContentReplaceBehavior [ RunTime:0.000075s ]
INFO: [ template_filter ] --END-- [ RunTime:0.000116s ]
INFO: Run Behavior\ParseTemplateBehavior [ RunTime:0.017448s ]
INFO: [ view_parse ] --END-- [ RunTime:0.017508s ]
INFO: [ view_filter ] --START--
INFO: Run Behavior\WriteHtmlCacheBehavior [ RunTime:0.000095s ]
INFO: [ view_filter ] --END-- [ RunTime:0.000130s ]
INFO: [ app_end ] --START--
INFO: Run Behavior\ShowPageTraceBehavior [ RunTime:0.000360s ]
INFO: [ app_end ] --END-- [ RunTime:0.000403s ]

[ 2015-08-30T18:50:09+08:00 ] 59.66.123.73 /index.php?s=/Home/Article/newsdetail/hid/7/cid/58
SQL: SHOW COLUMNS FROM `gperf_document` [ RunTime:0.001412s ]
SQL: SELECT * FROM `gperf_document` WHERE ( `category_id` = 58 ) LIMIT 1   [ RunTime:0.000463s ]
SQL: SHOW COLUMNS FROM `gperf_document_article` [ RunTime:0.001123s ]
SQL: SELECT * FROM `gperf_document_article` WHERE ( `id` = null ) LIMIT 1   [ RunTime:0.000309s ]
SQL: SHOW COLUMNS FROM `gperf_category` [ RunTime:0.001361s ]
SQL: SELECT `name` FROM `gperf_category` WHERE ( `id` = 58 ) LIMIT 1   [ RunTime:0.000334s ]
SQL: SELECT `pid` FROM `gperf_category` WHERE ( `id` = 58 ) LIMIT 1   [ RunTime:0.000294s ]
SQL: SELECT `title` FROM `gperf_category` WHERE ( `id` = 57 ) LIMIT 1   [ RunTime:0.000377s ]
SQL: SHOW COLUMNS FROM `gperf_channel` [ RunTime:0.001191s ]
SQL: SELECT `id` FROM `gperf_channel` WHERE ( `title` = 'News&Events' ) LIMIT 1   [ RunTime:0.000380s ]
SQL: SELECT * FROM `gperf_category` WHERE ( `pid` = 57 )  [ RunTime:0.000457s ]
SQL: SELECT * FROM `gperf_document` WHERE ( `id` = 1 ) LIMIT 1   [ RunTime:0.000337s ]
SQL: SELECT * FROM `gperf_document` WHERE ( `id` = -1 ) LIMIT 1   [ RunTime:0.000411s ]
SQL: SELECT * FROM `gperf_channel` ORDER BY sort asc  [ RunTime:0.000385s ]
SQL: SELECT * FROM `gperf_category` WHERE ( `name` = 'About' ) LIMIT 1   [ RunTime:0.000395s ]
SQL: SELECT * FROM `gperf_category` WHERE ( `pid` = 1 )  [ RunTime:0.000532s ]
SQL: SELECT * FROM `gperf_category` WHERE ( `name` = 'Service' ) LIMIT 1   [ RunTime:0.000465s ]
SQL: SELECT * FROM `gperf_category` WHERE ( `pid` = 41 )  [ RunTime:0.000523s ]
SQL: SELECT * FROM `gperf_category` WHERE ( `name` = 'Reports' ) LIMIT 1   [ RunTime:0.000496s ]
SQL: SELECT * FROM `gperf_category` WHERE ( `pid` = 52 )  [ RunTime:0.000533s ]
SQL: SELECT * FROM `gperf_category` WHERE ( `name` = 'News&Events' ) LIMIT 1   [ RunTime:0.000472s ]
SQL: SELECT * FROM `gperf_category` WHERE ( `pid` = 57 )  [ RunTime:0.000511s ]
SQL: SELECT * FROM `gperf_category` WHERE ( `name` = 'Documentations' ) LIMIT 1   [ RunTime:0.000465s ]
SQL: SELECT * FROM `gperf_category` WHERE ( `pid` = 61 )  [ RunTime:0.000516s ]
SQL: SELECT * FROM `gperf_category` WHERE ( `name` = 'Downloads' ) LIMIT 1   [ RunTime:0.000415s ]
SQL: SELECT * FROM `gperf_category` WHERE ( `pid` = 65 )  [ RunTime:0.000462s ]
INFO: [ view_parse ] --START--
INFO: [ template_filter ] --START--
INFO: Run Behavior\ContentReplaceBehavior [ RunTime:0.000079s ]
INFO: [ template_filter ] --END-- [ RunTime:0.000121s ]
INFO: Run Behavior\ParseTemplateBehavior [ RunTime:0.018026s ]
INFO: [ view_parse ] --END-- [ RunTime:0.018084s ]
INFO: [ view_filter ] --START--
INFO: Run Behavior\WriteHtmlCacheBehavior [ RunTime:0.000093s ]
INFO: [ view_filter ] --END-- [ RunTime:0.000128s ]
INFO: [ app_end ] --START--
INFO: Run Behavior\ShowPageTraceBehavior [ RunTime:0.000377s ]
INFO: [ app_end ] --END-- [ RunTime:0.000417s ]

[ 2015-08-30T18:50:11+08:00 ] 59.66.123.73 /index.php?s=/Home/Article/newsdetail/hid/7/cid/59
SQL: SHOW COLUMNS FROM `gperf_document` [ RunTime:0.000700s ]
SQL: SELECT * FROM `gperf_document` WHERE ( `category_id` = 59 ) LIMIT 1   [ RunTime:0.000312s ]
SQL: SHOW COLUMNS FROM `gperf_document_article` [ RunTime:0.000645s ]
SQL: SELECT * FROM `gperf_document_article` WHERE ( `id` = null ) LIMIT 1   [ RunTime:0.000203s ]
SQL: SHOW COLUMNS FROM `gperf_category` [ RunTime:0.000824s ]
SQL: SELECT `name` FROM `gperf_category` WHERE ( `id` = 59 ) LIMIT 1   [ RunTime:0.000239s ]
SQL: SELECT `pid` FROM `gperf_category` WHERE ( `id` = 59 ) LIMIT 1   [ RunTime:0.000200s ]
SQL: SELECT `title` FROM `gperf_category` WHERE ( `id` = 57 ) LIMIT 1   [ RunTime:0.000204s ]
SQL: SHOW COLUMNS FROM `gperf_channel` [ RunTime:0.000687s ]
SQL: SELECT `id` FROM `gperf_channel` WHERE ( `title` = 'News&Events' ) LIMIT 1   [ RunTime:0.000223s ]
SQL: SELECT * FROM `gperf_category` WHERE ( `pid` = 57 )  [ RunTime:0.000316s ]
SQL: SELECT * FROM `gperf_document` WHERE ( `id` = 1 ) LIMIT 1   [ RunTime:0.000245s ]
SQL: SELECT * FROM `gperf_document` WHERE ( `id` = -1 ) LIMIT 1   [ RunTime:0.000251s ]
SQL: SELECT * FROM `gperf_channel` ORDER BY sort asc  [ RunTime:0.000254s ]
SQL: SELECT * FROM `gperf_category` WHERE ( `name` = 'About' ) LIMIT 1   [ RunTime:0.000280s ]
SQL: SELECT * FROM `gperf_category` WHERE ( `pid` = 1 )  [ RunTime:0.000319s ]
SQL: SELECT * FROM `gperf_category` WHERE ( `name` = 'Service' ) LIMIT 1   [ RunTime:0.000269s ]
SQL: SELECT * FROM `gperf_category` WHERE ( `pid` = 41 )  [ RunTime:0.000420s ]
SQL: SELECT * FROM `gperf_category` WHERE ( `name` = 'Reports' ) LIMIT 1   [ RunTime:0.000399s ]
SQL: SELECT * FROM `gperf_category` WHERE ( `pid` = 52 )  [ RunTime:0.000409s ]
SQL: SELECT * FROM `gperf_category` WHERE ( `name` = 'News&Events' ) LIMIT 1   [ RunTime:0.000366s ]
SQL: SELECT * FROM `gperf_category` WHERE ( `pid` = 57 )  [ RunTime:0.000405s ]
SQL: SELECT * FROM `gperf_category` WHERE ( `name` = 'Documentations' ) LIMIT 1   [ RunTime:0.000367s ]
SQL: SELECT * FROM `gperf_category` WHERE ( `pid` = 61 )  [ RunTime:0.000415s ]
SQL: SELECT * FROM `gperf_category` WHERE ( `name` = 'Downloads' ) LIMIT 1   [ RunTime:0.000359s ]
SQL: SELECT * FROM `gperf_category` WHERE ( `pid` = 65 )  [ RunTime:0.000417s ]
INFO: [ view_parse ] --START--
INFO: [ template_filter ] --START--
INFO: Run Behavior\ContentReplaceBehavior [ RunTime:0.000073s ]
INFO: [ template_filter ] --END-- [ RunTime:0.000114s ]
INFO: Run Behavior\ParseTemplateBehavior [ RunTime:0.019465s ]
INFO: [ view_parse ] --END-- [ RunTime:0.019530s ]
INFO: [ view_filter ] --START--
INFO: Run Behavior\WriteHtmlCacheBehavior [ RunTime:0.000093s ]
INFO: [ view_filter ] --END-- [ RunTime:0.000128s ]
INFO: [ app_end ] --START--
INFO: Run Behavior\ShowPageTraceBehavior [ RunTime:0.000349s ]
INFO: [ app_end ] --END-- [ RunTime:0.000391s ]

[ 2015-08-30T18:50:12+08:00 ] 59.66.123.73 /index.php?s=/Home/Article/newsdetail/hid/7/cid/60
SQL: SHOW COLUMNS FROM `gperf_document` [ RunTime:0.001305s ]
SQL: SELECT * FROM `gperf_document` WHERE ( `category_id` = 60 ) LIMIT 1   [ RunTime:0.000429s ]
SQL: SHOW COLUMNS FROM `gperf_document_article` [ RunTime:0.001016s ]
SQL: SELECT * FROM `gperf_document_article` WHERE ( `id` = null ) LIMIT 1   [ RunTime:0.000282s ]
SQL: SHOW COLUMNS FROM `gperf_category` [ RunTime:0.001351s ]
SQL: SELECT `name` FROM `gperf_category` WHERE ( `id` = 60 ) LIMIT 1   [ RunTime:0.000304s ]
SQL: SELECT `pid` FROM `gperf_category` WHERE ( `id` = 60 ) LIMIT 1   [ RunTime:0.000286s ]
SQL: SELECT `title` FROM `gperf_category` WHERE ( `id` = 57 ) LIMIT 1   [ RunTime:0.000310s ]
SQL: SHOW COLUMNS FROM `gperf_channel` [ RunTime:0.001069s ]
SQL: SELECT `id` FROM `gperf_channel` WHERE ( `title` = 'News&Events' ) LIMIT 1   [ RunTime:0.000295s ]
SQL: SELECT * FROM `gperf_category` WHERE ( `pid` = 57 )  [ RunTime:0.000422s ]
SQL: SELECT * FROM `gperf_document` WHERE ( `id` = 1 ) LIMIT 1   [ RunTime:0.000324s ]
SQL: SELECT * FROM `gperf_document` WHERE ( `id` = -1 ) LIMIT 1   [ RunTime:0.000314s ]
SQL: SELECT * FROM `gperf_channel` ORDER BY sort asc  [ RunTime:0.000330s ]
SQL: SELECT * FROM `gperf_category` WHERE ( `name` = 'About' ) LIMIT 1   [ RunTime:0.000391s ]
SQL: SELECT * FROM `gperf_category` WHERE ( `pid` = 1 )  [ RunTime:0.000428s ]
SQL: SELECT * FROM `gperf_category` WHERE ( `name` = 'Service' ) LIMIT 1   [ RunTime:0.000364s ]
SQL: SELECT * FROM `gperf_category` WHERE ( `pid` = 41 )  [ RunTime:0.000427s ]
SQL: SELECT * FROM `gperf_category` WHERE ( `name` = 'Reports' ) LIMIT 1   [ RunTime:0.000382s ]
SQL: SELECT * FROM `gperf_category` WHERE ( `pid` = 52 )  [ RunTime:0.000422s ]
SQL: SELECT * FROM `gperf_category` WHERE ( `name` = 'News&Events' ) LIMIT 1   [ RunTime:0.000363s ]
SQL: SELECT * FROM `gperf_category` WHERE ( `pid` = 57 )  [ RunTime:0.000415s ]
SQL: SELECT * FROM `gperf_category` WHERE ( `name` = 'Documentations' ) LIMIT 1   [ RunTime:0.000359s ]
SQL: SELECT * FROM `gperf_category` WHERE ( `pid` = 61 )  [ RunTime:0.000418s ]
SQL: SELECT * FROM `gperf_category` WHERE ( `name` = 'Downloads' ) LIMIT 1   [ RunTime:0.000368s ]
SQL: SELECT * FROM `gperf_category` WHERE ( `pid` = 65 )  [ RunTime:0.000397s ]
INFO: [ view_parse ] --START--
INFO: [ template_filter ] --START--
INFO: Run Behavior\ContentReplaceBehavior [ RunTime:0.000082s ]
INFO: [ template_filter ] --END-- [ RunTime:0.000124s ]
INFO: Run Behavior\ParseTemplateBehavior [ RunTime:0.018361s ]
INFO: [ view_parse ] --END-- [ RunTime:0.018427s ]
INFO: [ view_filter ] --START--
INFO: Run Behavior\WriteHtmlCacheBehavior [ RunTime:0.000104s ]
INFO: [ view_filter ] --END-- [ RunTime:0.000139s ]
INFO: [ app_end ] --START--
INFO: Run Behavior\ShowPageTraceBehavior [ RunTime:0.000369s ]
INFO: [ app_end ] --END-- [ RunTime:0.000413s ]

[ 2015-08-30T18:50:13+08:00 ] 59.66.123.73 /index.php?s=/Home/Article/newsdetail/hid/8/cid/62
SQL: SHOW COLUMNS FROM `gperf_document` [ RunTime:0.001312s ]
SQL: SELECT * FROM `gperf_document` WHERE ( `category_id` = 62 ) LIMIT 1   [ RunTime:0.000392s ]
SQL: SHOW COLUMNS FROM `gperf_document_article` [ RunTime:0.001021s ]
SQL: SELECT * FROM `gperf_document_article` WHERE ( `id` = null ) LIMIT 1   [ RunTime:0.000280s ]
SQL: SHOW COLUMNS FROM `gperf_category` [ RunTime:0.001352s ]
SQL: SELECT `name` FROM `gperf_category` WHERE ( `id` = 62 ) LIMIT 1   [ RunTime:0.000312s ]
SQL: SELECT `pid` FROM `gperf_category` WHERE ( `id` = 62 ) LIMIT 1   [ RunTime:0.000285s ]
SQL: SELECT `title` FROM `gperf_category` WHERE ( `id` = 61 ) LIMIT 1   [ RunTime:0.000286s ]
SQL: SHOW COLUMNS FROM `gperf_channel` [ RunTime:0.001072s ]
SQL: SELECT `id` FROM `gperf_channel` WHERE ( `title` = 'Documentations' ) LIMIT 1   [ RunTime:0.000298s ]
SQL: SELECT * FROM `gperf_category` WHERE ( `pid` = 61 )  [ RunTime:0.000423s ]
SQL: SELECT * FROM `gperf_document` WHERE ( `id` = 1 ) LIMIT 1   [ RunTime:0.000319s ]
SQL: SELECT * FROM `gperf_document` WHERE ( `id` = -1 ) LIMIT 1   [ RunTime:0.000324s ]
SQL: SELECT * FROM `gperf_channel` ORDER BY sort asc  [ RunTime:0.000327s ]
SQL: SELECT * FROM `gperf_category` WHERE ( `name` = 'About' ) LIMIT 1   [ RunTime:0.000381s ]
SQL: SELECT * FROM `gperf_category` WHERE ( `pid` = 1 )  [ RunTime:0.000435s ]
SQL: SELECT * FROM `gperf_category` WHERE ( `name` = 'Service' ) LIMIT 1   [ RunTime:0.000390s ]
SQL: SELECT * FROM `gperf_category` WHERE ( `pid` = 41 )  [ RunTime:0.000422s ]
SQL: SELECT * FROM `gperf_category` WHERE ( `name` = 'Reports' ) LIMIT 1   [ RunTime:0.000383s ]
SQL: SELECT * FROM `gperf_category` WHERE ( `pid` = 52 )  [ RunTime:0.000414s ]
SQL: SELECT * FROM `gperf_category` WHERE ( `name` = 'News&Events' ) LIMIT 1   [ RunTime:0.000368s ]
SQL: SELECT * FROM `gperf_category` WHERE ( `pid` = 57 )  [ RunTime:0.000417s ]
SQL: SELECT * FROM `gperf_category` WHERE ( `name` = 'Documentations' ) LIMIT 1   [ RunTime:0.000365s ]
SQL: SELECT * FROM `gperf_category` WHERE ( `pid` = 61 )  [ RunTime:0.000414s ]
SQL: SELECT * FROM `gperf_category` WHERE ( `name` = 'Downloads' ) LIMIT 1   [ RunTime:0.000364s ]
SQL: SELECT * FROM `gperf_category` WHERE ( `pid` = 65 )  [ RunTime:0.000395s ]
INFO: [ view_parse ] --START--
INFO: [ template_filter ] --START--
INFO: Run Behavior\ContentReplaceBehavior [ RunTime:0.000078s ]
INFO: [ template_filter ] --END-- [ RunTime:0.000120s ]
INFO: Run Behavior\ParseTemplateBehavior [ RunTime:0.017966s ]
INFO: [ view_parse ] --END-- [ RunTime:0.018024s ]
INFO: [ view_filter ] --START--
INFO: Run Behavior\WriteHtmlCacheBehavior [ RunTime:0.000094s ]
INFO: [ view_filter ] --END-- [ RunTime:0.000130s ]
INFO: [ app_end ] --START--
INFO: Run Behavior\ShowPageTraceBehavior [ RunTime:0.000375s ]
INFO: [ app_end ] --END-- [ RunTime:0.000417s ]

[ 2015-08-30T18:50:15+08:00 ] 59.66.123.73 /index.php?s=/Home/Article/newsdetail/hid/8/cid/64
SQL: SHOW COLUMNS FROM `gperf_document` [ RunTime:0.001471s ]
SQL: SELECT * FROM `gperf_document` WHERE ( `category_id` = 64 ) LIMIT 1   [ RunTime:0.000495s ]
SQL: SHOW COLUMNS FROM `gperf_document_article` [ RunTime:0.001035s ]
SQL: SELECT * FROM `gperf_document_article` WHERE ( `id` = null ) LIMIT 1   [ RunTime:0.000308s ]
SQL: SHOW COLUMNS FROM `gperf_category` [ RunTime:0.001355s ]
SQL: SELECT `name` FROM `gperf_category` WHERE ( `id` = 64 ) LIMIT 1   [ RunTime:0.000410s ]
SQL: SELECT `pid` FROM `gperf_category` WHERE ( `id` = 64 ) LIMIT 1   [ RunTime:0.000329s ]
SQL: SELECT `title` FROM `gperf_category` WHERE ( `id` = 61 ) LIMIT 1   [ RunTime:0.000300s ]
SQL: SHOW COLUMNS FROM `gperf_channel` [ RunTime:0.001122s ]
SQL: SELECT `id` FROM `gperf_channel` WHERE ( `title` = 'Documentations' ) LIMIT 1   [ RunTime:0.000397s ]
SQL: SELECT * FROM `gperf_category` WHERE ( `pid` = 61 )  [ RunTime:0.000530s ]
SQL: SELECT * FROM `gperf_document` WHERE ( `id` = 1 ) LIMIT 1   [ RunTime:0.000368s ]
SQL: SELECT * FROM `gperf_document` WHERE ( `id` = -1 ) LIMIT 1   [ RunTime:0.000432s ]
SQL: SELECT * FROM `gperf_channel` ORDER BY sort asc  [ RunTime:0.000439s ]
SQL: SELECT * FROM `gperf_category` WHERE ( `name` = 'About' ) LIMIT 1   [ RunTime:0.000477s ]
SQL: SELECT * FROM `gperf_category` WHERE ( `pid` = 1 )  [ RunTime:0.000489s ]
SQL: SELECT * FROM `gperf_category` WHERE ( `name` = 'Service' ) LIMIT 1   [ RunTime:0.000395s ]
SQL: SELECT * FROM `gperf_category` WHERE ( `pid` = 41 )  [ RunTime:0.000538s ]
SQL: SELECT * FROM `gperf_category` WHERE ( `name` = 'Reports' ) LIMIT 1   [ RunTime:0.000476s ]
SQL: SELECT * FROM `gperf_category` WHERE ( `pid` = 52 )  [ RunTime:0.000491s ]
SQL: SELECT * FROM `gperf_category` WHERE ( `name` = 'News&Events' ) LIMIT 1   [ RunTime:0.000421s ]
SQL: SELECT * FROM `gperf_category` WHERE ( `pid` = 57 )  [ RunTime:0.000478s ]
SQL: SELECT * FROM `gperf_category` WHERE ( `name` = 'Documentations' ) LIMIT 1   [ RunTime:0.000399s ]
SQL: SELECT * FROM `gperf_category` WHERE ( `pid` = 61 )  [ RunTime:0.000456s ]
SQL: SELECT * FROM `gperf_category` WHERE ( `name` = 'Downloads' ) LIMIT 1   [ RunTime:0.000416s ]
SQL: SELECT * FROM `gperf_category` WHERE ( `pid` = 65 )  [ RunTime:0.000436s ]
INFO: [ view_parse ] --START--
INFO: [ template_filter ] --START--
INFO: Run Behavior\ContentReplaceBehavior [ RunTime:0.000072s ]
INFO: [ template_filter ] --END-- [ RunTime:0.000112s ]
INFO: Run Behavior\ParseTemplateBehavior [ RunTime:0.020218s ]
INFO: [ view_parse ] --END-- [ RunTime:0.020274s ]
INFO: [ view_filter ] --START--
INFO: Run Behavior\WriteHtmlCacheBehavior [ RunTime:0.000093s ]
INFO: [ view_filter ] --END-- [ RunTime:0.000128s ]
INFO: [ app_end ] --START--
INFO: Run Behavior\ShowPageTraceBehavior [ RunTime:0.000346s ]
INFO: [ app_end ] --END-- [ RunTime:0.000389s ]

[ 2015-08-30T18:50:16+08:00 ] 59.66.123.73 /index.php?s=/Home/Article/newsdetail/hid/9/cid/67
SQL: SHOW COLUMNS FROM `gperf_document` [ RunTime:0.001322s ]
SQL: SELECT * FROM `gperf_document` WHERE ( `category_id` = 67 ) LIMIT 1   [ RunTime:0.000394s ]
SQL: SHOW COLUMNS FROM `gperf_document_article` [ RunTime:0.001015s ]
SQL: SELECT * FROM `gperf_document_article` WHERE ( `id` = null ) LIMIT 1   [ RunTime:0.000283s ]
SQL: SHOW COLUMNS FROM `gperf_category` [ RunTime:0.001353s ]
SQL: SELECT `name` FROM `gperf_category` WHERE ( `id` = 67 ) LIMIT 1   [ RunTime:0.000307s ]
SQL: SELECT `pid` FROM `gperf_category` WHERE ( `id` = 67 ) LIMIT 1   [ RunTime:0.000289s ]
SQL: SELECT `title` FROM `gperf_category` WHERE ( `id` = 65 ) LIMIT 1   [ RunTime:0.000287s ]
SQL: SHOW COLUMNS FROM `gperf_channel` [ RunTime:0.001088s ]
SQL: SELECT `id` FROM `gperf_channel` WHERE ( `title` = 'Downloads' ) LIMIT 1   [ RunTime:0.000291s ]
SQL: SELECT * FROM `gperf_category` WHERE ( `pid` = 65 )  [ RunTime:0.000405s ]
SQL: SELECT * FROM `gperf_document` WHERE ( `id` = 1 ) LIMIT 1   [ RunTime:0.000333s ]
SQL: SELECT * FROM `gperf_document` WHERE ( `id` = -1 ) LIMIT 1   [ RunTime:0.000339s ]
SQL: SELECT * FROM `gperf_channel` ORDER BY sort asc  [ RunTime:0.000333s ]
SQL: SELECT * FROM `gperf_category` WHERE ( `name` = 'About' ) LIMIT 1   [ RunTime:0.000368s ]
SQL: SELECT * FROM `gperf_category` WHERE ( `pid` = 1 )  [ RunTime:0.000445s ]
SQL: SELECT * FROM `gperf_category` WHERE ( `name` = 'Service' ) LIMIT 1   [ RunTime:0.000363s ]
SQL: SELECT * FROM `gperf_category` WHERE ( `pid` = 41 )  [ RunTime:0.000431s ]
SQL: SELECT * FROM `gperf_category` WHERE ( `name` = 'Reports' ) LIMIT 1   [ RunTime:0.000361s ]
SQL: SELECT * FROM `gperf_category` WHERE ( `pid` = 52 )  [ RunTime:0.000412s ]
SQL: SELECT * FROM `gperf_category` WHERE ( `name` = 'News&Events' ) LIMIT 1   [ RunTime:0.000373s ]
SQL: SELECT * FROM `gperf_category` WHERE ( `pid` = 57 )  [ RunTime:0.000403s ]
SQL: SELECT * FROM `gperf_category` WHERE ( `name` = 'Documentations' ) LIMIT 1   [ RunTime:0.000363s ]
SQL: SELECT * FROM `gperf_category` WHERE ( `pid` = 61 )  [ RunTime:0.000438s ]
SQL: SELECT * FROM `gperf_category` WHERE ( `name` = 'Downloads' ) LIMIT 1   [ RunTime:0.000360s ]
SQL: SELECT * FROM `gperf_category` WHERE ( `pid` = 65 )  [ RunTime:0.000393s ]
INFO: [ view_parse ] --START--
INFO: [ template_filter ] --START--
INFO: Run Behavior\ContentReplaceBehavior [ RunTime:0.000076s ]
INFO: [ template_filter ] --END-- [ RunTime:0.000118s ]
INFO: Run Behavior\ParseTemplateBehavior [ RunTime:0.021236s ]
INFO: [ view_parse ] --END-- [ RunTime:0.021293s ]
INFO: [ view_filter ] --START--
INFO: Run Behavior\WriteHtmlCacheBehavior [ RunTime:0.000094s ]
INFO: [ view_filter ] --END-- [ RunTime:0.000130s ]
INFO: [ app_end ] --START--
INFO: Run Behavior\ShowPageTraceBehavior [ RunTime:0.000371s ]
INFO: [ app_end ] --END-- [ RunTime:0.000412s ]

