[ 2015-09-10T15:48:26+08:00 ] 220.181.108.179 /
SQL: SHOW COLUMNS FROM `gperf_task` [ RunTime:0.001334s ]
SQL: SHOW COLUMNS FROM `gperf_channel` [ RunTime:0.001067s ]
SQL: SELECT * FROM `gperf_channel` ORDER BY sort asc  [ RunTime:0.000372s ]
SQL: SHOW COLUMNS FROM `gperf_category` [ RunTime:0.001386s ]
SQL: SELECT * FROM `gperf_category` WHERE ( `name` = 'About' ) LIMIT 1   [ RunTime:0.000408s ]
SQL: SELECT * FROM `gperf_category` WHERE ( `pid` = 1 )  [ RunTime:0.000429s ]
SQL: SELECT * FROM `gperf_category` WHERE ( `name` = 'Service' ) LIMIT 1   [ RunTime:0.000335s ]
SQL: SELECT * FROM `gperf_category` WHERE ( `pid` = 41 )  [ RunTime:0.000340s ]
SQL: SELECT * FROM `gperf_category` WHERE ( `name` = 'Reports' ) LIMIT 1   [ RunTime:0.000394s ]
SQL: SELECT * FROM `gperf_category` WHERE ( `pid` = 52 )  [ RunTime:0.000481s ]
SQL: SELECT * FROM `gperf_category` WHERE ( `name` = 'News&Events' ) LIMIT 1   [ RunTime:0.000365s ]
SQL: SELECT * FROM `gperf_category` WHERE ( `pid` = 57 )  [ RunTime:0.000469s ]
SQL: SELECT * FROM `gperf_category` WHERE ( `name` = 'Documentations' ) LIMIT 1   [ RunTime:0.000287s ]
SQL: SELECT * FROM `gperf_category` WHERE ( `pid` = 61 )  [ RunTime:0.000211s ]
SQL: SELECT * FROM `gperf_category` WHERE ( `name` = 'Downloads' ) LIMIT 1   [ RunTime:0.000188s ]
SQL: SELECT * FROM `gperf_category` WHERE ( `pid` = 65 )  [ RunTime:0.000262s ]
INFO: [ view_parse ] --START--
INFO: [ template_filter ] --START--
INFO: Run Behavior\ContentReplaceBehavior [ RunTime:0.000071s ]
INFO: [ template_filter ] --END-- [ RunTime:0.000112s ]
INFO: Run Behavior\ParseTemplateBehavior [ RunTime:0.011892s ]
INFO: [ view_parse ] --END-- [ RunTime:0.011935s ]
INFO: [ view_filter ] --START--
INFO: Run Behavior\WriteHtmlCacheBehavior [ RunTime:0.000101s ]
INFO: [ view_filter ] --END-- [ RunTime:0.000136s ]
INFO: [ app_end ] --START--
INFO: Run Behavior\ShowPageTraceBehavior [ RunTime:0.000379s ]
INFO: [ app_end ] --END-- [ RunTime:0.000424s ]

[ 2015-09-10T16:34:43+08:00 ] 123.125.71.21 /
SQL: SHOW COLUMNS FROM `gperf_task` [ RunTime:0.001393s ]
SQL: SHOW COLUMNS FROM `gperf_channel` [ RunTime:0.001113s ]
SQL: SELECT * FROM `gperf_channel` ORDER BY sort asc  [ RunTime:0.000381s ]
SQL: SHOW COLUMNS FROM `gperf_category` [ RunTime:0.001369s ]
SQL: SELECT * FROM `gperf_category` WHERE ( `name` = 'About' ) LIMIT 1   [ RunTime:0.000430s ]
SQL: SELECT * FROM `gperf_category` WHERE ( `pid` = 1 )  [ RunTime:0.000486s ]
SQL: SELECT * FROM `gperf_category` WHERE ( `name` = 'Service' ) LIMIT 1   [ RunTime:0.000428s ]
SQL: SELECT * FROM `gperf_category` WHERE ( `pid` = 41 )  [ RunTime:0.000543s ]
SQL: SELECT * FROM `gperf_category` WHERE ( `name` = 'Reports' ) LIMIT 1   [ RunTime:0.000397s ]
SQL: SELECT * FROM `gperf_category` WHERE ( `pid` = 52 )  [ RunTime:0.000515s ]
SQL: SELECT * FROM `gperf_category` WHERE ( `name` = 'News&Events' ) LIMIT 1   [ RunTime:0.000465s ]
SQL: SELECT * FROM `gperf_category` WHERE ( `pid` = 57 )  [ RunTime:0.000454s ]
SQL: SELECT * FROM `gperf_category` WHERE ( `name` = 'Documentations' ) LIMIT 1   [ RunTime:0.000473s ]
SQL: SELECT * FROM `gperf_category` WHERE ( `pid` = 61 )  [ RunTime:0.000454s ]
SQL: SELECT * FROM `gperf_category` WHERE ( `name` = 'Downloads' ) LIMIT 1   [ RunTime:0.000461s ]
SQL: SELECT * FROM `gperf_category` WHERE ( `pid` = 65 )  [ RunTime:0.000509s ]
INFO: [ view_parse ] --START--
INFO: [ template_filter ] --START--
INFO: Run Behavior\ContentReplaceBehavior [ RunTime:0.000069s ]
INFO: [ template_filter ] --END-- [ RunTime:0.000112s ]
INFO: Run Behavior\ParseTemplateBehavior [ RunTime:0.019120s ]
INFO: [ view_parse ] --END-- [ RunTime:0.019183s ]
INFO: [ view_filter ] --START--
INFO: Run Behavior\WriteHtmlCacheBehavior [ RunTime:0.000095s ]
INFO: [ view_filter ] --END-- [ RunTime:0.000128s ]
INFO: [ app_end ] --START--
INFO: Run Behavior\ShowPageTraceBehavior [ RunTime:0.000356s ]
INFO: [ app_end ] --END-- [ RunTime:0.000400s ]

[ 2015-09-10T16:35:00+08:00 ] 220.181.108.184 /
SQL: SHOW COLUMNS FROM `gperf_task` [ RunTime:0.000814s ]
SQL: SHOW COLUMNS FROM `gperf_channel` [ RunTime:0.000677s ]
SQL: SELECT * FROM `gperf_channel` ORDER BY sort asc  [ RunTime:0.000225s ]
SQL: SHOW COLUMNS FROM `gperf_category` [ RunTime:0.000821s ]
SQL: SELECT * FROM `gperf_category` WHERE ( `name` = 'About' ) LIMIT 1   [ RunTime:0.000255s ]
SQL: SELECT * FROM `gperf_category` WHERE ( `pid` = 1 )  [ RunTime:0.000281s ]
SQL: SELECT * FROM `gperf_category` WHERE ( `name` = 'Service' ) LIMIT 1   [ RunTime:0.000238s ]
SQL: SELECT * FROM `gperf_category` WHERE ( `pid` = 41 )  [ RunTime:0.000264s ]
SQL: SELECT * FROM `gperf_category` WHERE ( `name` = 'Reports' ) LIMIT 1   [ RunTime:0.000225s ]
SQL: SELECT * FROM `gperf_category` WHERE ( `pid` = 52 )  [ RunTime:0.000263s ]
SQL: SELECT * FROM `gperf_category` WHERE ( `name` = 'News&Events' ) LIMIT 1   [ RunTime:0.000227s ]
SQL: SELECT * FROM `gperf_category` WHERE ( `pid` = 57 )  [ RunTime:0.000260s ]
SQL: SELECT * FROM `gperf_category` WHERE ( `name` = 'Documentations' ) LIMIT 1   [ RunTime:0.000224s ]
SQL: SELECT * FROM `gperf_category` WHERE ( `pid` = 61 )  [ RunTime:0.000253s ]
SQL: SELECT * FROM `gperf_category` WHERE ( `name` = 'Downloads' ) LIMIT 1   [ RunTime:0.000227s ]
SQL: SELECT * FROM `gperf_category` WHERE ( `pid` = 65 )  [ RunTime:0.000253s ]
INFO: [ view_parse ] --START--
INFO: [ template_filter ] --START--
INFO: Run Behavior\ContentReplaceBehavior [ RunTime:0.000071s ]
INFO: [ template_filter ] --END-- [ RunTime:0.000119s ]
INFO: Run Behavior\ParseTemplateBehavior [ RunTime:0.015427s ]
INFO: [ view_parse ] --END-- [ RunTime:0.015471s ]
INFO: [ view_filter ] --START--
INFO: Run Behavior\WriteHtmlCacheBehavior [ RunTime:0.000095s ]
INFO: [ view_filter ] --END-- [ RunTime:0.000129s ]
INFO: [ app_end ] --START--
INFO: Run Behavior\ShowPageTraceBehavior [ RunTime:0.000363s ]
INFO: [ app_end ] --END-- [ RunTime:0.000406s ]

[ 2015-09-10T17:04:16+08:00 ] 207.46.13.31 /
SQL: SHOW COLUMNS FROM `gperf_task` [ RunTime:0.001327s ]
SQL: SHOW COLUMNS FROM `gperf_channel` [ RunTime:0.001036s ]
SQL: SELECT * FROM `gperf_channel` ORDER BY sort asc  [ RunTime:0.000364s ]
SQL: SHOW COLUMNS FROM `gperf_category` [ RunTime:0.001427s ]
SQL: SELECT * FROM `gperf_category` WHERE ( `name` = 'About' ) LIMIT 1   [ RunTime:0.000404s ]
SQL: SELECT * FROM `gperf_category` WHERE ( `pid` = 1 )  [ RunTime:0.000428s ]
SQL: SELECT * FROM `gperf_category` WHERE ( `name` = 'Service' ) LIMIT 1   [ RunTime:0.000294s ]
SQL: SELECT * FROM `gperf_category` WHERE ( `pid` = 41 )  [ RunTime:0.000382s ]
SQL: SELECT * FROM `gperf_category` WHERE ( `name` = 'Reports' ) LIMIT 1   [ RunTime:0.000315s ]
SQL: SELECT * FROM `gperf_category` WHERE ( `pid` = 52 )  [ RunTime:0.000386s ]
SQL: SELECT * FROM `gperf_category` WHERE ( `name` = 'News&Events' ) LIMIT 1   [ RunTime:0.000429s ]
SQL: SELECT * FROM `gperf_category` WHERE ( `pid` = 57 )  [ RunTime:0.000462s ]
SQL: SELECT * FROM `gperf_category` WHERE ( `name` = 'Documentations' ) LIMIT 1   [ RunTime:0.000353s ]
SQL: SELECT * FROM `gperf_category` WHERE ( `pid` = 61 )  [ RunTime:0.000367s ]
SQL: SELECT * FROM `gperf_category` WHERE ( `name` = 'Downloads' ) LIMIT 1   [ RunTime:0.000339s ]
SQL: SELECT * FROM `gperf_category` WHERE ( `pid` = 65 )  [ RunTime:0.000346s ]
INFO: [ view_parse ] --START--
INFO: [ template_filter ] --START--
INFO: Run Behavior\ContentReplaceBehavior [ RunTime:0.000071s ]
INFO: [ template_filter ] --END-- [ RunTime:0.000112s ]
INFO: Run Behavior\ParseTemplateBehavior [ RunTime:0.015950s ]
INFO: [ view_parse ] --END-- [ RunTime:0.015996s ]
INFO: [ view_filter ] --START--
INFO: Run Behavior\WriteHtmlCacheBehavior [ RunTime:0.000099s ]
INFO: [ view_filter ] --END-- [ RunTime:0.000133s ]
INFO: [ app_end ] --START--
INFO: Run Behavior\ShowPageTraceBehavior [ RunTime:0.000361s ]
INFO: [ app_end ] --END-- [ RunTime:0.000404s ]

[ 2015-09-10T17:07:22+08:00 ] 207.46.13.152 /
SQL: SHOW COLUMNS FROM `gperf_task` [ RunTime:0.001359s ]
SQL: SHOW COLUMNS FROM `gperf_channel` [ RunTime:0.001214s ]
SQL: SELECT * FROM `gperf_channel` ORDER BY sort asc  [ RunTime:0.000396s ]
SQL: SHOW COLUMNS FROM `gperf_category` [ RunTime:0.001367s ]
SQL: SELECT * FROM `gperf_category` WHERE ( `name` = 'About' ) LIMIT 1   [ RunTime:0.000436s ]
SQL: SELECT * FROM `gperf_category` WHERE ( `pid` = 1 )  [ RunTime:0.000491s ]
SQL: SELECT * FROM `gperf_category` WHERE ( `name` = 'Service' ) LIMIT 1   [ RunTime:0.000351s ]
SQL: SELECT * FROM `gperf_category` WHERE ( `pid` = 41 )  [ RunTime:0.000378s ]
SQL: SELECT * FROM `gperf_category` WHERE ( `name` = 'Reports' ) LIMIT 1   [ RunTime:0.000470s ]
SQL: SELECT * FROM `gperf_category` WHERE ( `pid` = 52 )  [ RunTime:0.000529s ]
SQL: SELECT * FROM `gperf_category` WHERE ( `name` = 'News&Events' ) LIMIT 1   [ RunTime:0.000425s ]
SQL: SELECT * FROM `gperf_category` WHERE ( `pid` = 57 )  [ RunTime:0.000438s ]
SQL: SELECT * FROM `gperf_category` WHERE ( `name` = 'Documentations' ) LIMIT 1   [ RunTime:0.000474s ]
SQL: SELECT * FROM `gperf_category` WHERE ( `pid` = 61 )  [ RunTime:0.000540s ]
SQL: SELECT * FROM `gperf_category` WHERE ( `name` = 'Downloads' ) LIMIT 1   [ RunTime:0.000477s ]
SQL: SELECT * FROM `gperf_category` WHERE ( `pid` = 65 )  [ RunTime:0.000533s ]
INFO: [ view_parse ] --START--
INFO: [ template_filter ] --START--
INFO: Run Behavior\ContentReplaceBehavior [ RunTime:0.000072s ]
INFO: [ template_filter ] --END-- [ RunTime:0.000114s ]
INFO: Run Behavior\ParseTemplateBehavior [ RunTime:0.020708s ]
INFO: [ view_parse ] --END-- [ RunTime:0.020772s ]
INFO: [ view_filter ] --START--
INFO: Run Behavior\WriteHtmlCacheBehavior [ RunTime:0.000093s ]
INFO: [ view_filter ] --END-- [ RunTime:0.000128s ]
INFO: [ app_end ] --START--
INFO: Run Behavior\ShowPageTraceBehavior [ RunTime:0.000394s ]
INFO: [ app_end ] --END-- [ RunTime:0.000438s ]

[ 2015-09-10T17:35:53+08:00 ] 123.125.71.45 /
SQL: SHOW COLUMNS FROM `gperf_task` [ RunTime:0.001433s ]
SQL: SHOW COLUMNS FROM `gperf_channel` [ RunTime:0.001065s ]
SQL: SELECT * FROM `gperf_channel` ORDER BY sort asc  [ RunTime:0.000389s ]
SQL: SHOW COLUMNS FROM `gperf_category` [ RunTime:0.001453s ]
SQL: SELECT * FROM `gperf_category` WHERE ( `name` = 'About' ) LIMIT 1   [ RunTime:0.000435s ]
SQL: SELECT * FROM `gperf_category` WHERE ( `pid` = 1 )  [ RunTime:0.000419s ]
SQL: SELECT * FROM `gperf_category` WHERE ( `name` = 'Service' ) LIMIT 1   [ RunTime:0.000381s ]
SQL: SELECT * FROM `gperf_category` WHERE ( `pid` = 41 )  [ RunTime:0.000537s ]
SQL: SELECT * FROM `gperf_category` WHERE ( `name` = 'Reports' ) LIMIT 1   [ RunTime:0.000479s ]
SQL: SELECT * FROM `gperf_category` WHERE ( `pid` = 52 )  [ RunTime:0.000481s ]
SQL: SELECT * FROM `gperf_category` WHERE ( `name` = 'News&Events' ) LIMIT 1   [ RunTime:0.000392s ]
SQL: SELECT * FROM `gperf_category` WHERE ( `pid` = 57 )  [ RunTime:0.000532s ]
SQL: SELECT * FROM `gperf_category` WHERE ( `name` = 'Documentations' ) LIMIT 1   [ RunTime:0.000474s ]
SQL: SELECT * FROM `gperf_category` WHERE ( `pid` = 61 )  [ RunTime:0.000536s ]
SQL: SELECT * FROM `gperf_category` WHERE ( `name` = 'Downloads' ) LIMIT 1   [ RunTime:0.000415s ]
SQL: SELECT * FROM `gperf_category` WHERE ( `pid` = 65 )  [ RunTime:0.000539s ]
INFO: [ view_parse ] --START--
INFO: [ template_filter ] --START--
INFO: Run Behavior\ContentReplaceBehavior [ RunTime:0.000069s ]
INFO: [ template_filter ] --END-- [ RunTime:0.000111s ]
INFO: Run Behavior\ParseTemplateBehavior [ RunTime:0.018281s ]
INFO: [ view_parse ] --END-- [ RunTime:0.018347s ]
INFO: [ view_filter ] --START--
INFO: Run Behavior\WriteHtmlCacheBehavior [ RunTime:0.000094s ]
INFO: [ view_filter ] --END-- [ RunTime:0.000128s ]
INFO: [ app_end ] --START--
INFO: Run Behavior\ShowPageTraceBehavior [ RunTime:0.000387s ]
INFO: [ app_end ] --END-- [ RunTime:0.000431s ]

[ 2015-09-10T17:36:12+08:00 ] 220.181.108.145 /
SQL: SHOW COLUMNS FROM `gperf_task` [ RunTime:0.001353s ]
SQL: SHOW COLUMNS FROM `gperf_channel` [ RunTime:0.001096s ]
SQL: SELECT * FROM `gperf_channel` ORDER BY sort asc  [ RunTime:0.000391s ]
SQL: SHOW COLUMNS FROM `gperf_category` [ RunTime:0.001430s ]
SQL: SELECT * FROM `gperf_category` WHERE ( `name` = 'About' ) LIMIT 1   [ RunTime:0.000451s ]
SQL: SELECT * FROM `gperf_category` WHERE ( `pid` = 1 )  [ RunTime:0.000439s ]
SQL: SELECT * FROM `gperf_category` WHERE ( `name` = 'Service' ) LIMIT 1   [ RunTime:0.000461s ]
SQL: SELECT * FROM `gperf_category` WHERE ( `pid` = 41 )  [ RunTime:0.000530s ]
SQL: SELECT * FROM `gperf_category` WHERE ( `name` = 'Reports' ) LIMIT 1   [ RunTime:0.000466s ]
SQL: SELECT * FROM `gperf_category` WHERE ( `pid` = 52 )  [ RunTime:0.000473s ]
SQL: SELECT * FROM `gperf_category` WHERE ( `name` = 'News&Events' ) LIMIT 1   [ RunTime:0.000400s ]
SQL: SELECT * FROM `gperf_category` WHERE ( `pid` = 57 )  [ RunTime:0.000515s ]
SQL: SELECT * FROM `gperf_category` WHERE ( `name` = 'Documentations' ) LIMIT 1   [ RunTime:0.000464s ]
SQL: SELECT * FROM `gperf_category` WHERE ( `pid` = 61 )  [ RunTime:0.000530s ]
SQL: SELECT * FROM `gperf_category` WHERE ( `name` = 'Downloads' ) LIMIT 1   [ RunTime:0.000410s ]
SQL: SELECT * FROM `gperf_category` WHERE ( `pid` = 65 )  [ RunTime:0.000445s ]
INFO: [ view_parse ] --START--
INFO: [ template_filter ] --START--
INFO: Run Behavior\ContentReplaceBehavior [ RunTime:0.000076s ]
INFO: [ template_filter ] --END-- [ RunTime:0.000120s ]
INFO: Run Behavior\ParseTemplateBehavior [ RunTime:0.016937s ]
INFO: [ view_parse ] --END-- [ RunTime:0.017001s ]
INFO: [ view_filter ] --START--
INFO: Run Behavior\WriteHtmlCacheBehavior [ RunTime:0.000097s ]
INFO: [ view_filter ] --END-- [ RunTime:0.000131s ]
INFO: [ app_end ] --START--
INFO: Run Behavior\ShowPageTraceBehavior [ RunTime:0.000394s ]
INFO: [ app_end ] --END-- [ RunTime:0.000441s ]

[ 2015-09-10T18:37:08+08:00 ] 123.125.71.69 /
SQL: SHOW COLUMNS FROM `gperf_task` [ RunTime:0.001385s ]
SQL: SHOW COLUMNS FROM `gperf_channel` [ RunTime:0.001205s ]
SQL: SELECT * FROM `gperf_channel` ORDER BY sort asc  [ RunTime:0.000388s ]
SQL: SHOW COLUMNS FROM `gperf_category` [ RunTime:0.001497s ]
SQL: SELECT * FROM `gperf_category` WHERE ( `name` = 'About' ) LIMIT 1   [ RunTime:0.000513s ]
SQL: SELECT * FROM `gperf_category` WHERE ( `pid` = 1 )  [ RunTime:0.000442s ]
SQL: SELECT * FROM `gperf_category` WHERE ( `name` = 'Service' ) LIMIT 1   [ RunTime:0.000406s ]
SQL: SELECT * FROM `gperf_category` WHERE ( `pid` = 41 )  [ RunTime:0.000478s ]
SQL: SELECT * FROM `gperf_category` WHERE ( `name` = 'Reports' ) LIMIT 1   [ RunTime:0.000355s ]
SQL: SELECT * FROM `gperf_category` WHERE ( `pid` = 52 )  [ RunTime:0.000374s ]
SQL: SELECT * FROM `gperf_category` WHERE ( `name` = 'News&Events' ) LIMIT 1   [ RunTime:0.000468s ]
SQL: SELECT * FROM `gperf_category` WHERE ( `pid` = 57 )  [ RunTime:0.000470s ]
SQL: SELECT * FROM `gperf_category` WHERE ( `name` = 'Documentations' ) LIMIT 1   [ RunTime:0.000376s ]
SQL: SELECT * FROM `gperf_category` WHERE ( `pid` = 61 )  [ RunTime:0.000425s ]
SQL: SELECT * FROM `gperf_category` WHERE ( `name` = 'Downloads' ) LIMIT 1   [ RunTime:0.000471s ]
SQL: SELECT * FROM `gperf_category` WHERE ( `pid` = 65 )  [ RunTime:0.000521s ]
INFO: [ view_parse ] --START--
INFO: [ template_filter ] --START--
INFO: Run Behavior\ContentReplaceBehavior [ RunTime:0.000080s ]
INFO: [ template_filter ] --END-- [ RunTime:0.000122s ]
INFO: Run Behavior\ParseTemplateBehavior [ RunTime:0.015751s ]
INFO: [ view_parse ] --END-- [ RunTime:0.015815s ]
INFO: [ view_filter ] --START--
INFO: Run Behavior\WriteHtmlCacheBehavior [ RunTime:0.000096s ]
INFO: [ view_filter ] --END-- [ RunTime:0.000130s ]
INFO: [ app_end ] --START--
INFO: Run Behavior\ShowPageTraceBehavior [ RunTime:0.000382s ]
INFO: [ app_end ] --END-- [ RunTime:0.000424s ]

[ 2015-09-10T19:01:41+08:00 ] 221.194.128.223 /
SQL: SHOW COLUMNS FROM `gperf_task` [ RunTime:0.001344s ]
SQL: SHOW COLUMNS FROM `gperf_channel` [ RunTime:0.001165s ]
SQL: SELECT * FROM `gperf_channel` ORDER BY sort asc  [ RunTime:0.000301s ]
SQL: SHOW COLUMNS FROM `gperf_category` [ RunTime:0.001441s ]
SQL: SELECT * FROM `gperf_category` WHERE ( `name` = 'About' ) LIMIT 1   [ RunTime:0.000359s ]
SQL: SELECT * FROM `gperf_category` WHERE ( `pid` = 1 )  [ RunTime:0.000420s ]
SQL: SELECT * FROM `gperf_category` WHERE ( `name` = 'Service' ) LIMIT 1   [ RunTime:0.000331s ]
SQL: SELECT * FROM `gperf_category` WHERE ( `pid` = 41 )  [ RunTime:0.000355s ]
SQL: SELECT * FROM `gperf_category` WHERE ( `name` = 'Reports' ) LIMIT 1   [ RunTime:0.000341s ]
SQL: SELECT * FROM `gperf_category` WHERE ( `pid` = 52 )  [ RunTime:0.000355s ]
SQL: SELECT * FROM `gperf_category` WHERE ( `name` = 'News&Events' ) LIMIT 1   [ RunTime:0.000466s ]
SQL: SELECT * FROM `gperf_category` WHERE ( `pid` = 57 )  [ RunTime:0.000462s ]
SQL: SELECT * FROM `gperf_category` WHERE ( `name` = 'Documentations' ) LIMIT 1   [ RunTime:0.000385s ]
SQL: SELECT * FROM `gperf_category` WHERE ( `pid` = 61 )  [ RunTime:0.000525s ]
SQL: SELECT * FROM `gperf_category` WHERE ( `name` = 'Downloads' ) LIMIT 1   [ RunTime:0.000471s ]
SQL: SELECT * FROM `gperf_category` WHERE ( `pid` = 65 )  [ RunTime:0.000510s ]
INFO: [ view_parse ] --START--
INFO: [ template_filter ] --START--
INFO: Run Behavior\ContentReplaceBehavior [ RunTime:0.000074s ]
INFO: [ template_filter ] --END-- [ RunTime:0.000118s ]
INFO: Run Behavior\ParseTemplateBehavior [ RunTime:0.019155s ]
INFO: [ view_parse ] --END-- [ RunTime:0.019219s ]
INFO: [ view_filter ] --START--
INFO: Run Behavior\WriteHtmlCacheBehavior [ RunTime:0.000093s ]
INFO: [ view_filter ] --END-- [ RunTime:0.000128s ]
INFO: [ app_end ] --START--
INFO: Run Behavior\ShowPageTraceBehavior [ RunTime:0.000380s ]
INFO: [ app_end ] --END-- [ RunTime:0.000419s ]

[ 2015-09-10T19:35:02+08:00 ] 123.125.71.77 /
SQL: SHOW COLUMNS FROM `gperf_task` [ RunTime:0.001385s ]
SQL: SHOW COLUMNS FROM `gperf_channel` [ RunTime:0.001058s ]
SQL: SELECT * FROM `gperf_channel` ORDER BY sort asc  [ RunTime:0.000392s ]
SQL: SHOW COLUMNS FROM `gperf_category` [ RunTime:0.001404s ]
SQL: SELECT * FROM `gperf_category` WHERE ( `name` = 'About' ) LIMIT 1   [ RunTime:0.000441s ]
SQL: SELECT * FROM `gperf_category` WHERE ( `pid` = 1 )  [ RunTime:0.000434s ]
SQL: SELECT * FROM `gperf_category` WHERE ( `name` = 'Service' ) LIMIT 1   [ RunTime:0.000312s ]
SQL: SELECT * FROM `gperf_category` WHERE ( `pid` = 41 )  [ RunTime:0.000479s ]
SQL: SELECT * FROM `gperf_category` WHERE ( `name` = 'Reports' ) LIMIT 1   [ RunTime:0.000508s ]
SQL: SELECT * FROM `gperf_category` WHERE ( `pid` = 52 )  [ RunTime:0.000478s ]
SQL: SELECT * FROM `gperf_category` WHERE ( `name` = 'News&Events' ) LIMIT 1   [ RunTime:0.000477s ]
SQL: SELECT * FROM `gperf_category` WHERE ( `pid` = 57 )  [ RunTime:0.000528s ]
SQL: SELECT * FROM `gperf_category` WHERE ( `name` = 'Documentations' ) LIMIT 1   [ RunTime:0.000475s ]
SQL: SELECT * FROM `gperf_category` WHERE ( `pid` = 61 )  [ RunTime:0.000529s ]
SQL: SELECT * FROM `gperf_category` WHERE ( `name` = 'Downloads' ) LIMIT 1   [ RunTime:0.000491s ]
SQL: SELECT * FROM `gperf_category` WHERE ( `pid` = 65 )  [ RunTime:0.000527s ]
INFO: [ view_parse ] --START--
INFO: [ template_filter ] --START--
INFO: Run Behavior\ContentReplaceBehavior [ RunTime:0.000084s ]
INFO: [ template_filter ] --END-- [ RunTime:0.000128s ]
INFO: Run Behavior\ParseTemplateBehavior [ RunTime:0.018467s ]
INFO: [ view_parse ] --END-- [ RunTime:0.018535s ]
INFO: [ view_filter ] --START--
INFO: Run Behavior\WriteHtmlCacheBehavior [ RunTime:0.000098s ]
INFO: [ view_filter ] --END-- [ RunTime:0.000141s ]
INFO: [ app_end ] --START--
INFO: Run Behavior\ShowPageTraceBehavior [ RunTime:0.000376s ]
INFO: [ app_end ] --END-- [ RunTime:0.000418s ]

[ 2015-09-10T19:35:22+08:00 ] 220.181.108.115 /
SQL: SHOW COLUMNS FROM `gperf_task` [ RunTime:0.001381s ]
SQL: SHOW COLUMNS FROM `gperf_channel` [ RunTime:0.001211s ]
SQL: SELECT * FROM `gperf_channel` ORDER BY sort asc  [ RunTime:0.000397s ]
SQL: SHOW COLUMNS FROM `gperf_category` [ RunTime:0.001373s ]
SQL: SELECT * FROM `gperf_category` WHERE ( `name` = 'About' ) LIMIT 1   [ RunTime:0.000440s ]
SQL: SELECT * FROM `gperf_category` WHERE ( `pid` = 1 )  [ RunTime:0.000558s ]
SQL: SELECT * FROM `gperf_category` WHERE ( `name` = 'Service' ) LIMIT 1   [ RunTime:0.000478s ]
SQL: SELECT * FROM `gperf_category` WHERE ( `pid` = 41 )  [ RunTime:0.000483s ]
SQL: SELECT * FROM `gperf_category` WHERE ( `name` = 'Reports' ) LIMIT 1   [ RunTime:0.000389s ]
SQL: SELECT * FROM `gperf_category` WHERE ( `pid` = 52 )  [ RunTime:0.000530s ]
SQL: SELECT * FROM `gperf_category` WHERE ( `name` = 'News&Events' ) LIMIT 1   [ RunTime:0.000481s ]
SQL: SELECT * FROM `gperf_category` WHERE ( `pid` = 57 )  [ RunTime:0.000513s ]
SQL: SELECT * FROM `gperf_category` WHERE ( `name` = 'Documentations' ) LIMIT 1   [ RunTime:0.000471s ]
SQL: SELECT * FROM `gperf_category` WHERE ( `pid` = 61 )  [ RunTime:0.000484s ]
SQL: SELECT * FROM `gperf_category` WHERE ( `name` = 'Downloads' ) LIMIT 1   [ RunTime:0.000398s ]
SQL: SELECT * FROM `gperf_category` WHERE ( `pid` = 65 )  [ RunTime:0.000521s ]
INFO: [ view_parse ] --START--
INFO: [ template_filter ] --START--
INFO: Run Behavior\ContentReplaceBehavior [ RunTime:0.000079s ]
INFO: [ template_filter ] --END-- [ RunTime:0.000121s ]
INFO: Run Behavior\ParseTemplateBehavior [ RunTime:0.019665s ]
INFO: [ view_parse ] --END-- [ RunTime:0.019729s ]
INFO: [ view_filter ] --START--
INFO: Run Behavior\WriteHtmlCacheBehavior [ RunTime:0.000102s ]
INFO: [ view_filter ] --END-- [ RunTime:0.000138s ]
INFO: [ app_end ] --START--
INFO: Run Behavior\ShowPageTraceBehavior [ RunTime:0.000373s ]
INFO: [ app_end ] --END-- [ RunTime:0.000414s ]

[ 2015-09-10T20:42:38+08:00 ] 123.125.71.73 /
SQL: SHOW COLUMNS FROM `gperf_task` [ RunTime:0.001313s ]
SQL: SHOW COLUMNS FROM `gperf_channel` [ RunTime:0.001126s ]
SQL: SELECT * FROM `gperf_channel` ORDER BY sort asc  [ RunTime:0.000314s ]
SQL: SHOW COLUMNS FROM `gperf_category` [ RunTime:0.001272s ]
SQL: SELECT * FROM `gperf_category` WHERE ( `name` = 'About' ) LIMIT 1   [ RunTime:0.000334s ]
SQL: SELECT * FROM `gperf_category` WHERE ( `pid` = 1 )  [ RunTime:0.000384s ]
SQL: SELECT * FROM `gperf_category` WHERE ( `name` = 'Service' ) LIMIT 1   [ RunTime:0.000285s ]
SQL: SELECT * FROM `gperf_category` WHERE ( `pid` = 41 )  [ RunTime:0.000394s ]
SQL: SELECT * FROM `gperf_category` WHERE ( `name` = 'Reports' ) LIMIT 1   [ RunTime:0.000305s ]
SQL: SELECT * FROM `gperf_category` WHERE ( `pid` = 52 )  [ RunTime:0.000366s ]
SQL: SELECT * FROM `gperf_category` WHERE ( `name` = 'News&Events' ) LIMIT 1   [ RunTime:0.000302s ]
SQL: SELECT * FROM `gperf_category` WHERE ( `pid` = 57 )  [ RunTime:0.000350s ]
SQL: SELECT * FROM `gperf_category` WHERE ( `name` = 'Documentations' ) LIMIT 1   [ RunTime:0.000317s ]
SQL: SELECT * FROM `gperf_category` WHERE ( `pid` = 61 )  [ RunTime:0.000373s ]
SQL: SELECT * FROM `gperf_category` WHERE ( `name` = 'Downloads' ) LIMIT 1   [ RunTime:0.000312s ]
SQL: SELECT * FROM `gperf_category` WHERE ( `pid` = 65 )  [ RunTime:0.000375s ]
INFO: [ view_parse ] --START--
INFO: [ template_filter ] --START--
INFO: Run Behavior\ContentReplaceBehavior [ RunTime:0.000083s ]
INFO: [ template_filter ] --END-- [ RunTime:0.000127s ]
INFO: Run Behavior\ParseTemplateBehavior [ RunTime:0.011488s ]
INFO: [ view_parse ] --END-- [ RunTime:0.011532s ]
INFO: [ view_filter ] --START--
INFO: Run Behavior\WriteHtmlCacheBehavior [ RunTime:0.000096s ]
INFO: [ view_filter ] --END-- [ RunTime:0.000132s ]
INFO: [ app_end ] --START--
INFO: Run Behavior\ShowPageTraceBehavior [ RunTime:0.000374s ]
INFO: [ app_end ] --END-- [ RunTime:0.000416s ]

[ 2015-09-10T20:42:48+08:00 ] 220.181.108.157 /
SQL: SHOW COLUMNS FROM `gperf_task` [ RunTime:0.001339s ]
SQL: SHOW COLUMNS FROM `gperf_channel` [ RunTime:0.001057s ]
SQL: SELECT * FROM `gperf_channel` ORDER BY sort asc  [ RunTime:0.000282s ]
SQL: SHOW COLUMNS FROM `gperf_category` [ RunTime:0.001312s ]
SQL: SELECT * FROM `gperf_category` WHERE ( `name` = 'About' ) LIMIT 1   [ RunTime:0.000381s ]
SQL: SELECT * FROM `gperf_category` WHERE ( `pid` = 1 )  [ RunTime:0.000506s ]
SQL: SELECT * FROM `gperf_category` WHERE ( `name` = 'Service' ) LIMIT 1   [ RunTime:0.000436s ]
SQL: SELECT * FROM `gperf_category` WHERE ( `pid` = 41 )  [ RunTime:0.000418s ]
SQL: SELECT * FROM `gperf_category` WHERE ( `name` = 'Reports' ) LIMIT 1   [ RunTime:0.000346s ]
SQL: SELECT * FROM `gperf_category` WHERE ( `pid` = 52 )  [ RunTime:0.000479s ]
SQL: SELECT * FROM `gperf_category` WHERE ( `name` = 'News&Events' ) LIMIT 1   [ RunTime:0.000368s ]
SQL: SELECT * FROM `gperf_category` WHERE ( `pid` = 57 )  [ RunTime:0.000368s ]
SQL: SELECT * FROM `gperf_category` WHERE ( `name` = 'Documentations' ) LIMIT 1   [ RunTime:0.000335s ]
SQL: SELECT * FROM `gperf_category` WHERE ( `pid` = 61 )  [ RunTime:0.000371s ]
SQL: SELECT * FROM `gperf_category` WHERE ( `name` = 'Downloads' ) LIMIT 1   [ RunTime:0.000357s ]
SQL: SELECT * FROM `gperf_category` WHERE ( `pid` = 65 )  [ RunTime:0.000352s ]
INFO: [ view_parse ] --START--
INFO: [ template_filter ] --START--
INFO: Run Behavior\ContentReplaceBehavior [ RunTime:0.000078s ]
INFO: [ template_filter ] --END-- [ RunTime:0.000121s ]
INFO: Run Behavior\ParseTemplateBehavior [ RunTime:0.012807s ]
INFO: [ view_parse ] --END-- [ RunTime:0.012873s ]
INFO: [ view_filter ] --START--
INFO: Run Behavior\WriteHtmlCacheBehavior [ RunTime:0.000095s ]
INFO: [ view_filter ] --END-- [ RunTime:0.000139s ]
INFO: [ app_end ] --START--
INFO: Run Behavior\ShowPageTraceBehavior [ RunTime:0.000373s ]
INFO: [ app_end ] --END-- [ RunTime:0.000415s ]

[ 2015-09-10T21:24:13+08:00 ] 85.1.38.244 /
SQL: SHOW COLUMNS FROM `gperf_task` [ RunTime:0.001335s ]
SQL: SHOW COLUMNS FROM `gperf_channel` [ RunTime:0.001035s ]
SQL: SELECT * FROM `gperf_channel` ORDER BY sort asc  [ RunTime:0.000315s ]
SQL: SHOW COLUMNS FROM `gperf_category` [ RunTime:0.001286s ]
SQL: SELECT * FROM `gperf_category` WHERE ( `name` = 'About' ) LIMIT 1   [ RunTime:0.000352s ]
SQL: SELECT * FROM `gperf_category` WHERE ( `pid` = 1 )  [ RunTime:0.000410s ]
SQL: SELECT * FROM `gperf_category` WHERE ( `name` = 'Service' ) LIMIT 1   [ RunTime:0.000341s ]
SQL: SELECT * FROM `gperf_category` WHERE ( `pid` = 41 )  [ RunTime:0.000345s ]
SQL: SELECT * FROM `gperf_category` WHERE ( `name` = 'Reports' ) LIMIT 1   [ RunTime:0.000313s ]
SQL: SELECT * FROM `gperf_category` WHERE ( `pid` = 52 )  [ RunTime:0.000348s ]
SQL: SELECT * FROM `gperf_category` WHERE ( `name` = 'News&Events' ) LIMIT 1   [ RunTime:0.000315s ]
SQL: SELECT * FROM `gperf_category` WHERE ( `pid` = 57 )  [ RunTime:0.000331s ]
SQL: SELECT * FROM `gperf_category` WHERE ( `name` = 'Documentations' ) LIMIT 1   [ RunTime:0.000345s ]
SQL: SELECT * FROM `gperf_category` WHERE ( `pid` = 61 )  [ RunTime:0.000365s ]
SQL: SELECT * FROM `gperf_category` WHERE ( `name` = 'Downloads' ) LIMIT 1   [ RunTime:0.000316s ]
SQL: SELECT * FROM `gperf_category` WHERE ( `pid` = 65 )  [ RunTime:0.000309s ]
INFO: [ view_parse ] --START--
INFO: [ template_filter ] --START--
INFO: Run Behavior\ContentReplaceBehavior [ RunTime:0.000072s ]
INFO: [ template_filter ] --END-- [ RunTime:0.000112s ]
INFO: Run Behavior\ParseTemplateBehavior [ RunTime:0.015433s ]
INFO: [ view_parse ] --END-- [ RunTime:0.015476s ]
INFO: [ view_filter ] --START--
INFO: Run Behavior\WriteHtmlCacheBehavior [ RunTime:0.000094s ]
INFO: [ view_filter ] --END-- [ RunTime:0.000128s ]
INFO: [ app_end ] --START--
INFO: Run Behavior\ShowPageTraceBehavior [ RunTime:0.000350s ]
INFO: [ app_end ] --END-- [ RunTime:0.000389s ]

[ 2015-09-10T21:24:38+08:00 ] 85.1.38.244 /index.php?s=/Home/Index/search.html
SQL: SHOW COLUMNS FROM `gperf_task` [ RunTime:0.001389s ]
SQL: SHOW COLUMNS FROM `gperf_probe_group` [ RunTime:0.000982s ]
SQL: SELECT * FROM `gperf_probe_group`  [ RunTime:0.000324s ]
NOTIC: [2] inet_pton(): Unrecognized address United States of America /var/www/html/ThinkPHP/Common/functions.php 第 1704 行.
SQL: SHOW COLUMNS FROM `gperf_open_probe` [ RunTime:0.001308s ]
SQL: SELECT * FROM `gperf_open_probe` WHERE ( country like 'United States of America' and status=1 )  [ RunTime:0.006815s ]
SQL: SHOW COLUMNS FROM `gperf_probe` [ RunTime:0.001461s ]
SQL: SELECT * FROM `gperf_probe` WHERE ( country like 'United States of America' and status=1 )  [ RunTime:0.000981s ]
SQL: SELECT DISTINCT  `country` FROM `gperf_probe` WHERE ( `status` = 1 )  [ RunTime:0.000884s ]
SQL: SELECT DISTINCT  `organization` FROM `gperf_probe` WHERE ( `country` = 'USA' ) AND ( `status` = 1 )  [ RunTime:0.000876s ]
SQL: SELECT DISTINCT  `organization` FROM `gperf_probe` WHERE ( `country` = 'China' ) AND ( `status` = 1 )  [ RunTime:0.000910s ]
SQL: SHOW COLUMNS FROM `gperf_channel` [ RunTime:0.001209s ]
SQL: SELECT * FROM `gperf_channel` ORDER BY sort asc  [ RunTime:0.000437s ]
SQL: SHOW COLUMNS FROM `gperf_category` [ RunTime:0.001454s ]
SQL: SELECT * FROM `gperf_category` WHERE ( `name` = 'About' ) LIMIT 1   [ RunTime:0.000424s ]
SQL: SELECT * FROM `gperf_category` WHERE ( `pid` = 1 )  [ RunTime:0.000491s ]
SQL: SELECT * FROM `gperf_category` WHERE ( `name` = 'Service' ) LIMIT 1   [ RunTime:0.000472s ]
SQL: SELECT * FROM `gperf_category` WHERE ( `pid` = 41 )  [ RunTime:0.000525s ]
SQL: SELECT * FROM `gperf_category` WHERE ( `name` = 'Reports' ) LIMIT 1   [ RunTime:0.000468s ]
SQL: SELECT * FROM `gperf_category` WHERE ( `pid` = 52 )  [ RunTime:0.000466s ]
SQL: SELECT * FROM `gperf_category` WHERE ( `name` = 'News&Events' ) LIMIT 1   [ RunTime:0.000383s ]
SQL: SELECT * FROM `gperf_category` WHERE ( `pid` = 57 )  [ RunTime:0.000522s ]
SQL: SELECT * FROM `gperf_category` WHERE ( `name` = 'Documentations' ) LIMIT 1   [ RunTime:0.000481s ]
SQL: SELECT * FROM `gperf_category` WHERE ( `pid` = 61 )  [ RunTime:0.000534s ]
SQL: SELECT * FROM `gperf_category` WHERE ( `name` = 'Downloads' ) LIMIT 1   [ RunTime:0.000432s ]
SQL: SELECT * FROM `gperf_category` WHERE ( `pid` = 65 )  [ RunTime:0.000469s ]
INFO: [ view_parse ] --START--
INFO: [ template_filter ] --START--
INFO: Run Behavior\ContentReplaceBehavior [ RunTime:0.000104s ]
INFO: [ template_filter ] --END-- [ RunTime:0.000146s ]
INFO: Run Behavior\ParseTemplateBehavior [ RunTime:0.028625s ]
INFO: [ view_parse ] --END-- [ RunTime:0.028693s ]
INFO: [ view_filter ] --START--
INFO: Run Behavior\WriteHtmlCacheBehavior [ RunTime:0.000099s ]
INFO: [ view_filter ] --END-- [ RunTime:0.000138s ]
INFO: [ app_end ] --START--
INFO: Run Behavior\ShowPageTraceBehavior [ RunTime:0.000797s ]
INFO: [ app_end ] --END-- [ RunTime:0.000902s ]

[ 2015-09-10T21:25:22+08:00 ] 85.1.38.244 /index.php?s=/Home/Index/getProbesByOrg&org=Washington
INFO: [ app_begin ] --START--
INFO: Run Behavior\ReadHtmlCacheBehavior [ RunTime:0.000352s ]
INFO: [ app_begin ] --END-- [ RunTime:0.000406s ]
SQL: SHOW COLUMNS FROM `gperf_config` [ RunTime:0.001601s ]
SQL: SELECT `type`,`name`,`value` FROM `gperf_config` WHERE ( `status` = 1 )  [ RunTime:0.000549s ]
SQL: SHOW COLUMNS FROM `gperf_task` [ RunTime:0.001394s ]
SQL: SHOW COLUMNS FROM `gperf_probe` [ RunTime:0.001432s ]
SQL: SELECT `pid`,`name`,`city`,`country`,`ip`,`organization`,`mid`,`running_status`,`position` FROM `gperf_probe` WHERE ( `organization` = 'Washington' ) AND ( `status` = 1 )  [ RunTime:0.000999s ]

[ 2015-09-10T21:25:28+08:00 ] 85.1.38.244 /index.php?s=/Home/Index/getProbesByOrg&org=BUPT
INFO: [ app_begin ] --START--
INFO: Run Behavior\ReadHtmlCacheBehavior [ RunTime:0.000320s ]
INFO: [ app_begin ] --END-- [ RunTime:0.000363s ]
SQL: SHOW COLUMNS FROM `gperf_config` [ RunTime:0.001352s ]
SQL: SELECT `type`,`name`,`value` FROM `gperf_config` WHERE ( `status` = 1 )  [ RunTime:0.000515s ]
SQL: SHOW COLUMNS FROM `gperf_task` [ RunTime:0.001410s ]
SQL: SHOW COLUMNS FROM `gperf_probe` [ RunTime:0.001305s ]
SQL: SELECT `pid`,`name`,`city`,`country`,`ip`,`organization`,`mid`,`running_status`,`position` FROM `gperf_probe` WHERE ( `organization` = 'BUPT' ) AND ( `status` = 1 )  [ RunTime:0.000914s ]

[ 2015-09-10T21:25:56+08:00 ] 85.1.38.244 /index.php?s=/Home/Article/newsdetail/hid/5/cid/51
SQL: SHOW COLUMNS FROM `gperf_document` [ RunTime:0.001400s ]
SQL: SELECT * FROM `gperf_document` WHERE ( `category_id` = 51 ) LIMIT 1   [ RunTime:0.000553s ]
SQL: SHOW COLUMNS FROM `gperf_document_article` [ RunTime:0.001076s ]
SQL: SELECT * FROM `gperf_document_article` WHERE ( `id` = null ) LIMIT 1   [ RunTime:0.000380s ]
SQL: SHOW COLUMNS FROM `gperf_category` [ RunTime:0.001457s ]
SQL: SELECT `name` FROM `gperf_category` WHERE ( `id` = 51 ) LIMIT 1   [ RunTime:0.000337s ]
SQL: SELECT `pid` FROM `gperf_category` WHERE ( `id` = 51 ) LIMIT 1   [ RunTime:0.000390s ]
SQL: SELECT `title` FROM `gperf_category` WHERE ( `id` = 41 ) LIMIT 1   [ RunTime:0.000400s ]
SQL: SHOW COLUMNS FROM `gperf_channel` [ RunTime:0.001218s ]
SQL: SELECT `id` FROM `gperf_channel` WHERE ( `title` = 'Service' ) LIMIT 1   [ RunTime:0.000386s ]
SQL: SELECT * FROM `gperf_category` WHERE ( `pid` = 41 )  [ RunTime:0.000503s ]
SQL: SELECT * FROM `gperf_document` WHERE ( `id` = 1 ) LIMIT 1   [ RunTime:0.000346s ]
SQL: SELECT * FROM `gperf_document` WHERE ( `id` = -1 ) LIMIT 1   [ RunTime:0.000412s ]
SQL: SELECT * FROM `gperf_channel` ORDER BY sort asc  [ RunTime:0.000447s ]
SQL: SELECT * FROM `gperf_category` WHERE ( `name` = 'About' ) LIMIT 1   [ RunTime:0.000434s ]
SQL: SELECT * FROM `gperf_category` WHERE ( `pid` = 1 )  [ RunTime:0.000452s ]
SQL: SELECT * FROM `gperf_category` WHERE ( `name` = 'Service' ) LIMIT 1   [ RunTime:0.000471s ]
SQL: SELECT * FROM `gperf_category` WHERE ( `pid` = 41 )  [ RunTime:0.000532s ]
SQL: SELECT * FROM `gperf_category` WHERE ( `name` = 'Reports' ) LIMIT 1   [ RunTime:0.000473s ]
SQL: SELECT * FROM `gperf_category` WHERE ( `pid` = 52 )  [ RunTime:0.000530s ]
SQL: SELECT * FROM `gperf_category` WHERE ( `name` = 'News&Events' ) LIMIT 1   [ RunTime:0.000480s ]
SQL: SELECT * FROM `gperf_category` WHERE ( `pid` = 57 )  [ RunTime:0.000544s ]
SQL: SELECT * FROM `gperf_category` WHERE ( `name` = 'Documentations' ) LIMIT 1   [ RunTime:0.000477s ]
SQL: SELECT * FROM `gperf_category` WHERE ( `pid` = 61 )  [ RunTime:0.000524s ]
SQL: SELECT * FROM `gperf_category` WHERE ( `name` = 'Downloads' ) LIMIT 1   [ RunTime:0.000466s ]
SQL: SELECT * FROM `gperf_category` WHERE ( `pid` = 65 )  [ RunTime:0.000459s ]
INFO: [ view_parse ] --START--
INFO: [ template_filter ] --START--
INFO: Run Behavior\ContentReplaceBehavior [ RunTime:0.000075s ]
INFO: [ template_filter ] --END-- [ RunTime:0.000115s ]
INFO: Run Behavior\ParseTemplateBehavior [ RunTime:0.017766s ]
INFO: [ view_parse ] --END-- [ RunTime:0.017829s ]
INFO: [ view_filter ] --START--
INFO: Run Behavior\WriteHtmlCacheBehavior [ RunTime:0.000094s ]
INFO: [ view_filter ] --END-- [ RunTime:0.000130s ]
INFO: [ app_end ] --START--
INFO: Run Behavior\ShowPageTraceBehavior [ RunTime:0.000396s ]
INFO: [ app_end ] --END-- [ RunTime:0.000438s ]

[ 2015-09-10T21:26:05+08:00 ] 85.1.38.244 /index.php?s=/Home/Article/newsdetail/hid/5/cid/51
SQL: SHOW COLUMNS FROM `gperf_document` [ RunTime:0.001438s ]
SQL: SELECT * FROM `gperf_document` WHERE ( `category_id` = 51 ) LIMIT 1   [ RunTime:0.000505s ]
SQL: SHOW COLUMNS FROM `gperf_document_article` [ RunTime:0.001112s ]
SQL: SELECT * FROM `gperf_document_article` WHERE ( `id` = null ) LIMIT 1   [ RunTime:0.000385s ]
SQL: SHOW COLUMNS FROM `gperf_category` [ RunTime:0.001428s ]
SQL: SELECT `name` FROM `gperf_category` WHERE ( `id` = 51 ) LIMIT 1   [ RunTime:0.000353s ]
SQL: SELECT `pid` FROM `gperf_category` WHERE ( `id` = 51 ) LIMIT 1   [ RunTime:0.000303s ]
SQL: SELECT `title` FROM `gperf_category` WHERE ( `id` = 41 ) LIMIT 1   [ RunTime:0.000394s ]
SQL: SHOW COLUMNS FROM `gperf_channel` [ RunTime:0.001167s ]
SQL: SELECT `id` FROM `gperf_channel` WHERE ( `title` = 'Service' ) LIMIT 1   [ RunTime:0.000401s ]
SQL: SELECT * FROM `gperf_category` WHERE ( `pid` = 41 )  [ RunTime:0.000496s ]
SQL: SELECT * FROM `gperf_document` WHERE ( `id` = 1 ) LIMIT 1   [ RunTime:0.000345s ]
SQL: SELECT * FROM `gperf_document` WHERE ( `id` = -1 ) LIMIT 1   [ RunTime:0.000425s ]
SQL: SELECT * FROM `gperf_channel` ORDER BY sort asc  [ RunTime:0.000450s ]
SQL: SELECT * FROM `gperf_category` WHERE ( `name` = 'About' ) LIMIT 1   [ RunTime:0.000447s ]
SQL: SELECT * FROM `gperf_category` WHERE ( `pid` = 1 )  [ RunTime:0.000565s ]
SQL: SELECT * FROM `gperf_category` WHERE ( `name` = 'Service' ) LIMIT 1   [ RunTime:0.000496s ]
SQL: SELECT * FROM `gperf_category` WHERE ( `pid` = 41 )  [ RunTime:0.000545s ]
SQL: SELECT * FROM `gperf_category` WHERE ( `name` = 'Reports' ) LIMIT 1   [ RunTime:0.000480s ]
SQL: SELECT * FROM `gperf_category` WHERE ( `pid` = 52 )  [ RunTime:0.000534s ]
SQL: SELECT * FROM `gperf_category` WHERE ( `name` = 'News&Events' ) LIMIT 1   [ RunTime:0.000481s ]
SQL: SELECT * FROM `gperf_category` WHERE ( `pid` = 57 )  [ RunTime:0.000537s ]
SQL: SELECT * FROM `gperf_category` WHERE ( `name` = 'Documentations' ) LIMIT 1   [ RunTime:0.000492s ]
SQL: SELECT * FROM `gperf_category` WHERE ( `pid` = 61 )  [ RunTime:0.000559s ]
SQL: SELECT * FROM `gperf_category` WHERE ( `name` = 'Downloads' ) LIMIT 1   [ RunTime:0.000434s ]
SQL: SELECT * FROM `gperf_category` WHERE ( `pid` = 65 )  [ RunTime:0.000464s ]
INFO: [ view_parse ] --START--
INFO: [ template_filter ] --START--
INFO: Run Behavior\ContentReplaceBehavior [ RunTime:0.000077s ]
INFO: [ template_filter ] --END-- [ RunTime:0.000118s ]
INFO: Run Behavior\ParseTemplateBehavior [ RunTime:0.021932s ]
INFO: [ view_parse ] --END-- [ RunTime:0.021989s ]
INFO: [ view_filter ] --START--
INFO: Run Behavior\WriteHtmlCacheBehavior [ RunTime:0.000096s ]
INFO: [ view_filter ] --END-- [ RunTime:0.000131s ]
INFO: [ app_end ] --START--
INFO: Run Behavior\ShowPageTraceBehavior [ RunTime:0.000382s ]
INFO: [ app_end ] --END-- [ RunTime:0.000426s ]

[ 2015-09-10T21:26:15+08:00 ] 85.1.38.244 /index.php?s=/Home/Article/newsdetail/hid/5/cid/48
SQL: SHOW COLUMNS FROM `gperf_document` [ RunTime:0.001439s ]
SQL: SELECT * FROM `gperf_document` WHERE ( `category_id` = 48 ) LIMIT 1   [ RunTime:0.000520s ]
SQL: SHOW COLUMNS FROM `gperf_document_article` [ RunTime:0.001108s ]
SQL: SELECT * FROM `gperf_document_article` WHERE ( `id` = null ) LIMIT 1   [ RunTime:0.000328s ]
SQL: SHOW COLUMNS FROM `gperf_category` [ RunTime:0.001487s ]
SQL: SELECT `name` FROM `gperf_category` WHERE ( `id` = 48 ) LIMIT 1   [ RunTime:0.000407s ]
SQL: SELECT `pid` FROM `gperf_category` WHERE ( `id` = 48 ) LIMIT 1   [ RunTime:0.000336s ]
SQL: SELECT `title` FROM `gperf_category` WHERE ( `id` = 41 ) LIMIT 1   [ RunTime:0.000298s ]
SQL: SHOW COLUMNS FROM `gperf_channel` [ RunTime:0.001205s ]
SQL: SELECT `id` FROM `gperf_channel` WHERE ( `title` = 'Service' ) LIMIT 1   [ RunTime:0.000332s ]
SQL: SELECT * FROM `gperf_category` WHERE ( `pid` = 41 )  [ RunTime:0.000551s ]
SQL: SELECT * FROM `gperf_document` WHERE ( `id` = 1 ) LIMIT 1   [ RunTime:0.000424s ]
SQL: SELECT * FROM `gperf_document` WHERE ( `id` = -1 ) LIMIT 1   [ RunTime:0.000385s ]
SQL: SELECT * FROM `gperf_channel` ORDER BY sort asc  [ RunTime:0.000373s ]
SQL: SELECT * FROM `gperf_category` WHERE ( `name` = 'About' ) LIMIT 1   [ RunTime:0.000480s ]
SQL: SELECT * FROM `gperf_category` WHERE ( `pid` = 1 )  [ RunTime:0.000546s ]
SQL: SELECT * FROM `gperf_category` WHERE ( `name` = 'Service' ) LIMIT 1   [ RunTime:0.000479s ]
SQL: SELECT * FROM `gperf_category` WHERE ( `pid` = 41 )  [ RunTime:0.000503s ]
SQL: SELECT * FROM `gperf_category` WHERE ( `name` = 'Reports' ) LIMIT 1   [ RunTime:0.000497s ]
SQL: SELECT * FROM `gperf_category` WHERE ( `pid` = 52 )  [ RunTime:0.000492s ]
SQL: SELECT * FROM `gperf_category` WHERE ( `name` = 'News&Events' ) LIMIT 1   [ RunTime:0.000428s ]
SQL: SELECT * FROM `gperf_category` WHERE ( `pid` = 57 )  [ RunTime:0.000476s ]
SQL: SELECT * FROM `gperf_category` WHERE ( `name` = 'Documentations' ) LIMIT 1   [ RunTime:0.000439s ]
SQL: SELECT * FROM `gperf_category` WHERE ( `pid` = 61 )  [ RunTime:0.000461s ]
SQL: SELECT * FROM `gperf_category` WHERE ( `name` = 'Downloads' ) LIMIT 1   [ RunTime:0.000408s ]
SQL: SELECT * FROM `gperf_category` WHERE ( `pid` = 65 )  [ RunTime:0.000439s ]
INFO: [ view_parse ] --START--
INFO: [ template_filter ] --START--
INFO: Run Behavior\ContentReplaceBehavior [ RunTime:0.000077s ]
INFO: [ template_filter ] --END-- [ RunTime:0.000119s ]
INFO: Run Behavior\ParseTemplateBehavior [ RunTime:0.020480s ]
INFO: [ view_parse ] --END-- [ RunTime:0.020539s ]
INFO: [ view_filter ] --START--
INFO: Run Behavior\WriteHtmlCacheBehavior [ RunTime:0.000097s ]
INFO: [ view_filter ] --END-- [ RunTime:0.000132s ]
INFO: [ app_end ] --START--
INFO: Run Behavior\ShowPageTraceBehavior [ RunTime:0.000373s ]
INFO: [ app_end ] --END-- [ RunTime:0.000415s ]

[ 2015-09-10T21:26:21+08:00 ] 85.1.38.244 /index.php?s=/Home/Article/newsdetail/hid/9/cid/67
SQL: SHOW COLUMNS FROM `gperf_document` [ RunTime:0.001398s ]
SQL: SELECT * FROM `gperf_document` WHERE ( `category_id` = 67 ) LIMIT 1   [ RunTime:0.000499s ]
SQL: SHOW COLUMNS FROM `gperf_document_article` [ RunTime:0.001092s ]
SQL: SELECT * FROM `gperf_document_article` WHERE ( `id` = null ) LIMIT 1   [ RunTime:0.000383s ]
SQL: SHOW COLUMNS FROM `gperf_category` [ RunTime:0.001417s ]
SQL: SELECT `name` FROM `gperf_category` WHERE ( `id` = 67 ) LIMIT 1   [ RunTime:0.000371s ]
SQL: SELECT `pid` FROM `gperf_category` WHERE ( `id` = 67 ) LIMIT 1   [ RunTime:0.000302s ]
SQL: SELECT `title` FROM `gperf_category` WHERE ( `id` = 65 ) LIMIT 1   [ RunTime:0.000394s ]
SQL: SHOW COLUMNS FROM `gperf_channel` [ RunTime:0.001160s ]
SQL: SELECT `id` FROM `gperf_channel` WHERE ( `title` = 'Downloads' ) LIMIT 1   [ RunTime:0.000400s ]
SQL: SELECT * FROM `gperf_category` WHERE ( `pid` = 65 )  [ RunTime:0.000483s ]
SQL: SELECT * FROM `gperf_document` WHERE ( `id` = 1 ) LIMIT 1   [ RunTime:0.000354s ]
SQL: SELECT * FROM `gperf_document` WHERE ( `id` = -1 ) LIMIT 1   [ RunTime:0.000425s ]
SQL: SELECT * FROM `gperf_channel` ORDER BY sort asc  [ RunTime:0.000448s ]
SQL: SELECT * FROM `gperf_category` WHERE ( `name` = 'About' ) LIMIT 1   [ RunTime:0.000432s ]
SQL: SELECT * FROM `gperf_category` WHERE ( `pid` = 1 )  [ RunTime:0.000470s ]
SQL: SELECT * FROM `gperf_category` WHERE ( `name` = 'Service' ) LIMIT 1   [ RunTime:0.000481s ]
SQL: SELECT * FROM `gperf_category` WHERE ( `pid` = 41 )  [ RunTime:0.000544s ]
SQL: SELECT * FROM `gperf_category` WHERE ( `name` = 'Reports' ) LIMIT 1   [ RunTime:0.000482s ]
SQL: SELECT * FROM `gperf_category` WHERE ( `pid` = 52 )  [ RunTime:0.000536s ]
SQL: SELECT * FROM `gperf_category` WHERE ( `name` = 'News&Events' ) LIMIT 1   [ RunTime:0.000518s ]
SQL: SELECT * FROM `gperf_category` WHERE ( `pid` = 57 )  [ RunTime:0.000533s ]
SQL: SELECT * FROM `gperf_category` WHERE ( `name` = 'Documentations' ) LIMIT 1   [ RunTime:0.000436s ]
SQL: SELECT * FROM `gperf_category` WHERE ( `pid` = 61 )  [ RunTime:0.000481s ]
SQL: SELECT * FROM `gperf_category` WHERE ( `name` = 'Downloads' ) LIMIT 1   [ RunTime:0.000425s ]
SQL: SELECT * FROM `gperf_category` WHERE ( `pid` = 65 )  [ RunTime:0.000456s ]
INFO: [ view_parse ] --START--
INFO: [ template_filter ] --START--
INFO: Run Behavior\ContentReplaceBehavior [ RunTime:0.000071s ]
INFO: [ template_filter ] --END-- [ RunTime:0.000112s ]
INFO: Run Behavior\ParseTemplateBehavior [ RunTime:0.019765s ]
INFO: [ view_parse ] --END-- [ RunTime:0.019830s ]
INFO: [ view_filter ] --START--
INFO: Run Behavior\WriteHtmlCacheBehavior [ RunTime:0.000094s ]
INFO: [ view_filter ] --END-- [ RunTime:0.000129s ]
INFO: [ app_end ] --START--
INFO: Run Behavior\ShowPageTraceBehavior [ RunTime:0.000349s ]
INFO: [ app_end ] --END-- [ RunTime:0.000392s ]

[ 2015-09-10T21:26:25+08:00 ] 85.1.38.244 /index.php?s=/Home/Article/newsdetail/hid/8/cid/64
SQL: SHOW COLUMNS FROM `gperf_document` [ RunTime:0.001426s ]
SQL: SELECT * FROM `gperf_document` WHERE ( `category_id` = 64 ) LIMIT 1   [ RunTime:0.000375s ]
SQL: SHOW COLUMNS FROM `gperf_document_article` [ RunTime:0.000991s ]
SQL: SELECT * FROM `gperf_document_article` WHERE ( `id` = null ) LIMIT 1   [ RunTime:0.000244s ]
SQL: SHOW COLUMNS FROM `gperf_category` [ RunTime:0.001424s ]
SQL: SELECT `name` FROM `gperf_category` WHERE ( `id` = 64 ) LIMIT 1   [ RunTime:0.000328s ]
SQL: SELECT `pid` FROM `gperf_category` WHERE ( `id` = 64 ) LIMIT 1   [ RunTime:0.000247s ]
SQL: SELECT `title` FROM `gperf_category` WHERE ( `id` = 61 ) LIMIT 1   [ RunTime:0.000322s ]
SQL: SHOW COLUMNS FROM `gperf_channel` [ RunTime:0.001087s ]
SQL: SELECT `id` FROM `gperf_channel` WHERE ( `title` = 'Documentations' ) LIMIT 1   [ RunTime:0.000318s ]
SQL: SELECT * FROM `gperf_category` WHERE ( `pid` = 61 )  [ RunTime:0.000442s ]
SQL: SELECT * FROM `gperf_document` WHERE ( `id` = 1 ) LIMIT 1   [ RunTime:0.000355s ]
SQL: SELECT * FROM `gperf_document` WHERE ( `id` = -1 ) LIMIT 1   [ RunTime:0.000271s ]
SQL: SELECT * FROM `gperf_channel` ORDER BY sort asc  [ RunTime:0.000278s ]
SQL: SELECT * FROM `gperf_category` WHERE ( `name` = 'About' ) LIMIT 1   [ RunTime:0.000325s ]
SQL: SELECT * FROM `gperf_category` WHERE ( `pid` = 1 )  [ RunTime:0.000369s ]
SQL: SELECT * FROM `gperf_category` WHERE ( `name` = 'Service' ) LIMIT 1   [ RunTime:0.000407s ]
SQL: SELECT * FROM `gperf_category` WHERE ( `pid` = 41 )  [ RunTime:0.000482s ]
SQL: SELECT * FROM `gperf_category` WHERE ( `name` = 'Reports' ) LIMIT 1   [ RunTime:0.000414s ]
SQL: SELECT * FROM `gperf_category` WHERE ( `pid` = 52 )  [ RunTime:0.000455s ]
SQL: SELECT * FROM `gperf_category` WHERE ( `name` = 'News&Events' ) LIMIT 1   [ RunTime:0.000401s ]
SQL: SELECT * FROM `gperf_category` WHERE ( `pid` = 57 )  [ RunTime:0.000467s ]
SQL: SELECT * FROM `gperf_category` WHERE ( `name` = 'Documentations' ) LIMIT 1   [ RunTime:0.000398s ]
SQL: SELECT * FROM `gperf_category` WHERE ( `pid` = 61 )  [ RunTime:0.000458s ]
SQL: SELECT * FROM `gperf_category` WHERE ( `name` = 'Downloads' ) LIMIT 1   [ RunTime:0.000408s ]
SQL: SELECT * FROM `gperf_category` WHERE ( `pid` = 65 )  [ RunTime:0.000442s ]
INFO: [ view_parse ] --START--
INFO: [ template_filter ] --START--
INFO: Run Behavior\ContentReplaceBehavior [ RunTime:0.000072s ]
INFO: [ template_filter ] --END-- [ RunTime:0.000120s ]
INFO: Run Behavior\ParseTemplateBehavior [ RunTime:0.016969s ]
INFO: [ view_parse ] --END-- [ RunTime:0.017028s ]
INFO: [ view_filter ] --START--
INFO: Run Behavior\WriteHtmlCacheBehavior [ RunTime:0.000092s ]
INFO: [ view_filter ] --END-- [ RunTime:0.000127s ]
INFO: [ app_end ] --START--
INFO: Run Behavior\ShowPageTraceBehavior [ RunTime:0.000339s ]
INFO: [ app_end ] --END-- [ RunTime:0.000378s ]

[ 2015-09-10T21:26:34+08:00 ] 85.1.38.244 /index.php?s=/Home/Article/newsdetail/hid/6/cid/53
SQL: SHOW COLUMNS FROM `gperf_document` [ RunTime:0.001332s ]
SQL: SELECT * FROM `gperf_document` WHERE ( `category_id` = 53 ) LIMIT 1   [ RunTime:0.000311s ]
SQL: SHOW COLUMNS FROM `gperf_document_article` [ RunTime:0.000952s ]
SQL: SELECT * FROM `gperf_document_article` WHERE ( `id` = null ) LIMIT 1   [ RunTime:0.000299s ]
SQL: SHOW COLUMNS FROM `gperf_category` [ RunTime:0.001394s ]
SQL: SELECT `name` FROM `gperf_category` WHERE ( `id` = 53 ) LIMIT 1   [ RunTime:0.000323s ]
SQL: SELECT `pid` FROM `gperf_category` WHERE ( `id` = 53 ) LIMIT 1   [ RunTime:0.000223s ]
SQL: SELECT `title` FROM `gperf_category` WHERE ( `id` = 52 ) LIMIT 1   [ RunTime:0.000361s ]
SQL: SHOW COLUMNS FROM `gperf_channel` [ RunTime:0.001128s ]
SQL: SELECT `id` FROM `gperf_channel` WHERE ( `title` = 'Reports' ) LIMIT 1   [ RunTime:0.000298s ]
SQL: SELECT * FROM `gperf_category` WHERE ( `pid` = 52 )  [ RunTime:0.000396s ]
SQL: SELECT * FROM `gperf_document` WHERE ( `id` = 1 ) LIMIT 1   [ RunTime:0.000384s ]
SQL: SELECT * FROM `gperf_document` WHERE ( `id` = -1 ) LIMIT 1   [ RunTime:0.000314s ]
SQL: SELECT * FROM `gperf_channel` ORDER BY sort asc  [ RunTime:0.000415s ]
SQL: SELECT * FROM `gperf_category` WHERE ( `name` = 'About' ) LIMIT 1   [ RunTime:0.000385s ]
SQL: SELECT * FROM `gperf_category` WHERE ( `pid` = 1 )  [ RunTime:0.000409s ]
SQL: SELECT * FROM `gperf_category` WHERE ( `name` = 'Service' ) LIMIT 1   [ RunTime:0.000362s ]
SQL: SELECT * FROM `gperf_category` WHERE ( `pid` = 41 )  [ RunTime:0.000384s ]
SQL: SELECT * FROM `gperf_category` WHERE ( `name` = 'Reports' ) LIMIT 1   [ RunTime:0.000464s ]
SQL: SELECT * FROM `gperf_category` WHERE ( `pid` = 52 )  [ RunTime:0.000466s ]
SQL: SELECT * FROM `gperf_category` WHERE ( `name` = 'News&Events' ) LIMIT 1   [ RunTime:0.000492s ]
SQL: SELECT * FROM `gperf_category` WHERE ( `pid` = 57 )  [ RunTime:0.000473s ]
SQL: SELECT * FROM `gperf_category` WHERE ( `name` = 'Documentations' ) LIMIT 1   [ RunTime:0.000400s ]
SQL: SELECT * FROM `gperf_category` WHERE ( `pid` = 61 )  [ RunTime:0.000453s ]
SQL: SELECT * FROM `gperf_category` WHERE ( `name` = 'Downloads' ) LIMIT 1   [ RunTime:0.000421s ]
SQL: SELECT * FROM `gperf_category` WHERE ( `pid` = 65 )  [ RunTime:0.000436s ]
INFO: [ view_parse ] --START--
INFO: [ template_filter ] --START--
INFO: Run Behavior\ContentReplaceBehavior [ RunTime:0.000070s ]
INFO: [ template_filter ] --END-- [ RunTime:0.000110s ]
INFO: Run Behavior\ParseTemplateBehavior [ RunTime:0.018574s ]
INFO: [ view_parse ] --END-- [ RunTime:0.018630s ]
INFO: [ view_filter ] --START--
INFO: Run Behavior\WriteHtmlCacheBehavior [ RunTime:0.000091s ]
INFO: [ view_filter ] --END-- [ RunTime:0.000125s ]
INFO: [ app_end ] --START--
INFO: Run Behavior\ShowPageTraceBehavior [ RunTime:0.000343s ]
INFO: [ app_end ] --END-- [ RunTime:0.000381s ]

[ 2015-09-10T21:26:37+08:00 ] 85.1.38.244 /index.php?s=/Home/Article/newsdetail/hid/6/cid/53
SQL: SHOW COLUMNS FROM `gperf_document` [ RunTime:0.001412s ]
SQL: SELECT * FROM `gperf_document` WHERE ( `category_id` = 53 ) LIMIT 1   [ RunTime:0.000491s ]
SQL: SHOW COLUMNS FROM `gperf_document_article` [ RunTime:0.001175s ]
SQL: SELECT * FROM `gperf_document_article` WHERE ( `id` = null ) LIMIT 1   [ RunTime:0.000313s ]
SQL: SHOW COLUMNS FROM `gperf_category` [ RunTime:0.001505s ]
SQL: SELECT `name` FROM `gperf_category` WHERE ( `id` = 53 ) LIMIT 1   [ RunTime:0.000393s ]
SQL: SELECT `pid` FROM `gperf_category` WHERE ( `id` = 53 ) LIMIT 1   [ RunTime:0.000335s ]
SQL: SELECT `title` FROM `gperf_category` WHERE ( `id` = 52 ) LIMIT 1   [ RunTime:0.000297s ]
SQL: SHOW COLUMNS FROM `gperf_channel` [ RunTime:0.001160s ]
SQL: SELECT `id` FROM `gperf_channel` WHERE ( `title` = 'Reports' ) LIMIT 1   [ RunTime:0.000391s ]
SQL: SELECT * FROM `gperf_category` WHERE ( `pid` = 52 )  [ RunTime:0.000536s ]
SQL: SELECT * FROM `gperf_document` WHERE ( `id` = 1 ) LIMIT 1   [ RunTime:0.000414s ]
SQL: SELECT * FROM `gperf_document` WHERE ( `id` = -1 ) LIMIT 1   [ RunTime:0.000366s ]
SQL: SELECT * FROM `gperf_channel` ORDER BY sort asc  [ RunTime:0.000438s ]
SQL: SELECT * FROM `gperf_category` WHERE ( `name` = 'About' ) LIMIT 1   [ RunTime:0.000476s ]
SQL: SELECT * FROM `gperf_category` WHERE ( `pid` = 1 )  [ RunTime:0.000497s ]
SQL: SELECT * FROM `gperf_category` WHERE ( `name` = 'Service' ) LIMIT 1   [ RunTime:0.000492s ]
SQL: SELECT * FROM `gperf_category` WHERE ( `pid` = 41 )  [ RunTime:0.000555s ]
SQL: SELECT * FROM `gperf_category` WHERE ( `name` = 'Reports' ) LIMIT 1   [ RunTime:0.000507s ]
SQL: SELECT * FROM `gperf_category` WHERE ( `pid` = 52 )  [ RunTime:0.000426s ]
SQL: SELECT * FROM `gperf_category` WHERE ( `name` = 'News&Events' ) LIMIT 1   [ RunTime:0.000346s ]
SQL: SELECT * FROM `gperf_category` WHERE ( `pid` = 57 )  [ RunTime:0.000391s ]
SQL: SELECT * FROM `gperf_category` WHERE ( `name` = 'Documentations' ) LIMIT 1   [ RunTime:0.000316s ]
SQL: SELECT * FROM `gperf_category` WHERE ( `pid` = 61 )  [ RunTime:0.000342s ]
SQL: SELECT * FROM `gperf_category` WHERE ( `name` = 'Downloads' ) LIMIT 1   [ RunTime:0.000312s ]
SQL: SELECT * FROM `gperf_category` WHERE ( `pid` = 65 )  [ RunTime:0.000326s ]
INFO: [ view_parse ] --START--
INFO: [ template_filter ] --START--
INFO: Run Behavior\ContentReplaceBehavior [ RunTime:0.000070s ]
INFO: [ template_filter ] --END-- [ RunTime:0.000111s ]
INFO: Run Behavior\ParseTemplateBehavior [ RunTime:0.020744s ]
INFO: [ view_parse ] --END-- [ RunTime:0.020809s ]
INFO: [ view_filter ] --START--
INFO: Run Behavior\WriteHtmlCacheBehavior [ RunTime:0.000094s ]
INFO: [ view_filter ] --END-- [ RunTime:0.000131s ]
INFO: [ app_end ] --START--
INFO: Run Behavior\ShowPageTraceBehavior [ RunTime:0.000357s ]
INFO: [ app_end ] --END-- [ RunTime:0.000401s ]

[ 2015-09-10T21:26:54+08:00 ] 85.1.38.244 /index.php?s=/Home/Article/newsdetail/hid/5/cid/47
SQL: SHOW COLUMNS FROM `gperf_document` [ RunTime:0.001436s ]
SQL: SELECT * FROM `gperf_document` WHERE ( `category_id` = 47 ) LIMIT 1   [ RunTime:0.000517s ]
SQL: SHOW COLUMNS FROM `gperf_document_article` [ RunTime:0.001154s ]
SQL: SELECT * FROM `gperf_document_article` WHERE ( `id` = null ) LIMIT 1   [ RunTime:0.000316s ]
SQL: SHOW COLUMNS FROM `gperf_category` [ RunTime:0.001490s ]
SQL: SELECT `name` FROM `gperf_category` WHERE ( `id` = 47 ) LIMIT 1   [ RunTime:0.000406s ]
SQL: SELECT `pid` FROM `gperf_category` WHERE ( `id` = 47 ) LIMIT 1   [ RunTime:0.000335s ]
SQL: SELECT `title` FROM `gperf_category` WHERE ( `id` = 41 ) LIMIT 1   [ RunTime:0.000300s ]
SQL: SHOW COLUMNS FROM `gperf_channel` [ RunTime:0.001151s ]
SQL: SELECT `id` FROM `gperf_channel` WHERE ( `title` = 'Service' ) LIMIT 1   [ RunTime:0.000317s ]
SQL: SELECT * FROM `gperf_category` WHERE ( `pid` = 41 )  [ RunTime:0.000541s ]
SQL: SELECT * FROM `gperf_document` WHERE ( `id` = 1 ) LIMIT 1   [ RunTime:0.000423s ]
SQL: SELECT * FROM `gperf_document` WHERE ( `id` = -1 ) LIMIT 1   [ RunTime:0.000358s ]
SQL: SELECT * FROM `gperf_channel` ORDER BY sort asc  [ RunTime:0.000450s ]
SQL: SELECT * FROM `gperf_category` WHERE ( `name` = 'About' ) LIMIT 1   [ RunTime:0.000477s ]
SQL: SELECT * FROM `gperf_category` WHERE ( `pid` = 1 )  [ RunTime:0.000503s ]
SQL: SELECT * FROM `gperf_category` WHERE ( `name` = 'Service' ) LIMIT 1   [ RunTime:0.000499s ]
SQL: SELECT * FROM `gperf_category` WHERE ( `pid` = 41 )  [ RunTime:0.000550s ]
SQL: SELECT * FROM `gperf_category` WHERE ( `name` = 'Reports' ) LIMIT 1   [ RunTime:0.000492s ]
SQL: SELECT * FROM `gperf_category` WHERE ( `pid` = 52 )  [ RunTime:0.000533s ]
SQL: SELECT * FROM `gperf_category` WHERE ( `name` = 'News&Events' ) LIMIT 1   [ RunTime:0.000482s ]
SQL: SELECT * FROM `gperf_category` WHERE ( `pid` = 57 )  [ RunTime:0.000526s ]
SQL: SELECT * FROM `gperf_category` WHERE ( `name` = 'Documentations' ) LIMIT 1   [ RunTime:0.000499s ]
SQL: SELECT * FROM `gperf_category` WHERE ( `pid` = 61 )  [ RunTime:0.000546s ]
SQL: SELECT * FROM `gperf_category` WHERE ( `name` = 'Downloads' ) LIMIT 1   [ RunTime:0.000480s ]
SQL: SELECT * FROM `gperf_category` WHERE ( `pid` = 65 )  [ RunTime:0.000510s ]
INFO: [ view_parse ] --START--
INFO: [ template_filter ] --START--
INFO: Run Behavior\ContentReplaceBehavior [ RunTime:0.000076s ]
INFO: [ template_filter ] --END-- [ RunTime:0.000117s ]
INFO: Run Behavior\ParseTemplateBehavior [ RunTime:0.020395s ]
INFO: [ view_parse ] --END-- [ RunTime:0.020453s ]
INFO: [ view_filter ] --START--
INFO: Run Behavior\WriteHtmlCacheBehavior [ RunTime:0.000096s ]
INFO: [ view_filter ] --END-- [ RunTime:0.000131s ]
INFO: [ app_end ] --START--
INFO: Run Behavior\ShowPageTraceBehavior [ RunTime:0.000375s ]
INFO: [ app_end ] --END-- [ RunTime:0.000417s ]

[ 2015-09-10T21:26:59+08:00 ] 85.1.38.244 /index.php?s=/Home/Article/newsdetail/hid/5/cid/47
SQL: SHOW COLUMNS FROM `gperf_document` [ RunTime:0.001320s ]
SQL: SELECT * FROM `gperf_document` WHERE ( `category_id` = 47 ) LIMIT 1   [ RunTime:0.000421s ]
SQL: SHOW COLUMNS FROM `gperf_document_article` [ RunTime:0.001021s ]
SQL: SELECT * FROM `gperf_document_article` WHERE ( `id` = null ) LIMIT 1   [ RunTime:0.000284s ]
SQL: SHOW COLUMNS FROM `gperf_category` [ RunTime:0.001383s ]
SQL: SELECT `name` FROM `gperf_category` WHERE ( `id` = 47 ) LIMIT 1   [ RunTime:0.000301s ]
SQL: SELECT `pid` FROM `gperf_category` WHERE ( `id` = 47 ) LIMIT 1   [ RunTime:0.000288s ]
SQL: SELECT `title` FROM `gperf_category` WHERE ( `id` = 41 ) LIMIT 1   [ RunTime:0.000302s ]
SQL: SHOW COLUMNS FROM `gperf_channel` [ RunTime:0.001068s ]
SQL: SELECT `id` FROM `gperf_channel` WHERE ( `title` = 'Service' ) LIMIT 1   [ RunTime:0.000286s ]
SQL: SELECT * FROM `gperf_category` WHERE ( `pid` = 41 )  [ RunTime:0.000429s ]
SQL: SELECT * FROM `gperf_document` WHERE ( `id` = 1 ) LIMIT 1   [ RunTime:0.000329s ]
SQL: SELECT * FROM `gperf_document` WHERE ( `id` = -1 ) LIMIT 1   [ RunTime:0.000318s ]
SQL: SELECT * FROM `gperf_channel` ORDER BY sort asc  [ RunTime:0.000333s ]
SQL: SELECT * FROM `gperf_category` WHERE ( `name` = 'About' ) LIMIT 1   [ RunTime:0.000372s ]
SQL: SELECT * FROM `gperf_category` WHERE ( `pid` = 1 )  [ RunTime:0.000437s ]
SQL: SELECT * FROM `gperf_category` WHERE ( `name` = 'Service' ) LIMIT 1   [ RunTime:0.000366s ]
SQL: SELECT * FROM `gperf_category` WHERE ( `pid` = 41 )  [ RunTime:0.000429s ]
SQL: SELECT * FROM `gperf_category` WHERE ( `name` = 'Reports' ) LIMIT 1   [ RunTime:0.000359s ]
SQL: SELECT * FROM `gperf_category` WHERE ( `pid` = 52 )  [ RunTime:0.000414s ]
SQL: SELECT * FROM `gperf_category` WHERE ( `name` = 'News&Events' ) LIMIT 1   [ RunTime:0.000373s ]
SQL: SELECT * FROM `gperf_category` WHERE ( `pid` = 57 )  [ RunTime:0.000404s ]
SQL: SELECT * FROM `gperf_category` WHERE ( `name` = 'Documentations' ) LIMIT 1   [ RunTime:0.000358s ]
SQL: SELECT * FROM `gperf_category` WHERE ( `pid` = 61 )  [ RunTime:0.000433s ]
SQL: SELECT * FROM `gperf_category` WHERE ( `name` = 'Downloads' ) LIMIT 1   [ RunTime:0.000364s ]
SQL: SELECT * FROM `gperf_category` WHERE ( `pid` = 65 )  [ RunTime:0.000390s ]
INFO: [ view_parse ] --START--
INFO: [ template_filter ] --START--
INFO: Run Behavior\ContentReplaceBehavior [ RunTime:0.000072s ]
INFO: [ template_filter ] --END-- [ RunTime:0.000112s ]
INFO: Run Behavior\ParseTemplateBehavior [ RunTime:0.021488s ]
INFO: [ view_parse ] --END-- [ RunTime:0.021544s ]
INFO: [ view_filter ] --START--
INFO: Run Behavior\WriteHtmlCacheBehavior [ RunTime:0.000092s ]
INFO: [ view_filter ] --END-- [ RunTime:0.000127s ]
INFO: [ app_end ] --START--
INFO: Run Behavior\ShowPageTraceBehavior [ RunTime:0.000370s ]
INFO: [ app_end ] --END-- [ RunTime:0.000413s ]

[ 2015-09-10T21:27:00+08:00 ] 85.1.38.244 /index.php?s=/Home/Article/newsdetail/hid/5/cid/48
SQL: SHOW COLUMNS FROM `gperf_document` [ RunTime:0.001248s ]
SQL: SELECT * FROM `gperf_document` WHERE ( `category_id` = 48 ) LIMIT 1   [ RunTime:0.000304s ]
SQL: SHOW COLUMNS FROM `gperf_document_article` [ RunTime:0.000981s ]
SQL: SELECT * FROM `gperf_document_article` WHERE ( `id` = null ) LIMIT 1   [ RunTime:0.000303s ]
SQL: SHOW COLUMNS FROM `gperf_category` [ RunTime:0.001450s ]
SQL: SELECT `name` FROM `gperf_category` WHERE ( `id` = 48 ) LIMIT 1   [ RunTime:0.000326s ]
SQL: SELECT `pid` FROM `gperf_category` WHERE ( `id` = 48 ) LIMIT 1   [ RunTime:0.000254s ]
SQL: SELECT `title` FROM `gperf_category` WHERE ( `id` = 41 ) LIMIT 1   [ RunTime:0.000317s ]
SQL: SHOW COLUMNS FROM `gperf_channel` [ RunTime:0.001078s ]
SQL: SELECT `id` FROM `gperf_channel` WHERE ( `title` = 'Service' ) LIMIT 1   [ RunTime:0.000237s ]
SQL: SELECT * FROM `gperf_category` WHERE ( `pid` = 41 )  [ RunTime:0.000361s ]
SQL: SELECT * FROM `gperf_document` WHERE ( `id` = 1 ) LIMIT 1   [ RunTime:0.000258s ]
SQL: SELECT * FROM `gperf_document` WHERE ( `id` = -1 ) LIMIT 1   [ RunTime:0.000337s ]
SQL: SELECT * FROM `gperf_channel` ORDER BY sort asc  [ RunTime:0.000284s ]
SQL: SELECT * FROM `gperf_category` WHERE ( `name` = 'About' ) LIMIT 1   [ RunTime:0.000389s ]
SQL: SELECT * FROM `gperf_category` WHERE ( `pid` = 1 )  [ RunTime:0.000377s ]
SQL: SELECT * FROM `gperf_category` WHERE ( `name` = 'Service' ) LIMIT 1   [ RunTime:0.000395s ]
SQL: SELECT * FROM `gperf_category` WHERE ( `pid` = 41 )  [ RunTime:0.000390s ]
SQL: SELECT * FROM `gperf_category` WHERE ( `name` = 'Reports' ) LIMIT 1   [ RunTime:0.000288s ]
SQL: SELECT * FROM `gperf_category` WHERE ( `pid` = 52 )  [ RunTime:0.000346s ]
SQL: SELECT * FROM `gperf_category` WHERE ( `name` = 'News&Events' ) LIMIT 1   [ RunTime:0.000287s ]
SQL: SELECT * FROM `gperf_category` WHERE ( `pid` = 57 )  [ RunTime:0.000347s ]
SQL: SELECT * FROM `gperf_category` WHERE ( `name` = 'Documentations' ) LIMIT 1   [ RunTime:0.000389s ]
SQL: SELECT * FROM `gperf_category` WHERE ( `pid` = 61 )  [ RunTime:0.000457s ]
SQL: SELECT * FROM `gperf_category` WHERE ( `name` = 'Downloads' ) LIMIT 1   [ RunTime:0.000304s ]
SQL: SELECT * FROM `gperf_category` WHERE ( `pid` = 65 )  [ RunTime:0.000325s ]
INFO: [ view_parse ] --START--
INFO: [ template_filter ] --START--
INFO: Run Behavior\ContentReplaceBehavior [ RunTime:0.000071s ]
INFO: [ template_filter ] --END-- [ RunTime:0.000111s ]
INFO: Run Behavior\ParseTemplateBehavior [ RunTime:0.015065s ]
INFO: [ view_parse ] --END-- [ RunTime:0.015126s ]
INFO: [ view_filter ] --START--
INFO: Run Behavior\WriteHtmlCacheBehavior [ RunTime:0.000092s ]
INFO: [ view_filter ] --END-- [ RunTime:0.000128s ]
INFO: [ app_end ] --START--
INFO: Run Behavior\ShowPageTraceBehavior [ RunTime:0.000361s ]
INFO: [ app_end ] --END-- [ RunTime:0.000402s ]

[ 2015-09-10T21:27:02+08:00 ] 85.1.38.244 /index.php?s=/Home/Article/newsdetail/hid/5/cid/49
SQL: SHOW COLUMNS FROM `gperf_document` [ RunTime:0.001451s ]
SQL: SELECT * FROM `gperf_document` WHERE ( `category_id` = 49 ) LIMIT 1   [ RunTime:0.000442s ]
SQL: SHOW COLUMNS FROM `gperf_document_article` [ RunTime:0.001053s ]
SQL: SELECT * FROM `gperf_document_article` WHERE ( `id` = null ) LIMIT 1   [ RunTime:0.000310s ]
SQL: SHOW COLUMNS FROM `gperf_category` [ RunTime:0.001494s ]
SQL: SELECT `name` FROM `gperf_category` WHERE ( `id` = 49 ) LIMIT 1   [ RunTime:0.000403s ]
SQL: SELECT `pid` FROM `gperf_category` WHERE ( `id` = 49 ) LIMIT 1   [ RunTime:0.000401s ]
SQL: SELECT `title` FROM `gperf_category` WHERE ( `id` = 41 ) LIMIT 1   [ RunTime:0.000396s ]
SQL: SHOW COLUMNS FROM `gperf_channel` [ RunTime:0.001148s ]
SQL: SELECT `id` FROM `gperf_channel` WHERE ( `title` = 'Service' ) LIMIT 1   [ RunTime:0.000320s ]
SQL: SELECT * FROM `gperf_category` WHERE ( `pid` = 41 )  [ RunTime:0.000462s ]
SQL: SELECT * FROM `gperf_document` WHERE ( `id` = 1 ) LIMIT 1   [ RunTime:0.000423s ]
SQL: SELECT * FROM `gperf_document` WHERE ( `id` = -1 ) LIMIT 1   [ RunTime:0.000367s ]
SQL: SELECT * FROM `gperf_channel` ORDER BY sort asc  [ RunTime:0.000364s ]
SQL: SELECT * FROM `gperf_category` WHERE ( `name` = 'About' ) LIMIT 1   [ RunTime:0.000434s ]
SQL: SELECT * FROM `gperf_category` WHERE ( `pid` = 1 )  [ RunTime:0.000445s ]
SQL: SELECT * FROM `gperf_category` WHERE ( `name` = 'Service' ) LIMIT 1   [ RunTime:0.000366s ]
SQL: SELECT * FROM `gperf_category` WHERE ( `pid` = 41 )  [ RunTime:0.000369s ]
SQL: SELECT * FROM `gperf_category` WHERE ( `name` = 'Reports' ) LIMIT 1   [ RunTime:0.000403s ]
SQL: SELECT * FROM `gperf_category` WHERE ( `pid` = 52 )  [ RunTime:0.000412s ]
SQL: SELECT * FROM `gperf_category` WHERE ( `name` = 'News&Events' ) LIMIT 1   [ RunTime:0.000402s ]
SQL: SELECT * FROM `gperf_category` WHERE ( `pid` = 57 )  [ RunTime:0.000450s ]
SQL: SELECT * FROM `gperf_category` WHERE ( `name` = 'Documentations' ) LIMIT 1   [ RunTime:0.000416s ]
SQL: SELECT * FROM `gperf_category` WHERE ( `pid` = 61 )  [ RunTime:0.000465s ]
SQL: SELECT * FROM `gperf_category` WHERE ( `name` = 'Downloads' ) LIMIT 1   [ RunTime:0.000405s ]
SQL: SELECT * FROM `gperf_category` WHERE ( `pid` = 65 )  [ RunTime:0.000439s ]
INFO: [ view_parse ] --START--
INFO: [ template_filter ] --START--
INFO: Run Behavior\ContentReplaceBehavior [ RunTime:0.000079s ]
INFO: [ template_filter ] --END-- [ RunTime:0.000120s ]
INFO: Run Behavior\ParseTemplateBehavior [ RunTime:0.016729s ]
INFO: [ view_parse ] --END-- [ RunTime:0.016793s ]
INFO: [ view_filter ] --START--
INFO: Run Behavior\WriteHtmlCacheBehavior [ RunTime:0.000096s ]
INFO: [ view_filter ] --END-- [ RunTime:0.000131s ]
INFO: [ app_end ] --START--
INFO: Run Behavior\ShowPageTraceBehavior [ RunTime:0.000396s ]
INFO: [ app_end ] --END-- [ RunTime:0.000441s ]

[ 2015-09-10T21:27:03+08:00 ] 85.1.38.244 /index.php?s=/Home/Article/newsdetail/hid/5/cid/50
SQL: SHOW COLUMNS FROM `gperf_document` [ RunTime:0.001355s ]
SQL: SELECT * FROM `gperf_document` WHERE ( `category_id` = 50 ) LIMIT 1   [ RunTime:0.000355s ]
SQL: SHOW COLUMNS FROM `gperf_document_article` [ RunTime:0.000969s ]
SQL: SELECT * FROM `gperf_document_article` WHERE ( `id` = null ) LIMIT 1   [ RunTime:0.000238s ]
SQL: SHOW COLUMNS FROM `gperf_category` [ RunTime:0.001400s ]
SQL: SELECT `name` FROM `gperf_category` WHERE ( `id` = 50 ) LIMIT 1   [ RunTime:0.000337s ]
SQL: SELECT `pid` FROM `gperf_category` WHERE ( `id` = 50 ) LIMIT 1   [ RunTime:0.000247s ]
SQL: SELECT `title` FROM `gperf_category` WHERE ( `id` = 41 ) LIMIT 1   [ RunTime:0.000323s ]
SQL: SHOW COLUMNS FROM `gperf_channel` [ RunTime:0.001099s ]
SQL: SELECT `id` FROM `gperf_channel` WHERE ( `title` = 'Service' ) LIMIT 1   [ RunTime:0.000339s ]
SQL: SELECT * FROM `gperf_category` WHERE ( `pid` = 41 )  [ RunTime:0.000486s ]
SQL: SELECT * FROM `gperf_document` WHERE ( `id` = 1 ) LIMIT 1   [ RunTime:0.000352s ]
SQL: SELECT * FROM `gperf_document` WHERE ( `id` = -1 ) LIMIT 1   [ RunTime:0.000271s ]
SQL: SELECT * FROM `gperf_channel` ORDER BY sort asc  [ RunTime:0.000282s ]
SQL: SELECT * FROM `gperf_category` WHERE ( `name` = 'About' ) LIMIT 1   [ RunTime:0.000309s ]
SQL: SELECT * FROM `gperf_category` WHERE ( `pid` = 1 )  [ RunTime:0.000480s ]
SQL: SELECT * FROM `gperf_category` WHERE ( `name` = 'Service' ) LIMIT 1   [ RunTime:0.000407s ]
SQL: SELECT * FROM `gperf_category` WHERE ( `pid` = 41 )  [ RunTime:0.000462s ]
SQL: SELECT * FROM `gperf_category` WHERE ( `name` = 'Reports' ) LIMIT 1   [ RunTime:0.000346s ]
SQL: SELECT * FROM `gperf_category` WHERE ( `pid` = 52 )  [ RunTime:0.000348s ]
SQL: SELECT * FROM `gperf_category` WHERE ( `name` = 'News&Events' ) LIMIT 1   [ RunTime:0.000401s ]
SQL: SELECT * FROM `gperf_category` WHERE ( `pid` = 57 )  [ RunTime:0.000461s ]
SQL: SELECT * FROM `gperf_category` WHERE ( `name` = 'Documentations' ) LIMIT 1   [ RunTime:0.000397s ]
SQL: SELECT * FROM `gperf_category` WHERE ( `pid` = 61 )  [ RunTime:0.000455s ]
SQL: SELECT * FROM `gperf_category` WHERE ( `name` = 'Downloads' ) LIMIT 1   [ RunTime:0.000429s ]
SQL: SELECT * FROM `gperf_category` WHERE ( `pid` = 65 )  [ RunTime:0.000440s ]
INFO: [ view_parse ] --START--
INFO: [ template_filter ] --START--
INFO: Run Behavior\ContentReplaceBehavior [ RunTime:0.000077s ]
INFO: [ template_filter ] --END-- [ RunTime:0.000118s ]
INFO: Run Behavior\ParseTemplateBehavior [ RunTime:0.016640s ]
INFO: [ view_parse ] --END-- [ RunTime:0.016696s ]
INFO: [ view_filter ] --START--
INFO: Run Behavior\WriteHtmlCacheBehavior [ RunTime:0.000098s ]
INFO: [ view_filter ] --END-- [ RunTime:0.000133s ]
INFO: [ app_end ] --START--
INFO: Run Behavior\ShowPageTraceBehavior [ RunTime:0.000403s ]
INFO: [ app_end ] --END-- [ RunTime:0.000451s ]

[ 2015-09-10T21:27:04+08:00 ] 85.1.38.244 /index.php?s=/Home/Article/newsdetail/hid/5/cid/51
SQL: SHOW COLUMNS FROM `gperf_document` [ RunTime:0.001428s ]
SQL: SELECT * FROM `gperf_document` WHERE ( `category_id` = 51 ) LIMIT 1   [ RunTime:0.000495s ]
SQL: SHOW COLUMNS FROM `gperf_document_article` [ RunTime:0.001156s ]
SQL: SELECT * FROM `gperf_document_article` WHERE ( `id` = null ) LIMIT 1   [ RunTime:0.000341s ]
SQL: SHOW COLUMNS FROM `gperf_category` [ RunTime:0.001490s ]
SQL: SELECT `name` FROM `gperf_category` WHERE ( `id` = 51 ) LIMIT 1   [ RunTime:0.000337s ]
SQL: SELECT `pid` FROM `gperf_category` WHERE ( `id` = 51 ) LIMIT 1   [ RunTime:0.000322s ]
SQL: SELECT `title` FROM `gperf_category` WHERE ( `id` = 41 ) LIMIT 1   [ RunTime:0.000298s ]
SQL: SHOW COLUMNS FROM `gperf_channel` [ RunTime:0.001138s ]
SQL: SELECT `id` FROM `gperf_channel` WHERE ( `title` = 'Service' ) LIMIT 1   [ RunTime:0.000394s ]
SQL: SELECT * FROM `gperf_category` WHERE ( `pid` = 41 )  [ RunTime:0.000532s ]
SQL: SELECT * FROM `gperf_document` WHERE ( `id` = 1 ) LIMIT 1   [ RunTime:0.000415s ]
SQL: SELECT * FROM `gperf_document` WHERE ( `id` = -1 ) LIMIT 1   [ RunTime:0.000424s ]
SQL: SELECT * FROM `gperf_channel` ORDER BY sort asc  [ RunTime:0.000371s ]
SQL: SELECT * FROM `gperf_category` WHERE ( `name` = 'About' ) LIMIT 1   [ RunTime:0.000475s ]
SQL: SELECT * FROM `gperf_category` WHERE ( `pid` = 1 )  [ RunTime:0.000560s ]
SQL: SELECT * FROM `gperf_category` WHERE ( `name` = 'Service' ) LIMIT 1   [ RunTime:0.000500s ]
SQL: SELECT * FROM `gperf_category` WHERE ( `pid` = 41 )  [ RunTime:0.000509s ]
SQL: SELECT * FROM `gperf_category` WHERE ( `name` = 'Reports' ) LIMIT 1   [ RunTime:0.000427s ]
SQL: SELECT * FROM `gperf_category` WHERE ( `pid` = 52 )  [ RunTime:0.000457s ]
SQL: SELECT * FROM `gperf_category` WHERE ( `name` = 'News&Events' ) LIMIT 1   [ RunTime:0.000415s ]
SQL: SELECT * FROM `gperf_category` WHERE ( `pid` = 57 )  [ RunTime:0.000450s ]
SQL: SELECT * FROM `gperf_category` WHERE ( `name` = 'Documentations' ) LIMIT 1   [ RunTime:0.000401s ]
SQL: SELECT * FROM `gperf_category` WHERE ( `pid` = 61 )  [ RunTime:0.000457s ]
SQL: SELECT * FROM `gperf_category` WHERE ( `name` = 'Downloads' ) LIMIT 1   [ RunTime:0.000416s ]
SQL: SELECT * FROM `gperf_category` WHERE ( `pid` = 65 )  [ RunTime:0.000432s ]
INFO: [ view_parse ] --START--
INFO: [ template_filter ] --START--
INFO: Run Behavior\ContentReplaceBehavior [ RunTime:0.000068s ]
INFO: [ template_filter ] --END-- [ RunTime:0.000109s ]
INFO: Run Behavior\ParseTemplateBehavior [ RunTime:0.017036s ]
INFO: [ view_parse ] --END-- [ RunTime:0.017093s ]
INFO: [ view_filter ] --START--
INFO: Run Behavior\WriteHtmlCacheBehavior [ RunTime:0.000090s ]
INFO: [ view_filter ] --END-- [ RunTime:0.000126s ]
INFO: [ app_end ] --START--
INFO: Run Behavior\ShowPageTraceBehavior [ RunTime:0.000339s ]
INFO: [ app_end ] --END-- [ RunTime:0.000378s ]

[ 2015-09-10T21:27:07+08:00 ] 85.1.38.244 /index.php?s=/Home/Index/index.html
SQL: SHOW COLUMNS FROM `gperf_task` [ RunTime:0.000692s ]
SQL: SHOW COLUMNS FROM `gperf_channel` [ RunTime:0.000566s ]
SQL: SELECT * FROM `gperf_channel` ORDER BY sort asc  [ RunTime:0.000229s ]
SQL: SHOW COLUMNS FROM `gperf_category` [ RunTime:0.000751s ]
SQL: SELECT * FROM `gperf_category` WHERE ( `name` = 'About' ) LIMIT 1   [ RunTime:0.000355s ]
SQL: SELECT * FROM `gperf_category` WHERE ( `pid` = 1 )  [ RunTime:0.000425s ]
SQL: SELECT * FROM `gperf_category` WHERE ( `name` = 'Service' ) LIMIT 1   [ RunTime:0.000356s ]
SQL: SELECT * FROM `gperf_category` WHERE ( `pid` = 41 )  [ RunTime:0.000414s ]
SQL: SELECT * FROM `gperf_category` WHERE ( `name` = 'Reports' ) LIMIT 1   [ RunTime:0.000372s ]
SQL: SELECT * FROM `gperf_category` WHERE ( `pid` = 52 )  [ RunTime:0.000394s ]
SQL: SELECT * FROM `gperf_category` WHERE ( `name` = 'News&Events' ) LIMIT 1   [ RunTime:0.000356s ]
SQL: SELECT * FROM `gperf_category` WHERE ( `pid` = 57 )  [ RunTime:0.000412s ]
SQL: SELECT * FROM `gperf_category` WHERE ( `name` = 'Documentations' ) LIMIT 1   [ RunTime:0.000349s ]
SQL: SELECT * FROM `gperf_category` WHERE ( `pid` = 61 )  [ RunTime:0.000394s ]
SQL: SELECT * FROM `gperf_category` WHERE ( `name` = 'Downloads' ) LIMIT 1   [ RunTime:0.000354s ]
SQL: SELECT * FROM `gperf_category` WHERE ( `pid` = 65 )  [ RunTime:0.000385s ]
INFO: [ view_parse ] --START--
INFO: [ template_filter ] --START--
INFO: Run Behavior\ContentReplaceBehavior [ RunTime:0.000068s ]
INFO: [ template_filter ] --END-- [ RunTime:0.000109s ]
INFO: Run Behavior\ParseTemplateBehavior [ RunTime:0.016778s ]
INFO: [ view_parse ] --END-- [ RunTime:0.016850s ]
INFO: [ view_filter ] --START--
INFO: Run Behavior\WriteHtmlCacheBehavior [ RunTime:0.000091s ]
INFO: [ view_filter ] --END-- [ RunTime:0.000126s ]
INFO: [ app_end ] --START--
INFO: Run Behavior\ShowPageTraceBehavior [ RunTime:0.000355s ]
INFO: [ app_end ] --END-- [ RunTime:0.000399s ]

[ 2015-09-10T21:27:23+08:00 ] 85.1.38.244 /index.php?s=/Live/Live/getLocationInfo.html
INFO: [ app_begin ] --START--
INFO: Run Behavior\ReadHtmlCacheBehavior [ RunTime:0.000304s ]
INFO: [ app_begin ] --END-- [ RunTime:0.000346s ]
SQL: SHOW COLUMNS FROM `gperf_probe` [ RunTime:0.001572s ]
SQL: SHOW COLUMNS FROM `gperf_open_probe` [ RunTime:0.001356s ]
SQL: SELECT `position` FROM `gperf_probe` WHERE ( `status` = 1 )  [ RunTime:0.000870s ]
NOTIC: [8] Undefined offset: 1 /var/www/html/Application/Live/Controller/LiveController.class.php 第 23 行.
NOTIC: [8] Undefined offset: 1 /var/www/html/Application/Live/Controller/LiveController.class.php 第 23 行.
SQL: SELECT `position` FROM `gperf_open_probe` WHERE ( `status` = 1 )  [ RunTime:0.002182s ]

[ 2015-09-10T21:28:06+08:00 ] 85.1.38.244 /index.php?s=/Live/Live/getLocationInfo.html
INFO: [ app_begin ] --START--
INFO: Run Behavior\ReadHtmlCacheBehavior [ RunTime:0.000320s ]
INFO: [ app_begin ] --END-- [ RunTime:0.000362s ]
SQL: SHOW COLUMNS FROM `gperf_probe` [ RunTime:0.001126s ]
SQL: SHOW COLUMNS FROM `gperf_open_probe` [ RunTime:0.001350s ]
SQL: SELECT `position` FROM `gperf_probe` WHERE ( `status` = 1 )  [ RunTime:0.000953s ]
NOTIC: [8] Undefined offset: 1 /var/www/html/Application/Live/Controller/LiveController.class.php 第 23 行.
NOTIC: [8] Undefined offset: 1 /var/www/html/Application/Live/Controller/LiveController.class.php 第 23 行.
SQL: SELECT `position` FROM `gperf_open_probe` WHERE ( `status` = 1 )  [ RunTime:0.002260s ]

[ 2015-09-10T21:35:25+08:00 ] 123.125.71.22 /
SQL: SHOW COLUMNS FROM `gperf_task` [ RunTime:0.001341s ]
SQL: SHOW COLUMNS FROM `gperf_channel` [ RunTime:0.000981s ]
SQL: SELECT * FROM `gperf_channel` ORDER BY sort asc  [ RunTime:0.000356s ]
SQL: SHOW COLUMNS FROM `gperf_category` [ RunTime:0.001418s ]
SQL: SELECT * FROM `gperf_category` WHERE ( `name` = 'About' ) LIMIT 1   [ RunTime:0.000396s ]
SQL: SELECT * FROM `gperf_category` WHERE ( `pid` = 1 )  [ RunTime:0.000436s ]
SQL: SELECT * FROM `gperf_category` WHERE ( `name` = 'Service' ) LIMIT 1   [ RunTime:0.000316s ]
SQL: SELECT * FROM `gperf_category` WHERE ( `pid` = 41 )  [ RunTime:0.000370s ]
SQL: SELECT * FROM `gperf_category` WHERE ( `name` = 'Reports' ) LIMIT 1   [ RunTime:0.000307s ]
SQL: SELECT * FROM `gperf_category` WHERE ( `pid` = 52 )  [ RunTime:0.000317s ]
SQL: SELECT * FROM `gperf_category` WHERE ( `name` = 'News&Events' ) LIMIT 1   [ RunTime:0.000298s ]
SQL: SELECT * FROM `gperf_category` WHERE ( `pid` = 57 )  [ RunTime:0.000322s ]
SQL: SELECT * FROM `gperf_category` WHERE ( `name` = 'Documentations' ) LIMIT 1   [ RunTime:0.000469s ]
SQL: SELECT * FROM `gperf_category` WHERE ( `pid` = 61 )  [ RunTime:0.000533s ]
SQL: SELECT * FROM `gperf_category` WHERE ( `name` = 'Downloads' ) LIMIT 1   [ RunTime:0.000474s ]
SQL: SELECT * FROM `gperf_category` WHERE ( `pid` = 65 )  [ RunTime:0.000466s ]
INFO: [ view_parse ] --START--
INFO: [ template_filter ] --START--
INFO: Run Behavior\ContentReplaceBehavior [ RunTime:0.000071s ]
INFO: [ template_filter ] --END-- [ RunTime:0.000113s ]
INFO: Run Behavior\ParseTemplateBehavior [ RunTime:0.019795s ]
INFO: [ view_parse ] --END-- [ RunTime:0.019854s ]
INFO: [ view_filter ] --START--
INFO: Run Behavior\WriteHtmlCacheBehavior [ RunTime:0.000093s ]
INFO: [ view_filter ] --END-- [ RunTime:0.000128s ]
INFO: [ app_end ] --START--
INFO: Run Behavior\ShowPageTraceBehavior [ RunTime:0.000368s ]
INFO: [ app_end ] --END-- [ RunTime:0.000411s ]

[ 2015-09-10T22:36:12+08:00 ] 123.125.71.114 /
SQL: SHOW COLUMNS FROM `gperf_task` [ RunTime:0.001406s ]
SQL: SHOW COLUMNS FROM `gperf_channel` [ RunTime:0.001242s ]
SQL: SELECT * FROM `gperf_channel` ORDER BY sort asc  [ RunTime:0.000402s ]
SQL: SHOW COLUMNS FROM `gperf_category` [ RunTime:0.001387s ]
SQL: SELECT * FROM `gperf_category` WHERE ( `name` = 'About' ) LIMIT 1   [ RunTime:0.000438s ]
SQL: SELECT * FROM `gperf_category` WHERE ( `pid` = 1 )  [ RunTime:0.000486s ]
SQL: SELECT * FROM `gperf_category` WHERE ( `name` = 'Service' ) LIMIT 1   [ RunTime:0.000402s ]
SQL: SELECT * FROM `gperf_category` WHERE ( `pid` = 41 )  [ RunTime:0.000403s ]
SQL: SELECT * FROM `gperf_category` WHERE ( `name` = 'Reports' ) LIMIT 1   [ RunTime:0.000401s ]
SQL: SELECT * FROM `gperf_category` WHERE ( `pid` = 52 )  [ RunTime:0.000455s ]
SQL: SELECT * FROM `gperf_category` WHERE ( `name` = 'News&Events' ) LIMIT 1   [ RunTime:0.000405s ]
SQL: SELECT * FROM `gperf_category` WHERE ( `pid` = 57 )  [ RunTime:0.000366s ]
SQL: SELECT * FROM `gperf_category` WHERE ( `name` = 'Documentations' ) LIMIT 1   [ RunTime:0.000403s ]
SQL: SELECT * FROM `gperf_category` WHERE ( `pid` = 61 )  [ RunTime:0.000459s ]
SQL: SELECT * FROM `gperf_category` WHERE ( `name` = 'Downloads' ) LIMIT 1   [ RunTime:0.000328s ]
SQL: SELECT * FROM `gperf_category` WHERE ( `pid` = 65 )  [ RunTime:0.000444s ]
INFO: [ view_parse ] --START--
INFO: [ template_filter ] --START--
INFO: Run Behavior\ContentReplaceBehavior [ RunTime:0.000072s ]
INFO: [ template_filter ] --END-- [ RunTime:0.000113s ]
INFO: Run Behavior\ParseTemplateBehavior [ RunTime:0.018597s ]
INFO: [ view_parse ] --END-- [ RunTime:0.018671s ]
INFO: [ view_filter ] --START--
INFO: Run Behavior\WriteHtmlCacheBehavior [ RunTime:0.000094s ]
INFO: [ view_filter ] --END-- [ RunTime:0.000129s ]
INFO: [ app_end ] --START--
INFO: Run Behavior\ShowPageTraceBehavior [ RunTime:0.000368s ]
INFO: [ app_end ] --END-- [ RunTime:0.000407s ]

[ 2015-09-10T23:01:13+08:00 ] 180.153.236.118 /index.php
SQL: SHOW COLUMNS FROM `gperf_task` [ RunTime:0.001394s ]
SQL: SHOW COLUMNS FROM `gperf_channel` [ RunTime:0.001048s ]
SQL: SELECT * FROM `gperf_channel` ORDER BY sort asc  [ RunTime:0.000398s ]
SQL: SHOW COLUMNS FROM `gperf_category` [ RunTime:0.001436s ]
SQL: SELECT * FROM `gperf_category` WHERE ( `name` = 'About' ) LIMIT 1   [ RunTime:0.000446s ]
SQL: SELECT * FROM `gperf_category` WHERE ( `pid` = 1 )  [ RunTime:0.000432s ]
SQL: SELECT * FROM `gperf_category` WHERE ( `name` = 'Service' ) LIMIT 1   [ RunTime:0.000317s ]
SQL: SELECT * FROM `gperf_category` WHERE ( `pid` = 41 )  [ RunTime:0.000539s ]
SQL: SELECT * FROM `gperf_category` WHERE ( `name` = 'Reports' ) LIMIT 1   [ RunTime:0.000444s ]
SQL: SELECT * FROM `gperf_category` WHERE ( `pid` = 52 )  [ RunTime:0.000434s ]
SQL: SELECT * FROM `gperf_category` WHERE ( `name` = 'News&Events' ) LIMIT 1   [ RunTime:0.000480s ]
SQL: SELECT * FROM `gperf_category` WHERE ( `pid` = 57 )  [ RunTime:0.000527s ]
SQL: SELECT * FROM `gperf_category` WHERE ( `name` = 'Documentations' ) LIMIT 1   [ RunTime:0.000476s ]
SQL: SELECT * FROM `gperf_category` WHERE ( `pid` = 61 )  [ RunTime:0.000544s ]
SQL: SELECT * FROM `gperf_category` WHERE ( `name` = 'Downloads' ) LIMIT 1   [ RunTime:0.000489s ]
SQL: SELECT * FROM `gperf_category` WHERE ( `pid` = 65 )  [ RunTime:0.000535s ]
INFO: [ view_parse ] --START--
INFO: [ template_filter ] --START--
INFO: Run Behavior\ContentReplaceBehavior [ RunTime:0.000080s ]
INFO: [ template_filter ] --END-- [ RunTime:0.000123s ]
INFO: Run Behavior\ParseTemplateBehavior [ RunTime:0.018489s ]
INFO: [ view_parse ] --END-- [ RunTime:0.018558s ]
INFO: [ view_filter ] --START--
INFO: Run Behavior\WriteHtmlCacheBehavior [ RunTime:0.000098s ]
INFO: [ view_filter ] --END-- [ RunTime:0.000132s ]
INFO: [ app_end ] --START--
INFO: Run Behavior\ShowPageTraceBehavior [ RunTime:0.000384s ]
INFO: [ app_end ] --END-- [ RunTime:0.000428s ]

[ 2015-09-10T23:34:58+08:00 ] 123.125.71.33 /
SQL: SHOW COLUMNS FROM `gperf_task` [ RunTime:0.001391s ]
SQL: SHOW COLUMNS FROM `gperf_channel` [ RunTime:0.001110s ]
SQL: SELECT * FROM `gperf_channel` ORDER BY sort asc  [ RunTime:0.000402s ]
SQL: SHOW COLUMNS FROM `gperf_category` [ RunTime:0.001424s ]
SQL: SELECT * FROM `gperf_category` WHERE ( `name` = 'About' ) LIMIT 1   [ RunTime:0.000448s ]
SQL: SELECT * FROM `gperf_category` WHERE ( `pid` = 1 )  [ RunTime:0.000518s ]
SQL: SELECT * FROM `gperf_category` WHERE ( `name` = 'Service' ) LIMIT 1   [ RunTime:0.000478s ]
SQL: SELECT * FROM `gperf_category` WHERE ( `pid` = 41 )  [ RunTime:0.000536s ]
SQL: SELECT * FROM `gperf_category` WHERE ( `name` = 'Reports' ) LIMIT 1   [ RunTime:0.000480s ]
SQL: SELECT * FROM `gperf_category` WHERE ( `pid` = 52 )  [ RunTime:0.000484s ]
SQL: SELECT * FROM `gperf_category` WHERE ( `name` = 'News&Events' ) LIMIT 1   [ RunTime:0.000384s ]
SQL: SELECT * FROM `gperf_category` WHERE ( `pid` = 57 )  [ RunTime:0.000424s ]
SQL: SELECT * FROM `gperf_category` WHERE ( `name` = 'Documentations' ) LIMIT 1   [ RunTime:0.000475s ]
SQL: SELECT * FROM `gperf_category` WHERE ( `pid` = 61 )  [ RunTime:0.000534s ]
SQL: SELECT * FROM `gperf_category` WHERE ( `name` = 'Downloads' ) LIMIT 1   [ RunTime:0.000424s ]
SQL: SELECT * FROM `gperf_category` WHERE ( `pid` = 65 )  [ RunTime:0.000535s ]
INFO: [ view_parse ] --START--
INFO: [ template_filter ] --START--
INFO: Run Behavior\ContentReplaceBehavior [ RunTime:0.000077s ]
INFO: [ template_filter ] --END-- [ RunTime:0.000121s ]
INFO: Run Behavior\ParseTemplateBehavior [ RunTime:0.017912s ]
INFO: [ view_parse ] --END-- [ RunTime:0.017977s ]
INFO: [ view_filter ] --START--
INFO: Run Behavior\WriteHtmlCacheBehavior [ RunTime:0.000098s ]
INFO: [ view_filter ] --END-- [ RunTime:0.000132s ]
INFO: [ app_end ] --START--
INFO: Run Behavior\ShowPageTraceBehavior [ RunTime:0.000393s ]
INFO: [ app_end ] --END-- [ RunTime:0.000440s ]

[ 2015-09-10T23:35:13+08:00 ] 220.181.108.94 /
SQL: SHOW COLUMNS FROM `gperf_task` [ RunTime:0.001382s ]
SQL: SHOW COLUMNS FROM `gperf_channel` [ RunTime:0.001205s ]
SQL: SELECT * FROM `gperf_channel` ORDER BY sort asc  [ RunTime:0.000395s ]
SQL: SHOW COLUMNS FROM `gperf_category` [ RunTime:0.001370s ]
SQL: SELECT * FROM `gperf_category` WHERE ( `name` = 'About' ) LIMIT 1   [ RunTime:0.000424s ]
SQL: SELECT * FROM `gperf_category` WHERE ( `pid` = 1 )  [ RunTime:0.000483s ]
SQL: SELECT * FROM `gperf_category` WHERE ( `name` = 'Service' ) LIMIT 1   [ RunTime:0.000417s ]
SQL: SELECT * FROM `gperf_category` WHERE ( `pid` = 41 )  [ RunTime:0.000377s ]
SQL: SELECT * FROM `gperf_category` WHERE ( `name` = 'Reports' ) LIMIT 1   [ RunTime:0.000474s ]
SQL: SELECT * FROM `gperf_category` WHERE ( `pid` = 52 )  [ RunTime:0.000527s ]
SQL: SELECT * FROM `gperf_category` WHERE ( `name` = 'News&Events' ) LIMIT 1   [ RunTime:0.000478s ]
SQL: SELECT * FROM `gperf_category` WHERE ( `pid` = 57 )  [ RunTime:0.000474s ]
SQL: SELECT * FROM `gperf_category` WHERE ( `name` = 'Documentations' ) LIMIT 1   [ RunTime:0.000399s ]
SQL: SELECT * FROM `gperf_category` WHERE ( `pid` = 61 )  [ RunTime:0.000536s ]
SQL: SELECT * FROM `gperf_category` WHERE ( `name` = 'Downloads' ) LIMIT 1   [ RunTime:0.000476s ]
SQL: SELECT * FROM `gperf_category` WHERE ( `pid` = 65 )  [ RunTime:0.000523s ]
INFO: [ view_parse ] --START--
INFO: [ template_filter ] --START--
INFO: Run Behavior\ContentReplaceBehavior [ RunTime:0.000075s ]
INFO: [ template_filter ] --END-- [ RunTime:0.000116s ]
INFO: Run Behavior\ParseTemplateBehavior [ RunTime:0.017155s ]
INFO: [ view_parse ] --END-- [ RunTime:0.017220s ]
INFO: [ view_filter ] --START--
INFO: Run Behavior\WriteHtmlCacheBehavior [ RunTime:0.000095s ]
INFO: [ view_filter ] --END-- [ RunTime:0.000131s ]
INFO: [ app_end ] --START--
INFO: Run Behavior\ShowPageTraceBehavior [ RunTime:0.000380s ]
INFO: [ app_end ] --END-- [ RunTime:0.000424s ]

