[ 2015-08-27T09:26:06+08:00 ] 101.5.219.107 /
SQL: SHOW COLUMNS FROM `gperf_task` [ RunTime:0.001373s ]
SQL: SHOW COLUMNS FROM `gperf_channel` [ RunTime:0.001095s ]
SQL: SELECT * FROM `gperf_channel` ORDER BY sort asc  [ RunTime:0.000405s ]
SQL: SHOW COLUMNS FROM `gperf_category` [ RunTime:0.001431s ]
SQL: SELECT * FROM `gperf_category` WHERE ( `name` = 'About' ) LIMIT 1   [ RunTime:0.000468s ]
SQL: SELECT * FROM `gperf_category` WHERE ( `pid` = 1 )  [ RunTime:0.000494s ]
SQL: SELECT * FROM `gperf_category` WHERE ( `name` = 'Service' ) LIMIT 1   [ RunTime:0.000416s ]
SQL: SELECT * FROM `gperf_category` WHERE ( `pid` = 41 )  [ RunTime:0.000543s ]
SQL: SELECT * FROM `gperf_category` WHERE ( `name` = 'Reports' ) LIMIT 1   [ RunTime:0.000479s ]
SQL: SELECT * FROM `gperf_category` WHERE ( `pid` = 52 )  [ RunTime:0.000530s ]
SQL: SELECT * FROM `gperf_category` WHERE ( `name` = 'News&Events' ) LIMIT 1   [ RunTime:0.000425s ]
SQL: SELECT * FROM `gperf_category` WHERE ( `pid` = 57 )  [ RunTime:0.000545s ]
SQL: SELECT * FROM `gperf_category` WHERE ( `name` = 'Documentations' ) LIMIT 1   [ RunTime:0.000407s ]
SQL: SELECT * FROM `gperf_category` WHERE ( `pid` = 61 )  [ RunTime:0.000532s ]
SQL: SELECT * FROM `gperf_category` WHERE ( `name` = 'Downloads' ) LIMIT 1   [ RunTime:0.000476s ]
SQL: SELECT * FROM `gperf_category` WHERE ( `pid` = 65 )  [ RunTime:0.000516s ]
INFO: [ view_parse ] --START--
INFO: [ template_filter ] --START--
INFO: Run Behavior\ContentReplaceBehavior [ RunTime:0.000075s ]
INFO: [ template_filter ] --END-- [ RunTime:0.000116s ]
INFO: Run Behavior\ParseTemplateBehavior [ RunTime:0.017743s ]
INFO: [ view_parse ] --END-- [ RunTime:0.017815s ]
INFO: [ view_filter ] --START--
INFO: Run Behavior\WriteHtmlCacheBehavior [ RunTime:0.000102s ]
INFO: [ view_filter ] --END-- [ RunTime:0.000137s ]
INFO: [ app_end ] --START--
INFO: Run Behavior\ShowPageTraceBehavior [ RunTime:0.000386s ]
INFO: [ app_end ] --END-- [ RunTime:0.000432s ]

[ 2015-08-27T09:26:22+08:00 ] 101.5.129.203 /
SQL: SHOW COLUMNS FROM `gperf_task` [ RunTime:0.001430s ]
SQL: SHOW COLUMNS FROM `gperf_channel` [ RunTime:0.001230s ]
SQL: SELECT * FROM `gperf_channel` ORDER BY sort asc  [ RunTime:0.000390s ]
SQL: SHOW COLUMNS FROM `gperf_category` [ RunTime:0.001422s ]
SQL: SELECT * FROM `gperf_category` WHERE ( `name` = 'About' ) LIMIT 1   [ RunTime:0.000374s ]
SQL: SELECT * FROM `gperf_category` WHERE ( `pid` = 1 )  [ RunTime:0.000491s ]
SQL: SELECT * FROM `gperf_category` WHERE ( `name` = 'Service' ) LIMIT 1   [ RunTime:0.000473s ]
SQL: SELECT * FROM `gperf_category` WHERE ( `pid` = 41 )  [ RunTime:0.000498s ]
SQL: SELECT * FROM `gperf_category` WHERE ( `name` = 'Reports' ) LIMIT 1   [ RunTime:0.000394s ]
SQL: SELECT * FROM `gperf_category` WHERE ( `pid` = 52 )  [ RunTime:0.000422s ]
SQL: SELECT * FROM `gperf_category` WHERE ( `name` = 'News&Events' ) LIMIT 1   [ RunTime:0.000475s ]
SQL: SELECT * FROM `gperf_category` WHERE ( `pid` = 57 )  [ RunTime:0.000524s ]
SQL: SELECT * FROM `gperf_category` WHERE ( `name` = 'Documentations' ) LIMIT 1   [ RunTime:0.000475s ]
SQL: SELECT * FROM `gperf_category` WHERE ( `pid` = 61 )  [ RunTime:0.000546s ]
SQL: SELECT * FROM `gperf_category` WHERE ( `name` = 'Downloads' ) LIMIT 1   [ RunTime:0.000476s ]
SQL: SELECT * FROM `gperf_category` WHERE ( `pid` = 65 )  [ RunTime:0.000516s ]
INFO: [ view_parse ] --START--
INFO: [ template_filter ] --START--
INFO: Run Behavior\ContentReplaceBehavior [ RunTime:0.000075s ]
INFO: [ template_filter ] --END-- [ RunTime:0.000117s ]
INFO: Run Behavior\ParseTemplateBehavior [ RunTime:0.017676s ]
INFO: [ view_parse ] --END-- [ RunTime:0.017735s ]
INFO: [ view_filter ] --START--
INFO: Run Behavior\WriteHtmlCacheBehavior [ RunTime:0.000102s ]
INFO: [ view_filter ] --END-- [ RunTime:0.000137s ]
INFO: [ app_end ] --START--
INFO: Run Behavior\ShowPageTraceBehavior [ RunTime:0.000361s ]
INFO: [ app_end ] --END-- [ RunTime:0.000404s ]

[ 2015-08-27T09:27:41+08:00 ] 101.5.219.107 /index.php?s=/Home/Article/newsdetail/hid/4/cid/2
SQL: SHOW COLUMNS FROM `gperf_document` [ RunTime:0.001424s ]
SQL: SELECT * FROM `gperf_document` WHERE ( `category_id` = 2 ) LIMIT 1   [ RunTime:0.000549s ]
SQL: SHOW COLUMNS FROM `gperf_document_article` [ RunTime:0.001109s ]
SQL: SELECT * FROM `gperf_document_article` WHERE ( `id` = 7 ) LIMIT 1   [ RunTime:0.000441s ]
SQL: SHOW COLUMNS FROM `gperf_category` [ RunTime:0.001409s ]
SQL: SELECT `name` FROM `gperf_category` WHERE ( `id` = 2 ) LIMIT 1   [ RunTime:0.000337s ]
SQL: SELECT `pid` FROM `gperf_category` WHERE ( `id` = 2 ) LIMIT 1   [ RunTime:0.000302s ]
SQL: SELECT `title` FROM `gperf_category` WHERE ( `id` = 1 ) LIMIT 1   [ RunTime:0.000394s ]
SQL: SHOW COLUMNS FROM `gperf_channel` [ RunTime:0.001151s ]
SQL: SELECT `id` FROM `gperf_channel` WHERE ( `title` = 'About' ) LIMIT 1   [ RunTime:0.000400s ]
SQL: SELECT * FROM `gperf_category` WHERE ( `pid` = 1 )  [ RunTime:0.000498s ]
SQL: SELECT * FROM `gperf_document` WHERE ( `id` = 8 ) LIMIT 1   [ RunTime:0.000379s ]
SQL: SELECT * FROM `gperf_document` WHERE ( `id` = 6 ) LIMIT 1   [ RunTime:0.000320s ]
SQL: SELECT * FROM `gperf_channel` ORDER BY sort asc  [ RunTime:0.000450s ]
SQL: SELECT * FROM `gperf_category` WHERE ( `name` = 'About' ) LIMIT 1   [ RunTime:0.000462s ]
SQL: SELECT * FROM `gperf_category` WHERE ( `pid` = 1 )  [ RunTime:0.000486s ]
SQL: SELECT * FROM `gperf_category` WHERE ( `name` = 'Service' ) LIMIT 1   [ RunTime:0.000378s ]
SQL: SELECT * FROM `gperf_category` WHERE ( `pid` = 41 )  [ RunTime:0.000533s ]
SQL: SELECT * FROM `gperf_category` WHERE ( `name` = 'Reports' ) LIMIT 1   [ RunTime:0.000471s ]
SQL: SELECT * FROM `gperf_category` WHERE ( `pid` = 52 )  [ RunTime:0.000531s ]
SQL: SELECT * FROM `gperf_category` WHERE ( `name` = 'News&Events' ) LIMIT 1   [ RunTime:0.000475s ]
SQL: SELECT * FROM `gperf_category` WHERE ( `pid` = 57 )  [ RunTime:0.000525s ]
SQL: SELECT * FROM `gperf_category` WHERE ( `name` = 'Documentations' ) LIMIT 1   [ RunTime:0.000443s ]
SQL: SELECT * FROM `gperf_category` WHERE ( `pid` = 61 )  [ RunTime:0.000481s ]
SQL: SELECT * FROM `gperf_category` WHERE ( `name` = 'Downloads' ) LIMIT 1   [ RunTime:0.000412s ]
SQL: SELECT * FROM `gperf_category` WHERE ( `pid` = 65 )  [ RunTime:0.000444s ]
INFO: [ view_parse ] --START--
INFO: [ template_filter ] --START--
INFO: Run Behavior\ContentReplaceBehavior [ RunTime:0.000083s ]
INFO: [ template_filter ] --END-- [ RunTime:0.000125s ]
INFO: Run Behavior\ParseTemplateBehavior [ RunTime:0.018028s ]
INFO: [ view_parse ] --END-- [ RunTime:0.018090s ]
INFO: [ view_filter ] --START--
INFO: Run Behavior\WriteHtmlCacheBehavior [ RunTime:0.000099s ]
INFO: [ view_filter ] --END-- [ RunTime:0.000134s ]
INFO: [ app_end ] --START--
INFO: Run Behavior\ShowPageTraceBehavior [ RunTime:0.000374s ]
INFO: [ app_end ] --END-- [ RunTime:0.000416s ]

[ 2015-08-27T09:27:52+08:00 ] 101.5.219.107 /index.php?s=/Home/Article/newsdetail/hid/8/cid/68
SQL: SHOW COLUMNS FROM `gperf_document` [ RunTime:0.001423s ]
SQL: SELECT * FROM `gperf_document` WHERE ( `category_id` = 68 ) LIMIT 1   [ RunTime:0.000489s ]
SQL: SHOW COLUMNS FROM `gperf_document_article` [ RunTime:0.001102s ]
SQL: SELECT * FROM `gperf_document_article` WHERE ( `id` = 9 ) LIMIT 1   [ RunTime:0.000445s ]
SQL: SHOW COLUMNS FROM `gperf_category` [ RunTime:0.001425s ]
SQL: SELECT `name` FROM `gperf_category` WHERE ( `id` = 68 ) LIMIT 1   [ RunTime:0.000333s ]
SQL: SELECT `pid` FROM `gperf_category` WHERE ( `id` = 68 ) LIMIT 1   [ RunTime:0.000299s ]
SQL: SELECT `title` FROM `gperf_category` WHERE ( `id` = 61 ) LIMIT 1   [ RunTime:0.000390s ]
SQL: SHOW COLUMNS FROM `gperf_channel` [ RunTime:0.001150s ]
SQL: SELECT `id` FROM `gperf_channel` WHERE ( `title` = 'Documentations' ) LIMIT 1   [ RunTime:0.000393s ]
SQL: SELECT * FROM `gperf_category` WHERE ( `pid` = 61 )  [ RunTime:0.000477s ]
SQL: SELECT * FROM `gperf_document` WHERE ( `id` = 10 ) LIMIT 1   [ RunTime:0.000288s ]
SQL: SELECT * FROM `gperf_document` WHERE ( `id` = 8 ) LIMIT 1   [ RunTime:0.000382s ]
SQL: SELECT * FROM `gperf_channel` ORDER BY sort asc  [ RunTime:0.000364s ]
SQL: SELECT * FROM `gperf_category` WHERE ( `name` = 'About' ) LIMIT 1   [ RunTime:0.000348s ]
SQL: SELECT * FROM `gperf_category` WHERE ( `pid` = 1 )  [ RunTime:0.000466s ]
SQL: SELECT * FROM `gperf_category` WHERE ( `name` = 'Service' ) LIMIT 1   [ RunTime:0.000395s ]
SQL: SELECT * FROM `gperf_category` WHERE ( `pid` = 41 )  [ RunTime:0.000482s ]
SQL: SELECT * FROM `gperf_category` WHERE ( `name` = 'Reports' ) LIMIT 1   [ RunTime:0.000411s ]
SQL: SELECT * FROM `gperf_category` WHERE ( `pid` = 52 )  [ RunTime:0.000446s ]
SQL: SELECT * FROM `gperf_category` WHERE ( `name` = 'News&Events' ) LIMIT 1   [ RunTime:0.000399s ]
SQL: SELECT * FROM `gperf_category` WHERE ( `pid` = 57 )  [ RunTime:0.000446s ]
SQL: SELECT * FROM `gperf_category` WHERE ( `name` = 'Documentations' ) LIMIT 1   [ RunTime:0.000396s ]
SQL: SELECT * FROM `gperf_category` WHERE ( `pid` = 61 )  [ RunTime:0.000446s ]
SQL: SELECT * FROM `gperf_category` WHERE ( `name` = 'Downloads' ) LIMIT 1   [ RunTime:0.000403s ]
SQL: SELECT * FROM `gperf_category` WHERE ( `pid` = 65 )  [ RunTime:0.000443s ]
INFO: [ view_parse ] --START--
INFO: [ template_filter ] --START--
INFO: Run Behavior\ContentReplaceBehavior [ RunTime:0.000083s ]
INFO: [ template_filter ] --END-- [ RunTime:0.000125s ]
INFO: Run Behavior\ParseTemplateBehavior [ RunTime:0.019593s ]
INFO: [ view_parse ] --END-- [ RunTime:0.019657s ]
INFO: [ view_filter ] --START--
INFO: Run Behavior\WriteHtmlCacheBehavior [ RunTime:0.000102s ]
INFO: [ view_filter ] --END-- [ RunTime:0.000138s ]
INFO: [ app_end ] --START--
INFO: Run Behavior\ShowPageTraceBehavior [ RunTime:0.000376s ]
INFO: [ app_end ] --END-- [ RunTime:0.000418s ]

[ 2015-08-27T12:12:14+08:00 ] 220.181.132.216 /
SQL: SHOW COLUMNS FROM `gperf_task` [ RunTime:0.001367s ]
SQL: SHOW COLUMNS FROM `gperf_channel` [ RunTime:0.001221s ]
SQL: SELECT * FROM `gperf_channel` ORDER BY sort asc  [ RunTime:0.000394s ]
SQL: SHOW COLUMNS FROM `gperf_category` [ RunTime:0.001419s ]
SQL: SELECT * FROM `gperf_category` WHERE ( `name` = 'About' ) LIMIT 1   [ RunTime:0.000448s ]
SQL: SELECT * FROM `gperf_category` WHERE ( `pid` = 1 )  [ RunTime:0.000439s ]
SQL: SELECT * FROM `gperf_category` WHERE ( `name` = 'Service' ) LIMIT 1   [ RunTime:0.000407s ]
SQL: SELECT * FROM `gperf_category` WHERE ( `pid` = 41 )  [ RunTime:0.000472s ]
SQL: SELECT * FROM `gperf_category` WHERE ( `name` = 'Reports' ) LIMIT 1   [ RunTime:0.000414s ]
SQL: SELECT * FROM `gperf_category` WHERE ( `pid` = 52 )  [ RunTime:0.000370s ]
SQL: SELECT * FROM `gperf_category` WHERE ( `name` = 'News&Events' ) LIMIT 1   [ RunTime:0.000408s ]
SQL: SELECT * FROM `gperf_category` WHERE ( `pid` = 57 )  [ RunTime:0.000521s ]
SQL: SELECT * FROM `gperf_category` WHERE ( `name` = 'Documentations' ) LIMIT 1   [ RunTime:0.000415s ]
SQL: SELECT * FROM `gperf_category` WHERE ( `pid` = 61 )  [ RunTime:0.000459s ]
SQL: SELECT * FROM `gperf_category` WHERE ( `name` = 'Downloads' ) LIMIT 1   [ RunTime:0.000465s ]
SQL: SELECT * FROM `gperf_category` WHERE ( `pid` = 65 )  [ RunTime:0.000512s ]
INFO: [ view_parse ] --START--
INFO: [ template_filter ] --START--
INFO: Run Behavior\ContentReplaceBehavior [ RunTime:0.000080s ]
INFO: [ template_filter ] --END-- [ RunTime:0.000123s ]
INFO: Run Behavior\ParseTemplateBehavior [ RunTime:0.021254s ]
INFO: [ view_parse ] --END-- [ RunTime:0.021321s ]
INFO: [ view_filter ] --START--
INFO: Run Behavior\WriteHtmlCacheBehavior [ RunTime:0.000099s ]
INFO: [ view_filter ] --END-- [ RunTime:0.000133s ]
INFO: [ app_end ] --START--
INFO: Run Behavior\ShowPageTraceBehavior [ RunTime:0.000392s ]
INFO: [ app_end ] --END-- [ RunTime:0.000437s ]

[ 2015-08-27T12:13:00+08:00 ] 123.125.71.70 /
SQL: SHOW COLUMNS FROM `gperf_task` [ RunTime:0.001368s ]
SQL: SHOW COLUMNS FROM `gperf_channel` [ RunTime:0.001228s ]
SQL: SELECT * FROM `gperf_channel` ORDER BY sort asc  [ RunTime:0.000396s ]
SQL: SHOW COLUMNS FROM `gperf_category` [ RunTime:0.001469s ]
SQL: SELECT * FROM `gperf_category` WHERE ( `name` = 'About' ) LIMIT 1   [ RunTime:0.000501s ]
SQL: SELECT * FROM `gperf_category` WHERE ( `pid` = 1 )  [ RunTime:0.000488s ]
SQL: SELECT * FROM `gperf_category` WHERE ( `name` = 'Service' ) LIMIT 1   [ RunTime:0.000471s ]
SQL: SELECT * FROM `gperf_category` WHERE ( `pid` = 41 )  [ RunTime:0.000534s ]
SQL: SELECT * FROM `gperf_category` WHERE ( `name` = 'Reports' ) LIMIT 1   [ RunTime:0.000469s ]
SQL: SELECT * FROM `gperf_category` WHERE ( `pid` = 52 )  [ RunTime:0.000481s ]
SQL: SELECT * FROM `gperf_category` WHERE ( `name` = 'News&Events' ) LIMIT 1   [ RunTime:0.000379s ]
SQL: SELECT * FROM `gperf_category` WHERE ( `pid` = 57 )  [ RunTime:0.000523s ]
SQL: SELECT * FROM `gperf_category` WHERE ( `name` = 'Documentations' ) LIMIT 1   [ RunTime:0.000466s ]
SQL: SELECT * FROM `gperf_category` WHERE ( `pid` = 61 )  [ RunTime:0.000522s ]
SQL: SELECT * FROM `gperf_category` WHERE ( `name` = 'Downloads' ) LIMIT 1   [ RunTime:0.000465s ]
SQL: SELECT * FROM `gperf_category` WHERE ( `pid` = 65 )  [ RunTime:0.000528s ]
INFO: [ view_parse ] --START--
INFO: [ template_filter ] --START--
INFO: Run Behavior\ContentReplaceBehavior [ RunTime:0.000079s ]
INFO: [ template_filter ] --END-- [ RunTime:0.000123s ]
INFO: Run Behavior\ParseTemplateBehavior [ RunTime:0.020538s ]
INFO: [ view_parse ] --END-- [ RunTime:0.020608s ]
INFO: [ view_filter ] --START--
INFO: Run Behavior\WriteHtmlCacheBehavior [ RunTime:0.000097s ]
INFO: [ view_filter ] --END-- [ RunTime:0.000131s ]
INFO: [ app_end ] --START--
INFO: Run Behavior\ShowPageTraceBehavior [ RunTime:0.000383s ]
INFO: [ app_end ] --END-- [ RunTime:0.000429s ]

[ 2015-08-27T12:17:30+08:00 ] 101.199.112.51 /
SQL: SHOW COLUMNS FROM `gperf_task` [ RunTime:0.001402s ]
SQL: SHOW COLUMNS FROM `gperf_channel` [ RunTime:0.001229s ]
SQL: SELECT * FROM `gperf_channel` ORDER BY sort asc  [ RunTime:0.000399s ]
SQL: SHOW COLUMNS FROM `gperf_category` [ RunTime:0.001482s ]
SQL: SELECT * FROM `gperf_category` WHERE ( `name` = 'About' ) LIMIT 1   [ RunTime:0.000445s ]
SQL: SELECT * FROM `gperf_category` WHERE ( `pid` = 1 )  [ RunTime:0.000442s ]
SQL: SELECT * FROM `gperf_category` WHERE ( `name` = 'Service' ) LIMIT 1   [ RunTime:0.000406s ]
SQL: SELECT * FROM `gperf_category` WHERE ( `pid` = 41 )  [ RunTime:0.000403s ]
SQL: SELECT * FROM `gperf_category` WHERE ( `name` = 'Reports' ) LIMIT 1   [ RunTime:0.000482s ]
SQL: SELECT * FROM `gperf_category` WHERE ( `pid` = 52 )  [ RunTime:0.000452s ]
SQL: SELECT * FROM `gperf_category` WHERE ( `name` = 'News&Events' ) LIMIT 1   [ RunTime:0.000476s ]
SQL: SELECT * FROM `gperf_category` WHERE ( `pid` = 57 )  [ RunTime:0.000516s ]
SQL: SELECT * FROM `gperf_category` WHERE ( `name` = 'Documentations' ) LIMIT 1   [ RunTime:0.000469s ]
SQL: SELECT * FROM `gperf_category` WHERE ( `pid` = 61 )  [ RunTime:0.000498s ]
SQL: SELECT * FROM `gperf_category` WHERE ( `name` = 'Downloads' ) LIMIT 1   [ RunTime:0.000487s ]
SQL: SELECT * FROM `gperf_category` WHERE ( `pid` = 65 )  [ RunTime:0.000554s ]
INFO: [ view_parse ] --START--
INFO: [ template_filter ] --START--
INFO: Run Behavior\ContentReplaceBehavior [ RunTime:0.000076s ]
INFO: [ template_filter ] --END-- [ RunTime:0.000121s ]
INFO: Run Behavior\ParseTemplateBehavior [ RunTime:0.015451s ]
INFO: [ view_parse ] --END-- [ RunTime:0.015521s ]
INFO: [ view_filter ] --START--
INFO: Run Behavior\WriteHtmlCacheBehavior [ RunTime:0.000099s ]
INFO: [ view_filter ] --END-- [ RunTime:0.000134s ]
INFO: [ app_end ] --START--
INFO: Run Behavior\ShowPageTraceBehavior [ RunTime:0.000390s ]
INFO: [ app_end ] --END-- [ RunTime:0.000435s ]

[ 2015-08-27T12:19:42+08:00 ] 220.181.108.141 /
SQL: SHOW COLUMNS FROM `gperf_task` [ RunTime:0.001303s ]
SQL: SHOW COLUMNS FROM `gperf_channel` [ RunTime:0.001006s ]
SQL: SELECT * FROM `gperf_channel` ORDER BY sort asc  [ RunTime:0.000322s ]
SQL: SHOW COLUMNS FROM `gperf_category` [ RunTime:0.001319s ]
SQL: SELECT * FROM `gperf_category` WHERE ( `name` = 'About' ) LIMIT 1   [ RunTime:0.000434s ]
SQL: SELECT * FROM `gperf_category` WHERE ( `pid` = 1 )  [ RunTime:0.000531s ]
SQL: SELECT * FROM `gperf_category` WHERE ( `name` = 'Service' ) LIMIT 1   [ RunTime:0.000328s ]
SQL: SELECT * FROM `gperf_category` WHERE ( `pid` = 41 )  [ RunTime:0.000533s ]
SQL: SELECT * FROM `gperf_category` WHERE ( `name` = 'Reports' ) LIMIT 1   [ RunTime:0.000479s ]
SQL: SELECT * FROM `gperf_category` WHERE ( `pid` = 52 )  [ RunTime:0.000477s ]
SQL: SELECT * FROM `gperf_category` WHERE ( `name` = 'News&Events' ) LIMIT 1   [ RunTime:0.000386s ]
SQL: SELECT * FROM `gperf_category` WHERE ( `pid` = 57 )  [ RunTime:0.000525s ]
SQL: SELECT * FROM `gperf_category` WHERE ( `name` = 'Documentations' ) LIMIT 1   [ RunTime:0.000476s ]
SQL: SELECT * FROM `gperf_category` WHERE ( `pid` = 61 )  [ RunTime:0.000475s ]
SQL: SELECT * FROM `gperf_category` WHERE ( `name` = 'Downloads' ) LIMIT 1   [ RunTime:0.000378s ]
SQL: SELECT * FROM `gperf_category` WHERE ( `pid` = 65 )  [ RunTime:0.000520s ]
INFO: [ view_parse ] --START--
INFO: [ template_filter ] --START--
INFO: Run Behavior\ContentReplaceBehavior [ RunTime:0.000070s ]
INFO: [ template_filter ] --END-- [ RunTime:0.000109s ]
INFO: Run Behavior\ParseTemplateBehavior [ RunTime:0.016237s ]
INFO: [ view_parse ] --END-- [ RunTime:0.016296s ]
INFO: [ view_filter ] --START--
INFO: Run Behavior\WriteHtmlCacheBehavior [ RunTime:0.000095s ]
INFO: [ view_filter ] --END-- [ RunTime:0.000129s ]
INFO: [ app_end ] --START--
INFO: Run Behavior\ShowPageTraceBehavior [ RunTime:0.000361s ]
INFO: [ app_end ] --END-- [ RunTime:0.000404s ]

[ 2015-08-27T12:27:48+08:00 ] 101.199.108.51 /
SQL: SHOW COLUMNS FROM `gperf_task` [ RunTime:0.001340s ]
SQL: SHOW COLUMNS FROM `gperf_channel` [ RunTime:0.001011s ]
SQL: SELECT * FROM `gperf_channel` ORDER BY sort asc  [ RunTime:0.000387s ]
SQL: SHOW COLUMNS FROM `gperf_category` [ RunTime:0.001487s ]
SQL: SELECT * FROM `gperf_category` WHERE ( `name` = 'About' ) LIMIT 1   [ RunTime:0.000360s ]
SQL: SELECT * FROM `gperf_category` WHERE ( `pid` = 1 )  [ RunTime:0.000482s ]
SQL: SELECT * FROM `gperf_category` WHERE ( `name` = 'Service' ) LIMIT 1   [ RunTime:0.000432s ]
SQL: SELECT * FROM `gperf_category` WHERE ( `pid` = 41 )  [ RunTime:0.000371s ]
SQL: SELECT * FROM `gperf_category` WHERE ( `name` = 'Reports' ) LIMIT 1   [ RunTime:0.000453s ]
SQL: SELECT * FROM `gperf_category` WHERE ( `pid` = 52 )  [ RunTime:0.000460s ]
SQL: SELECT * FROM `gperf_category` WHERE ( `name` = 'News&Events' ) LIMIT 1   [ RunTime:0.000358s ]
SQL: SELECT * FROM `gperf_category` WHERE ( `pid` = 57 )  [ RunTime:0.000502s ]
SQL: SELECT * FROM `gperf_category` WHERE ( `name` = 'Documentations' ) LIMIT 1   [ RunTime:0.000410s ]
SQL: SELECT * FROM `gperf_category` WHERE ( `pid` = 61 )  [ RunTime:0.000406s ]
SQL: SELECT * FROM `gperf_category` WHERE ( `name` = 'Downloads' ) LIMIT 1   [ RunTime:0.000458s ]
SQL: SELECT * FROM `gperf_category` WHERE ( `pid` = 65 )  [ RunTime:0.000524s ]
INFO: [ view_parse ] --START--
INFO: [ template_filter ] --START--
INFO: Run Behavior\ContentReplaceBehavior [ RunTime:0.000068s ]
INFO: [ template_filter ] --END-- [ RunTime:0.000108s ]
INFO: Run Behavior\ParseTemplateBehavior [ RunTime:0.015957s ]
INFO: [ view_parse ] --END-- [ RunTime:0.016010s ]
INFO: [ view_filter ] --START--
INFO: Run Behavior\WriteHtmlCacheBehavior [ RunTime:0.000093s ]
INFO: [ view_filter ] --END-- [ RunTime:0.000128s ]
INFO: [ app_end ] --START--
INFO: Run Behavior\ShowPageTraceBehavior [ RunTime:0.000361s ]
INFO: [ app_end ] --END-- [ RunTime:0.000403s ]

[ 2015-08-27T12:33:00+08:00 ] 220.181.108.155 /
SQL: SHOW COLUMNS FROM `gperf_task` [ RunTime:0.001376s ]
SQL: SHOW COLUMNS FROM `gperf_channel` [ RunTime:0.001209s ]
SQL: SELECT * FROM `gperf_channel` ORDER BY sort asc  [ RunTime:0.000335s ]
SQL: SHOW COLUMNS FROM `gperf_category` [ RunTime:0.001457s ]
SQL: SELECT * FROM `gperf_category` WHERE ( `name` = 'About' ) LIMIT 1   [ RunTime:0.000442s ]
SQL: SELECT * FROM `gperf_category` WHERE ( `pid` = 1 )  [ RunTime:0.000524s ]
SQL: SELECT * FROM `gperf_category` WHERE ( `name` = 'Service' ) LIMIT 1   [ RunTime:0.000488s ]
SQL: SELECT * FROM `gperf_category` WHERE ( `pid` = 41 )  [ RunTime:0.000456s ]
SQL: SELECT * FROM `gperf_category` WHERE ( `name` = 'Reports' ) LIMIT 1   [ RunTime:0.000377s ]
SQL: SELECT * FROM `gperf_category` WHERE ( `pid` = 52 )  [ RunTime:0.000538s ]
SQL: SELECT * FROM `gperf_category` WHERE ( `name` = 'News&Events' ) LIMIT 1   [ RunTime:0.000480s ]
SQL: SELECT * FROM `gperf_category` WHERE ( `pid` = 57 )  [ RunTime:0.000482s ]
SQL: SELECT * FROM `gperf_category` WHERE ( `name` = 'Documentations' ) LIMIT 1   [ RunTime:0.000374s ]
SQL: SELECT * FROM `gperf_category` WHERE ( `pid` = 61 )  [ RunTime:0.000432s ]
SQL: SELECT * FROM `gperf_category` WHERE ( `name` = 'Downloads' ) LIMIT 1   [ RunTime:0.000475s ]
SQL: SELECT * FROM `gperf_category` WHERE ( `pid` = 65 )  [ RunTime:0.000512s ]
INFO: [ view_parse ] --START--
INFO: [ template_filter ] --START--
INFO: Run Behavior\ContentReplaceBehavior [ RunTime:0.000079s ]
INFO: [ template_filter ] --END-- [ RunTime:0.000122s ]
INFO: Run Behavior\ParseTemplateBehavior [ RunTime:0.020988s ]
INFO: [ view_parse ] --END-- [ RunTime:0.021058s ]
INFO: [ view_filter ] --START--
INFO: Run Behavior\WriteHtmlCacheBehavior [ RunTime:0.000103s ]
INFO: [ view_filter ] --END-- [ RunTime:0.000138s ]
INFO: [ app_end ] --START--
INFO: Run Behavior\ShowPageTraceBehavior [ RunTime:0.000380s ]
INFO: [ app_end ] --END-- [ RunTime:0.000425s ]

