[ 2015-08-19T15:49:44+08:00 ] 193.111.136.162 /
SQL: SHOW COLUMNS FROM `gperf_task` [ RunTime:0.001400s ]
SQL: SHOW COLUMNS FROM `gperf_channel` [ RunTime:0.001222s ]
SQL: SELECT * FROM `gperf_channel` ORDER BY sort asc  [ RunTime:0.000340s ]
SQL: SHOW COLUMNS FROM `gperf_category` [ RunTime:0.001371s ]
SQL: SELECT * FROM `gperf_category` WHERE ( `name` = 'About' ) LIMIT 1   [ RunTime:0.000458s ]
SQL: SELECT * FROM `gperf_category` WHERE ( `pid` = 1 )  [ RunTime:0.000505s ]
SQL: SELECT * FROM `gperf_category` WHERE ( `name` = 'Service' ) LIMIT 1   [ RunTime:0.000413s ]
SQL: SELECT * FROM `gperf_category` WHERE ( `pid` = 41 )  [ RunTime:0.000462s ]
SQL: SELECT * FROM `gperf_category` WHERE ( `name` = 'Reports' ) LIMIT 1   [ RunTime:0.000484s ]
SQL: SELECT * FROM `gperf_category` WHERE ( `pid` = 52 )  [ RunTime:0.000536s ]
SQL: SELECT * FROM `gperf_category` WHERE ( `name` = 'News&Events' ) LIMIT 1   [ RunTime:0.000484s ]
SQL: SELECT * FROM `gperf_category` WHERE ( `pid` = 57 )  [ RunTime:0.000486s ]
SQL: SELECT * FROM `gperf_category` WHERE ( `name` = 'Documentations' ) LIMIT 1   [ RunTime:0.000387s ]
SQL: SELECT * FROM `gperf_category` WHERE ( `pid` = 61 )  [ RunTime:0.000434s ]
SQL: SELECT * FROM `gperf_category` WHERE ( `name` = 'Downloads' ) LIMIT 1   [ RunTime:0.000475s ]
SQL: SELECT * FROM `gperf_category` WHERE ( `pid` = 65 )  [ RunTime:0.000524s ]
INFO: [ view_parse ] --START--
INFO: [ template_filter ] --START--
INFO: Run Behavior\ContentReplaceBehavior [ RunTime:0.000078s ]
INFO: [ template_filter ] --END-- [ RunTime:0.000123s ]
INFO: Run Behavior\ParseTemplateBehavior [ RunTime:0.016798s ]
INFO: [ view_parse ] --END-- [ RunTime:0.016866s ]
INFO: [ view_filter ] --START--
INFO: Run Behavior\WriteHtmlCacheBehavior [ RunTime:0.000102s ]
INFO: [ view_filter ] --END-- [ RunTime:0.000136s ]
INFO: [ app_end ] --START--
INFO: Run Behavior\ShowPageTraceBehavior [ RunTime:0.000402s ]
INFO: [ app_end ] --END-- [ RunTime:0.000450s ]

[ 2015-08-19T17:58:24+08:00 ] 180.76.15.10 /
SQL: SHOW COLUMNS FROM `gperf_task` [ RunTime:0.001404s ]
SQL: SHOW COLUMNS FROM `gperf_channel` [ RunTime:0.001215s ]
SQL: SELECT * FROM `gperf_channel` ORDER BY sort asc  [ RunTime:0.000388s ]
SQL: SHOW COLUMNS FROM `gperf_category` [ RunTime:0.001438s ]
SQL: SELECT * FROM `gperf_category` WHERE ( `name` = 'About' ) LIMIT 1   [ RunTime:0.000442s ]
SQL: SELECT * FROM `gperf_category` WHERE ( `pid` = 1 )  [ RunTime:0.000507s ]
SQL: SELECT * FROM `gperf_category` WHERE ( `name` = 'Service' ) LIMIT 1   [ RunTime:0.000482s ]
SQL: SELECT * FROM `gperf_category` WHERE ( `pid` = 41 )  [ RunTime:0.000545s ]
SQL: SELECT * FROM `gperf_category` WHERE ( `name` = 'Reports' ) LIMIT 1   [ RunTime:0.000480s ]
SQL: SELECT * FROM `gperf_category` WHERE ( `pid` = 52 )  [ RunTime:0.000551s ]
SQL: SELECT * FROM `gperf_category` WHERE ( `name` = 'News&Events' ) LIMIT 1   [ RunTime:0.000424s ]
SQL: SELECT * FROM `gperf_category` WHERE ( `pid` = 57 )  [ RunTime:0.000441s ]
SQL: SELECT * FROM `gperf_category` WHERE ( `name` = 'Documentations' ) LIMIT 1   [ RunTime:0.000471s ]
SQL: SELECT * FROM `gperf_category` WHERE ( `pid` = 61 )  [ RunTime:0.000532s ]
SQL: SELECT * FROM `gperf_category` WHERE ( `name` = 'Downloads' ) LIMIT 1   [ RunTime:0.000476s ]
SQL: SELECT * FROM `gperf_category` WHERE ( `pid` = 65 )  [ RunTime:0.000530s ]
INFO: [ view_parse ] --START--
INFO: [ template_filter ] --START--
INFO: Run Behavior\ContentReplaceBehavior [ RunTime:0.000080s ]
INFO: [ template_filter ] --END-- [ RunTime:0.000123s ]
INFO: Run Behavior\ParseTemplateBehavior [ RunTime:0.017283s ]
INFO: [ view_parse ] --END-- [ RunTime:0.017350s ]
INFO: [ view_filter ] --START--
INFO: Run Behavior\WriteHtmlCacheBehavior [ RunTime:0.000098s ]
INFO: [ view_filter ] --END-- [ RunTime:0.000133s ]
INFO: [ app_end ] --START--
INFO: Run Behavior\ShowPageTraceBehavior [ RunTime:0.000385s ]
INFO: [ app_end ] --END-- [ RunTime:0.000430s ]

[ 2015-08-19T17:59:28+08:00 ] 180.76.15.6 /
SQL: SHOW COLUMNS FROM `gperf_task` [ RunTime:0.001384s ]
SQL: SHOW COLUMNS FROM `gperf_channel` [ RunTime:0.001211s ]
SQL: SELECT * FROM `gperf_channel` ORDER BY sort asc  [ RunTime:0.000398s ]
SQL: SHOW COLUMNS FROM `gperf_category` [ RunTime:0.001357s ]
SQL: SELECT * FROM `gperf_category` WHERE ( `name` = 'About' ) LIMIT 1   [ RunTime:0.000443s ]
SQL: SELECT * FROM `gperf_category` WHERE ( `pid` = 1 )  [ RunTime:0.000557s ]
SQL: SELECT * FROM `gperf_category` WHERE ( `name` = 'Service' ) LIMIT 1   [ RunTime:0.000477s ]
SQL: SELECT * FROM `gperf_category` WHERE ( `pid` = 41 )  [ RunTime:0.000483s ]
SQL: SELECT * FROM `gperf_category` WHERE ( `name` = 'Reports' ) LIMIT 1   [ RunTime:0.000388s ]
SQL: SELECT * FROM `gperf_category` WHERE ( `pid` = 52 )  [ RunTime:0.000535s ]
SQL: SELECT * FROM `gperf_category` WHERE ( `name` = 'News&Events' ) LIMIT 1   [ RunTime:0.000477s ]
SQL: SELECT * FROM `gperf_category` WHERE ( `pid` = 57 )  [ RunTime:0.000525s ]
SQL: SELECT * FROM `gperf_category` WHERE ( `name` = 'Documentations' ) LIMIT 1   [ RunTime:0.000472s ]
SQL: SELECT * FROM `gperf_category` WHERE ( `pid` = 61 )  [ RunTime:0.000479s ]
SQL: SELECT * FROM `gperf_category` WHERE ( `name` = 'Downloads' ) LIMIT 1   [ RunTime:0.000393s ]
SQL: SELECT * FROM `gperf_category` WHERE ( `pid` = 65 )  [ RunTime:0.000517s ]
INFO: [ view_parse ] --START--
INFO: [ template_filter ] --START--
INFO: Run Behavior\ContentReplaceBehavior [ RunTime:0.000081s ]
INFO: [ template_filter ] --END-- [ RunTime:0.000124s ]
INFO: Run Behavior\ParseTemplateBehavior [ RunTime:0.019669s ]
INFO: [ view_parse ] --END-- [ RunTime:0.019737s ]
INFO: [ view_filter ] --START--
INFO: Run Behavior\WriteHtmlCacheBehavior [ RunTime:0.000102s ]
INFO: [ view_filter ] --END-- [ RunTime:0.000137s ]
INFO: [ app_end ] --START--
INFO: Run Behavior\ShowPageTraceBehavior [ RunTime:0.000388s ]
INFO: [ app_end ] --END-- [ RunTime:0.000434s ]

[ 2015-08-19T18:18:02+08:00 ] 220.181.108.184 /
SQL: SHOW COLUMNS FROM `gperf_task` [ RunTime:0.001430s ]
SQL: SHOW COLUMNS FROM `gperf_channel` [ RunTime:0.001224s ]
SQL: SELECT * FROM `gperf_channel` ORDER BY sort asc  [ RunTime:0.000347s ]
SQL: SHOW COLUMNS FROM `gperf_category` [ RunTime:0.001507s ]
SQL: SELECT * FROM `gperf_category` WHERE ( `name` = 'About' ) LIMIT 1   [ RunTime:0.000436s ]
SQL: SELECT * FROM `gperf_category` WHERE ( `pid` = 1 )  [ RunTime:0.000521s ]
SQL: SELECT * FROM `gperf_category` WHERE ( `name` = 'Service' ) LIMIT 1   [ RunTime:0.000398s ]
SQL: SELECT * FROM `gperf_category` WHERE ( `pid` = 41 )  [ RunTime:0.000434s ]
SQL: SELECT * FROM `gperf_category` WHERE ( `name` = 'Reports' ) LIMIT 1   [ RunTime:0.000478s ]
SQL: SELECT * FROM `gperf_category` WHERE ( `pid` = 52 )  [ RunTime:0.000527s ]
SQL: SELECT * FROM `gperf_category` WHERE ( `name` = 'News&Events' ) LIMIT 1   [ RunTime:0.000487s ]
SQL: SELECT * FROM `gperf_category` WHERE ( `pid` = 57 )  [ RunTime:0.000470s ]
SQL: SELECT * FROM `gperf_category` WHERE ( `name` = 'Documentations' ) LIMIT 1   [ RunTime:0.000392s ]
SQL: SELECT * FROM `gperf_category` WHERE ( `pid` = 61 )  [ RunTime:0.000528s ]
SQL: SELECT * FROM `gperf_category` WHERE ( `name` = 'Downloads' ) LIMIT 1   [ RunTime:0.000471s ]
SQL: SELECT * FROM `gperf_category` WHERE ( `pid` = 65 )  [ RunTime:0.000459s ]
INFO: [ view_parse ] --START--
INFO: [ template_filter ] --START--
INFO: Run Behavior\ContentReplaceBehavior [ RunTime:0.000076s ]
INFO: [ template_filter ] --END-- [ RunTime:0.000117s ]
INFO: Run Behavior\ParseTemplateBehavior [ RunTime:0.017034s ]
INFO: [ view_parse ] --END-- [ RunTime:0.017097s ]
INFO: [ view_filter ] --START--
INFO: Run Behavior\WriteHtmlCacheBehavior [ RunTime:0.000097s ]
INFO: [ view_filter ] --END-- [ RunTime:0.000132s ]
INFO: [ app_end ] --START--
INFO: Run Behavior\ShowPageTraceBehavior [ RunTime:0.000379s ]
INFO: [ app_end ] --END-- [ RunTime:0.000424s ]

