[ 2015-09-16T00:06:03+08:00 ] 146.185.239.100 http://24x7-allrequestsallowed.com/?PHPSESSID=tt2adea600143PTUJWW%40YKZZVN
SQL: SHOW COLUMNS FROM `gperf_task` [ RunTime:0.001369s ]
SQL: SHOW COLUMNS FROM `gperf_channel` [ RunTime:0.001064s ]
SQL: SELECT * FROM `gperf_channel` ORDER BY sort asc  [ RunTime:0.000389s ]
SQL: SHOW COLUMNS FROM `gperf_category` [ RunTime:0.001442s ]
SQL: SELECT * FROM `gperf_category` WHERE ( `name` = 'About' ) LIMIT 1   [ RunTime:0.000442s ]
SQL: SELECT * FROM `gperf_category` WHERE ( `pid` = 1 )  [ RunTime:0.000489s ]
SQL: SELECT * FROM `gperf_category` WHERE ( `name` = 'Service' ) LIMIT 1   [ RunTime:0.000469s ]
SQL: SELECT * FROM `gperf_category` WHERE ( `pid` = 41 )  [ RunTime:0.000533s ]
SQL: SELECT * FROM `gperf_category` WHERE ( `name` = 'Reports' ) LIMIT 1   [ RunTime:0.000469s ]
SQL: SELECT * FROM `gperf_category` WHERE ( `pid` = 52 )  [ RunTime:0.000470s ]
SQL: SELECT * FROM `gperf_category` WHERE ( `name` = 'News&Events' ) LIMIT 1   [ RunTime:0.000393s ]
SQL: SELECT * FROM `gperf_category` WHERE ( `pid` = 57 )  [ RunTime:0.000421s ]
SQL: SELECT * FROM `gperf_category` WHERE ( `name` = 'Documentations' ) LIMIT 1   [ RunTime:0.000464s ]
SQL: SELECT * FROM `gperf_category` WHERE ( `pid` = 61 )  [ RunTime:0.000523s ]
SQL: SELECT * FROM `gperf_category` WHERE ( `name` = 'Downloads' ) LIMIT 1   [ RunTime:0.000475s ]
SQL: SELECT * FROM `gperf_category` WHERE ( `pid` = 65 )  [ RunTime:0.000527s ]
INFO: [ view_parse ] --START--
INFO: [ template_filter ] --START--
INFO: Run Behavior\ContentReplaceBehavior [ RunTime:0.000069s ]
INFO: [ template_filter ] --END-- [ RunTime:0.000109s ]
INFO: Run Behavior\ParseTemplateBehavior [ RunTime:0.019273s ]
INFO: [ view_parse ] --END-- [ RunTime:0.019336s ]
INFO: [ view_filter ] --START--
INFO: Run Behavior\WriteHtmlCacheBehavior [ RunTime:0.000094s ]
INFO: [ view_filter ] --END-- [ RunTime:0.000129s ]
INFO: [ app_end ] --START--
INFO: Run Behavior\ShowPageTraceBehavior [ RunTime:0.000348s ]
INFO: [ app_end ] --END-- [ RunTime:0.000387s ]

[ 2015-09-16T01:33:09+08:00 ] 220.181.108.106 /
SQL: SHOW COLUMNS FROM `gperf_task` [ RunTime:0.000694s ]
SQL: SHOW COLUMNS FROM `gperf_channel` [ RunTime:0.000599s ]
SQL: SELECT * FROM `gperf_channel` ORDER BY sort asc  [ RunTime:0.000260s ]
SQL: SHOW COLUMNS FROM `gperf_category` [ RunTime:0.000790s ]
SQL: SELECT * FROM `gperf_category` WHERE ( `name` = 'About' ) LIMIT 1   [ RunTime:0.000341s ]
SQL: SELECT * FROM `gperf_category` WHERE ( `pid` = 1 )  [ RunTime:0.000331s ]
SQL: SELECT * FROM `gperf_category` WHERE ( `name` = 'Service' ) LIMIT 1   [ RunTime:0.000407s ]
SQL: SELECT * FROM `gperf_category` WHERE ( `pid` = 41 )  [ RunTime:0.000389s ]
SQL: SELECT * FROM `gperf_category` WHERE ( `name` = 'Reports' ) LIMIT 1   [ RunTime:0.000423s ]
SQL: SELECT * FROM `gperf_category` WHERE ( `pid` = 52 )  [ RunTime:0.000440s ]
SQL: SELECT * FROM `gperf_category` WHERE ( `name` = 'News&Events' ) LIMIT 1   [ RunTime:0.000477s ]
SQL: SELECT * FROM `gperf_category` WHERE ( `pid` = 57 )  [ RunTime:0.000464s ]
SQL: SELECT * FROM `gperf_category` WHERE ( `name` = 'Documentations' ) LIMIT 1   [ RunTime:0.000411s ]
SQL: SELECT * FROM `gperf_category` WHERE ( `pid` = 61 )  [ RunTime:0.000427s ]
SQL: SELECT * FROM `gperf_category` WHERE ( `name` = 'Downloads' ) LIMIT 1   [ RunTime:0.000476s ]
SQL: SELECT * FROM `gperf_category` WHERE ( `pid` = 65 )  [ RunTime:0.000517s ]
INFO: [ view_parse ] --START--
INFO: [ template_filter ] --START--
INFO: Run Behavior\ContentReplaceBehavior [ RunTime:0.000076s ]
INFO: [ template_filter ] --END-- [ RunTime:0.000119s ]
INFO: Run Behavior\ParseTemplateBehavior [ RunTime:0.017758s ]
INFO: [ view_parse ] --END-- [ RunTime:0.017826s ]
INFO: [ view_filter ] --START--
INFO: Run Behavior\WriteHtmlCacheBehavior [ RunTime:0.000099s ]
INFO: [ view_filter ] --END-- [ RunTime:0.000134s ]
INFO: [ app_end ] --START--
INFO: Run Behavior\ShowPageTraceBehavior [ RunTime:0.000388s ]
INFO: [ app_end ] --END-- [ RunTime:0.000442s ]

[ 2015-09-16T01:48:37+08:00 ] 142.54.165.138 /
SQL: SHOW COLUMNS FROM `gperf_task` [ RunTime:0.001392s ]
SQL: SHOW COLUMNS FROM `gperf_channel` [ RunTime:0.001207s ]
SQL: SELECT * FROM `gperf_channel` ORDER BY sort asc  [ RunTime:0.000362s ]
SQL: SHOW COLUMNS FROM `gperf_category` [ RunTime:0.001513s ]
SQL: SELECT * FROM `gperf_category` WHERE ( `name` = 'About' ) LIMIT 1   [ RunTime:0.000440s ]
SQL: SELECT * FROM `gperf_category` WHERE ( `pid` = 1 )  [ RunTime:0.000490s ]
SQL: SELECT * FROM `gperf_category` WHERE ( `name` = 'Service' ) LIMIT 1   [ RunTime:0.000410s ]
SQL: SELECT * FROM `gperf_category` WHERE ( `pid` = 41 )  [ RunTime:0.000477s ]
SQL: SELECT * FROM `gperf_category` WHERE ( `name` = 'Reports' ) LIMIT 1   [ RunTime:0.000401s ]
SQL: SELECT * FROM `gperf_category` WHERE ( `pid` = 52 )  [ RunTime:0.000536s ]
SQL: SELECT * FROM `gperf_category` WHERE ( `name` = 'News&Events' ) LIMIT 1   [ RunTime:0.000477s ]
SQL: SELECT * FROM `gperf_category` WHERE ( `pid` = 57 )  [ RunTime:0.000526s ]
SQL: SELECT * FROM `gperf_category` WHERE ( `name` = 'Documentations' ) LIMIT 1   [ RunTime:0.000415s ]
SQL: SELECT * FROM `gperf_category` WHERE ( `pid` = 61 )  [ RunTime:0.000433s ]
SQL: SELECT * FROM `gperf_category` WHERE ( `name` = 'Downloads' ) LIMIT 1   [ RunTime:0.000378s ]
SQL: SELECT * FROM `gperf_category` WHERE ( `pid` = 65 )  [ RunTime:0.000525s ]
INFO: [ view_parse ] --START--
INFO: [ template_filter ] --START--
INFO: Run Behavior\ContentReplaceBehavior [ RunTime:0.000080s ]
INFO: [ template_filter ] --END-- [ RunTime:0.000121s ]
INFO: Run Behavior\ParseTemplateBehavior [ RunTime:0.016625s ]
INFO: [ view_parse ] --END-- [ RunTime:0.016721s ]
INFO: [ view_filter ] --START--
INFO: Run Behavior\WriteHtmlCacheBehavior [ RunTime:0.000097s ]
INFO: [ view_filter ] --END-- [ RunTime:0.000132s ]
INFO: [ app_end ] --START--
INFO: Run Behavior\ShowPageTraceBehavior [ RunTime:0.000382s ]
INFO: [ app_end ] --END-- [ RunTime:0.000424s ]

[ 2015-09-16T03:44:08+08:00 ] 223.95.73.217 http://wap.ip138.com/
SQL: SHOW COLUMNS FROM `gperf_task` [ RunTime:0.001377s ]
SQL: SHOW COLUMNS FROM `gperf_channel` [ RunTime:0.001102s ]
SQL: SELECT * FROM `gperf_channel` ORDER BY sort asc  [ RunTime:0.000387s ]
SQL: SHOW COLUMNS FROM `gperf_category` [ RunTime:0.001430s ]
SQL: SELECT * FROM `gperf_category` WHERE ( `name` = 'About' ) LIMIT 1   [ RunTime:0.000450s ]
SQL: SELECT * FROM `gperf_category` WHERE ( `pid` = 1 )  [ RunTime:0.000437s ]
SQL: SELECT * FROM `gperf_category` WHERE ( `name` = 'Service' ) LIMIT 1   [ RunTime:0.000471s ]
SQL: SELECT * FROM `gperf_category` WHERE ( `pid` = 41 )  [ RunTime:0.000477s ]
SQL: SELECT * FROM `gperf_category` WHERE ( `name` = 'Reports' ) LIMIT 1   [ RunTime:0.000478s ]
SQL: SELECT * FROM `gperf_category` WHERE ( `pid` = 52 )  [ RunTime:0.000482s ]
SQL: SELECT * FROM `gperf_category` WHERE ( `name` = 'News&Events' ) LIMIT 1   [ RunTime:0.000393s ]
SQL: SELECT * FROM `gperf_category` WHERE ( `pid` = 57 )  [ RunTime:0.000526s ]
SQL: SELECT * FROM `gperf_category` WHERE ( `name` = 'Documentations' ) LIMIT 1   [ RunTime:0.000481s ]
SQL: SELECT * FROM `gperf_category` WHERE ( `pid` = 61 )  [ RunTime:0.000535s ]
SQL: SELECT * FROM `gperf_category` WHERE ( `name` = 'Downloads' ) LIMIT 1   [ RunTime:0.000465s ]
SQL: SELECT * FROM `gperf_category` WHERE ( `pid` = 65 )  [ RunTime:0.000546s ]
INFO: [ view_parse ] --START--
INFO: [ template_filter ] --START--
INFO: Run Behavior\ContentReplaceBehavior [ RunTime:0.000068s ]
INFO: [ template_filter ] --END-- [ RunTime:0.000108s ]
INFO: Run Behavior\ParseTemplateBehavior [ RunTime:0.018239s ]
INFO: [ view_parse ] --END-- [ RunTime:0.018302s ]
INFO: [ view_filter ] --START--
INFO: Run Behavior\WriteHtmlCacheBehavior [ RunTime:0.000102s ]
INFO: [ view_filter ] --END-- [ RunTime:0.000136s ]
INFO: [ app_end ] --START--
INFO: Run Behavior\ShowPageTraceBehavior [ RunTime:0.000363s ]
INFO: [ app_end ] --END-- [ RunTime:0.000404s ]

[ 2015-09-16T07:32:53+08:00 ] 66.249.75.158 /index.php?s=/Home/Article/newsdetail/hid/5/cid/50
SQL: SHOW COLUMNS FROM `gperf_document` [ RunTime:0.001431s ]
SQL: SELECT * FROM `gperf_document` WHERE ( `category_id` = 50 ) LIMIT 1   [ RunTime:0.000452s ]
SQL: SHOW COLUMNS FROM `gperf_document_article` [ RunTime:0.001044s ]
SQL: SELECT * FROM `gperf_document_article` WHERE ( `id` = null ) LIMIT 1   [ RunTime:0.000323s ]
SQL: SHOW COLUMNS FROM `gperf_category` [ RunTime:0.001363s ]
SQL: SELECT `name` FROM `gperf_category` WHERE ( `id` = 50 ) LIMIT 1   [ RunTime:0.000405s ]
SQL: SELECT `pid` FROM `gperf_category` WHERE ( `id` = 50 ) LIMIT 1   [ RunTime:0.000296s ]
SQL: SELECT `title` FROM `gperf_category` WHERE ( `id` = 41 ) LIMIT 1   [ RunTime:0.000229s ]
SQL: SHOW COLUMNS FROM `gperf_channel` [ RunTime:0.001157s ]
SQL: SELECT `id` FROM `gperf_channel` WHERE ( `title` = 'Service' ) LIMIT 1   [ RunTime:0.000325s ]
SQL: SELECT * FROM `gperf_category` WHERE ( `pid` = 41 )  [ RunTime:0.000617s ]
SQL: SELECT * FROM `gperf_document` WHERE ( `id` = 1 ) LIMIT 1   [ RunTime:0.000375s ]
SQL: SELECT * FROM `gperf_document` WHERE ( `id` = -1 ) LIMIT 1   [ RunTime:0.000357s ]
SQL: SELECT * FROM `gperf_channel` ORDER BY sort asc  [ RunTime:0.000383s ]
SQL: SELECT * FROM `gperf_category` WHERE ( `name` = 'About' ) LIMIT 1   [ RunTime:0.000500s ]
SQL: SELECT * FROM `gperf_category` WHERE ( `pid` = 1 )  [ RunTime:0.000560s ]
SQL: SELECT * FROM `gperf_category` WHERE ( `name` = 'Service' ) LIMIT 1   [ RunTime:0.000433s ]
SQL: SELECT * FROM `gperf_category` WHERE ( `pid` = 41 )  [ RunTime:0.000467s ]
SQL: SELECT * FROM `gperf_category` WHERE ( `name` = 'Reports' ) LIMIT 1   [ RunTime:0.000404s ]
SQL: SELECT * FROM `gperf_category` WHERE ( `pid` = 52 )  [ RunTime:0.000553s ]
SQL: SELECT * FROM `gperf_category` WHERE ( `name` = 'News&Events' ) LIMIT 1   [ RunTime:0.000489s ]
SQL: SELECT * FROM `gperf_category` WHERE ( `pid` = 57 )  [ RunTime:0.000543s ]
SQL: SELECT * FROM `gperf_category` WHERE ( `name` = 'Documentations' ) LIMIT 1   [ RunTime:0.000482s ]
SQL: SELECT * FROM `gperf_category` WHERE ( `pid` = 61 )  [ RunTime:0.000532s ]
SQL: SELECT * FROM `gperf_category` WHERE ( `name` = 'Downloads' ) LIMIT 1   [ RunTime:0.000479s ]
SQL: SELECT * FROM `gperf_category` WHERE ( `pid` = 65 )  [ RunTime:0.000520s ]
INFO: [ view_parse ] --START--
INFO: [ template_filter ] --START--
INFO: Run Behavior\ContentReplaceBehavior [ RunTime:0.000078s ]
INFO: [ template_filter ] --END-- [ RunTime:0.000121s ]
INFO: Run Behavior\ParseTemplateBehavior [ RunTime:0.019929s ]
INFO: [ view_parse ] --END-- [ RunTime:0.019994s ]
INFO: [ view_filter ] --START--
INFO: Run Behavior\WriteHtmlCacheBehavior [ RunTime:0.000098s ]
INFO: [ view_filter ] --END-- [ RunTime:0.000134s ]
INFO: [ app_end ] --START--
INFO: Run Behavior\ShowPageTraceBehavior [ RunTime:0.000381s ]
INFO: [ app_end ] --END-- [ RunTime:0.000432s ]

[ 2015-09-16T07:46:46+08:00 ] 221.194.128.223 /
SQL: SHOW COLUMNS FROM `gperf_task` [ RunTime:0.001368s ]
SQL: SHOW COLUMNS FROM `gperf_channel` [ RunTime:0.001106s ]
SQL: SELECT * FROM `gperf_channel` ORDER BY sort asc  [ RunTime:0.000395s ]
SQL: SHOW COLUMNS FROM `gperf_category` [ RunTime:0.001430s ]
SQL: SELECT * FROM `gperf_category` WHERE ( `name` = 'About' ) LIMIT 1   [ RunTime:0.000436s ]
SQL: SELECT * FROM `gperf_category` WHERE ( `pid` = 1 )  [ RunTime:0.000430s ]
SQL: SELECT * FROM `gperf_category` WHERE ( `name` = 'Service' ) LIMIT 1   [ RunTime:0.000412s ]
SQL: SELECT * FROM `gperf_category` WHERE ( `pid` = 41 )  [ RunTime:0.000471s ]
SQL: SELECT * FROM `gperf_category` WHERE ( `name` = 'Reports' ) LIMIT 1   [ RunTime:0.000428s ]
SQL: SELECT * FROM `gperf_category` WHERE ( `pid` = 52 )  [ RunTime:0.000442s ]
SQL: SELECT * FROM `gperf_category` WHERE ( `name` = 'News&Events' ) LIMIT 1   [ RunTime:0.000479s ]
SQL: SELECT * FROM `gperf_category` WHERE ( `pid` = 57 )  [ RunTime:0.000536s ]
SQL: SELECT * FROM `gperf_category` WHERE ( `name` = 'Documentations' ) LIMIT 1   [ RunTime:0.000474s ]
SQL: SELECT * FROM `gperf_category` WHERE ( `pid` = 61 )  [ RunTime:0.000490s ]
SQL: SELECT * FROM `gperf_category` WHERE ( `name` = 'Downloads' ) LIMIT 1   [ RunTime:0.000492s ]
SQL: SELECT * FROM `gperf_category` WHERE ( `pid` = 65 )  [ RunTime:0.000540s ]
INFO: [ view_parse ] --START--
INFO: [ template_filter ] --START--
INFO: Run Behavior\ContentReplaceBehavior [ RunTime:0.000069s ]
INFO: [ template_filter ] --END-- [ RunTime:0.000111s ]
INFO: Run Behavior\ParseTemplateBehavior [ RunTime:0.014754s ]
INFO: [ view_parse ] --END-- [ RunTime:0.014818s ]
INFO: [ view_filter ] --START--
INFO: Run Behavior\WriteHtmlCacheBehavior [ RunTime:0.000094s ]
INFO: [ view_filter ] --END-- [ RunTime:0.000128s ]
INFO: [ app_end ] --START--
INFO: Run Behavior\ShowPageTraceBehavior [ RunTime:0.000349s ]
INFO: [ app_end ] --END-- [ RunTime:0.000388s ]

[ 2015-09-16T07:55:03+08:00 ] 66.249.75.167 /index.php?s=/Home/Article/newsdetail/hid/4/cid/45
SQL: SHOW COLUMNS FROM `gperf_document` [ RunTime:0.001422s ]
SQL: SELECT * FROM `gperf_document` WHERE ( `category_id` = 45 ) LIMIT 1   [ RunTime:0.000504s ]
SQL: SHOW COLUMNS FROM `gperf_document_article` [ RunTime:0.001143s ]
SQL: SELECT * FROM `gperf_document_article` WHERE ( `id` = null ) LIMIT 1   [ RunTime:0.000314s ]
SQL: SHOW COLUMNS FROM `gperf_category` [ RunTime:0.001364s ]
SQL: SELECT `name` FROM `gperf_category` WHERE ( `id` = 45 ) LIMIT 1   [ RunTime:0.000359s ]
SQL: SELECT `pid` FROM `gperf_category` WHERE ( `id` = 45 ) LIMIT 1   [ RunTime:0.000304s ]
SQL: SELECT `title` FROM `gperf_category` WHERE ( `id` = 1 ) LIMIT 1   [ RunTime:0.000388s ]
SQL: SHOW COLUMNS FROM `gperf_channel` [ RunTime:0.001165s ]
SQL: SELECT `id` FROM `gperf_channel` WHERE ( `title` = 'About' ) LIMIT 1   [ RunTime:0.000397s ]
SQL: SELECT * FROM `gperf_category` WHERE ( `pid` = 1 )  [ RunTime:0.000502s ]
SQL: SELECT * FROM `gperf_document` WHERE ( `id` = 1 ) LIMIT 1   [ RunTime:0.000370s ]
SQL: SELECT * FROM `gperf_document` WHERE ( `id` = -1 ) LIMIT 1   [ RunTime:0.000336s ]
SQL: SELECT * FROM `gperf_channel` ORDER BY sort asc  [ RunTime:0.000446s ]
SQL: SELECT * FROM `gperf_category` WHERE ( `name` = 'About' ) LIMIT 1   [ RunTime:0.000432s ]
SQL: SELECT * FROM `gperf_category` WHERE ( `pid` = 1 )  [ RunTime:0.000473s ]
SQL: SELECT * FROM `gperf_category` WHERE ( `name` = 'Service' ) LIMIT 1   [ RunTime:0.000476s ]
SQL: SELECT * FROM `gperf_category` WHERE ( `pid` = 41 )  [ RunTime:0.000546s ]
SQL: SELECT * FROM `gperf_category` WHERE ( `name` = 'Reports' ) LIMIT 1   [ RunTime:0.000477s ]
SQL: SELECT * FROM `gperf_category` WHERE ( `pid` = 52 )  [ RunTime:0.000531s ]
SQL: SELECT * FROM `gperf_category` WHERE ( `name` = 'News&Events' ) LIMIT 1   [ RunTime:0.000479s ]
SQL: SELECT * FROM `gperf_category` WHERE ( `pid` = 57 )  [ RunTime:0.000539s ]
SQL: SELECT * FROM `gperf_category` WHERE ( `name` = 'Documentations' ) LIMIT 1   [ RunTime:0.000495s ]
SQL: SELECT * FROM `gperf_category` WHERE ( `pid` = 61 )  [ RunTime:0.000531s ]
SQL: SELECT * FROM `gperf_category` WHERE ( `name` = 'Downloads' ) LIMIT 1   [ RunTime:0.000428s ]
SQL: SELECT * FROM `gperf_category` WHERE ( `pid` = 65 )  [ RunTime:0.000462s ]
INFO: [ view_parse ] --START--
INFO: [ template_filter ] --START--
INFO: Run Behavior\ContentReplaceBehavior [ RunTime:0.000076s ]
INFO: [ template_filter ] --END-- [ RunTime:0.000119s ]
INFO: Run Behavior\ParseTemplateBehavior [ RunTime:0.019437s ]
INFO: [ view_parse ] --END-- [ RunTime:0.019500s ]
INFO: [ view_filter ] --START--
INFO: Run Behavior\WriteHtmlCacheBehavior [ RunTime:0.000098s ]
INFO: [ view_filter ] --END-- [ RunTime:0.000134s ]
INFO: [ app_end ] --START--
INFO: Run Behavior\ShowPageTraceBehavior [ RunTime:0.000378s ]
INFO: [ app_end ] --END-- [ RunTime:0.000424s ]

[ 2015-09-16T09:22:59+08:00 ] 59.64.255.200 /
SQL: SHOW COLUMNS FROM `gperf_task` [ RunTime:0.001380s ]
SQL: SHOW COLUMNS FROM `gperf_channel` [ RunTime:0.001201s ]
SQL: SELECT * FROM `gperf_channel` ORDER BY sort asc  [ RunTime:0.000341s ]
SQL: SHOW COLUMNS FROM `gperf_category` [ RunTime:0.001471s ]
SQL: SELECT * FROM `gperf_category` WHERE ( `name` = 'About' ) LIMIT 1   [ RunTime:0.000445s ]
SQL: SELECT * FROM `gperf_category` WHERE ( `pid` = 1 )  [ RunTime:0.000504s ]
SQL: SELECT * FROM `gperf_category` WHERE ( `name` = 'Service' ) LIMIT 1   [ RunTime:0.000413s ]
SQL: SELECT * FROM `gperf_category` WHERE ( `pid` = 41 )  [ RunTime:0.000376s ]
SQL: SELECT * FROM `gperf_category` WHERE ( `name` = 'Reports' ) LIMIT 1   [ RunTime:0.000408s ]
SQL: SELECT * FROM `gperf_category` WHERE ( `pid` = 52 )  [ RunTime:0.000524s ]
SQL: SELECT * FROM `gperf_category` WHERE ( `name` = 'News&Events' ) LIMIT 1   [ RunTime:0.000418s ]
SQL: SELECT * FROM `gperf_category` WHERE ( `pid` = 57 )  [ RunTime:0.000436s ]
SQL: SELECT * FROM `gperf_category` WHERE ( `name` = 'Documentations' ) LIMIT 1   [ RunTime:0.000471s ]
SQL: SELECT * FROM `gperf_category` WHERE ( `pid` = 61 )  [ RunTime:0.000535s ]
SQL: SELECT * FROM `gperf_category` WHERE ( `name` = 'Downloads' ) LIMIT 1   [ RunTime:0.000477s ]
SQL: SELECT * FROM `gperf_category` WHERE ( `pid` = 65 )  [ RunTime:0.000532s ]
INFO: [ view_parse ] --START--
INFO: [ template_filter ] --START--
INFO: Run Behavior\ContentReplaceBehavior [ RunTime:0.000082s ]
INFO: [ template_filter ] --END-- [ RunTime:0.000125s ]
INFO: Run Behavior\ParseTemplateBehavior [ RunTime:0.018338s ]
INFO: [ view_parse ] --END-- [ RunTime:0.018400s ]
INFO: [ view_filter ] --START--
INFO: Run Behavior\WriteHtmlCacheBehavior [ RunTime:0.000097s ]
INFO: [ view_filter ] --END-- [ RunTime:0.000132s ]
INFO: [ app_end ] --START--
INFO: Run Behavior\ShowPageTraceBehavior [ RunTime:0.000383s ]
INFO: [ app_end ] --END-- [ RunTime:0.000429s ]

[ 2015-09-16T10:54:57+08:00 ] 220.181.108.114 /
SQL: SHOW COLUMNS FROM `gperf_task` [ RunTime:0.001390s ]
SQL: SHOW COLUMNS FROM `gperf_channel` [ RunTime:0.001108s ]
SQL: SELECT * FROM `gperf_channel` ORDER BY sort asc  [ RunTime:0.000399s ]
SQL: SHOW COLUMNS FROM `gperf_category` [ RunTime:0.001434s ]
SQL: SELECT * FROM `gperf_category` WHERE ( `name` = 'About' ) LIMIT 1   [ RunTime:0.000444s ]
SQL: SELECT * FROM `gperf_category` WHERE ( `pid` = 1 )  [ RunTime:0.000494s ]
SQL: SELECT * FROM `gperf_category` WHERE ( `name` = 'Service' ) LIMIT 1   [ RunTime:0.000477s ]
SQL: SELECT * FROM `gperf_category` WHERE ( `pid` = 41 )  [ RunTime:0.000542s ]
SQL: SELECT * FROM `gperf_category` WHERE ( `name` = 'Reports' ) LIMIT 1   [ RunTime:0.000478s ]
SQL: SELECT * FROM `gperf_category` WHERE ( `pid` = 52 )  [ RunTime:0.000501s ]
SQL: SELECT * FROM `gperf_category` WHERE ( `name` = 'News&Events' ) LIMIT 1   [ RunTime:0.000382s ]
SQL: SELECT * FROM `gperf_category` WHERE ( `pid` = 57 )  [ RunTime:0.000422s ]
SQL: SELECT * FROM `gperf_category` WHERE ( `name` = 'Documentations' ) LIMIT 1   [ RunTime:0.000473s ]
SQL: SELECT * FROM `gperf_category` WHERE ( `pid` = 61 )  [ RunTime:0.000528s ]
SQL: SELECT * FROM `gperf_category` WHERE ( `name` = 'Downloads' ) LIMIT 1   [ RunTime:0.000423s ]
SQL: SELECT * FROM `gperf_category` WHERE ( `pid` = 65 )  [ RunTime:0.000532s ]
INFO: [ view_parse ] --START--
INFO: [ template_filter ] --START--
INFO: Run Behavior\ContentReplaceBehavior [ RunTime:0.000078s ]
INFO: [ template_filter ] --END-- [ RunTime:0.000123s ]
INFO: Run Behavior\ParseTemplateBehavior [ RunTime:0.018992s ]
INFO: [ view_parse ] --END-- [ RunTime:0.019055s ]
INFO: [ view_filter ] --START--
INFO: Run Behavior\WriteHtmlCacheBehavior [ RunTime:0.000097s ]
INFO: [ view_filter ] --END-- [ RunTime:0.000130s ]
INFO: [ app_end ] --START--
INFO: Run Behavior\ShowPageTraceBehavior [ RunTime:0.000385s ]
INFO: [ app_end ] --END-- [ RunTime:0.000426s ]

[ 2015-09-16T10:55:09+08:00 ] 123.125.71.87 /
SQL: SHOW COLUMNS FROM `gperf_task` [ RunTime:0.001401s ]
SQL: SHOW COLUMNS FROM `gperf_channel` [ RunTime:0.001212s ]
SQL: SELECT * FROM `gperf_channel` ORDER BY sort asc  [ RunTime:0.000396s ]
SQL: SHOW COLUMNS FROM `gperf_category` [ RunTime:0.001468s ]
SQL: SELECT * FROM `gperf_category` WHERE ( `name` = 'About' ) LIMIT 1   [ RunTime:0.000386s ]
SQL: SELECT * FROM `gperf_category` WHERE ( `pid` = 1 )  [ RunTime:0.000557s ]
SQL: SELECT * FROM `gperf_category` WHERE ( `name` = 'Service' ) LIMIT 1   [ RunTime:0.000478s ]
SQL: SELECT * FROM `gperf_category` WHERE ( `pid` = 41 )  [ RunTime:0.000545s ]
SQL: SELECT * FROM `gperf_category` WHERE ( `name` = 'Reports' ) LIMIT 1   [ RunTime:0.000425s ]
SQL: SELECT * FROM `gperf_category` WHERE ( `pid` = 52 )  [ RunTime:0.000442s ]
SQL: SELECT * FROM `gperf_category` WHERE ( `name` = 'News&Events' ) LIMIT 1   [ RunTime:0.000478s ]
SQL: SELECT * FROM `gperf_category` WHERE ( `pid` = 57 )  [ RunTime:0.000513s ]
SQL: SELECT * FROM `gperf_category` WHERE ( `name` = 'Documentations' ) LIMIT 1   [ RunTime:0.000472s ]
SQL: SELECT * FROM `gperf_category` WHERE ( `pid` = 61 )  [ RunTime:0.000478s ]
SQL: SELECT * FROM `gperf_category` WHERE ( `name` = 'Downloads' ) LIMIT 1   [ RunTime:0.000393s ]
SQL: SELECT * FROM `gperf_category` WHERE ( `pid` = 65 )  [ RunTime:0.000518s ]
INFO: [ view_parse ] --START--
INFO: [ template_filter ] --START--
INFO: Run Behavior\ContentReplaceBehavior [ RunTime:0.000069s ]
INFO: [ template_filter ] --END-- [ RunTime:0.000110s ]
INFO: Run Behavior\ParseTemplateBehavior [ RunTime:0.016308s ]
INFO: [ view_parse ] --END-- [ RunTime:0.016373s ]
INFO: [ view_filter ] --START--
INFO: Run Behavior\WriteHtmlCacheBehavior [ RunTime:0.000093s ]
INFO: [ view_filter ] --END-- [ RunTime:0.000127s ]
INFO: [ app_end ] --START--
INFO: Run Behavior\ShowPageTraceBehavior [ RunTime:0.000356s ]
INFO: [ app_end ] --END-- [ RunTime:0.000395s ]

[ 2015-09-16T12:46:42+08:00 ] 220.181.108.86 /
SQL: SHOW COLUMNS FROM `gperf_task` [ RunTime:0.001372s ]
SQL: SHOW COLUMNS FROM `gperf_channel` [ RunTime:0.001219s ]
SQL: SELECT * FROM `gperf_channel` ORDER BY sort asc  [ RunTime:0.000339s ]
SQL: SHOW COLUMNS FROM `gperf_category` [ RunTime:0.001481s ]
SQL: SELECT * FROM `gperf_category` WHERE ( `name` = 'About' ) LIMIT 1   [ RunTime:0.000435s ]
SQL: SELECT * FROM `gperf_category` WHERE ( `pid` = 1 )  [ RunTime:0.000502s ]
SQL: SELECT * FROM `gperf_category` WHERE ( `name` = 'Service' ) LIMIT 1   [ RunTime:0.000394s ]
SQL: SELECT * FROM `gperf_category` WHERE ( `pid` = 41 )  [ RunTime:0.000397s ]
SQL: SELECT * FROM `gperf_category` WHERE ( `name` = 'Reports' ) LIMIT 1   [ RunTime:0.000412s ]
SQL: SELECT * FROM `gperf_category` WHERE ( `pid` = 52 )  [ RunTime:0.000488s ]
SQL: SELECT * FROM `gperf_category` WHERE ( `name` = 'News&Events' ) LIMIT 1   [ RunTime:0.000384s ]
SQL: SELECT * FROM `gperf_category` WHERE ( `pid` = 57 )  [ RunTime:0.000418s ]
SQL: SELECT * FROM `gperf_category` WHERE ( `name` = 'Documentations' ) LIMIT 1   [ RunTime:0.000479s ]
SQL: SELECT * FROM `gperf_category` WHERE ( `pid` = 61 )  [ RunTime:0.000533s ]
SQL: SELECT * FROM `gperf_category` WHERE ( `name` = 'Downloads' ) LIMIT 1   [ RunTime:0.000431s ]
SQL: SELECT * FROM `gperf_category` WHERE ( `pid` = 65 )  [ RunTime:0.000534s ]
INFO: [ view_parse ] --START--
INFO: [ template_filter ] --START--
INFO: Run Behavior\ContentReplaceBehavior [ RunTime:0.000069s ]
INFO: [ template_filter ] --END-- [ RunTime:0.000110s ]
INFO: Run Behavior\ParseTemplateBehavior [ RunTime:0.018967s ]
INFO: [ view_parse ] --END-- [ RunTime:0.019029s ]
INFO: [ view_filter ] --START--
INFO: Run Behavior\WriteHtmlCacheBehavior [ RunTime:0.000094s ]
INFO: [ view_filter ] --END-- [ RunTime:0.000128s ]
INFO: [ app_end ] --START--
INFO: Run Behavior\ShowPageTraceBehavior [ RunTime:0.000373s ]
INFO: [ app_end ] --END-- [ RunTime:0.000416s ]

[ 2015-09-16T13:31:26+08:00 ] 60.190.251.204 /
SQL: SHOW COLUMNS FROM `gperf_task` [ RunTime:0.001307s ]
SQL: SHOW COLUMNS FROM `gperf_channel` [ RunTime:0.001013s ]
SQL: SELECT * FROM `gperf_channel` ORDER BY sort asc  [ RunTime:0.000284s ]
SQL: SHOW COLUMNS FROM `gperf_category` [ RunTime:0.001408s ]
SQL: SELECT * FROM `gperf_category` WHERE ( `name` = 'About' ) LIMIT 1   [ RunTime:0.000387s ]
SQL: SELECT * FROM `gperf_category` WHERE ( `pid` = 1 )  [ RunTime:0.000391s ]
SQL: SELECT * FROM `gperf_category` WHERE ( `name` = 'Service' ) LIMIT 1   [ RunTime:0.000378s ]
SQL: SELECT * FROM `gperf_category` WHERE ( `pid` = 41 )  [ RunTime:0.000380s ]
SQL: SELECT * FROM `gperf_category` WHERE ( `name` = 'Reports' ) LIMIT 1   [ RunTime:0.000407s ]
SQL: SELECT * FROM `gperf_category` WHERE ( `pid` = 52 )  [ RunTime:0.000534s ]
SQL: SELECT * FROM `gperf_category` WHERE ( `name` = 'News&Events' ) LIMIT 1   [ RunTime:0.000423s ]
SQL: SELECT * FROM `gperf_category` WHERE ( `pid` = 57 )  [ RunTime:0.000437s ]
SQL: SELECT * FROM `gperf_category` WHERE ( `name` = 'Documentations' ) LIMIT 1   [ RunTime:0.000473s ]
SQL: SELECT * FROM `gperf_category` WHERE ( `pid` = 61 )  [ RunTime:0.000544s ]
SQL: SELECT * FROM `gperf_category` WHERE ( `name` = 'Downloads' ) LIMIT 1   [ RunTime:0.000478s ]
SQL: SELECT * FROM `gperf_category` WHERE ( `pid` = 65 )  [ RunTime:0.000524s ]
INFO: [ view_parse ] --START--
INFO: [ template_filter ] --START--
INFO: Run Behavior\ContentReplaceBehavior [ RunTime:0.000076s ]
INFO: [ template_filter ] --END-- [ RunTime:0.000117s ]
INFO: Run Behavior\ParseTemplateBehavior [ RunTime:0.018187s ]
INFO: [ view_parse ] --END-- [ RunTime:0.018249s ]
INFO: [ view_filter ] --START--
INFO: Run Behavior\WriteHtmlCacheBehavior [ RunTime:0.000095s ]
INFO: [ view_filter ] --END-- [ RunTime:0.000138s ]
INFO: 
INFO: 
INFO: 

[ 2015-09-16T13:37:52+08:00 ] 66.249.75.158 /
SQL: SHOW COLUMNS FROM `gperf_task` [ RunTime:0.001384s ]
SQL: SHOW COLUMNS FROM `gperf_channel` [ RunTime:0.001216s ]
SQL: SELECT * FROM `gperf_channel` ORDER BY sort asc  [ RunTime:0.000335s ]
SQL: SHOW COLUMNS FROM `gperf_category` [ RunTime:0.001486s ]
SQL: SELECT * FROM `gperf_category` WHERE ( `name` = 'About' ) LIMIT 1   [ RunTime:0.000439s ]
SQL: SELECT * FROM `gperf_category` WHERE ( `pid` = 1 )  [ RunTime:0.000431s ]
SQL: SELECT * FROM `gperf_category` WHERE ( `name` = 'Service' ) LIMIT 1   [ RunTime:0.000473s ]
SQL: SELECT * FROM `gperf_category` WHERE ( `pid` = 41 )  [ RunTime:0.000413s ]
SQL: SELECT * FROM `gperf_category` WHERE ( `name` = 'Reports' ) LIMIT 1   [ RunTime:0.000406s ]
SQL: SELECT * FROM `gperf_category` WHERE ( `pid` = 52 )  [ RunTime:0.000464s ]
SQL: SELECT * FROM `gperf_category` WHERE ( `name` = 'News&Events' ) LIMIT 1   [ RunTime:0.000486s ]
SQL: SELECT * FROM `gperf_category` WHERE ( `pid` = 57 )  [ RunTime:0.000452s ]
SQL: SELECT * FROM `gperf_category` WHERE ( `name` = 'Documentations' ) LIMIT 1   [ RunTime:0.000479s ]
SQL: SELECT * FROM `gperf_category` WHERE ( `pid` = 61 )  [ RunTime:0.000540s ]
SQL: SELECT * FROM `gperf_category` WHERE ( `name` = 'Downloads' ) LIMIT 1   [ RunTime:0.000465s ]
SQL: SELECT * FROM `gperf_category` WHERE ( `pid` = 65 )  [ RunTime:0.000532s ]
INFO: [ view_parse ] --START--
INFO: [ template_filter ] --START--
INFO: Run Behavior\ContentReplaceBehavior [ RunTime:0.000071s ]
INFO: [ template_filter ] --END-- [ RunTime:0.000112s ]
INFO: Run Behavior\ParseTemplateBehavior [ RunTime:0.016143s ]
INFO: [ view_parse ] --END-- [ RunTime:0.016207s ]
INFO: [ view_filter ] --START--
INFO: Run Behavior\WriteHtmlCacheBehavior [ RunTime:0.000100s ]
INFO: [ view_filter ] --END-- [ RunTime:0.000134s ]
INFO: [ app_end ] --START--
INFO: Run Behavior\ShowPageTraceBehavior [ RunTime:0.000350s ]
INFO: [ app_end ] --END-- [ RunTime:0.000388s ]

[ 2015-09-16T14:27:30+08:00 ] 66.249.75.176 /index.php?s=/Home/Article/newsdetail/hid/5/cid/47
SQL: SHOW COLUMNS FROM `gperf_document` [ RunTime:0.001415s ]
SQL: SELECT * FROM `gperf_document` WHERE ( `category_id` = 47 ) LIMIT 1   [ RunTime:0.000498s ]
SQL: SHOW COLUMNS FROM `gperf_document_article` [ RunTime:0.001164s ]
SQL: SELECT * FROM `gperf_document_article` WHERE ( `id` = null ) LIMIT 1   [ RunTime:0.000386s ]
SQL: SHOW COLUMNS FROM `gperf_category` [ RunTime:0.001407s ]
SQL: SELECT `name` FROM `gperf_category` WHERE ( `id` = 47 ) LIMIT 1   [ RunTime:0.000335s ]
SQL: SELECT `pid` FROM `gperf_category` WHERE ( `id` = 47 ) LIMIT 1   [ RunTime:0.000387s ]
SQL: SELECT `title` FROM `gperf_category` WHERE ( `id` = 41 ) LIMIT 1   [ RunTime:0.000327s ]
SQL: SHOW COLUMNS FROM `gperf_channel` [ RunTime:0.001223s ]
SQL: SELECT `id` FROM `gperf_channel` WHERE ( `title` = 'Service' ) LIMIT 1   [ RunTime:0.000398s ]
SQL: SELECT * FROM `gperf_category` WHERE ( `pid` = 41 )  [ RunTime:0.000498s ]
SQL: SELECT * FROM `gperf_document` WHERE ( `id` = 1 ) LIMIT 1   [ RunTime:0.000339s ]
SQL: SELECT * FROM `gperf_document` WHERE ( `id` = -1 ) LIMIT 1   [ RunTime:0.000424s ]
SQL: SELECT * FROM `gperf_channel` ORDER BY sort asc  [ RunTime:0.000404s ]
SQL: SELECT * FROM `gperf_category` WHERE ( `name` = 'About' ) LIMIT 1   [ RunTime:0.000406s ]
SQL: SELECT * FROM `gperf_category` WHERE ( `pid` = 1 )  [ RunTime:0.000549s ]
SQL: SELECT * FROM `gperf_category` WHERE ( `name` = 'Service' ) LIMIT 1   [ RunTime:0.000482s ]
SQL: SELECT * FROM `gperf_category` WHERE ( `pid` = 41 )  [ RunTime:0.000544s ]
SQL: SELECT * FROM `gperf_category` WHERE ( `name` = 'Reports' ) LIMIT 1   [ RunTime:0.000478s ]
SQL: SELECT * FROM `gperf_category` WHERE ( `pid` = 52 )  [ RunTime:0.000543s ]
SQL: SELECT * FROM `gperf_category` WHERE ( `name` = 'News&Events' ) LIMIT 1   [ RunTime:0.000490s ]
SQL: SELECT * FROM `gperf_category` WHERE ( `pid` = 57 )  [ RunTime:0.000548s ]
SQL: SELECT * FROM `gperf_category` WHERE ( `name` = 'Documentations' ) LIMIT 1   [ RunTime:0.000477s ]
SQL: SELECT * FROM `gperf_category` WHERE ( `pid` = 61 )  [ RunTime:0.000532s ]
SQL: SELECT * FROM `gperf_category` WHERE ( `name` = 'Downloads' ) LIMIT 1   [ RunTime:0.000433s ]
SQL: SELECT * FROM `gperf_category` WHERE ( `pid` = 65 )  [ RunTime:0.000476s ]
INFO: [ view_parse ] --START--
INFO: [ template_filter ] --START--
INFO: Run Behavior\ContentReplaceBehavior [ RunTime:0.000074s ]
INFO: [ template_filter ] --END-- [ RunTime:0.000114s ]
INFO: Run Behavior\ParseTemplateBehavior [ RunTime:0.018142s ]
INFO: [ view_parse ] --END-- [ RunTime:0.018204s ]
INFO: [ view_filter ] --START--
INFO: Run Behavior\WriteHtmlCacheBehavior [ RunTime:0.000095s ]
INFO: [ view_filter ] --END-- [ RunTime:0.000131s ]
INFO: [ app_end ] --START--
INFO: Run Behavior\ShowPageTraceBehavior [ RunTime:0.000351s ]
INFO: [ app_end ] --END-- [ RunTime:0.000391s ]

[ 2015-09-16T15:45:57+08:00 ] 202.205.11.55 /
SQL: SHOW COLUMNS FROM `gperf_task` [ RunTime:0.001395s ]
SQL: SHOW COLUMNS FROM `gperf_channel` [ RunTime:0.001213s ]
SQL: SELECT * FROM `gperf_channel` ORDER BY sort asc  [ RunTime:0.000404s ]
SQL: SHOW COLUMNS FROM `gperf_category` [ RunTime:0.001465s ]
SQL: SELECT * FROM `gperf_category` WHERE ( `name` = 'About' ) LIMIT 1   [ RunTime:0.000445s ]
SQL: SELECT * FROM `gperf_category` WHERE ( `pid` = 1 )  [ RunTime:0.000454s ]
SQL: SELECT * FROM `gperf_category` WHERE ( `name` = 'Service' ) LIMIT 1   [ RunTime:0.000409s ]
SQL: SELECT * FROM `gperf_category` WHERE ( `pid` = 41 )  [ RunTime:0.000473s ]
SQL: SELECT * FROM `gperf_category` WHERE ( `name` = 'Reports' ) LIMIT 1   [ RunTime:0.000434s ]
SQL: SELECT * FROM `gperf_category` WHERE ( `pid` = 52 )  [ RunTime:0.000387s ]
SQL: SELECT * FROM `gperf_category` WHERE ( `name` = 'News&Events' ) LIMIT 1   [ RunTime:0.000474s ]
SQL: SELECT * FROM `gperf_category` WHERE ( `pid` = 57 )  [ RunTime:0.000527s ]
SQL: SELECT * FROM `gperf_category` WHERE ( `name` = 'Documentations' ) LIMIT 1   [ RunTime:0.000415s ]
SQL: SELECT * FROM `gperf_category` WHERE ( `pid` = 61 )  [ RunTime:0.000433s ]
SQL: SELECT * FROM `gperf_category` WHERE ( `name` = 'Downloads' ) LIMIT 1   [ RunTime:0.000474s ]
SQL: SELECT * FROM `gperf_category` WHERE ( `pid` = 65 )  [ RunTime:0.000522s ]
INFO: [ view_parse ] --START--
INFO: [ template_filter ] --START--
INFO: Run Behavior\ContentReplaceBehavior [ RunTime:0.000079s ]
INFO: [ template_filter ] --END-- [ RunTime:0.000121s ]
INFO: Run Behavior\ParseTemplateBehavior [ RunTime:0.016578s ]
INFO: [ view_parse ] --END-- [ RunTime:0.016644s ]
INFO: [ view_filter ] --START--
INFO: Run Behavior\WriteHtmlCacheBehavior [ RunTime:0.000096s ]
INFO: [ view_filter ] --END-- [ RunTime:0.000130s ]
INFO: [ app_end ] --START--
INFO: Run Behavior\ShowPageTraceBehavior [ RunTime:0.000371s ]
INFO: [ app_end ] --END-- [ RunTime:0.000411s ]

[ 2015-09-16T16:04:55+08:00 ] 220.181.108.152 /
SQL: SHOW COLUMNS FROM `gperf_task` [ RunTime:0.001394s ]
SQL: SHOW COLUMNS FROM `gperf_channel` [ RunTime:0.001098s ]
SQL: SELECT * FROM `gperf_channel` ORDER BY sort asc  [ RunTime:0.000397s ]
SQL: SHOW COLUMNS FROM `gperf_category` [ RunTime:0.001428s ]
SQL: SELECT * FROM `gperf_category` WHERE ( `name` = 'About' ) LIMIT 1   [ RunTime:0.000442s ]
SQL: SELECT * FROM `gperf_category` WHERE ( `pid` = 1 )  [ RunTime:0.000435s ]
SQL: SELECT * FROM `gperf_category` WHERE ( `name` = 'Service' ) LIMIT 1   [ RunTime:0.000408s ]
SQL: SELECT * FROM `gperf_category` WHERE ( `pid` = 41 )  [ RunTime:0.000419s ]
SQL: SELECT * FROM `gperf_category` WHERE ( `name` = 'Reports' ) LIMIT 1   [ RunTime:0.000486s ]
SQL: SELECT * FROM `gperf_category` WHERE ( `pid` = 52 )  [ RunTime:0.000402s ]
SQL: SELECT * FROM `gperf_category` WHERE ( `name` = 'News&Events' ) LIMIT 1   [ RunTime:0.000472s ]
SQL: SELECT * FROM `gperf_category` WHERE ( `pid` = 57 )  [ RunTime:0.000526s ]
SQL: SELECT * FROM `gperf_category` WHERE ( `name` = 'Documentations' ) LIMIT 1   [ RunTime:0.000420s ]
SQL: SELECT * FROM `gperf_category` WHERE ( `pid` = 61 )  [ RunTime:0.000438s ]
SQL: SELECT * FROM `gperf_category` WHERE ( `name` = 'Downloads' ) LIMIT 1   [ RunTime:0.000473s ]
SQL: SELECT * FROM `gperf_category` WHERE ( `pid` = 65 )  [ RunTime:0.000523s ]
INFO: [ view_parse ] --START--
INFO: [ template_filter ] --START--
INFO: Run Behavior\ContentReplaceBehavior [ RunTime:0.000076s ]
INFO: [ template_filter ] --END-- [ RunTime:0.000117s ]
INFO: Run Behavior\ParseTemplateBehavior [ RunTime:0.018102s ]
INFO: [ view_parse ] --END-- [ RunTime:0.018170s ]
INFO: [ view_filter ] --START--
INFO: Run Behavior\WriteHtmlCacheBehavior [ RunTime:0.000097s ]
INFO: [ view_filter ] --END-- [ RunTime:0.000131s ]
INFO: [ app_end ] --START--
INFO: Run Behavior\ShowPageTraceBehavior [ RunTime:0.000413s ]
INFO: [ app_end ] --END-- [ RunTime:0.000459s ]

[ 2015-09-16T16:36:31+08:00 ] 112.4.140.95 http://www.google.com/
SQL: SHOW COLUMNS FROM `gperf_task` [ RunTime:0.001383s ]
SQL: SHOW COLUMNS FROM `gperf_channel` [ RunTime:0.001216s ]
SQL: SELECT * FROM `gperf_channel` ORDER BY sort asc  [ RunTime:0.000353s ]
SQL: SHOW COLUMNS FROM `gperf_category` [ RunTime:0.001371s ]
SQL: SELECT * FROM `gperf_category` WHERE ( `name` = 'About' ) LIMIT 1   [ RunTime:0.000436s ]
SQL: SELECT * FROM `gperf_category` WHERE ( `pid` = 1 )  [ RunTime:0.000415s ]
SQL: SELECT * FROM `gperf_category` WHERE ( `name` = 'Service' ) LIMIT 1   [ RunTime:0.000496s ]
SQL: SELECT * FROM `gperf_category` WHERE ( `pid` = 41 )  [ RunTime:0.000413s ]
SQL: SELECT * FROM `gperf_category` WHERE ( `name` = 'Reports' ) LIMIT 1   [ RunTime:0.000407s ]
SQL: SELECT * FROM `gperf_category` WHERE ( `pid` = 52 )  [ RunTime:0.000374s ]
SQL: SELECT * FROM `gperf_category` WHERE ( `name` = 'News&Events' ) LIMIT 1   [ RunTime:0.000428s ]
SQL: SELECT * FROM `gperf_category` WHERE ( `pid` = 57 )  [ RunTime:0.000518s ]
SQL: SELECT * FROM `gperf_category` WHERE ( `name` = 'Documentations' ) LIMIT 1   [ RunTime:0.000475s ]
SQL: SELECT * FROM `gperf_category` WHERE ( `pid` = 61 )  [ RunTime:0.000533s ]
SQL: SELECT * FROM `gperf_category` WHERE ( `name` = 'Downloads' ) LIMIT 1   [ RunTime:0.000476s ]
SQL: SELECT * FROM `gperf_category` WHERE ( `pid` = 65 )  [ RunTime:0.000541s ]
INFO: [ view_parse ] --START--
INFO: [ template_filter ] --START--
INFO: Run Behavior\ContentReplaceBehavior [ RunTime:0.000070s ]
INFO: [ template_filter ] --END-- [ RunTime:0.000110s ]
INFO: Run Behavior\ParseTemplateBehavior [ RunTime:0.017795s ]
INFO: [ view_parse ] --END-- [ RunTime:0.017858s ]
INFO: [ view_filter ] --START--
INFO: Run Behavior\WriteHtmlCacheBehavior [ RunTime:0.000095s ]
INFO: [ view_filter ] --END-- [ RunTime:0.000130s ]
INFO: [ app_end ] --START--
INFO: Run Behavior\ShowPageTraceBehavior [ RunTime:0.000352s ]
INFO: [ app_end ] --END-- [ RunTime:0.000391s ]

[ 2015-09-16T16:41:46+08:00 ] 101.226.169.220 /index.php?s=/Home/Article/newsdetail/hid/4/cid/46
SQL: SHOW COLUMNS FROM `gperf_document` [ RunTime:0.001289s ]
SQL: SELECT * FROM `gperf_document` WHERE ( `category_id` = 46 ) LIMIT 1   [ RunTime:0.000400s ]
SQL: SHOW COLUMNS FROM `gperf_document_article` [ RunTime:0.001063s ]
SQL: SELECT * FROM `gperf_document_article` WHERE ( `id` = null ) LIMIT 1   [ RunTime:0.000290s ]
SQL: SHOW COLUMNS FROM `gperf_category` [ RunTime:0.001357s ]
SQL: SELECT `name` FROM `gperf_category` WHERE ( `id` = 46 ) LIMIT 1   [ RunTime:0.000307s ]
SQL: SELECT `pid` FROM `gperf_category` WHERE ( `id` = 46 ) LIMIT 1   [ RunTime:0.000294s ]
SQL: SELECT `title` FROM `gperf_category` WHERE ( `id` = 1 ) LIMIT 1   [ RunTime:0.000293s ]
SQL: SHOW COLUMNS FROM `gperf_channel` [ RunTime:0.001082s ]
SQL: SELECT `id` FROM `gperf_channel` WHERE ( `title` = 'About' ) LIMIT 1   [ RunTime:0.000293s ]
SQL: SELECT * FROM `gperf_category` WHERE ( `pid` = 1 )  [ RunTime:0.000458s ]
SQL: SELECT * FROM `gperf_document` WHERE ( `id` = 1 ) LIMIT 1   [ RunTime:0.000332s ]
SQL: SELECT * FROM `gperf_document` WHERE ( `id` = -1 ) LIMIT 1   [ RunTime:0.000323s ]
SQL: SELECT * FROM `gperf_channel` ORDER BY sort asc  [ RunTime:0.000364s ]
SQL: SELECT * FROM `gperf_category` WHERE ( `name` = 'About' ) LIMIT 1   [ RunTime:0.000366s ]
SQL: SELECT * FROM `gperf_category` WHERE ( `pid` = 1 )  [ RunTime:0.000444s ]
SQL: SELECT * FROM `gperf_category` WHERE ( `name` = 'Service' ) LIMIT 1   [ RunTime:0.000365s ]
SQL: SELECT * FROM `gperf_category` WHERE ( `pid` = 41 )  [ RunTime:0.000420s ]
SQL: SELECT * FROM `gperf_category` WHERE ( `name` = 'Reports' ) LIMIT 1   [ RunTime:0.000369s ]
SQL: SELECT * FROM `gperf_category` WHERE ( `pid` = 52 )  [ RunTime:0.000414s ]
SQL: SELECT * FROM `gperf_category` WHERE ( `name` = 'News&Events' ) LIMIT 1   [ RunTime:0.000377s ]
SQL: SELECT * FROM `gperf_category` WHERE ( `pid` = 57 )  [ RunTime:0.000402s ]
SQL: SELECT * FROM `gperf_category` WHERE ( `name` = 'Documentations' ) LIMIT 1   [ RunTime:0.000363s ]
SQL: SELECT * FROM `gperf_category` WHERE ( `pid` = 61 )  [ RunTime:0.000424s ]
SQL: SELECT * FROM `gperf_category` WHERE ( `name` = 'Downloads' ) LIMIT 1   [ RunTime:0.000360s ]
SQL: SELECT * FROM `gperf_category` WHERE ( `pid` = 65 )  [ RunTime:0.000394s ]
INFO: [ view_parse ] --START--
INFO: [ template_filter ] --START--
INFO: Run Behavior\ContentReplaceBehavior [ RunTime:0.000073s ]
INFO: [ template_filter ] --END-- [ RunTime:0.000112s ]
INFO: Run Behavior\ParseTemplateBehavior [ RunTime:0.017916s ]
INFO: [ view_parse ] --END-- [ RunTime:0.017978s ]
INFO: [ view_filter ] --START--
INFO: Run Behavior\WriteHtmlCacheBehavior [ RunTime:0.000093s ]
INFO: [ view_filter ] --END-- [ RunTime:0.000129s ]
INFO: [ app_end ] --START--
INFO: Run Behavior\ShowPageTraceBehavior [ RunTime:0.000345s ]
INFO: [ app_end ] --END-- [ RunTime:0.000386s ]

[ 2015-09-16T17:04:47+08:00 ] 182.118.25.206 /index.php?s=/Home/Article/newsdetail/hid/4/cid/45
SQL: SHOW COLUMNS FROM `gperf_document` [ RunTime:0.001466s ]
SQL: SELECT * FROM `gperf_document` WHERE ( `category_id` = 45 ) LIMIT 1   [ RunTime:0.000486s ]
SQL: SHOW COLUMNS FROM `gperf_document_article` [ RunTime:0.001110s ]
SQL: SELECT * FROM `gperf_document_article` WHERE ( `id` = null ) LIMIT 1   [ RunTime:0.000373s ]
SQL: SHOW COLUMNS FROM `gperf_category` [ RunTime:0.001427s ]
SQL: SELECT `name` FROM `gperf_category` WHERE ( `id` = 45 ) LIMIT 1   [ RunTime:0.000350s ]
SQL: SELECT `pid` FROM `gperf_category` WHERE ( `id` = 45 ) LIMIT 1   [ RunTime:0.000299s ]
SQL: SELECT `title` FROM `gperf_category` WHERE ( `id` = 1 ) LIMIT 1   [ RunTime:0.000383s ]
SQL: SHOW COLUMNS FROM `gperf_channel` [ RunTime:0.001209s ]
SQL: SELECT `id` FROM `gperf_channel` WHERE ( `title` = 'About' ) LIMIT 1   [ RunTime:0.000387s ]
SQL: SELECT * FROM `gperf_category` WHERE ( `pid` = 1 )  [ RunTime:0.000507s ]
SQL: SELECT * FROM `gperf_document` WHERE ( `id` = 1 ) LIMIT 1   [ RunTime:0.000333s ]
SQL: SELECT * FROM `gperf_document` WHERE ( `id` = -1 ) LIMIT 1   [ RunTime:0.000330s ]
SQL: SELECT * FROM `gperf_channel` ORDER BY sort asc  [ RunTime:0.000372s ]
SQL: SELECT * FROM `gperf_category` WHERE ( `name` = 'About' ) LIMIT 1   [ RunTime:0.000386s ]
SQL: SELECT * FROM `gperf_category` WHERE ( `pid` = 1 )  [ RunTime:0.000538s ]
SQL: SELECT * FROM `gperf_category` WHERE ( `name` = 'Service' ) LIMIT 1   [ RunTime:0.000471s ]
SQL: SELECT * FROM `gperf_category` WHERE ( `pid` = 41 )  [ RunTime:0.000538s ]
SQL: SELECT * FROM `gperf_category` WHERE ( `name` = 'Reports' ) LIMIT 1   [ RunTime:0.000470s ]
SQL: SELECT * FROM `gperf_category` WHERE ( `pid` = 52 )  [ RunTime:0.000536s ]
SQL: SELECT * FROM `gperf_category` WHERE ( `name` = 'News&Events' ) LIMIT 1   [ RunTime:0.000479s ]
SQL: SELECT * FROM `gperf_category` WHERE ( `pid` = 57 )  [ RunTime:0.000517s ]
SQL: SELECT * FROM `gperf_category` WHERE ( `name` = 'Documentations' ) LIMIT 1   [ RunTime:0.000468s ]
SQL: SELECT * FROM `gperf_category` WHERE ( `pid` = 61 )  [ RunTime:0.000525s ]
SQL: SELECT * FROM `gperf_category` WHERE ( `name` = 'Downloads' ) LIMIT 1   [ RunTime:0.000422s ]
SQL: SELECT * FROM `gperf_category` WHERE ( `pid` = 65 )  [ RunTime:0.000485s ]
INFO: [ view_parse ] --START--
INFO: [ template_filter ] --START--
INFO: Run Behavior\ContentReplaceBehavior [ RunTime:0.000073s ]
INFO: [ template_filter ] --END-- [ RunTime:0.000114s ]
INFO: Run Behavior\ParseTemplateBehavior [ RunTime:0.020865s ]
INFO: [ view_parse ] --END-- [ RunTime:0.020928s ]
INFO: [ view_filter ] --START--
INFO: Run Behavior\WriteHtmlCacheBehavior [ RunTime:0.000093s ]
INFO: [ view_filter ] --END-- [ RunTime:0.000129s ]
INFO: [ app_end ] --START--
INFO: Run Behavior\ShowPageTraceBehavior [ RunTime:0.000344s ]
INFO: [ app_end ] --END-- [ RunTime:0.000385s ]

[ 2015-09-16T17:40:20+08:00 ] 157.55.39.203 /
SQL: SHOW COLUMNS FROM `gperf_task` [ RunTime:0.001316s ]
SQL: SHOW COLUMNS FROM `gperf_channel` [ RunTime:0.001006s ]
SQL: SELECT * FROM `gperf_channel` ORDER BY sort asc  [ RunTime:0.000404s ]
SQL: SHOW COLUMNS FROM `gperf_category` [ RunTime:0.001456s ]
SQL: SELECT * FROM `gperf_category` WHERE ( `name` = 'About' ) LIMIT 1   [ RunTime:0.000431s ]
SQL: SELECT * FROM `gperf_category` WHERE ( `pid` = 1 )  [ RunTime:0.000486s ]
SQL: SELECT * FROM `gperf_category` WHERE ( `name` = 'Service' ) LIMIT 1   [ RunTime:0.000419s ]
SQL: SELECT * FROM `gperf_category` WHERE ( `pid` = 41 )  [ RunTime:0.000381s ]
SQL: SELECT * FROM `gperf_category` WHERE ( `name` = 'Reports' ) LIMIT 1   [ RunTime:0.000459s ]
SQL: SELECT * FROM `gperf_category` WHERE ( `pid` = 52 )  [ RunTime:0.000463s ]
SQL: SELECT * FROM `gperf_category` WHERE ( `name` = 'News&Events' ) LIMIT 1   [ RunTime:0.000366s ]
SQL: SELECT * FROM `gperf_category` WHERE ( `pid` = 57 )  [ RunTime:0.000508s ]
SQL: SELECT * FROM `gperf_category` WHERE ( `name` = 'Documentations' ) LIMIT 1   [ RunTime:0.000405s ]
SQL: SELECT * FROM `gperf_category` WHERE ( `pid` = 61 )  [ RunTime:0.000411s ]
SQL: SELECT * FROM `gperf_category` WHERE ( `name` = 'Downloads' ) LIMIT 1   [ RunTime:0.000464s ]
SQL: SELECT * FROM `gperf_category` WHERE ( `pid` = 65 )  [ RunTime:0.000535s ]
INFO: [ view_parse ] --START--
INFO: [ template_filter ] --START--
INFO: Run Behavior\ContentReplaceBehavior [ RunTime:0.000067s ]
INFO: [ template_filter ] --END-- [ RunTime:0.000108s ]
INFO: Run Behavior\ParseTemplateBehavior [ RunTime:0.016091s ]
INFO: [ view_parse ] --END-- [ RunTime:0.016153s ]
INFO: [ view_filter ] --START--
INFO: Run Behavior\WriteHtmlCacheBehavior [ RunTime:0.000101s ]
INFO: [ view_filter ] --END-- [ RunTime:0.000135s ]
INFO: [ app_end ] --START--
INFO: Run Behavior\ShowPageTraceBehavior [ RunTime:0.000363s ]
INFO: [ app_end ] --END-- [ RunTime:0.000405s ]

[ 2015-09-16T19:23:56+08:00 ] 66.249.75.158 /index.php?s=/Home/Article/newsdetail/hid/8/cid/64
SQL: SHOW COLUMNS FROM `gperf_document` [ RunTime:0.001440s ]
SQL: SELECT * FROM `gperf_document` WHERE ( `category_id` = 64 ) LIMIT 1   [ RunTime:0.000498s ]
SQL: SHOW COLUMNS FROM `gperf_document_article` [ RunTime:0.001111s ]
SQL: SELECT * FROM `gperf_document_article` WHERE ( `id` = null ) LIMIT 1   [ RunTime:0.000383s ]
SQL: SHOW COLUMNS FROM `gperf_category` [ RunTime:0.001449s ]
SQL: SELECT `name` FROM `gperf_category` WHERE ( `id` = 64 ) LIMIT 1   [ RunTime:0.000344s ]
SQL: SELECT `pid` FROM `gperf_category` WHERE ( `id` = 64 ) LIMIT 1   [ RunTime:0.000388s ]
SQL: SELECT `title` FROM `gperf_category` WHERE ( `id` = 61 ) LIMIT 1   [ RunTime:0.000332s ]
SQL: SHOW COLUMNS FROM `gperf_channel` [ RunTime:0.001154s ]
SQL: SELECT `id` FROM `gperf_channel` WHERE ( `title` = 'Documentations' ) LIMIT 1   [ RunTime:0.000411s ]
SQL: SELECT * FROM `gperf_category` WHERE ( `pid` = 61 )  [ RunTime:0.000569s ]
SQL: SELECT * FROM `gperf_document` WHERE ( `id` = 1 ) LIMIT 1   [ RunTime:0.000343s ]
SQL: SELECT * FROM `gperf_document` WHERE ( `id` = -1 ) LIMIT 1   [ RunTime:0.000424s ]
SQL: SELECT * FROM `gperf_channel` ORDER BY sort asc  [ RunTime:0.000410s ]
SQL: SELECT * FROM `gperf_category` WHERE ( `name` = 'About' ) LIMIT 1   [ RunTime:0.000426s ]
SQL: SELECT * FROM `gperf_category` WHERE ( `pid` = 1 )  [ RunTime:0.000540s ]
SQL: SELECT * FROM `gperf_category` WHERE ( `name` = 'Service' ) LIMIT 1   [ RunTime:0.000478s ]
SQL: SELECT * FROM `gperf_category` WHERE ( `pid` = 41 )  [ RunTime:0.000495s ]
SQL: SELECT * FROM `gperf_category` WHERE ( `name` = 'Reports' ) LIMIT 1   [ RunTime:0.000376s ]
SQL: SELECT * FROM `gperf_category` WHERE ( `pid` = 52 )  [ RunTime:0.000468s ]
SQL: SELECT * FROM `gperf_category` WHERE ( `name` = 'News&Events' ) LIMIT 1   [ RunTime:0.000401s ]
SQL: SELECT * FROM `gperf_category` WHERE ( `pid` = 57 )  [ RunTime:0.000447s ]
SQL: SELECT * FROM `gperf_category` WHERE ( `name` = 'Documentations' ) LIMIT 1   [ RunTime:0.000411s ]
SQL: SELECT * FROM `gperf_category` WHERE ( `pid` = 61 )  [ RunTime:0.000451s ]
SQL: SELECT * FROM `gperf_category` WHERE ( `name` = 'Downloads' ) LIMIT 1   [ RunTime:0.000400s ]
SQL: SELECT * FROM `gperf_category` WHERE ( `pid` = 65 )  [ RunTime:0.000469s ]
INFO: [ view_parse ] --START--
INFO: [ template_filter ] --START--
INFO: Run Behavior\ContentReplaceBehavior [ RunTime:0.000084s ]
INFO: [ template_filter ] --END-- [ RunTime:0.000127s ]
INFO: Run Behavior\ParseTemplateBehavior [ RunTime:0.022004s ]
INFO: [ view_parse ] --END-- [ RunTime:0.022060s ]
INFO: [ view_filter ] --START--
INFO: Run Behavior\WriteHtmlCacheBehavior [ RunTime:0.000101s ]
INFO: [ view_filter ] --END-- [ RunTime:0.000136s ]
INFO: [ app_end ] --START--
INFO: Run Behavior\ShowPageTraceBehavior [ RunTime:0.000393s ]
INFO: [ app_end ] --END-- [ RunTime:0.000436s ]

[ 2015-09-16T19:24:20+08:00 ] 66.249.75.167 /index.php?s=/Home/Article/newsdetail/hid/5/cid/51
SQL: SHOW COLUMNS FROM `gperf_document` [ RunTime:0.001238s ]
SQL: SELECT * FROM `gperf_document` WHERE ( `category_id` = 51 ) LIMIT 1   [ RunTime:0.000386s ]
SQL: SHOW COLUMNS FROM `gperf_document_article` [ RunTime:0.001032s ]
SQL: SELECT * FROM `gperf_document_article` WHERE ( `id` = null ) LIMIT 1   [ RunTime:0.000217s ]
SQL: SHOW COLUMNS FROM `gperf_category` [ RunTime:0.001433s ]
SQL: SELECT `name` FROM `gperf_category` WHERE ( `id` = 51 ) LIMIT 1   [ RunTime:0.000294s ]
SQL: SELECT `pid` FROM `gperf_category` WHERE ( `id` = 51 ) LIMIT 1   [ RunTime:0.000390s ]
SQL: SELECT `title` FROM `gperf_category` WHERE ( `id` = 41 ) LIMIT 1   [ RunTime:0.000390s ]
SQL: SHOW COLUMNS FROM `gperf_channel` [ RunTime:0.001160s ]
SQL: SELECT `id` FROM `gperf_channel` WHERE ( `title` = 'Service' ) LIMIT 1   [ RunTime:0.000386s ]
SQL: SELECT * FROM `gperf_category` WHERE ( `pid` = 41 )  [ RunTime:0.000488s ]
SQL: SELECT * FROM `gperf_document` WHERE ( `id` = 1 ) LIMIT 1   [ RunTime:0.000349s ]
SQL: SELECT * FROM `gperf_document` WHERE ( `id` = -1 ) LIMIT 1   [ RunTime:0.000425s ]
SQL: SELECT * FROM `gperf_channel` ORDER BY sort asc  [ RunTime:0.000421s ]
SQL: SELECT * FROM `gperf_category` WHERE ( `name` = 'About' ) LIMIT 1   [ RunTime:0.000395s ]
SQL: SELECT * FROM `gperf_category` WHERE ( `pid` = 1 )  [ RunTime:0.000545s ]
SQL: SELECT * FROM `gperf_category` WHERE ( `name` = 'Service' ) LIMIT 1   [ RunTime:0.000481s ]
SQL: SELECT * FROM `gperf_category` WHERE ( `pid` = 41 )  [ RunTime:0.000535s ]
SQL: SELECT * FROM `gperf_category` WHERE ( `name` = 'Reports' ) LIMIT 1   [ RunTime:0.000473s ]
SQL: SELECT * FROM `gperf_category` WHERE ( `pid` = 52 )  [ RunTime:0.000546s ]
SQL: SELECT * FROM `gperf_category` WHERE ( `name` = 'News&Events' ) LIMIT 1   [ RunTime:0.000494s ]
SQL: SELECT * FROM `gperf_category` WHERE ( `pid` = 57 )  [ RunTime:0.000525s ]
SQL: SELECT * FROM `gperf_category` WHERE ( `name` = 'Documentations' ) LIMIT 1   [ RunTime:0.000464s ]
SQL: SELECT * FROM `gperf_category` WHERE ( `pid` = 61 )  [ RunTime:0.000535s ]
SQL: SELECT * FROM `gperf_category` WHERE ( `name` = 'Downloads' ) LIMIT 1   [ RunTime:0.000470s ]
SQL: SELECT * FROM `gperf_category` WHERE ( `pid` = 65 )  [ RunTime:0.000516s ]
INFO: [ view_parse ] --START--
INFO: [ template_filter ] --START--
INFO: Run Behavior\ContentReplaceBehavior [ RunTime:0.000074s ]
INFO: [ template_filter ] --END-- [ RunTime:0.000113s ]
INFO: Run Behavior\ParseTemplateBehavior [ RunTime:0.018614s ]
INFO: [ view_parse ] --END-- [ RunTime:0.018680s ]
INFO: [ view_filter ] --START--
INFO: Run Behavior\WriteHtmlCacheBehavior [ RunTime:0.000095s ]
INFO: [ view_filter ] --END-- [ RunTime:0.000130s ]
INFO: [ app_end ] --START--
INFO: Run Behavior\ShowPageTraceBehavior [ RunTime:0.000343s ]
INFO: [ app_end ] --END-- [ RunTime:0.000386s ]

[ 2015-09-16T19:24:58+08:00 ] 66.249.75.167 /index.php?s=/Home/Article/newsdetail/hid/4/cid/40
SQL: SHOW COLUMNS FROM `gperf_document` [ RunTime:0.001360s ]
SQL: SELECT * FROM `gperf_document` WHERE ( `category_id` = 40 ) LIMIT 1   [ RunTime:0.000368s ]
SQL: SHOW COLUMNS FROM `gperf_document_article` [ RunTime:0.001007s ]
SQL: SELECT * FROM `gperf_document_article` WHERE ( `id` = 8 ) LIMIT 1   [ RunTime:0.000300s ]
SQL: SHOW COLUMNS FROM `gperf_category` [ RunTime:0.001436s ]
SQL: SELECT `name` FROM `gperf_category` WHERE ( `id` = 40 ) LIMIT 1   [ RunTime:0.000255s ]
SQL: SELECT `pid` FROM `gperf_category` WHERE ( `id` = 40 ) LIMIT 1   [ RunTime:0.000263s ]
SQL: SELECT `title` FROM `gperf_category` WHERE ( `id` = 1 ) LIMIT 1   [ RunTime:0.000258s ]
SQL: SHOW COLUMNS FROM `gperf_channel` [ RunTime:0.001050s ]
SQL: SELECT `id` FROM `gperf_channel` WHERE ( `title` = 'About' ) LIMIT 1   [ RunTime:0.000365s ]
SQL: SELECT * FROM `gperf_category` WHERE ( `pid` = 1 )  [ RunTime:0.000446s ]
SQL: SELECT * FROM `gperf_document` WHERE ( `id` = 9 ) LIMIT 1   [ RunTime:0.000302s ]
SQL: SELECT * FROM `gperf_document` WHERE ( `id` = 7 ) LIMIT 1   [ RunTime:0.000307s ]
SQL: SELECT * FROM `gperf_channel` ORDER BY sort asc  [ RunTime:0.000299s ]
SQL: SELECT * FROM `gperf_category` WHERE ( `name` = 'About' ) LIMIT 1   [ RunTime:0.000334s ]
SQL: SELECT * FROM `gperf_category` WHERE ( `pid` = 1 )  [ RunTime:0.000381s ]
SQL: SELECT * FROM `gperf_category` WHERE ( `name` = 'Service' ) LIMIT 1   [ RunTime:0.000451s ]
SQL: SELECT * FROM `gperf_category` WHERE ( `pid` = 41 )  [ RunTime:0.000467s ]
SQL: SELECT * FROM `gperf_category` WHERE ( `name` = 'Reports' ) LIMIT 1   [ RunTime:0.000376s ]
SQL: SELECT * FROM `gperf_category` WHERE ( `pid` = 52 )  [ RunTime:0.000414s ]
SQL: SELECT * FROM `gperf_category` WHERE ( `name` = 'News&Events' ) LIMIT 1   [ RunTime:0.000467s ]
SQL: SELECT * FROM `gperf_category` WHERE ( `pid` = 57 )  [ RunTime:0.000505s ]
SQL: SELECT * FROM `gperf_category` WHERE ( `name` = 'Documentations' ) LIMIT 1   [ RunTime:0.000468s ]
SQL: SELECT * FROM `gperf_category` WHERE ( `pid` = 61 )  [ RunTime:0.000528s ]
SQL: SELECT * FROM `gperf_category` WHERE ( `name` = 'Downloads' ) LIMIT 1   [ RunTime:0.000476s ]
SQL: SELECT * FROM `gperf_category` WHERE ( `pid` = 65 )  [ RunTime:0.000494s ]
INFO: [ view_parse ] --START--
INFO: [ template_filter ] --START--
INFO: Run Behavior\ContentReplaceBehavior [ RunTime:0.000075s ]
INFO: [ template_filter ] --END-- [ RunTime:0.000115s ]
INFO: Run Behavior\ParseTemplateBehavior [ RunTime:0.017923s ]
INFO: [ view_parse ] --END-- [ RunTime:0.017985s ]
INFO: [ view_filter ] --START--
INFO: Run Behavior\WriteHtmlCacheBehavior [ RunTime:0.000094s ]
INFO: [ view_filter ] --END-- [ RunTime:0.000130s ]
INFO: [ app_end ] --START--
INFO: Run Behavior\ShowPageTraceBehavior [ RunTime:0.000806s ]
INFO: [ app_end ] --END-- [ RunTime:0.000958s ]

[ 2015-09-16T19:25:11+08:00 ] 66.249.75.158 /index.php?s=/Home/Article/newsdetail/hid/5/cid/48
SQL: SHOW COLUMNS FROM `gperf_document` [ RunTime:0.001243s ]
SQL: SELECT * FROM `gperf_document` WHERE ( `category_id` = 48 ) LIMIT 1   [ RunTime:0.000403s ]
SQL: SHOW COLUMNS FROM `gperf_document_article` [ RunTime:0.001083s ]
SQL: SELECT * FROM `gperf_document_article` WHERE ( `id` = null ) LIMIT 1   [ RunTime:0.000287s ]
SQL: SHOW COLUMNS FROM `gperf_category` [ RunTime:0.001333s ]
SQL: SELECT `name` FROM `gperf_category` WHERE ( `id` = 48 ) LIMIT 1   [ RunTime:0.000297s ]
SQL: SELECT `pid` FROM `gperf_category` WHERE ( `id` = 48 ) LIMIT 1   [ RunTime:0.000271s ]
SQL: SELECT `title` FROM `gperf_category` WHERE ( `id` = 41 ) LIMIT 1   [ RunTime:0.000280s ]
SQL: SHOW COLUMNS FROM `gperf_channel` [ RunTime:0.001046s ]
SQL: SELECT `id` FROM `gperf_channel` WHERE ( `title` = 'Service' ) LIMIT 1   [ RunTime:0.000280s ]
SQL: SELECT * FROM `gperf_category` WHERE ( `pid` = 41 )  [ RunTime:0.000500s ]
SQL: SELECT * FROM `gperf_document` WHERE ( `id` = 1 ) LIMIT 1   [ RunTime:0.000330s ]
SQL: SELECT * FROM `gperf_document` WHERE ( `id` = -1 ) LIMIT 1   [ RunTime:0.000387s ]
SQL: SELECT * FROM `gperf_channel` ORDER BY sort asc  [ RunTime:0.000344s ]
SQL: SELECT * FROM `gperf_category` WHERE ( `name` = 'About' ) LIMIT 1   [ RunTime:0.000350s ]
SQL: SELECT * FROM `gperf_category` WHERE ( `pid` = 1 )  [ RunTime:0.000433s ]
SQL: SELECT * FROM `gperf_category` WHERE ( `name` = 'Service' ) LIMIT 1   [ RunTime:0.000340s ]
SQL: SELECT * FROM `gperf_category` WHERE ( `pid` = 41 )  [ RunTime:0.000533s ]
SQL: SELECT * FROM `gperf_category` WHERE ( `name` = 'Reports' ) LIMIT 1   [ RunTime:0.000480s ]
SQL: SELECT * FROM `gperf_category` WHERE ( `pid` = 52 )  [ RunTime:0.000529s ]
SQL: SELECT * FROM `gperf_category` WHERE ( `name` = 'News&Events' ) LIMIT 1   [ RunTime:0.000437s ]
SQL: SELECT * FROM `gperf_category` WHERE ( `pid` = 57 )  [ RunTime:0.000477s ]
SQL: SELECT * FROM `gperf_category` WHERE ( `name` = 'Documentations' ) LIMIT 1   [ RunTime:0.000411s ]
SQL: SELECT * FROM `gperf_category` WHERE ( `pid` = 61 )  [ RunTime:0.000480s ]
SQL: SELECT * FROM `gperf_category` WHERE ( `name` = 'Downloads' ) LIMIT 1   [ RunTime:0.000425s ]
SQL: SELECT * FROM `gperf_category` WHERE ( `pid` = 65 )  [ RunTime:0.000464s ]
INFO: [ view_parse ] --START--
INFO: [ template_filter ] --START--
INFO: Run Behavior\ContentReplaceBehavior [ RunTime:0.000073s ]
INFO: [ template_filter ] --END-- [ RunTime:0.000113s ]
INFO: Run Behavior\ParseTemplateBehavior [ RunTime:0.018324s ]
INFO: [ view_parse ] --END-- [ RunTime:0.018385s ]
INFO: [ view_filter ] --START--
INFO: Run Behavior\WriteHtmlCacheBehavior [ RunTime:0.000093s ]
INFO: [ view_filter ] --END-- [ RunTime:0.000129s ]
INFO: [ app_end ] --START--
INFO: Run Behavior\ShowPageTraceBehavior [ RunTime:0.000357s ]
INFO: [ app_end ] --END-- [ RunTime:0.000398s ]

[ 2015-09-16T19:29:29+08:00 ] 66.249.75.176 /index.php?s=/Home/Article/newsdetail/hid/8/cid/63
SQL: SHOW COLUMNS FROM `gperf_document` [ RunTime:0.001283s ]
SQL: SELECT * FROM `gperf_document` WHERE ( `category_id` = 63 ) LIMIT 1   [ RunTime:0.000417s ]
SQL: SHOW COLUMNS FROM `gperf_document_article` [ RunTime:0.001067s ]
SQL: SELECT * FROM `gperf_document_article` WHERE ( `id` = null ) LIMIT 1   [ RunTime:0.000326s ]
SQL: SHOW COLUMNS FROM `gperf_category` [ RunTime:0.001367s ]
SQL: SELECT `name` FROM `gperf_category` WHERE ( `id` = 63 ) LIMIT 1   [ RunTime:0.000404s ]
SQL: SELECT `pid` FROM `gperf_category` WHERE ( `id` = 63 ) LIMIT 1   [ RunTime:0.000339s ]
SQL: SELECT `title` FROM `gperf_category` WHERE ( `id` = 61 ) LIMIT 1   [ RunTime:0.000303s ]
SQL: SHOW COLUMNS FROM `gperf_channel` [ RunTime:0.001215s ]
SQL: SELECT `id` FROM `gperf_channel` WHERE ( `title` = 'Documentations' ) LIMIT 1   [ RunTime:0.000344s ]
SQL: SELECT * FROM `gperf_category` WHERE ( `pid` = 61 )  [ RunTime:0.000538s ]
SQL: SELECT * FROM `gperf_document` WHERE ( `id` = 1 ) LIMIT 1   [ RunTime:0.000423s ]
SQL: SELECT * FROM `gperf_document` WHERE ( `id` = -1 ) LIMIT 1   [ RunTime:0.000372s ]
SQL: SELECT * FROM `gperf_channel` ORDER BY sort asc  [ RunTime:0.000366s ]
SQL: SELECT * FROM `gperf_category` WHERE ( `name` = 'About' ) LIMIT 1   [ RunTime:0.000480s ]
SQL: SELECT * FROM `gperf_category` WHERE ( `pid` = 1 )  [ RunTime:0.000544s ]
SQL: SELECT * FROM `gperf_category` WHERE ( `name` = 'Service' ) LIMIT 1   [ RunTime:0.000434s ]
SQL: SELECT * FROM `gperf_category` WHERE ( `pid` = 41 )  [ RunTime:0.000561s ]
SQL: SELECT * FROM `gperf_category` WHERE ( `name` = 'Reports' ) LIMIT 1   [ RunTime:0.000479s ]
SQL: SELECT * FROM `gperf_category` WHERE ( `pid` = 52 )  [ RunTime:0.000531s ]
SQL: SELECT * FROM `gperf_category` WHERE ( `name` = 'News&Events' ) LIMIT 1   [ RunTime:0.000476s ]
SQL: SELECT * FROM `gperf_category` WHERE ( `pid` = 57 )  [ RunTime:0.000524s ]
SQL: SELECT * FROM `gperf_category` WHERE ( `name` = 'Documentations' ) LIMIT 1   [ RunTime:0.000491s ]
SQL: SELECT * FROM `gperf_category` WHERE ( `pid` = 61 )  [ RunTime:0.000547s ]
SQL: SELECT * FROM `gperf_category` WHERE ( `name` = 'Downloads' ) LIMIT 1   [ RunTime:0.000475s ]
SQL: SELECT * FROM `gperf_category` WHERE ( `pid` = 65 )  [ RunTime:0.000471s ]
INFO: [ view_parse ] --START--
INFO: [ template_filter ] --START--
INFO: Run Behavior\ContentReplaceBehavior [ RunTime:0.000074s ]
INFO: [ template_filter ] --END-- [ RunTime:0.000124s ]
INFO: Run Behavior\ParseTemplateBehavior [ RunTime:0.017278s ]
INFO: [ view_parse ] --END-- [ RunTime:0.017342s ]
INFO: [ view_filter ] --START--
INFO: Run Behavior\WriteHtmlCacheBehavior [ RunTime:0.000093s ]
INFO: [ view_filter ] --END-- [ RunTime:0.000130s ]
INFO: [ app_end ] --START--
INFO: Run Behavior\ShowPageTraceBehavior [ RunTime:0.000354s ]
INFO: [ app_end ] --END-- [ RunTime:0.000398s ]

[ 2015-09-16T19:42:53+08:00 ] 123.125.71.79 /
SQL: SHOW COLUMNS FROM `gperf_task` [ RunTime:0.001412s ]
SQL: SHOW COLUMNS FROM `gperf_channel` [ RunTime:0.001216s ]
SQL: SELECT * FROM `gperf_channel` ORDER BY sort asc  [ RunTime:0.000388s ]
SQL: SHOW COLUMNS FROM `gperf_category` [ RunTime:0.001500s ]
SQL: SELECT * FROM `gperf_category` WHERE ( `name` = 'About' ) LIMIT 1   [ RunTime:0.000443s ]
SQL: SELECT * FROM `gperf_category` WHERE ( `pid` = 1 )  [ RunTime:0.000408s ]
SQL: SELECT * FROM `gperf_category` WHERE ( `name` = 'Service' ) LIMIT 1   [ RunTime:0.000409s ]
SQL: SELECT * FROM `gperf_category` WHERE ( `pid` = 41 )  [ RunTime:0.000472s ]
SQL: SELECT * FROM `gperf_category` WHERE ( `name` = 'Reports' ) LIMIT 1   [ RunTime:0.000344s ]
SQL: SELECT * FROM `gperf_category` WHERE ( `pid` = 52 )  [ RunTime:0.000458s ]
SQL: SELECT * FROM `gperf_category` WHERE ( `name` = 'News&Events' ) LIMIT 1   [ RunTime:0.000335s ]
SQL: SELECT * FROM `gperf_category` WHERE ( `pid` = 57 )  [ RunTime:0.000458s ]
SQL: SELECT * FROM `gperf_category` WHERE ( `name` = 'Documentations' ) LIMIT 1   [ RunTime:0.000403s ]
SQL: SELECT * FROM `gperf_category` WHERE ( `pid` = 61 )  [ RunTime:0.000529s ]
SQL: SELECT * FROM `gperf_category` WHERE ( `name` = 'Downloads' ) LIMIT 1   [ RunTime:0.000419s ]
SQL: SELECT * FROM `gperf_category` WHERE ( `pid` = 65 )  [ RunTime:0.000429s ]
INFO: [ view_parse ] --START--
INFO: [ template_filter ] --START--
INFO: Run Behavior\ContentReplaceBehavior [ RunTime:0.000069s ]
INFO: [ template_filter ] --END-- [ RunTime:0.000109s ]
INFO: Run Behavior\ParseTemplateBehavior [ RunTime:0.018735s ]
INFO: [ view_parse ] --END-- [ RunTime:0.018796s ]
INFO: [ view_filter ] --START--
INFO: Run Behavior\WriteHtmlCacheBehavior [ RunTime:0.000095s ]
INFO: [ view_filter ] --END-- [ RunTime:0.000129s ]
INFO: [ app_end ] --START--
INFO: Run Behavior\ShowPageTraceBehavior [ RunTime:0.000358s ]
INFO: [ app_end ] --END-- [ RunTime:0.000400s ]

[ 2015-09-16T19:44:38+08:00 ] 220.181.108.178 /
SQL: SHOW COLUMNS FROM `gperf_task` [ RunTime:0.001391s ]
SQL: SHOW COLUMNS FROM `gperf_channel` [ RunTime:0.001105s ]
SQL: SELECT * FROM `gperf_channel` ORDER BY sort asc  [ RunTime:0.000391s ]
SQL: SHOW COLUMNS FROM `gperf_category` [ RunTime:0.001426s ]
SQL: SELECT * FROM `gperf_category` WHERE ( `name` = 'About' ) LIMIT 1   [ RunTime:0.000439s ]
SQL: SELECT * FROM `gperf_category` WHERE ( `pid` = 1 )  [ RunTime:0.000430s ]
SQL: SELECT * FROM `gperf_category` WHERE ( `name` = 'Service' ) LIMIT 1   [ RunTime:0.000474s ]
SQL: SELECT * FROM `gperf_category` WHERE ( `pid` = 41 )  [ RunTime:0.000542s ]
SQL: SELECT * FROM `gperf_category` WHERE ( `name` = 'Reports' ) LIMIT 1   [ RunTime:0.000475s ]
SQL: SELECT * FROM `gperf_category` WHERE ( `pid` = 52 )  [ RunTime:0.000477s ]
SQL: SELECT * FROM `gperf_category` WHERE ( `name` = 'News&Events' ) LIMIT 1   [ RunTime:0.000396s ]
SQL: SELECT * FROM `gperf_category` WHERE ( `pid` = 57 )  [ RunTime:0.000516s ]
SQL: SELECT * FROM `gperf_category` WHERE ( `name` = 'Documentations' ) LIMIT 1   [ RunTime:0.000460s ]
SQL: SELECT * FROM `gperf_category` WHERE ( `pid` = 61 )  [ RunTime:0.000518s ]
SQL: SELECT * FROM `gperf_category` WHERE ( `name` = 'Downloads' ) LIMIT 1   [ RunTime:0.000416s ]
SQL: SELECT * FROM `gperf_category` WHERE ( `pid` = 65 )  [ RunTime:0.000433s ]
INFO: [ view_parse ] --START--
INFO: [ template_filter ] --START--
INFO: Run Behavior\ContentReplaceBehavior [ RunTime:0.000075s ]
INFO: [ template_filter ] --END-- [ RunTime:0.000117s ]
INFO: Run Behavior\ParseTemplateBehavior [ RunTime:0.017479s ]
INFO: [ view_parse ] --END-- [ RunTime:0.017548s ]
INFO: [ view_filter ] --START--
INFO: Run Behavior\WriteHtmlCacheBehavior [ RunTime:0.000103s ]
INFO: [ view_filter ] --END-- [ RunTime:0.000138s ]
INFO: [ app_end ] --START--
INFO: Run Behavior\ShowPageTraceBehavior [ RunTime:0.000380s ]
INFO: [ app_end ] --END-- [ RunTime:0.000425s ]

[ 2015-09-16T19:58:22+08:00 ] 82.136.12.2 /
SQL: SHOW COLUMNS FROM `gperf_task` [ RunTime:0.001425s ]
SQL: SHOW COLUMNS FROM `gperf_channel` [ RunTime:0.001219s ]
SQL: SELECT * FROM `gperf_channel` ORDER BY sort asc  [ RunTime:0.000388s ]
SQL: SHOW COLUMNS FROM `gperf_category` [ RunTime:0.001434s ]
SQL: SELECT * FROM `gperf_category` WHERE ( `name` = 'About' ) LIMIT 1   [ RunTime:0.000392s ]
SQL: SELECT * FROM `gperf_category` WHERE ( `pid` = 1 )  [ RunTime:0.000409s ]
SQL: SELECT * FROM `gperf_category` WHERE ( `name` = 'Service' ) LIMIT 1   [ RunTime:0.000405s ]
SQL: SELECT * FROM `gperf_category` WHERE ( `pid` = 41 )  [ RunTime:0.000488s ]
SQL: SELECT * FROM `gperf_category` WHERE ( `name` = 'Reports' ) LIMIT 1   [ RunTime:0.000394s ]
SQL: SELECT * FROM `gperf_category` WHERE ( `pid` = 52 )  [ RunTime:0.000532s ]
SQL: SELECT * FROM `gperf_category` WHERE ( `name` = 'News&Events' ) LIMIT 1   [ RunTime:0.000478s ]
SQL: SELECT * FROM `gperf_category` WHERE ( `pid` = 57 )  [ RunTime:0.000527s ]
SQL: SELECT * FROM `gperf_category` WHERE ( `name` = 'Documentations' ) LIMIT 1   [ RunTime:0.000410s ]
SQL: SELECT * FROM `gperf_category` WHERE ( `pid` = 61 )  [ RunTime:0.000547s ]
SQL: SELECT * FROM `gperf_category` WHERE ( `name` = 'Downloads' ) LIMIT 1   [ RunTime:0.000489s ]
SQL: SELECT * FROM `gperf_category` WHERE ( `pid` = 65 )  [ RunTime:0.000526s ]
INFO: [ view_parse ] --START--
INFO: [ template_filter ] --START--
INFO: Run Behavior\ContentReplaceBehavior [ RunTime:0.000071s ]
INFO: [ template_filter ] --END-- [ RunTime:0.000112s ]
INFO: Run Behavior\ParseTemplateBehavior [ RunTime:0.016857s ]
INFO: [ view_parse ] --END-- [ RunTime:0.016921s ]
INFO: [ view_filter ] --START--
INFO: Run Behavior\WriteHtmlCacheBehavior [ RunTime:0.000095s ]
INFO: [ view_filter ] --END-- [ RunTime:0.000129s ]
INFO: [ app_end ] --START--
INFO: Run Behavior\ShowPageTraceBehavior [ RunTime:0.000349s ]
INFO: [ app_end ] --END-- [ RunTime:0.000388s ]

[ 2015-09-16T20:44:39+08:00 ] 157.55.39.203 /index.php
SQL: SHOW COLUMNS FROM `gperf_task` [ RunTime:0.001399s ]
SQL: SHOW COLUMNS FROM `gperf_channel` [ RunTime:0.001203s ]
SQL: SELECT * FROM `gperf_channel` ORDER BY sort asc  [ RunTime:0.000390s ]
SQL: SHOW COLUMNS FROM `gperf_category` [ RunTime:0.001468s ]
SQL: SELECT * FROM `gperf_category` WHERE ( `name` = 'About' ) LIMIT 1   [ RunTime:0.000395s ]
SQL: SELECT * FROM `gperf_category` WHERE ( `pid` = 1 )  [ RunTime:0.000497s ]
SQL: SELECT * FROM `gperf_category` WHERE ( `name` = 'Service' ) LIMIT 1   [ RunTime:0.000472s ]
SQL: SELECT * FROM `gperf_category` WHERE ( `pid` = 41 )  [ RunTime:0.000481s ]
SQL: SELECT * FROM `gperf_category` WHERE ( `name` = 'Reports' ) LIMIT 1   [ RunTime:0.000383s ]
SQL: SELECT * FROM `gperf_category` WHERE ( `pid` = 52 )  [ RunTime:0.000514s ]
SQL: SELECT * FROM `gperf_category` WHERE ( `name` = 'News&Events' ) LIMIT 1   [ RunTime:0.000467s ]
SQL: SELECT * FROM `gperf_category` WHERE ( `pid` = 57 )  [ RunTime:0.000515s ]
SQL: SELECT * FROM `gperf_category` WHERE ( `name` = 'Documentations' ) LIMIT 1   [ RunTime:0.000415s ]
SQL: SELECT * FROM `gperf_category` WHERE ( `pid` = 61 )  [ RunTime:0.000443s ]
SQL: SELECT * FROM `gperf_category` WHERE ( `name` = 'Downloads' ) LIMIT 1   [ RunTime:0.000459s ]
SQL: SELECT * FROM `gperf_category` WHERE ( `pid` = 65 )  [ RunTime:0.000509s ]
INFO: [ view_parse ] --START--
INFO: [ template_filter ] --START--
INFO: Run Behavior\ContentReplaceBehavior [ RunTime:0.000079s ]
INFO: [ template_filter ] --END-- [ RunTime:0.000120s ]
INFO: Run Behavior\ParseTemplateBehavior [ RunTime:0.017158s ]
INFO: [ view_parse ] --END-- [ RunTime:0.017237s ]
INFO: [ view_filter ] --START--
INFO: Run Behavior\WriteHtmlCacheBehavior [ RunTime:0.000096s ]
INFO: [ view_filter ] --END-- [ RunTime:0.000130s ]
INFO: [ app_end ] --START--
INFO: Run Behavior\ShowPageTraceBehavior [ RunTime:0.000377s ]
INFO: [ app_end ] --END-- [ RunTime:0.000416s ]

[ 2015-09-16T21:35:06+08:00 ] 66.249.75.167 /index.php?s=/Home/Article/newsdetail/hid/6/cid/55
SQL: SHOW COLUMNS FROM `gperf_document` [ RunTime:0.001440s ]
SQL: SELECT * FROM `gperf_document` WHERE ( `category_id` = 55 ) LIMIT 1   [ RunTime:0.000506s ]
SQL: SHOW COLUMNS FROM `gperf_document_article` [ RunTime:0.001102s ]
SQL: SELECT * FROM `gperf_document_article` WHERE ( `id` = null ) LIMIT 1   [ RunTime:0.000382s ]
SQL: SHOW COLUMNS FROM `gperf_category` [ RunTime:0.001458s ]
SQL: SELECT `name` FROM `gperf_category` WHERE ( `id` = 55 ) LIMIT 1   [ RunTime:0.000339s ]
SQL: SELECT `pid` FROM `gperf_category` WHERE ( `id` = 55 ) LIMIT 1   [ RunTime:0.000306s ]
SQL: SELECT `title` FROM `gperf_category` WHERE ( `id` = 52 ) LIMIT 1   [ RunTime:0.000398s ]
SQL: SHOW COLUMNS FROM `gperf_channel` [ RunTime:0.001226s ]
SQL: SELECT `id` FROM `gperf_channel` WHERE ( `title` = 'Reports' ) LIMIT 1   [ RunTime:0.000398s ]
SQL: SELECT * FROM `gperf_category` WHERE ( `pid` = 52 )  [ RunTime:0.000501s ]
SQL: SELECT * FROM `gperf_document` WHERE ( `id` = 1 ) LIMIT 1   [ RunTime:0.000371s ]
SQL: SELECT * FROM `gperf_document` WHERE ( `id` = -1 ) LIMIT 1   [ RunTime:0.000428s ]
SQL: SELECT * FROM `gperf_channel` ORDER BY sort asc  [ RunTime:0.000450s ]
SQL: SELECT * FROM `gperf_category` WHERE ( `name` = 'About' ) LIMIT 1   [ RunTime:0.000437s ]
SQL: SELECT * FROM `gperf_category` WHERE ( `pid` = 1 )  [ RunTime:0.000475s ]
SQL: SELECT * FROM `gperf_category` WHERE ( `name` = 'Service' ) LIMIT 1   [ RunTime:0.000481s ]
SQL: SELECT * FROM `gperf_category` WHERE ( `pid` = 41 )  [ RunTime:0.000547s ]
SQL: SELECT * FROM `gperf_category` WHERE ( `name` = 'Reports' ) LIMIT 1   [ RunTime:0.000479s ]
SQL: SELECT * FROM `gperf_category` WHERE ( `pid` = 52 )  [ RunTime:0.000486s ]
SQL: SELECT * FROM `gperf_category` WHERE ( `name` = 'News&Events' ) LIMIT 1   [ RunTime:0.000439s ]
SQL: SELECT * FROM `gperf_category` WHERE ( `pid` = 57 )  [ RunTime:0.000484s ]
SQL: SELECT * FROM `gperf_category` WHERE ( `name` = 'Documentations' ) LIMIT 1   [ RunTime:0.000400s ]
SQL: SELECT * FROM `gperf_category` WHERE ( `pid` = 61 )  [ RunTime:0.000536s ]
SQL: SELECT * FROM `gperf_category` WHERE ( `name` = 'Downloads' ) LIMIT 1   [ RunTime:0.000504s ]
SQL: SELECT * FROM `gperf_category` WHERE ( `pid` = 65 )  [ RunTime:0.000526s ]
INFO: [ view_parse ] --START--
INFO: [ template_filter ] --START--
INFO: Run Behavior\ContentReplaceBehavior [ RunTime:0.000078s ]
INFO: [ template_filter ] --END-- [ RunTime:0.000120s ]
INFO: Run Behavior\ParseTemplateBehavior [ RunTime:0.021637s ]
INFO: [ view_parse ] --END-- [ RunTime:0.021702s ]
INFO: [ view_filter ] --START--
INFO: Run Behavior\WriteHtmlCacheBehavior [ RunTime:0.000096s ]
INFO: [ view_filter ] --END-- [ RunTime:0.000131s ]
INFO: [ app_end ] --START--
INFO: Run Behavior\ShowPageTraceBehavior [ RunTime:0.000382s ]
INFO: [ app_end ] --END-- [ RunTime:0.000425s ]

[ 2015-09-16T22:08:36+08:00 ] 202.46.55.145 /
SQL: SHOW COLUMNS FROM `gperf_task` [ RunTime:0.001400s ]
SQL: SHOW COLUMNS FROM `gperf_channel` [ RunTime:0.001219s ]
SQL: SELECT * FROM `gperf_channel` ORDER BY sort asc  [ RunTime:0.000412s ]
SQL: SHOW COLUMNS FROM `gperf_category` [ RunTime:0.001385s ]
SQL: SELECT * FROM `gperf_category` WHERE ( `name` = 'About' ) LIMIT 1   [ RunTime:0.000507s ]
SQL: SELECT * FROM `gperf_category` WHERE ( `pid` = 1 )  [ RunTime:0.000571s ]
SQL: SELECT * FROM `gperf_category` WHERE ( `name` = 'Service' ) LIMIT 1   [ RunTime:0.000481s ]
SQL: SELECT * FROM `gperf_category` WHERE ( `pid` = 41 )  [ RunTime:0.000490s ]
SQL: SELECT * FROM `gperf_category` WHERE ( `name` = 'Reports' ) LIMIT 1   [ RunTime:0.000397s ]
SQL: SELECT * FROM `gperf_category` WHERE ( `pid` = 52 )  [ RunTime:0.000428s ]
SQL: SELECT * FROM `gperf_category` WHERE ( `name` = 'News&Events' ) LIMIT 1   [ RunTime:0.000479s ]
SQL: SELECT * FROM `gperf_category` WHERE ( `pid` = 57 )  [ RunTime:0.000526s ]
SQL: SELECT * FROM `gperf_category` WHERE ( `name` = 'Documentations' ) LIMIT 1   [ RunTime:0.000490s ]
SQL: SELECT * FROM `gperf_category` WHERE ( `pid` = 61 )  [ RunTime:0.000563s ]
SQL: SELECT * FROM `gperf_category` WHERE ( `name` = 'Downloads' ) LIMIT 1   [ RunTime:0.000489s ]
SQL: SELECT * FROM `gperf_category` WHERE ( `pid` = 65 )  [ RunTime:0.000554s ]
INFO: [ view_parse ] --START--
INFO: [ template_filter ] --START--
INFO: Run Behavior\ContentReplaceBehavior [ RunTime:0.000075s ]
INFO: [ template_filter ] --END-- [ RunTime:0.000117s ]
INFO: Run Behavior\ParseTemplateBehavior [ RunTime:0.015352s ]
INFO: [ view_parse ] --END-- [ RunTime:0.015420s ]
INFO: [ view_filter ] --START--
INFO: Run Behavior\WriteHtmlCacheBehavior [ RunTime:0.000097s ]
INFO: [ view_filter ] --END-- [ RunTime:0.000132s ]
INFO: [ app_end ] --START--
INFO: Run Behavior\ShowPageTraceBehavior [ RunTime:0.000384s ]
INFO: [ app_end ] --END-- [ RunTime:0.000430s ]

[ 2015-09-16T22:32:57+08:00 ] 123.125.71.108 /
SQL: SHOW COLUMNS FROM `gperf_task` [ RunTime:0.001294s ]
SQL: SHOW COLUMNS FROM `gperf_channel` [ RunTime:0.001084s ]
SQL: SELECT * FROM `gperf_channel` ORDER BY sort asc  [ RunTime:0.000368s ]
SQL: SHOW COLUMNS FROM `gperf_category` [ RunTime:0.001365s ]
SQL: SELECT * FROM `gperf_category` WHERE ( `name` = 'About' ) LIMIT 1   [ RunTime:0.000411s ]
SQL: SELECT * FROM `gperf_category` WHERE ( `pid` = 1 )  [ RunTime:0.000464s ]
SQL: SELECT * FROM `gperf_category` WHERE ( `name` = 'Service' ) LIMIT 1   [ RunTime:0.000375s ]
SQL: SELECT * FROM `gperf_category` WHERE ( `pid` = 41 )  [ RunTime:0.000445s ]
SQL: SELECT * FROM `gperf_category` WHERE ( `name` = 'Reports' ) LIMIT 1   [ RunTime:0.000387s ]
SQL: SELECT * FROM `gperf_category` WHERE ( `pid` = 52 )  [ RunTime:0.000416s ]
SQL: SELECT * FROM `gperf_category` WHERE ( `name` = 'News&Events' ) LIMIT 1   [ RunTime:0.000377s ]
SQL: SELECT * FROM `gperf_category` WHERE ( `pid` = 57 )  [ RunTime:0.000407s ]
SQL: SELECT * FROM `gperf_category` WHERE ( `name` = 'Documentations' ) LIMIT 1   [ RunTime:0.000361s ]
SQL: SELECT * FROM `gperf_category` WHERE ( `pid` = 61 )  [ RunTime:0.000424s ]
SQL: SELECT * FROM `gperf_category` WHERE ( `name` = 'Downloads' ) LIMIT 1   [ RunTime:0.000374s ]
SQL: SELECT * FROM `gperf_category` WHERE ( `pid` = 65 )  [ RunTime:0.000398s ]
INFO: [ view_parse ] --START--
INFO: [ template_filter ] --START--
INFO: Run Behavior\ContentReplaceBehavior [ RunTime:0.000077s ]
INFO: [ template_filter ] --END-- [ RunTime:0.000118s ]
INFO: Run Behavior\ParseTemplateBehavior [ RunTime:0.018594s ]
INFO: [ view_parse ] --END-- [ RunTime:0.018671s ]
INFO: [ view_filter ] --START--
INFO: Run Behavior\WriteHtmlCacheBehavior [ RunTime:0.000103s ]
INFO: [ view_filter ] --END-- [ RunTime:0.000137s ]
INFO: [ app_end ] --START--
INFO: Run Behavior\ShowPageTraceBehavior [ RunTime:0.000425s ]
INFO: [ app_end ] --END-- [ RunTime:0.000470s ]

[ 2015-09-16T22:39:53+08:00 ] 220.181.108.97 /
SQL: SHOW COLUMNS FROM `gperf_task` [ RunTime:0.001396s ]
SQL: SHOW COLUMNS FROM `gperf_channel` [ RunTime:0.001059s ]
SQL: SELECT * FROM `gperf_channel` ORDER BY sort asc  [ RunTime:0.000393s ]
SQL: SHOW COLUMNS FROM `gperf_category` [ RunTime:0.001412s ]
SQL: SELECT * FROM `gperf_category` WHERE ( `name` = 'About' ) LIMIT 1   [ RunTime:0.000444s ]
SQL: SELECT * FROM `gperf_category` WHERE ( `pid` = 1 )  [ RunTime:0.000434s ]
SQL: SELECT * FROM `gperf_category` WHERE ( `name` = 'Service' ) LIMIT 1   [ RunTime:0.000314s ]
SQL: SELECT * FROM `gperf_category` WHERE ( `pid` = 41 )  [ RunTime:0.000404s ]
SQL: SELECT * FROM `gperf_category` WHERE ( `name` = 'Reports' ) LIMIT 1   [ RunTime:0.000485s ]
SQL: SELECT * FROM `gperf_category` WHERE ( `pid` = 52 )  [ RunTime:0.000450s ]
SQL: SELECT * FROM `gperf_category` WHERE ( `name` = 'News&Events' ) LIMIT 1   [ RunTime:0.000481s ]
SQL: SELECT * FROM `gperf_category` WHERE ( `pid` = 57 )  [ RunTime:0.000526s ]
SQL: SELECT * FROM `gperf_category` WHERE ( `name` = 'Documentations' ) LIMIT 1   [ RunTime:0.000488s ]
SQL: SELECT * FROM `gperf_category` WHERE ( `pid` = 61 )  [ RunTime:0.000487s ]
SQL: SELECT * FROM `gperf_category` WHERE ( `name` = 'Downloads' ) LIMIT 1   [ RunTime:0.000478s ]
SQL: SELECT * FROM `gperf_category` WHERE ( `pid` = 65 )  [ RunTime:0.000547s ]
INFO: [ view_parse ] --START--
INFO: [ template_filter ] --START--
INFO: Run Behavior\ContentReplaceBehavior [ RunTime:0.000077s ]
INFO: [ template_filter ] --END-- [ RunTime:0.000118s ]
INFO: Run Behavior\ParseTemplateBehavior [ RunTime:0.014948s ]
INFO: [ view_parse ] --END-- [ RunTime:0.015016s ]
INFO: [ view_filter ] --START--
INFO: Run Behavior\WriteHtmlCacheBehavior [ RunTime:0.000096s ]
INFO: [ view_filter ] --END-- [ RunTime:0.000131s ]
INFO: [ app_end ] --START--
INFO: Run Behavior\ShowPageTraceBehavior [ RunTime:0.000382s ]
INFO: [ app_end ] --END-- [ RunTime:0.000427s ]

[ 2015-09-16T22:49:20+08:00 ] 66.249.75.176 /index.php?s=/Home/Article/newsdetail/hid/9/cid/66
SQL: SHOW COLUMNS FROM `gperf_document` [ RunTime:0.001434s ]
SQL: SELECT * FROM `gperf_document` WHERE ( `category_id` = 66 ) LIMIT 1   [ RunTime:0.000513s ]
SQL: SHOW COLUMNS FROM `gperf_document_article` [ RunTime:0.001109s ]
SQL: SELECT * FROM `gperf_document_article` WHERE ( `id` = null ) LIMIT 1   [ RunTime:0.000383s ]
SQL: SHOW COLUMNS FROM `gperf_category` [ RunTime:0.001440s ]
SQL: SELECT `name` FROM `gperf_category` WHERE ( `id` = 66 ) LIMIT 1   [ RunTime:0.000365s ]
SQL: SELECT `pid` FROM `gperf_category` WHERE ( `id` = 66 ) LIMIT 1   [ RunTime:0.000391s ]
SQL: SELECT `title` FROM `gperf_category` WHERE ( `id` = 65 ) LIMIT 1   [ RunTime:0.000395s ]
SQL: SHOW COLUMNS FROM `gperf_channel` [ RunTime:0.001173s ]
SQL: SELECT `id` FROM `gperf_channel` WHERE ( `title` = 'Downloads' ) LIMIT 1   [ RunTime:0.000403s ]
SQL: SELECT * FROM `gperf_category` WHERE ( `pid` = 65 )  [ RunTime:0.000470s ]
SQL: SELECT * FROM `gperf_document` WHERE ( `id` = 1 ) LIMIT 1   [ RunTime:0.000353s ]
SQL: SELECT * FROM `gperf_document` WHERE ( `id` = -1 ) LIMIT 1   [ RunTime:0.000430s ]
SQL: SELECT * FROM `gperf_channel` ORDER BY sort asc  [ RunTime:0.000395s ]
SQL: SELECT * FROM `gperf_category` WHERE ( `name` = 'About' ) LIMIT 1   [ RunTime:0.000408s ]
SQL: SELECT * FROM `gperf_category` WHERE ( `pid` = 1 )  [ RunTime:0.000459s ]
SQL: SELECT * FROM `gperf_category` WHERE ( `name` = 'Service' ) LIMIT 1   [ RunTime:0.000481s ]
SQL: SELECT * FROM `gperf_category` WHERE ( `pid` = 41 )  [ RunTime:0.000541s ]
SQL: SELECT * FROM `gperf_category` WHERE ( `name` = 'Reports' ) LIMIT 1   [ RunTime:0.000430s ]
SQL: SELECT * FROM `gperf_category` WHERE ( `pid` = 52 )  [ RunTime:0.000490s ]
SQL: SELECT * FROM `gperf_category` WHERE ( `name` = 'News&Events' ) LIMIT 1   [ RunTime:0.000410s ]
SQL: SELECT * FROM `gperf_category` WHERE ( `pid` = 57 )  [ RunTime:0.000447s ]
SQL: SELECT * FROM `gperf_category` WHERE ( `name` = 'Documentations' ) LIMIT 1   [ RunTime:0.000415s ]
SQL: SELECT * FROM `gperf_category` WHERE ( `pid` = 61 )  [ RunTime:0.000459s ]
SQL: SELECT * FROM `gperf_category` WHERE ( `name` = 'Downloads' ) LIMIT 1   [ RunTime:0.000399s ]
SQL: SELECT * FROM `gperf_category` WHERE ( `pid` = 65 )  [ RunTime:0.000440s ]
INFO: [ view_parse ] --START--
INFO: [ template_filter ] --START--
INFO: Run Behavior\ContentReplaceBehavior [ RunTime:0.000079s ]
INFO: [ template_filter ] --END-- [ RunTime:0.000120s ]
INFO: Run Behavior\ParseTemplateBehavior [ RunTime:0.018000s ]
INFO: [ view_parse ] --END-- [ RunTime:0.018058s ]
INFO: [ view_filter ] --START--
INFO: Run Behavior\WriteHtmlCacheBehavior [ RunTime:0.000096s ]
INFO: [ view_filter ] --END-- [ RunTime:0.000132s ]
INFO: [ app_end ] --START--
INFO: Run Behavior\ShowPageTraceBehavior [ RunTime:0.000369s ]
INFO: [ app_end ] --END-- [ RunTime:0.000410s ]

[ 2015-09-16T23:14:54+08:00 ] 54.81.44.208 /
SQL: SHOW COLUMNS FROM `gperf_task` [ RunTime:0.001318s ]
SQL: SHOW COLUMNS FROM `gperf_channel` [ RunTime:0.001067s ]
SQL: SELECT * FROM `gperf_channel` ORDER BY sort asc  [ RunTime:0.000369s ]
SQL: SHOW COLUMNS FROM `gperf_category` [ RunTime:0.001402s ]
SQL: SELECT * FROM `gperf_category` WHERE ( `name` = 'About' ) LIMIT 1   [ RunTime:0.000406s ]
SQL: SELECT * FROM `gperf_category` WHERE ( `pid` = 1 )  [ RunTime:0.000429s ]
SQL: SELECT * FROM `gperf_category` WHERE ( `name` = 'Service' ) LIMIT 1   [ RunTime:0.000337s ]
SQL: SELECT * FROM `gperf_category` WHERE ( `pid` = 41 )  [ RunTime:0.000495s ]
SQL: SELECT * FROM `gperf_category` WHERE ( `name` = 'Reports' ) LIMIT 1   [ RunTime:0.000388s ]
SQL: SELECT * FROM `gperf_category` WHERE ( `pid` = 52 )  [ RunTime:0.000370s ]
SQL: SELECT * FROM `gperf_category` WHERE ( `name` = 'News&Events' ) LIMIT 1   [ RunTime:0.000438s ]
SQL: SELECT * FROM `gperf_category` WHERE ( `pid` = 57 )  [ RunTime:0.000424s ]
SQL: SELECT * FROM `gperf_category` WHERE ( `name` = 'Documentations' ) LIMIT 1   [ RunTime:0.000432s ]
SQL: SELECT * FROM `gperf_category` WHERE ( `pid` = 61 )  [ RunTime:0.000430s ]
SQL: SELECT * FROM `gperf_category` WHERE ( `name` = 'Downloads' ) LIMIT 1   [ RunTime:0.000329s ]
SQL: SELECT * FROM `gperf_category` WHERE ( `pid` = 65 )  [ RunTime:0.000505s ]
INFO: [ view_parse ] --START--
INFO: [ template_filter ] --START--
INFO: Run Behavior\ContentReplaceBehavior [ RunTime:0.000073s ]
INFO: [ template_filter ] --END-- [ RunTime:0.000113s ]
INFO: Run Behavior\ParseTemplateBehavior [ RunTime:0.015488s ]
INFO: [ view_parse ] --END-- [ RunTime:0.015550s ]
INFO: [ view_filter ] --START--
INFO: Run Behavior\WriteHtmlCacheBehavior [ RunTime:0.000093s ]
INFO: [ view_filter ] --END-- [ RunTime:0.000128s ]
INFO: 
INFO: 
INFO: 

[ 2015-09-16T23:25:47+08:00 ] 123.125.71.107 /
SQL: SHOW COLUMNS FROM `gperf_task` [ RunTime:0.001311s ]
SQL: SHOW COLUMNS FROM `gperf_channel` [ RunTime:0.001106s ]
SQL: SELECT * FROM `gperf_channel` ORDER BY sort asc  [ RunTime:0.000353s ]
SQL: SHOW COLUMNS FROM `gperf_category` [ RunTime:0.001387s ]
SQL: SELECT * FROM `gperf_category` WHERE ( `name` = 'About' ) LIMIT 1   [ RunTime:0.000412s ]
SQL: SELECT * FROM `gperf_category` WHERE ( `pid` = 1 )  [ RunTime:0.000487s ]
SQL: SELECT * FROM `gperf_category` WHERE ( `name` = 'Service' ) LIMIT 1   [ RunTime:0.000381s ]
SQL: SELECT * FROM `gperf_category` WHERE ( `pid` = 41 )  [ RunTime:0.000426s ]
SQL: SELECT * FROM `gperf_category` WHERE ( `name` = 'Reports' ) LIMIT 1   [ RunTime:0.000374s ]
SQL: SELECT * FROM `gperf_category` WHERE ( `pid` = 52 )  [ RunTime:0.000422s ]
SQL: SELECT * FROM `gperf_category` WHERE ( `name` = 'News&Events' ) LIMIT 1   [ RunTime:0.000375s ]
SQL: SELECT * FROM `gperf_category` WHERE ( `pid` = 57 )  [ RunTime:0.000407s ]
SQL: SELECT * FROM `gperf_category` WHERE ( `name` = 'Documentations' ) LIMIT 1   [ RunTime:0.000377s ]
SQL: SELECT * FROM `gperf_category` WHERE ( `pid` = 61 )  [ RunTime:0.000417s ]
SQL: SELECT * FROM `gperf_category` WHERE ( `name` = 'Downloads' ) LIMIT 1   [ RunTime:0.000365s ]
SQL: SELECT * FROM `gperf_category` WHERE ( `pid` = 65 )  [ RunTime:0.000429s ]
INFO: [ view_parse ] --START--
INFO: [ template_filter ] --START--
INFO: Run Behavior\ContentReplaceBehavior [ RunTime:0.000073s ]
INFO: [ template_filter ] --END-- [ RunTime:0.000113s ]
INFO: Run Behavior\ParseTemplateBehavior [ RunTime:0.015585s ]
INFO: [ view_parse ] --END-- [ RunTime:0.015646s ]
INFO: [ view_filter ] --START--
INFO: Run Behavior\WriteHtmlCacheBehavior [ RunTime:0.000093s ]
INFO: [ view_filter ] --END-- [ RunTime:0.000128s ]
INFO: [ app_end ] --START--
INFO: Run Behavior\ShowPageTraceBehavior [ RunTime:0.000370s ]
INFO: [ app_end ] --END-- [ RunTime:0.000413s ]

[ 2015-09-16T23:33:54+08:00 ] 220.181.108.147 /
SQL: SHOW COLUMNS FROM `gperf_task` [ RunTime:0.001330s ]
SQL: SHOW COLUMNS FROM `gperf_channel` [ RunTime:0.001047s ]
SQL: SELECT * FROM `gperf_channel` ORDER BY sort asc  [ RunTime:0.000378s ]
SQL: SHOW COLUMNS FROM `gperf_category` [ RunTime:0.001481s ]
SQL: SELECT * FROM `gperf_category` WHERE ( `name` = 'About' ) LIMIT 1   [ RunTime:0.000423s ]
SQL: SELECT * FROM `gperf_category` WHERE ( `pid` = 1 )  [ RunTime:0.000533s ]
SQL: SELECT * FROM `gperf_category` WHERE ( `name` = 'Service' ) LIMIT 1   [ RunTime:0.000411s ]
SQL: SELECT * FROM `gperf_category` WHERE ( `pid` = 41 )  [ RunTime:0.000407s ]
SQL: SELECT * FROM `gperf_category` WHERE ( `name` = 'Reports' ) LIMIT 1   [ RunTime:0.000456s ]
SQL: SELECT * FROM `gperf_category` WHERE ( `pid` = 52 )  [ RunTime:0.000453s ]
SQL: SELECT * FROM `gperf_category` WHERE ( `name` = 'News&Events' ) LIMIT 1   [ RunTime:0.000359s ]
SQL: SELECT * FROM `gperf_category` WHERE ( `pid` = 57 )  [ RunTime:0.000502s ]
SQL: SELECT * FROM `gperf_category` WHERE ( `name` = 'Documentations' ) LIMIT 1   [ RunTime:0.000400s ]
SQL: SELECT * FROM `gperf_category` WHERE ( `pid` = 61 )  [ RunTime:0.000398s ]
SQL: SELECT * FROM `gperf_category` WHERE ( `name` = 'Downloads' ) LIMIT 1   [ RunTime:0.000452s ]
SQL: SELECT * FROM `gperf_category` WHERE ( `pid` = 65 )  [ RunTime:0.000444s ]
INFO: [ view_parse ] --START--
INFO: [ template_filter ] --START--
INFO: Run Behavior\ContentReplaceBehavior [ RunTime:0.000069s ]
INFO: [ template_filter ] --END-- [ RunTime:0.000115s ]
INFO: Run Behavior\ParseTemplateBehavior [ RunTime:0.015411s ]
INFO: [ view_parse ] --END-- [ RunTime:0.015459s ]
INFO: [ view_filter ] --START--
INFO: Run Behavior\WriteHtmlCacheBehavior [ RunTime:0.000094s ]
INFO: [ view_filter ] --END-- [ RunTime:0.000134s ]
INFO: [ app_end ] --START--
INFO: Run Behavior\ShowPageTraceBehavior [ RunTime:0.000346s ]
INFO: [ app_end ] --END-- [ RunTime:0.000384s ]

[ 2015-09-16T23:59:36+08:00 ] 123.125.71.84 /
SQL: SHOW COLUMNS FROM `gperf_task` [ RunTime:0.001367s ]
SQL: SHOW COLUMNS FROM `gperf_channel` [ RunTime:0.001101s ]
SQL: SELECT * FROM `gperf_channel` ORDER BY sort asc  [ RunTime:0.000393s ]
SQL: SHOW COLUMNS FROM `gperf_category` [ RunTime:0.001484s ]
SQL: SELECT * FROM `gperf_category` WHERE ( `name` = 'About' ) LIMIT 1   [ RunTime:0.000376s ]
SQL: SELECT * FROM `gperf_category` WHERE ( `pid` = 1 )  [ RunTime:0.000402s ]
SQL: SELECT * FROM `gperf_category` WHERE ( `name` = 'Service' ) LIMIT 1   [ RunTime:0.000408s ]
SQL: SELECT * FROM `gperf_category` WHERE ( `pid` = 41 )  [ RunTime:0.000472s ]
SQL: SELECT * FROM `gperf_category` WHERE ( `name` = 'Reports' ) LIMIT 1   [ RunTime:0.000336s ]
SQL: SELECT * FROM `gperf_category` WHERE ( `pid` = 52 )  [ RunTime:0.000518s ]
SQL: SELECT * FROM `gperf_category` WHERE ( `name` = 'News&Events' ) LIMIT 1   [ RunTime:0.000479s ]
SQL: SELECT * FROM `gperf_category` WHERE ( `pid` = 57 )  [ RunTime:0.000530s ]
SQL: SELECT * FROM `gperf_category` WHERE ( `name` = 'Documentations' ) LIMIT 1   [ RunTime:0.000503s ]
SQL: SELECT * FROM `gperf_category` WHERE ( `pid` = 61 )  [ RunTime:0.000541s ]
SQL: SELECT * FROM `gperf_category` WHERE ( `name` = 'Downloads' ) LIMIT 1   [ RunTime:0.000473s ]
SQL: SELECT * FROM `gperf_category` WHERE ( `pid` = 65 )  [ RunTime:0.000517s ]
INFO: [ view_parse ] --START--
INFO: [ template_filter ] --START--
INFO: Run Behavior\ContentReplaceBehavior [ RunTime:0.000071s ]
INFO: [ template_filter ] --END-- [ RunTime:0.000113s ]
INFO: Run Behavior\ParseTemplateBehavior [ RunTime:0.019595s ]
INFO: [ view_parse ] --END-- [ RunTime:0.019662s ]
INFO: [ view_filter ] --START--
INFO: Run Behavior\WriteHtmlCacheBehavior [ RunTime:0.000095s ]
INFO: [ view_filter ] --END-- [ RunTime:0.000130s ]
INFO: [ app_end ] --START--
INFO: Run Behavior\ShowPageTraceBehavior [ RunTime:0.000358s ]
INFO: [ app_end ] --END-- [ RunTime:0.000404s ]

